[1] "MePhO2SOPh-v1-v2" "4.4e-01"          "Model-2P.R0"      "Model-2P.R1"     
[5] "Model-2P.R2"     
      t            C
1     0 0.000000e+00
2    30 0.000000e+00
3    60 1.167781e-07
4   150 9.892006e-07
5   300 1.181355e-06
6   450 2.178093e-06
7   600 2.044326e-06
8   750 2.716165e-06
9   900 3.810968e-06
10 1050 6.227733e-06
11 1350 1.131341e-05
12 1500 7.775048e-06
13 1650 1.094870e-05
14 1800 1.150874e-05
[1] 0.44
[1] "Quality: 1400 1.664925e-02 1.778605"
[1] 0.01664925
Nelder-Mead Opt
pQ0=1.779e+00

Step1  Qn=1.529e-06  pQn=5.815596  pQmin=1.778605
[1] "Quality: 1400 1.528988e-06 5.815596"
  pQ=5.815596  Q=1.529e-06  dQ=0.016648  [1] 0.0007691443
Step2  Qn=1.529e-06  pQn=5.815596  pQmin=5.815596
Step3  Qn=1.529e-06  pQn=5.815596  pQmin=5.815596
[1] "Quality: 1400 1.528988e-06 5.815596"
  pQ=5.815596  Q=1.529e-06  dQ=0.000000  [1] 0.0007691443
Step4  Qn=1.529e-06  pQn=5.815596  pQmin=5.815596
Step5  Qn=1.529e-06  pQn=5.815596  pQmin=5.815596
Step6  Qn=1.529e-06  pQn=5.815596  pQmin=5.815596
[1] "Quality: 1400 1.528988e-06 5.815596"
  pQ=5.815596  Q=1.529e-06  dQ=0.000000  [1] 0.0007691443
Step7  Qn=1.529e-06  pQn=5.815596  pQmin=5.815596
[1] "Quality: 1400 1.528988e-06 5.815596"
  pQ=5.815596  Q=1.529e-06  dQ=0.000000  [1] -0.0007691443
Step8  Qn=1.529e-06  pQn=5.815596  pQmin=5.815596
Step9  Qn=1.529e-06  pQn=5.815596  pQmin=5.815596
Step10  Qn=1.529e-06  pQn=5.815596  pQmin=5.815596
Step11  Qn=1.529e-06  pQn=5.815596  pQmin=5.815596
Step12  Qn=1.529e-06  pQn=5.815596  pQmin=5.815596
Step13  Qn=1.529e-06  pQn=5.815596  pQmin=5.815596
Step14  Qn=1.529e-06  pQn=5.815596  pQmin=5.815596
Step15  Qn=1.529e-06  pQn=5.815596  pQmin=5.815596
Step16  Qn=1.529e-06  pQn=5.815596  pQmin=5.815596
Step17  Qn=1.529e-06  pQn=5.815596  pQmin=5.815596
Step18  Qn=1.529e-06  pQn=5.815596  pQmin=5.815596
[1] "Quality: 1400 1.528988e-06 5.815596"
  pQ=5.815596  Q=1.529e-06  dQ=0.000000  [1] 0.0007691443
Step19  Qn=1.529e-06  pQn=5.815596  pQmin=5.815596
Step20  Qn=1.529e-06  pQn=5.815596  pQmin=5.815596
Step21  Qn=1.529e-06  pQn=5.815596  pQmin=5.815596
Step22  Qn=1.529e-06  pQn=5.815596  pQmin=5.815596
Step23  Qn=1.529e-06  pQn=5.815596  pQmin=5.815596
[1] "Quality: 1400 1.528988e-06 5.815596"
  pQ=5.815596  Q=1.529e-06  dQ=0.000000  [1] 0.0007691443
Step24  Qn=1.529e-06  pQn=5.815596  pQmin=5.815596
Step25  Qn=1.529e-06  pQn=5.815596  pQmin=5.815596
Step26  Qn=1.529e-06  pQn=5.815596  pQmin=5.815596
Step27  Qn=1.529e-06  pQn=5.815596  pQmin=5.815596
Step28  Qn=1.529e-06  pQn=5.815596  pQmin=5.815596
Step29  Qn=1.529e-06  pQn=5.815596  pQmin=5.815596
Step30  Qn=1.529e-06  pQn=5.815596  pQmin=5.815596
Step31  Qn=1.529e-06  pQn=5.815596  pQmin=5.815596
Step32  Qn=1.529e-06  pQn=5.815596  pQmin=5.815596
Step33  Qn=1.529e-06  pQn=5.815596  pQmin=5.815596
Step34  Qn=1.529e-06  pQn=5.815596  pQmin=5.815596
Step35  Qn=1.529e-06  pQn=5.815596  pQmin=5.815596
Step36  Qn=1.529e-06  pQn=5.815596  pQmin=5.815596
Step37  Qn=1.529e-06  pQn=5.815596  pQmin=5.815596
Step38  Qn=1.529e-06  pQn=5.815596  pQmin=5.815596
Step39  Qn=1.529e-06  pQn=5.815596  pQmin=5.815596
Step40  Qn=1.529e-06  pQn=5.815596  pQmin=5.815596
Step41  Qn=1.529e-06  pQn=5.815596  pQmin=5.815596
Step42  Qn=1.529e-06  pQn=5.815596  pQmin=5.815596
Step43  Qn=1.529e-06  pQn=5.815596  pQmin=5.815596
Step44  Qn=1.529e-06  pQn=5.815596  pQmin=5.815596
Step45  Qn=1.529e-06  pQn=5.815596  pQmin=5.815596
Step46  Qn=1.529e-06  pQn=5.815596  pQmin=5.815596
Step47  Qn=1.529e-06  pQn=5.815596  pQmin=5.815596
Step48  Qn=1.529e-06  pQn=5.815596  pQmin=5.815596
Step49  Qn=1.529e-06  pQn=5.815596  pQmin=5.815596
Step50  Qn=1.529e-06  pQn=5.815596  pQmin=5.815596
Step51  Qn=1.529e-06  pQn=5.815596  pQmin=5.815596
Step52  Qn=1.529e-06  pQn=5.815596  pQmin=5.815596
Step53  Qn=1.529e-06  pQn=5.815596  pQmin=5.815596
Step54  Qn=1.529e-06  pQn=5.815596  pQmin=5.815596
[1] "Quality: 1400 1.528988e-06 5.815596"
  pQ=5.815596  Q=1.529e-06  dQ=0.000000  [1] 0.0007691443
Step55  Qn=1.529e-06  pQn=5.815596  pQmin=5.815596
Step56  Qn=1.529e-06  pQn=5.815596  pQmin=5.815596
Step57  Qn=1.529e-06  pQn=5.815596  pQmin=5.815596
Step58  Qn=1.529e-06  pQn=5.815596  pQmin=5.815596
Step59  Qn=1.529e-06  pQn=5.815596  pQmin=5.815596
Step60  Qn=1.529e-06  pQn=5.815596  pQmin=5.815596
Step61  Qn=1.529e-06  pQn=5.815596  pQmin=5.815596
Step62  Qn=1.529e-06  pQn=5.815596  pQmin=5.815596
Step63  Qn=1.529e-06  pQn=5.815596  pQmin=5.815596
Step64  Qn=1.529e-06  pQn=5.815596  pQmin=5.815596
Step65  Qn=1.529e-06  pQn=5.815596  pQmin=5.815596
Step66  Qn=1.529e-06  pQn=5.815596  pQmin=5.815596
Step67  Qn=1.529e-06  pQn=5.815596  pQmin=5.815596
Step68  Qn=1.529e-06  pQn=5.815596  pQmin=5.815596
Step69  Qn=1.529e-06  pQn=5.815596  pQmin=5.815596
Step70  Qn=1.529e-06  pQn=5.815596  pQmin=5.815596
Step71  Qn=1.529e-06  pQn=5.815596  pQmin=5.815596
Step72  Qn=1.529e-06  pQn=5.815596  pQmin=5.815596
Step73  Qn=1.529e-06  pQn=5.815596  pQmin=5.815596
Step74  Qn=1.529e-06  pQn=5.815596  pQmin=5.815596
Step75  Qn=1.529e-06  pQn=5.815596  pQmin=5.815596
Step76  Qn=1.529e-06  pQn=5.815596  pQmin=5.815596
Step77  Qn=1.529e-06  pQn=5.815596  pQmin=5.815596
Step78  Qn=1.529e-06  pQn=5.815596  pQmin=5.815596
Step79  Qn=1.529e-06  pQn=5.815596  pQmin=5.815596
Step80  Qn=1.529e-06  pQn=5.815596  pQmin=5.815596
Step81  Qn=1.529e-06  pQn=5.815596  pQmin=5.815596
Step82  Qn=1.529e-06  pQn=5.815596  pQmin=5.815596
Step83  Qn=1.529e-06  pQn=5.815596  pQmin=5.815596
Step84  Qn=1.529e-06  pQn=5.815596  pQmin=5.815596
Step85  Qn=1.529e-06  pQn=5.815596  pQmin=5.815596
Step86  Qn=1.529e-06  pQn=5.815596  pQmin=5.815596
Step87  Qn=1.529e-06  pQn=5.815596  pQmin=5.815596
Step88  Qn=1.529e-06  pQn=5.815596  pQmin=5.815596
Step89  Qn=1.529e-06  pQn=5.815596  pQmin=5.815596
Step90  Qn=1.529e-06  pQn=5.815596  pQmin=5.815596
Step91  Qn=1.529e-06  pQn=5.815596  pQmin=5.815596
Step92  Qn=1.529e-06  pQn=5.815596  pQmin=5.815596
Step93  Qn=1.529e-06  pQn=5.815596  pQmin=5.815596
Step94  Qn=1.529e-06  pQn=5.815596  pQmin=5.815596
Step95  Qn=1.529e-06  pQn=5.815596  pQmin=5.815596
Step96  Qn=1.529e-06  pQn=5.815596  pQmin=5.815596
Step97  Qn=1.529e-06  pQn=5.815596  pQmin=5.815596
Step98  Qn=1.529e-06  pQn=5.815596  pQmin=5.815596
Step99  Qn=1.529e-06  pQn=5.815596  pQmin=5.815596
Step100  Qn=1.529e-06  pQn=5.815596  pQmin=5.815596
null device 
          1 
