[1] "MePhO2SOPh-v1-v5" "3.77e-04"         "Model-2P.R0"      "Model-2P.R1"     
[5] "Model-2P.R2"     
      t            C
1     0 0.000000e+00
2    30 2.524574e-06
3    60 4.697656e-06
4   120 1.021432e-05
5   150 1.166521e-05
6   180 1.286772e-05
7   240 1.900131e-05
8   300 2.049552e-05
9   360 2.690015e-05
10  450 3.411646e-05
11  540 3.704057e-05
12  600 4.339499e-05
13  750 4.990042e-05
14 1050 6.974669e-05
[1] 0.000377
[1] "Quality: 1400 8.043890e-04 3.094534"
[1] 0.000804389
Nelder-Mead Opt
pQ0=3.095e+00

Step1  Qn=5.611e-06  pQn=5.250943  pQmin=3.094534
[1] "Quality: 1400 5.611212e-06 5.250943"
  pQ=5.250943  Q=5.611e-06  dQ=0.000799  [1] 0.01148577
Step2  Qn=5.611e-06  pQn=5.250943  pQmin=5.250943
[1] "Quality: 1400 5.611212e-06 5.250943"
  pQ=5.250943  Q=5.611e-06  dQ=0.000000  [1] 0.01148577
Step3  Qn=5.611e-06  pQn=5.250943  pQmin=5.250943
[1] "Quality: 1400 5.611212e-06 5.250943"
  pQ=5.250943  Q=5.611e-06  dQ=0.000000  [1] 0.01148577
Step4  Qn=5.611e-06  pQn=5.250943  pQmin=5.250943
Step5  Qn=5.611e-06  pQn=5.250943  pQmin=5.250943
Step6  Qn=5.611e-06  pQn=5.250943  pQmin=5.250943
Step7  Qn=5.611e-06  pQn=5.250943  pQmin=5.250943
Step8  Qn=5.611e-06  pQn=5.250943  pQmin=5.250943
Step9  Qn=5.611e-06  pQn=5.250943  pQmin=5.250943
[1] "Quality: 1400 5.611212e-06 5.250943"
  pQ=5.250943  Q=5.611e-06  dQ=0.000000  [1] 0.01148577
Step10  Qn=5.611e-06  pQn=5.250943  pQmin=5.250943
Step11  Qn=5.611e-06  pQn=5.250943  pQmin=5.250943
[1] "Quality: 1400 5.611212e-06 5.250943"
  pQ=5.250943  Q=5.611e-06  dQ=0.000000  [1] 0.01148577
Step12  Qn=5.611e-06  pQn=5.250943  pQmin=5.250943
Step13  Qn=5.611e-06  pQn=5.250943  pQmin=5.250943
Step14  Qn=5.611e-06  pQn=5.250943  pQmin=5.250943
Step15  Qn=5.611e-06  pQn=5.250943  pQmin=5.250943
Step16  Qn=5.611e-06  pQn=5.250943  pQmin=5.250943
Step17  Qn=5.611e-06  pQn=5.250943  pQmin=5.250943
Step18  Qn=5.611e-06  pQn=5.250943  pQmin=5.250943
Step19  Qn=5.611e-06  pQn=5.250943  pQmin=5.250943
Step20  Qn=5.611e-06  pQn=5.250943  pQmin=5.250943
Step21  Qn=5.611e-06  pQn=5.250943  pQmin=5.250943
Step22  Qn=5.611e-06  pQn=5.250943  pQmin=5.250943
Step23  Qn=5.611e-06  pQn=5.250943  pQmin=5.250943
Step24  Qn=5.611e-06  pQn=5.250943  pQmin=5.250943
Step25  Qn=5.611e-06  pQn=5.250943  pQmin=5.250943
Step26  Qn=5.611e-06  pQn=5.250943  pQmin=5.250943
Step27  Qn=5.611e-06  pQn=5.250943  pQmin=5.250943
Step28  Qn=5.611e-06  pQn=5.250943  pQmin=5.250943
Step29  Qn=5.611e-06  pQn=5.250943  pQmin=5.250943
Step30  Qn=5.611e-06  pQn=5.250943  pQmin=5.250943
Step31  Qn=5.611e-06  pQn=5.250943  pQmin=5.250943
Step32  Qn=5.611e-06  pQn=5.250943  pQmin=5.250943
Step33  Qn=5.611e-06  pQn=5.250943  pQmin=5.250943
Step34  Qn=5.611e-06  pQn=5.250943  pQmin=5.250943
Step35  Qn=5.611e-06  pQn=5.250943  pQmin=5.250943
Step36  Qn=5.611e-06  pQn=5.250943  pQmin=5.250943
Step37  Qn=5.611e-06  pQn=5.250943  pQmin=5.250943
Step38  Qn=5.611e-06  pQn=5.250943  pQmin=5.250943
Step39  Qn=5.611e-06  pQn=5.250943  pQmin=5.250943
Step40  Qn=5.611e-06  pQn=5.250943  pQmin=5.250943
[1] "Quality: 1400 5.611212e-06 5.250943"
  pQ=5.250943  Q=5.611e-06  dQ=0.000000  [1] 0.01148577
Step41  Qn=5.611e-06  pQn=5.250943  pQmin=5.250943
Step42  Qn=5.611e-06  pQn=5.250943  pQmin=5.250943
Step43  Qn=5.611e-06  pQn=5.250943  pQmin=5.250943
Step44  Qn=5.611e-06  pQn=5.250943  pQmin=5.250943
Step45  Qn=5.611e-06  pQn=5.250943  pQmin=5.250943
Step46  Qn=5.611e-06  pQn=5.250943  pQmin=5.250943
Step47  Qn=5.611e-06  pQn=5.250943  pQmin=5.250943
Step48  Qn=5.611e-06  pQn=5.250943  pQmin=5.250943
Step49  Qn=5.611e-06  pQn=5.250943  pQmin=5.250943
Step50  Qn=5.611e-06  pQn=5.250943  pQmin=5.250943
[1] "Quality: 1400 5.611212e-06 5.250943"
  pQ=5.250943  Q=5.611e-06  dQ=0.000000  [1] 0.01148577
Step51  Qn=5.611e-06  pQn=5.250943  pQmin=5.250943
Step52  Qn=5.611e-06  pQn=5.250943  pQmin=5.250943
Step53  Qn=5.611e-06  pQn=5.250943  pQmin=5.250943
Step54  Qn=5.611e-06  pQn=5.250943  pQmin=5.250943
Step55  Qn=5.611e-06  pQn=5.250943  pQmin=5.250943
Step56  Qn=5.611e-06  pQn=5.250943  pQmin=5.250943
Step57  Qn=5.611e-06  pQn=5.250943  pQmin=5.250943
Step58  Qn=5.611e-06  pQn=5.250943  pQmin=5.250943
Step59  Qn=5.611e-06  pQn=5.250943  pQmin=5.250943
Step60  Qn=5.611e-06  pQn=5.250943  pQmin=5.250943
Step61  Qn=5.611e-06  pQn=5.250943  pQmin=5.250943
Step62  Qn=5.611e-06  pQn=5.250943  pQmin=5.250943
Step63  Qn=5.611e-06  pQn=5.250943  pQmin=5.250943
Step64  Qn=5.611e-06  pQn=5.250943  pQmin=5.250943
Step65  Qn=5.611e-06  pQn=5.250943  pQmin=5.250943
Step66  Qn=5.611e-06  pQn=5.250943  pQmin=5.250943
Step67  Qn=5.611e-06  pQn=5.250943  pQmin=5.250943
Step68  Qn=5.611e-06  pQn=5.250943  pQmin=5.250943
Step69  Qn=5.611e-06  pQn=5.250943  pQmin=5.250943
Step70  Qn=5.611e-06  pQn=5.250943  pQmin=5.250943
Step71  Qn=5.611e-06  pQn=5.250943  pQmin=5.250943
Step72  Qn=5.611e-06  pQn=5.250943  pQmin=5.250943
Step73  Qn=5.611e-06  pQn=5.250943  pQmin=5.250943
Step74  Qn=5.611e-06  pQn=5.250943  pQmin=5.250943
Step75  Qn=5.611e-06  pQn=5.250943  pQmin=5.250943
Step76  Qn=5.611e-06  pQn=5.250943  pQmin=5.250943
Step77  Qn=5.611e-06  pQn=5.250943  pQmin=5.250943
Step78  Qn=5.611e-06  pQn=5.250943  pQmin=5.250943
Step79  Qn=5.611e-06  pQn=5.250943  pQmin=5.250943
Step80  Qn=5.611e-06  pQn=5.250943  pQmin=5.250943
Step81  Qn=5.611e-06  pQn=5.250943  pQmin=5.250943
Step82  Qn=5.611e-06  pQn=5.250943  pQmin=5.250943
Step83  Qn=5.611e-06  pQn=5.250943  pQmin=5.250943
Step84  Qn=5.611e-06  pQn=5.250943  pQmin=5.250943
Step85  Qn=5.611e-06  pQn=5.250943  pQmin=5.250943
Step86  Qn=5.611e-06  pQn=5.250943  pQmin=5.250943
Step87  Qn=5.611e-06  pQn=5.250943  pQmin=5.250943
Step88  Qn=5.611e-06  pQn=5.250943  pQmin=5.250943
Step89  Qn=5.611e-06  pQn=5.250943  pQmin=5.250943
Step90  Qn=5.611e-06  pQn=5.250943  pQmin=5.250943
Step91  Qn=5.611e-06  pQn=5.250943  pQmin=5.250943
Step92  Qn=5.611e-06  pQn=5.250943  pQmin=5.250943
Step93  Qn=5.611e-06  pQn=5.250943  pQmin=5.250943
Step94  Qn=5.611e-06  pQn=5.250943  pQmin=5.250943
Step95  Qn=5.611e-06  pQn=5.250943  pQmin=5.250943
Step96  Qn=5.611e-06  pQn=5.250943  pQmin=5.250943
Step97  Qn=5.611e-06  pQn=5.250943  pQmin=5.250943
Step98  Qn=5.611e-06  pQn=5.250943  pQmin=5.250943
Step99  Qn=5.611e-06  pQn=5.250943  pQmin=5.250943
Step100  Qn=5.611e-06  pQn=5.250943  pQmin=5.250943
null device 
          1 
