[1] "NO2PhO2SOPh-v1-v4" "7.85e-04"          "Model-2P.R0"      
[4] "Model-2P.R1"       "Model-2P.R2"      
     t            C
1    0 0.000000e+00
2   30 3.980565e-05
3   60 2.801778e-05
4   90 2.649604e-05
5  120 2.300769e-05
6  150 1.906574e-05
7  180 2.620028e-05
8  240 2.648818e-05
9  300 2.748500e-05
10 450 2.283243e-05
11 600 2.511120e-05
12 900 2.672954e-05
[1] 0.000785
[1] "Quality: 1200 5.263909e-04 3.278692"
[1] 0.0005263909
Nelder-Mead Opt
pQ0=3.279e+00

Step1  Qn=2.686e-04  pQn=3.570833  pQmin=3.278692
[1] "Quality: 1200 2.686374e-04 3.570833"
  pQ=3.570833  Q=2.686e-04  dQ=0.000258  [1] 0.00844333
Step2  Qn=2.686e-04  pQn=3.570833  pQmin=3.570833
[1] "Quality: 1200 2.686374e-04 3.570833"
  pQ=3.570833  Q=2.686e-04  dQ=0.000000  [1] 0.00844333
Step3  Qn=2.686e-04  pQn=3.570833  pQmin=3.570833
Step4  Qn=2.686e-04  pQn=3.570833  pQmin=3.570833
Step5  Qn=2.686e-04  pQn=3.570833  pQmin=3.570833
Step6  Qn=2.686e-04  pQn=3.570833  pQmin=3.570833
Step7  Qn=2.686e-04  pQn=3.570833  pQmin=3.570833
Step8  Qn=2.686e-04  pQn=3.570833  pQmin=3.570833
Step9  Qn=2.686e-04  pQn=3.570833  pQmin=3.570833
Step10  Qn=2.686e-04  pQn=3.570833  pQmin=3.570833
Step11  Qn=2.686e-04  pQn=3.570833  pQmin=3.570833
Step12  Qn=2.686e-04  pQn=3.570833  pQmin=3.570833
Step13  Qn=2.686e-04  pQn=3.570833  pQmin=3.570833
Step14  Qn=2.686e-04  pQn=3.570833  pQmin=3.570833
Step15  Qn=2.686e-04  pQn=3.570833  pQmin=3.570833
Step16  Qn=2.686e-04  pQn=3.570833  pQmin=3.570833
Step17  Qn=2.686e-04  pQn=3.570833  pQmin=3.570833
[1] "Quality: 1200 2.686374e-04 3.570833"
  pQ=3.570833  Q=2.686e-04  dQ=0.000000  [1] 0.00844333
Step18  Qn=2.686e-04  pQn=3.570833  pQmin=3.570833
Step19  Qn=2.686e-04  pQn=3.570833  pQmin=3.570833
Step20  Qn=2.686e-04  pQn=3.570833  pQmin=3.570833
Step21  Qn=2.686e-04  pQn=3.570833  pQmin=3.570833
Step22  Qn=2.686e-04  pQn=3.570833  pQmin=3.570833
Step23  Qn=2.686e-04  pQn=3.570833  pQmin=3.570833
Step24  Qn=2.686e-04  pQn=3.570833  pQmin=3.570833
Step25  Qn=2.686e-04  pQn=3.570833  pQmin=3.570833
Step26  Qn=2.686e-04  pQn=3.570833  pQmin=3.570833
Step27  Qn=2.686e-04  pQn=3.570833  pQmin=3.570833
Step28  Qn=2.686e-04  pQn=3.570833  pQmin=3.570833
Step29  Qn=2.686e-04  pQn=3.570833  pQmin=3.570833
Step30  Qn=2.686e-04  pQn=3.570833  pQmin=3.570833
Step31  Qn=2.686e-04  pQn=3.570833  pQmin=3.570833
Step32  Qn=2.686e-04  pQn=3.570833  pQmin=3.570833
Step33  Qn=2.686e-04  pQn=3.570833  pQmin=3.570833
Step34  Qn=2.686e-04  pQn=3.570833  pQmin=3.570833
Step35  Qn=2.686e-04  pQn=3.570833  pQmin=3.570833
Step36  Qn=2.686e-04  pQn=3.570833  pQmin=3.570833
Step37  Qn=2.686e-04  pQn=3.570833  pQmin=3.570833
Step38  Qn=2.686e-04  pQn=3.570833  pQmin=3.570833
Step39  Qn=2.686e-04  pQn=3.570833  pQmin=3.570833
Step40  Qn=2.686e-04  pQn=3.570833  pQmin=3.570833
Step41  Qn=2.686e-04  pQn=3.570833  pQmin=3.570833
Step42  Qn=2.686e-04  pQn=3.570833  pQmin=3.570833
Step43  Qn=2.686e-04  pQn=3.570833  pQmin=3.570833
Step44  Qn=2.686e-04  pQn=3.570833  pQmin=3.570833
Step45  Qn=2.686e-04  pQn=3.570833  pQmin=3.570833
Step46  Qn=2.686e-04  pQn=3.570833  pQmin=3.570833
Step47  Qn=2.686e-04  pQn=3.570833  pQmin=3.570833
Step48  Qn=2.686e-04  pQn=3.570833  pQmin=3.570833
Step49  Qn=2.686e-04  pQn=3.570833  pQmin=3.570833
Step50  Qn=2.686e-04  pQn=3.570833  pQmin=3.570833
Step51  Qn=2.686e-04  pQn=3.570833  pQmin=3.570833
Step52  Qn=2.686e-04  pQn=3.570833  pQmin=3.570833
Step53  Qn=2.686e-04  pQn=3.570833  pQmin=3.570833
Step54  Qn=2.686e-04  pQn=3.570833  pQmin=3.570833
Step55  Qn=2.686e-04  pQn=3.570833  pQmin=3.570833
Step56  Qn=2.686e-04  pQn=3.570833  pQmin=3.570833
Step57  Qn=2.686e-04  pQn=3.570833  pQmin=3.570833
Step58  Qn=2.686e-04  pQn=3.570833  pQmin=3.570833
Step59  Qn=2.686e-04  pQn=3.570833  pQmin=3.570833
Step60  Qn=2.686e-04  pQn=3.570833  pQmin=3.570833
Step61  Qn=2.686e-04  pQn=3.570833  pQmin=3.570833
Step62  Qn=2.686e-04  pQn=3.570833  pQmin=3.570833
Step63  Qn=2.686e-04  pQn=3.570833  pQmin=3.570833
Step64  Qn=2.686e-04  pQn=3.570833  pQmin=3.570833
Step65  Qn=2.686e-04  pQn=3.570833  pQmin=3.570833
Step66  Qn=2.686e-04  pQn=3.570833  pQmin=3.570833
Step67  Qn=2.686e-04  pQn=3.570833  pQmin=3.570833
Step68  Qn=2.686e-04  pQn=3.570833  pQmin=3.570833
Step69  Qn=2.686e-04  pQn=3.570833  pQmin=3.570833
Step70  Qn=2.686e-04  pQn=3.570833  pQmin=3.570833
Step71  Qn=2.686e-04  pQn=3.570833  pQmin=3.570833
Step72  Qn=2.686e-04  pQn=3.570833  pQmin=3.570833
Step73  Qn=2.686e-04  pQn=3.570833  pQmin=3.570833
Step74  Qn=2.686e-04  pQn=3.570833  pQmin=3.570833
Step75  Qn=2.686e-04  pQn=3.570833  pQmin=3.570833
Step76  Qn=2.686e-04  pQn=3.570833  pQmin=3.570833
Step77  Qn=2.686e-04  pQn=3.570833  pQmin=3.570833
Step78  Qn=2.686e-04  pQn=3.570833  pQmin=3.570833
Step79  Qn=2.686e-04  pQn=3.570833  pQmin=3.570833
Step80  Qn=2.686e-04  pQn=3.570833  pQmin=3.570833
Step81  Qn=2.686e-04  pQn=3.570833  pQmin=3.570833
Step82  Qn=2.686e-04  pQn=3.570833  pQmin=3.570833
Step83  Qn=2.686e-04  pQn=3.570833  pQmin=3.570833
Step84  Qn=2.686e-04  pQn=3.570833  pQmin=3.570833
Step85  Qn=2.686e-04  pQn=3.570833  pQmin=3.570833
Step86  Qn=2.686e-04  pQn=3.570833  pQmin=3.570833
Step87  Qn=2.686e-04  pQn=3.570833  pQmin=3.570833
Step88  Qn=2.686e-04  pQn=3.570833  pQmin=3.570833
Step89  Qn=2.686e-04  pQn=3.570833  pQmin=3.570833
Step90  Qn=2.686e-04  pQn=3.570833  pQmin=3.570833
Step91  Qn=2.686e-04  pQn=3.570833  pQmin=3.570833
Step92  Qn=2.686e-04  pQn=3.570833  pQmin=3.570833
Step93  Qn=2.686e-04  pQn=3.570833  pQmin=3.570833
Step94  Qn=2.686e-04  pQn=3.570833  pQmin=3.570833
Step95  Qn=2.686e-04  pQn=3.570833  pQmin=3.570833
Step96  Qn=2.686e-04  pQn=3.570833  pQmin=3.570833
Step97  Qn=2.686e-04  pQn=3.570833  pQmin=3.570833
Step98  Qn=2.686e-04  pQn=3.570833  pQmin=3.570833
Step99  Qn=2.686e-04  pQn=3.570833  pQmin=3.570833
Step100  Qn=2.686e-04  pQn=3.570833  pQmin=3.570833
null device 
          1 
