[1] "PhO2SOPh-v1-v3" "7.85e-04"       "Model-2P.R0"    "Model-2P.R1"   
[5] "Model-2P.R2"   
      t            C
1     0 0.000000e+00
2    30 1.027245e-06
3    60 8.625521e-07
4   150 2.123966e-06
5   300 4.584900e-06
6   450 1.446309e-05
7   600 2.089782e-05
8   750 2.832138e-05
9  1050 4.389537e-05
10 1200 4.585746e-05
11 1650 6.282059e-05
12 1800 6.412193e-05
[1] 0.000785
[1] "Quality: 1200 7.087134e-04 3.149529"
[1] 0.0007087134
Nelder-Mead Opt
pQ0=3.150e+00

Step1  Qn=2.004e-05  pQn=4.698161  pQmin=3.149529
[1] "Quality: 1200 2.003731e-05 4.698161"
  pQ=4.698161  Q=2.004e-05  dQ=0.000689  [1] 0.006247925
Step2  Qn=2.004e-05  pQn=4.698161  pQmin=4.698161
[1] "Quality: 1200 2.003731e-05 4.698161"
  pQ=4.698161  Q=2.004e-05  dQ=0.000000  [1] 0.006247925
Step3  Qn=2.004e-05  pQn=4.698161  pQmin=4.698161
[1] "Quality: 1200 2.003731e-05 4.698161"
  pQ=4.698161  Q=2.004e-05  dQ=0.000000  [1] 0.006247925
Step4  Qn=2.004e-05  pQn=4.698161  pQmin=4.698161
Step5  Qn=2.004e-05  pQn=4.698161  pQmin=4.698161
Step6  Qn=2.004e-05  pQn=4.698161  pQmin=4.698161
Step7  Qn=2.004e-05  pQn=4.698161  pQmin=4.698161
Step8  Qn=2.004e-05  pQn=4.698161  pQmin=4.698161
[1] "Quality: 1200 2.003731e-05 4.698161"
  pQ=4.698161  Q=2.004e-05  dQ=0.000000  [1] 0.006247925
Step9  Qn=2.004e-05  pQn=4.698161  pQmin=4.698161
Step10  Qn=2.004e-05  pQn=4.698161  pQmin=4.698161
Step11  Qn=2.004e-05  pQn=4.698161  pQmin=4.698161
Step12  Qn=2.004e-05  pQn=4.698161  pQmin=4.698161
[1] "Quality: 1200 2.003731e-05 4.698161"
  pQ=4.698161  Q=2.004e-05  dQ=0.000000  [1] 0.006247925
Step13  Qn=2.004e-05  pQn=4.698161  pQmin=4.698161
[1] "Quality: 1200 2.003731e-05 4.698161"
  pQ=4.698161  Q=2.004e-05  dQ=0.000000  [1] 0.006247925
Step14  Qn=2.004e-05  pQn=4.698161  pQmin=4.698161
Step15  Qn=2.004e-05  pQn=4.698161  pQmin=4.698161
Step16  Qn=2.004e-05  pQn=4.698161  pQmin=4.698161
Step17  Qn=2.004e-05  pQn=4.698161  pQmin=4.698161
Step18  Qn=2.004e-05  pQn=4.698161  pQmin=4.698161
Step19  Qn=2.004e-05  pQn=4.698161  pQmin=4.698161
Step20  Qn=2.004e-05  pQn=4.698161  pQmin=4.698161
Step21  Qn=2.004e-05  pQn=4.698161  pQmin=4.698161
Step22  Qn=2.004e-05  pQn=4.698161  pQmin=4.698161
Step23  Qn=2.004e-05  pQn=4.698161  pQmin=4.698161
Step24  Qn=2.004e-05  pQn=4.698161  pQmin=4.698161
Step25  Qn=2.004e-05  pQn=4.698161  pQmin=4.698161
Step26  Qn=2.004e-05  pQn=4.698161  pQmin=4.698161
Step27  Qn=2.004e-05  pQn=4.698161  pQmin=4.698161
[1] "Quality: 1200 2.003731e-05 4.698161"
  pQ=4.698161  Q=2.004e-05  dQ=0.000000  [1] 0.006247925
Step28  Qn=2.004e-05  pQn=4.698161  pQmin=4.698161
Step29  Qn=2.004e-05  pQn=4.698161  pQmin=4.698161
Step30  Qn=2.004e-05  pQn=4.698161  pQmin=4.698161
Step31  Qn=2.004e-05  pQn=4.698161  pQmin=4.698161
Step32  Qn=2.004e-05  pQn=4.698161  pQmin=4.698161
Step33  Qn=2.004e-05  pQn=4.698161  pQmin=4.698161
Step34  Qn=2.004e-05  pQn=4.698161  pQmin=4.698161
Step35  Qn=2.004e-05  pQn=4.698161  pQmin=4.698161
Step36  Qn=2.004e-05  pQn=4.698161  pQmin=4.698161
Step37  Qn=2.004e-05  pQn=4.698161  pQmin=4.698161
Step38  Qn=2.004e-05  pQn=4.698161  pQmin=4.698161
Step39  Qn=2.004e-05  pQn=4.698161  pQmin=4.698161
Step40  Qn=2.004e-05  pQn=4.698161  pQmin=4.698161
Step41  Qn=2.004e-05  pQn=4.698161  pQmin=4.698161
Step42  Qn=2.004e-05  pQn=4.698161  pQmin=4.698161
Step43  Qn=2.004e-05  pQn=4.698161  pQmin=4.698161
Step44  Qn=2.004e-05  pQn=4.698161  pQmin=4.698161
Step45  Qn=2.004e-05  pQn=4.698161  pQmin=4.698161
Step46  Qn=2.004e-05  pQn=4.698161  pQmin=4.698161
Step47  Qn=2.004e-05  pQn=4.698161  pQmin=4.698161
Step48  Qn=2.004e-05  pQn=4.698161  pQmin=4.698161
Step49  Qn=2.004e-05  pQn=4.698161  pQmin=4.698161
Step50  Qn=2.004e-05  pQn=4.698161  pQmin=4.698161
Step51  Qn=2.004e-05  pQn=4.698161  pQmin=4.698161
Step52  Qn=2.004e-05  pQn=4.698161  pQmin=4.698161
Step53  Qn=2.004e-05  pQn=4.698161  pQmin=4.698161
Step54  Qn=2.004e-05  pQn=4.698161  pQmin=4.698161
Step55  Qn=2.004e-05  pQn=4.698161  pQmin=4.698161
Step56  Qn=2.004e-05  pQn=4.698161  pQmin=4.698161
Step57  Qn=2.004e-05  pQn=4.698161  pQmin=4.698161
Step58  Qn=2.004e-05  pQn=4.698161  pQmin=4.698161
Step59  Qn=2.004e-05  pQn=4.698161  pQmin=4.698161
Step60  Qn=2.004e-05  pQn=4.698161  pQmin=4.698161
Step61  Qn=2.004e-05  pQn=4.698161  pQmin=4.698161
Step62  Qn=2.004e-05  pQn=4.698161  pQmin=4.698161
Step63  Qn=2.004e-05  pQn=4.698161  pQmin=4.698161
Step64  Qn=2.004e-05  pQn=4.698161  pQmin=4.698161
Step65  Qn=2.004e-05  pQn=4.698161  pQmin=4.698161
Step66  Qn=2.004e-05  pQn=4.698161  pQmin=4.698161
Step67  Qn=2.004e-05  pQn=4.698161  pQmin=4.698161
Step68  Qn=2.004e-05  pQn=4.698161  pQmin=4.698161
Step69  Qn=2.004e-05  pQn=4.698161  pQmin=4.698161
Step70  Qn=2.004e-05  pQn=4.698161  pQmin=4.698161
Step71  Qn=2.004e-05  pQn=4.698161  pQmin=4.698161
Step72  Qn=2.004e-05  pQn=4.698161  pQmin=4.698161
Step73  Qn=2.004e-05  pQn=4.698161  pQmin=4.698161
Step74  Qn=2.004e-05  pQn=4.698161  pQmin=4.698161
Step75  Qn=2.004e-05  pQn=4.698161  pQmin=4.698161
Step76  Qn=2.004e-05  pQn=4.698161  pQmin=4.698161
Step77  Qn=2.004e-05  pQn=4.698161  pQmin=4.698161
Step78  Qn=2.004e-05  pQn=4.698161  pQmin=4.698161
Step79  Qn=2.004e-05  pQn=4.698161  pQmin=4.698161
Step80  Qn=2.004e-05  pQn=4.698161  pQmin=4.698161
Step81  Qn=2.004e-05  pQn=4.698161  pQmin=4.698161
Step82  Qn=2.004e-05  pQn=4.698161  pQmin=4.698161
Step83  Qn=2.004e-05  pQn=4.698161  pQmin=4.698161
Step84  Qn=2.004e-05  pQn=4.698161  pQmin=4.698161
Step85  Qn=2.004e-05  pQn=4.698161  pQmin=4.698161
Step86  Qn=2.004e-05  pQn=4.698161  pQmin=4.698161
Step87  Qn=2.004e-05  pQn=4.698161  pQmin=4.698161
Step88  Qn=2.004e-05  pQn=4.698161  pQmin=4.698161
Step89  Qn=2.004e-05  pQn=4.698161  pQmin=4.698161
Step90  Qn=2.004e-05  pQn=4.698161  pQmin=4.698161
Step91  Qn=2.004e-05  pQn=4.698161  pQmin=4.698161
Step92  Qn=2.004e-05  pQn=4.698161  pQmin=4.698161
Step93  Qn=2.004e-05  pQn=4.698161  pQmin=4.698161
Step94  Qn=2.004e-05  pQn=4.698161  pQmin=4.698161
Step95  Qn=2.004e-05  pQn=4.698161  pQmin=4.698161
Step96  Qn=2.004e-05  pQn=4.698161  pQmin=4.698161
Step97  Qn=2.004e-05  pQn=4.698161  pQmin=4.698161
Step98  Qn=2.004e-05  pQn=4.698161  pQmin=4.698161
Step99  Qn=2.004e-05  pQn=4.698161  pQmin=4.698161
Step100  Qn=2.004e-05  pQn=4.698161  pQmin=4.698161
null device 
          1 
