[1] "PhO2SOPh-v1-v5" "7.85e-04"       "Model-2P.R0"    "Model-2P.R1"   
[5] "Model-2P.R2"   
      t            C
1     0 0.000000e+00
2    30 4.450597e-06
3    60 1.833685e-05
4   120 3.652033e-05
5   180 5.879642e-05
6   240 4.034282e-05
7   360 5.625724e-05
8   420 5.678661e-05
9   480 5.832245e-05
10  540 5.419449e-05
11  600 5.298239e-05
12  750 4.913823e-05
13  900 5.466659e-05
14 1050 5.462671e-05
[1] 0.000785
[1] "Quality: 1400 1.735244e-03 2.760639"
[1] 0.001735244
Nelder-Mead Opt
pQ0=2.761e+00

Step1  Qn=2.408e-04  pQn=3.618299  pQmin=2.760639
[1] "Quality: 1400 2.408247e-04 3.618299"
  pQ=3.618299  Q=2.408e-04  dQ=0.001494  [1] 0.01738488
Step2  Qn=2.408e-04  pQn=3.618299  pQmin=3.618299
Step3  Qn=2.408e-04  pQn=3.618299  pQmin=3.618299
Step4  Qn=2.408e-04  pQn=3.618299  pQmin=3.618299
[1] "Quality: 1400 2.408247e-04 3.618299"
  pQ=3.618299  Q=2.408e-04  dQ=0.000000  [1] 0.01738488
Step5  Qn=2.408e-04  pQn=3.618299  pQmin=3.618299
Step6  Qn=2.408e-04  pQn=3.618299  pQmin=3.618299
Step7  Qn=2.408e-04  pQn=3.618299  pQmin=3.618299
Step8  Qn=2.408e-04  pQn=3.618299  pQmin=3.618299
Step9  Qn=2.408e-04  pQn=3.618299  pQmin=3.618299
Step10  Qn=2.408e-04  pQn=3.618299  pQmin=3.618299
[1] "Quality: 1400 2.408247e-04 3.618299"
  pQ=3.618299  Q=2.408e-04  dQ=0.000000  [1] 0.01738488
Step11  Qn=2.408e-04  pQn=3.618299  pQmin=3.618299
Step12  Qn=2.408e-04  pQn=3.618299  pQmin=3.618299
Step13  Qn=2.408e-04  pQn=3.618299  pQmin=3.618299
Step14  Qn=2.408e-04  pQn=3.618299  pQmin=3.618299
Step15  Qn=2.408e-04  pQn=3.618299  pQmin=3.618299
Step16  Qn=2.408e-04  pQn=3.618299  pQmin=3.618299
Step17  Qn=2.408e-04  pQn=3.618299  pQmin=3.618299
Step18  Qn=2.408e-04  pQn=3.618299  pQmin=3.618299
Step19  Qn=2.408e-04  pQn=3.618299  pQmin=3.618299
Step20  Qn=2.408e-04  pQn=3.618299  pQmin=3.618299
Step21  Qn=2.408e-04  pQn=3.618299  pQmin=3.618299
Step22  Qn=2.408e-04  pQn=3.618299  pQmin=3.618299
Step23  Qn=2.408e-04  pQn=3.618299  pQmin=3.618299
Step24  Qn=2.408e-04  pQn=3.618299  pQmin=3.618299
Step25  Qn=2.408e-04  pQn=3.618299  pQmin=3.618299
Step26  Qn=2.408e-04  pQn=3.618299  pQmin=3.618299
Step27  Qn=2.408e-04  pQn=3.618299  pQmin=3.618299
Step28  Qn=2.408e-04  pQn=3.618299  pQmin=3.618299
Step29  Qn=2.408e-04  pQn=3.618299  pQmin=3.618299
Step30  Qn=2.408e-04  pQn=3.618299  pQmin=3.618299
Step31  Qn=2.408e-04  pQn=3.618299  pQmin=3.618299
Step32  Qn=2.408e-04  pQn=3.618299  pQmin=3.618299
Step33  Qn=2.408e-04  pQn=3.618299  pQmin=3.618299
Step34  Qn=2.408e-04  pQn=3.618299  pQmin=3.618299
Step35  Qn=2.408e-04  pQn=3.618299  pQmin=3.618299
Step36  Qn=2.408e-04  pQn=3.618299  pQmin=3.618299
Step37  Qn=2.408e-04  pQn=3.618299  pQmin=3.618299
Step38  Qn=2.408e-04  pQn=3.618299  pQmin=3.618299
Step39  Qn=2.408e-04  pQn=3.618299  pQmin=3.618299
Step40  Qn=2.408e-04  pQn=3.618299  pQmin=3.618299
Step41  Qn=2.408e-04  pQn=3.618299  pQmin=3.618299
Step42  Qn=2.408e-04  pQn=3.618299  pQmin=3.618299
Step43  Qn=2.408e-04  pQn=3.618299  pQmin=3.618299
Step44  Qn=2.408e-04  pQn=3.618299  pQmin=3.618299
Step45  Qn=2.408e-04  pQn=3.618299  pQmin=3.618299
Step46  Qn=2.408e-04  pQn=3.618299  pQmin=3.618299
Step47  Qn=2.408e-04  pQn=3.618299  pQmin=3.618299
Step48  Qn=2.408e-04  pQn=3.618299  pQmin=3.618299
Step49  Qn=2.408e-04  pQn=3.618299  pQmin=3.618299
Step50  Qn=2.408e-04  pQn=3.618299  pQmin=3.618299
Step51  Qn=2.408e-04  pQn=3.618299  pQmin=3.618299
Step52  Qn=2.408e-04  pQn=3.618299  pQmin=3.618299
Step53  Qn=2.408e-04  pQn=3.618299  pQmin=3.618299
Step54  Qn=2.408e-04  pQn=3.618299  pQmin=3.618299
Step55  Qn=2.408e-04  pQn=3.618299  pQmin=3.618299
Step56  Qn=2.408e-04  pQn=3.618299  pQmin=3.618299
Step57  Qn=2.408e-04  pQn=3.618299  pQmin=3.618299
Step58  Qn=2.408e-04  pQn=3.618299  pQmin=3.618299
Step59  Qn=2.408e-04  pQn=3.618299  pQmin=3.618299
Step60  Qn=2.408e-04  pQn=3.618299  pQmin=3.618299
Step61  Qn=2.408e-04  pQn=3.618299  pQmin=3.618299
Step62  Qn=2.408e-04  pQn=3.618299  pQmin=3.618299
Step63  Qn=2.408e-04  pQn=3.618299  pQmin=3.618299
Step64  Qn=2.408e-04  pQn=3.618299  pQmin=3.618299
Step65  Qn=2.408e-04  pQn=3.618299  pQmin=3.618299
Step66  Qn=2.408e-04  pQn=3.618299  pQmin=3.618299
Step67  Qn=2.408e-04  pQn=3.618299  pQmin=3.618299
Step68  Qn=2.408e-04  pQn=3.618299  pQmin=3.618299
Step69  Qn=2.408e-04  pQn=3.618299  pQmin=3.618299
Step70  Qn=2.408e-04  pQn=3.618299  pQmin=3.618299
Step71  Qn=2.408e-04  pQn=3.618299  pQmin=3.618299
Step72  Qn=2.408e-04  pQn=3.618299  pQmin=3.618299
Step73  Qn=2.408e-04  pQn=3.618299  pQmin=3.618299
Step74  Qn=2.408e-04  pQn=3.618299  pQmin=3.618299
Step75  Qn=2.408e-04  pQn=3.618299  pQmin=3.618299
Step76  Qn=2.408e-04  pQn=3.618299  pQmin=3.618299
Step77  Qn=2.408e-04  pQn=3.618299  pQmin=3.618299
Step78  Qn=2.408e-04  pQn=3.618299  pQmin=3.618299
Step79  Qn=2.408e-04  pQn=3.618299  pQmin=3.618299
Step80  Qn=2.408e-04  pQn=3.618299  pQmin=3.618299
Step81  Qn=2.408e-04  pQn=3.618299  pQmin=3.618299
Step82  Qn=2.408e-04  pQn=3.618299  pQmin=3.618299
Step83  Qn=2.408e-04  pQn=3.618299  pQmin=3.618299
Step84  Qn=2.408e-04  pQn=3.618299  pQmin=3.618299
Step85  Qn=2.408e-04  pQn=3.618299  pQmin=3.618299
Step86  Qn=2.408e-04  pQn=3.618299  pQmin=3.618299
Step87  Qn=2.408e-04  pQn=3.618299  pQmin=3.618299
Step88  Qn=2.408e-04  pQn=3.618299  pQmin=3.618299
Step89  Qn=2.408e-04  pQn=3.618299  pQmin=3.618299
Step90  Qn=2.408e-04  pQn=3.618299  pQmin=3.618299
Step91  Qn=2.408e-04  pQn=3.618299  pQmin=3.618299
Step92  Qn=2.408e-04  pQn=3.618299  pQmin=3.618299
Step93  Qn=2.408e-04  pQn=3.618299  pQmin=3.618299
Step94  Qn=2.408e-04  pQn=3.618299  pQmin=3.618299
Step95  Qn=2.408e-04  pQn=3.618299  pQmin=3.618299
Step96  Qn=2.408e-04  pQn=3.618299  pQmin=3.618299
[1] "Quality: 1400 2.408247e-04 3.618299"
  pQ=3.618299  Q=2.408e-04  dQ=0.000000  [1] 0.01738488
Step97  Qn=2.408e-04  pQn=3.618299  pQmin=3.618299
Step98  Qn=2.408e-04  pQn=3.618299  pQmin=3.618299
Step99  Qn=2.408e-04  pQn=3.618299  pQmin=3.618299
Step100  Qn=2.408e-04  pQn=3.618299  pQmin=3.618299
null device 
          1 
