[1] "BSF-DCM-T20"       "3.148104e-04"      "0.207834e+00"     
[4] "SUFEX-Model-1P.R0" "SUFEX-Model-1P.R1" "SUFEX-Model-1P.R2"
[1] 0.0003148104 0.2078340000
[1] "Quality: 1135 9.907960e-08 7.004016"
[1] 9.90796e-08
Nelder-Mead Opt
pQ0=7.004e+00

Step1  Qn=9.190e-08  pQn=7.036680  pQmin=7.004016
[1] "Quality: 1135 9.190099e-08 7.036680"
  pQ=7.036680  Q=9.190e-08  dQ=0.000000  [1] 2.419096e-04 2.807731e+01
Step2  Qn=9.190e-08  pQn=7.036680  pQmin=7.036680
Step3  Qn=9.190e-08  pQn=7.036680  pQmin=7.036680
[1] "Quality: 1135 9.190099e-08 7.036680"
  pQ=7.036680  Q=9.190e-08  dQ=0.000000  [1] 2.419095e-04 2.807729e+01
Step4  Qn=9.190e-08  pQn=7.036680  pQmin=7.036680
Step5  Qn=9.190e-08  pQn=7.036680  pQmin=7.036680
Step6  Qn=9.190e-08  pQn=7.036680  pQmin=7.036680
Step7  Qn=9.190e-08  pQn=7.036680  pQmin=7.036680
Step8  Qn=9.190e-08  pQn=7.036680  pQmin=7.036680
Step9  Qn=9.190e-08  pQn=7.036680  pQmin=7.036680
[1] "Quality: 1135 9.190099e-08 7.036680"
  pQ=7.036680  Q=9.190e-08  dQ=0.000000  [1] 2.419095e-04 2.807729e+01
Step10  Qn=9.190e-08  pQn=7.036680  pQmin=7.036680
null device 
          1 
