[1] "BSF-CH3-DCM-T20"   "3.148104e-04"      "0.207834e+00"     
[4] "SUFEX-Model-1P.R0" "SUFEX-Model-1P.R1" "SUFEX-Model-1P.R2"
[1] 0.0003148104 0.2078340000
[1] "Quality: 588 4.892886e-07 6.310435"
[1] 4.892886e-07
Nelder-Mead Opt
pQ0=6.310e+00

Step1  Qn=2.234e-07  pQn=6.650835  pQmin=6.310435
[1] "Quality: 588 2.234423e-07 6.650835"
  pQ=6.650835  Q=2.234e-07  dQ=0.000000  [1] 1.878823e-04 2.824520e+01
Step2  Qn=2.234e-07  pQn=6.650835  pQmin=6.650835
Step3  Qn=2.234e-07  pQn=6.650835  pQmin=6.650835
Step4  Qn=2.234e-07  pQn=6.650835  pQmin=6.650835
Step5  Qn=2.234e-07  pQn=6.650835  pQmin=6.650835
Step6  Qn=2.234e-07  pQn=6.650835  pQmin=6.650835
[1] "Quality: 588 2.234423e-07 6.650835"
  pQ=6.650835  Q=2.234e-07  dQ=0.000000  [1] 1.878823e-04 2.824519e+01
Step7  Qn=2.234e-07  pQn=6.650835  pQmin=6.650835
[1] "Quality: 588 2.234423e-07 6.650835"
  pQ=6.650835  Q=2.234e-07  dQ=0.000000  [1] 1.878823e-04 2.824520e+01
Step8  Qn=2.234e-07  pQn=6.650835  pQmin=6.650835
Step9  Qn=2.234e-07  pQn=6.650835  pQmin=6.650835
Step10  Qn=2.234e-07  pQn=6.650835  pQmin=6.650835
null device 
          1 
