[1] "BSF-CH3-DCM-T15"   "3.148104e-05"      "0.207834e+00"     
[4] "SUFEX-Model-1P.R0" "SUFEX-Model-1P.R1" "SUFEX-Model-1P.R2"
[1] 3.148104e-05 2.078340e-01
[1] "Quality: 2291 1.966875e-08 7.706223"
[1] 1.966875e-08
Nelder-Mead Opt
pQ0=7.706e+00

Step1  Qn=1.172e-08  pQn=7.931086  pQmin=7.706223
[1] "Quality: 2291 1.171964e-08 7.931086"
  pQ=7.931086  Q=1.172e-08  dQ=0.000000  [1] 2.597464e-05 2.150084e-01
Step2  Qn=1.172e-08  pQn=7.931086  pQmin=7.931086
Step3  Qn=1.172e-08  pQn=7.931086  pQmin=7.931086
Step4  Qn=1.172e-08  pQn=7.931086  pQmin=7.931086
[1] "Quality: 2291 1.171964e-08 7.931086"
  pQ=7.931086  Q=1.172e-08  dQ=0.000000  [1] 2.597464e-05 2.150084e-01
Step5  Qn=1.172e-08  pQn=7.931086  pQmin=7.931086
[1] "Quality: 2291 1.171964e-08 7.931086"
  pQ=7.931086  Q=1.172e-08  dQ=0.000000  [1] 2.597464e-05 2.150084e-01
Step6  Qn=1.172e-08  pQn=7.931086  pQmin=7.931086
Step7  Qn=1.172e-08  pQn=7.931086  pQmin=7.931086
Step8  Qn=1.172e-08  pQn=7.931086  pQmin=7.931086
Step9  Qn=1.172e-08  pQn=7.931086  pQmin=7.931086
Step10  Qn=1.172e-08  pQn=7.931086  pQmin=7.931086
null device 
          1 
