[1] "BSF-DCM-T15"       "3.148104e-05"      "0.207834e+00"     
[4] "SUFEX-Model-1P.R0" "SUFEX-Model-1P.R1" "SUFEX-Model-1P.R2"
[1] 3.148104e-05 2.078340e-01
[1] "Quality: 1907 3.264217e-07 6.486221"
[1] 3.264217e-07
Nelder-Mead Opt
pQ0=6.486e+00

Step1  Qn=1.835e-08  pQn=7.736476  pQmin=6.486221
[1] "Quality: 1907 1.834525e-08 7.736476"
  pQ=7.736476  Q=1.835e-08  dQ=0.000000  [1] 4.391746e-05 6.333189e-01
Step2  Qn=1.835e-08  pQn=7.736476  pQmin=7.736476
[1] "Quality: 1907 1.834525e-08 7.736476"
  pQ=7.736476  Q=1.835e-08  dQ=0.000000  [1] 4.391746e-05 6.333189e-01
Step3  Qn=1.835e-08  pQn=7.736476  pQmin=7.736476
Step4  Qn=1.835e-08  pQn=7.736476  pQmin=7.736476
[1] "Quality: 1907 1.834525e-08 7.736476"
  pQ=7.736476  Q=1.835e-08  dQ=0.000000  [1] 4.391746e-05 6.333189e-01
Step5  Qn=1.835e-08  pQn=7.736476  pQmin=7.736476
Step6  Qn=1.835e-08  pQn=7.736476  pQmin=7.736476
[1] "Quality: 1907 1.834525e-08 7.736476"
  pQ=7.736476  Q=1.835e-08  dQ=0.000000  [1] 4.391746e-05 6.333189e-01
Step7  Qn=1.835e-08  pQn=7.736476  pQmin=7.736476
Step8  Qn=1.835e-08  pQn=7.736476  pQmin=7.736476
Step9  Qn=1.835e-08  pQn=7.736476  pQmin=7.736476
Step10  Qn=1.835e-08  pQn=7.736476  pQmin=7.736476
null device 
          1 
