[1] "BSF-NO2-DCM-T15"   "3.148104e-05"      "0.207834e+00"     
[4] "SUFEX-Model-1P.R0" "SUFEX-Model-1P.R1" "SUFEX-Model-1P.R2"
[1] 3.148104e-05 2.078340e-01
[1] "Quality: 1939 1.800557e-07 6.744593"
[1] 1.800557e-07
Nelder-Mead Opt
pQ0=6.745e+00

Step1  Qn=3.079e-08  pQn=7.511611  pQmin=6.744593
[1] "Quality: 1939 3.078853e-08 7.511611"
  pQ=7.511611  Q=3.079e-08  dQ=0.000000  [1] 5.720948e-05 6.789456e-01
Step2  Qn=3.079e-08  pQn=7.511611  pQmin=7.511611
Step3  Qn=3.079e-08  pQn=7.511611  pQmin=7.511611
Step4  Qn=3.079e-08  pQn=7.511611  pQmin=7.511611
[1] "Quality: 1939 3.078853e-08 7.511611"
  pQ=7.511611  Q=3.079e-08  dQ=0.000000  [1] 5.720948e-05 6.789456e-01
Step5  Qn=3.079e-08  pQn=7.511611  pQmin=7.511611
Step6  Qn=3.079e-08  pQn=7.511611  pQmin=7.511611
[1] "Quality: 1939 3.078853e-08 7.511611"
  pQ=7.511611  Q=3.079e-08  dQ=0.000000  [1] 5.720948e-05 6.789456e-01
Step7  Qn=3.079e-08  pQn=7.511611  pQmin=7.511611
[1] "Quality: 1939 3.078853e-08 7.511611"
  pQ=7.511611  Q=3.079e-08  dQ=0.000000  [1] 5.720948e-05 6.789456e-01
Step8  Qn=3.079e-08  pQn=7.511611  pQmin=7.511611
Step9  Qn=3.079e-08  pQn=7.511611  pQmin=7.511611
Step10  Qn=3.079e-08  pQn=7.511611  pQmin=7.511611
null device 
          1 
