[1] "BSF-NO2-DCM-T20"   "3.148104e-04"      "0.207834e+00"     
[4] "SUFEX-Model-1P.R0" "SUFEX-Model-1P.R1" "SUFEX-Model-1P.R2"
[1] 0.0003148104 0.2078340000
[1] "Quality: 730 1.018798e-06 5.991912"
[1] 1.018798e-06
Nelder-Mead Opt
pQ0=5.992e+00

Step1  Qn=3.964e-08  pQn=7.401912  pQmin=5.991912
[1] "Quality: 730 3.963585e-08 7.401912"
  pQ=7.401912  Q=3.964e-08  dQ=0.000001  [1] 0.0001168936 3.6633430323
Step2  Qn=3.964e-08  pQn=7.401912  pQmin=7.401912
[1] "Quality: 730 3.963585e-08 7.401912"
  pQ=7.401912  Q=3.964e-08  dQ=0.000000  [1] -0.0001168936  3.6633430109
Step3  Qn=3.964e-08  pQn=7.401912  pQmin=7.401912
Step4  Qn=3.964e-08  pQn=7.401912  pQmin=7.401912
Step5  Qn=3.964e-08  pQn=7.401912  pQmin=7.401912
Step6  Qn=3.964e-08  pQn=7.401912  pQmin=7.401912
Step7  Qn=3.964e-08  pQn=7.401912  pQmin=7.401912
Step8  Qn=3.964e-08  pQn=7.401912  pQmin=7.401912
Step9  Qn=3.964e-08  pQn=7.401912  pQmin=7.401912
Step10  Qn=3.964e-08  pQn=7.401912  pQmin=7.401912
null device 
          1 
