[1] "Exp-Zero"             "1.520929e-04"         "7.267775e-07"        
[4] "1.353176e-04"         "1.598054e-01"         "5.976505e-01"        
[7] "SUFEX-Model2-SANN.R0"
SANN Opt
Q0=5.072e-05

Step1  Qn=4.528e-05
[1] "Quality: 2221 4.528059e-05"
  Q=4.528e-05  dQ=0.000005  [1] 1.915191e-04 6.920407e-07 1.374772e-04 1.856901e-01 1.550065e-01
Step2  Qn=5.348e-05
Step3  Qn=3.747e-05
[1] "Quality: 2221 3.747147e-05"
  Q=3.747e-05  dQ=0.000008  [1] 1.469049e-04 7.549101e-07 1.035142e-04 2.174480e-01 1.895704e-01
Step4  Qn=5.592e-05
Step5  Qn=2.973e-05
[1] "Quality: 2221 2.973330e-05"
  Q=2.973e-05  dQ=0.000008  [1] 8.620575e-05 4.051176e-07 1.395064e-04 2.620073e-01 2.342247e-01
Step6  Qn=1.991e-05
[1] "Quality: 2221 1.991115e-05"
  Q=1.991e-05  dQ=0.000010  [1] 1.167843e-04 5.346872e-07 1.416608e-04 3.781853e-01 2.137010e-01
Step7  Qn=2.588e-05
Step8  Qn=4.887e-05
Step9  Qn=2.082e-05
Step10  Qn=2.356e-05
Step11  Qn=2.511e-05
Step12  Qn=2.125e-05
Step13  Qn=2.257e-05
Step14  Qn=4.397e-05
Step15  Qn=2.121e-05
Step16  Qn=4.208e-05
Step17  Qn=2.860e-05
Step18  Qn=3.166e-05
Step19  Qn=1.495e-05
[1] "Quality: 2221 1.495358e-05"
  Q=1.495e-05  dQ=0.000005  [1] 8.730098e-05 3.547902e-07 8.707565e-05 4.923845e-01 3.052923e-01
Step20  Qn=4.944e-05
Step21  Qn=2.415e-05
Step22  Qn=3.678e-05
Step23  Qn=2.125e-05
Step24  Qn=1.819e-05
Step25  Qn=8.563e-05
Step26  Qn=1.682e-05
Step27  Qn=2.346e-05
Step28  Qn=1.813e-05
Step29  Qn=1.656e-05
Step30  Qn=1.594e-05
Step31  Qn=4.468e-05
Step32  Qn=2.214e-05
Step33  Qn=1.403e-05
[1] "Quality: 2221 1.403056e-05"
  Q=1.403e-05  dQ=0.000001  [1] 9.363595e-05 2.137738e-07 1.134487e-04 3.369929e-01 3.460717e-01
Step34  Qn=1.293e-05
[1] "Quality: 2221 1.292527e-05"
  Q=1.293e-05  dQ=0.000001  [1] 6.259191e-05 2.448570e-07 1.380826e-04 4.802962e-01 3.303635e-01
Step35  Qn=3.450e-05
Step36  Qn=1.908e-05
Step37  Qn=1.699e-05
Step38  Qn=4.149e-05
Step39  Qn=4.707e-05
Step40  Qn=1.873e-05
Step41  Qn=4.077e-05
Step42  Qn=3.245e-05
Step43  Qn=1.557e-05
Step44  Qn=2.225e-05
Step45  Qn=2.027e-05
Step46  Qn=1.549e-05
Step47  Qn=2.953e-05
Step48  Qn=1.312e-05
Step49  Qn=3.111e-05
Step50  Qn=3.381e-05
Step51  Qn=4.520e-05
Step52  Qn=1.846e-05
Step53  Qn=1.326e-05
Step54  Qn=1.852e-05
Step55  Qn=1.407e-05
Step56  Qn=2.082e-05
Step57  Qn=1.706e-05
Step58  Qn=2.134e-05
Step59  Qn=2.594e-05
Step60  Qn=3.421e-05
Step61  Qn=6.278e-05
Step62  Qn=1.455e-05
Step63  Qn=5.411e-05
Step64  Qn=1.307e-05
Step65  Qn=1.997e-05
Step66  Qn=1.536e-05
Step67  Qn=1.542e-05
Step68  Qn=3.244e-05
Step69  Qn=2.455e-05
Step70  Qn=2.829e-05
Step71  Qn=1.955e-05
Step72  Qn=2.927e-05
Step73  Qn=5.754e-05
Step74  Qn=1.987e-05
Step75  Qn=2.439e-05
Step76  Qn=2.209e-05
Step77  Qn=2.039e-05
Step78  Qn=1.676e-05
Step79  Qn=1.885e-05
Step80  Qn=1.524e-05
Step81  Qn=4.962e-05
Step82  Qn=1.242e-05
[1] "Quality: 2221 1.241910e-05"
  Q=1.242e-05  dQ=0.000001  [1] 9.129710e-05 2.492821e-07 2.070987e-04 3.688217e-01 3.096918e-01
Step83  Qn=1.931e-05
Step84  Qn=1.579e-05
Step85  Qn=1.262e-05
Step86  Qn=3.139e-05
Step87  Qn=2.838e-05
Step88  Qn=1.542e-05
Step89  Qn=2.271e-05
Step90  Qn=1.232e-05
[1] "Quality: 2221 1.231674e-05"
  Q=1.232e-05  dQ=0.000000  [1] 7.647303e-05 1.865384e-07 2.320734e-04 4.664537e-01 2.693394e-01
Step91  Qn=1.273e-05
Step92  Qn=1.488e-05
Step93  Qn=1.361e-05
Step94  Qn=1.776e-05
Step95  Qn=1.676e-05
Step96  Qn=1.411e-05
Step97  Qn=3.484e-05
Step98  Qn=1.327e-05
Step99  Qn=3.706e-05
Step100  Qn=1.988e-05
Step101  Qn=2.247e-05
Step102  Qn=2.368e-05
Step103  Qn=8.142e-05
Step104  Qn=2.094e-05
Step105  Qn=2.449e-05
Step106  Qn=1.293e-05
Step107  Qn=2.228e-05
Step108  Qn=3.254e-05
Step109  Qn=1.678e-05
Step110  Qn=3.199e-05
Step111  Qn=1.707e-05
Step112  Qn=4.978e-05
Step113  Qn=1.518e-05
Step114  Qn=1.911e-05
Step115  Qn=3.337e-05
Step116  Qn=1.748e-05
Step117  Qn=4.296e-05
Step118  Qn=1.900e-05
Step119  Qn=3.614e-05
Step120  Qn=2.695e-05
Step121  Qn=5.677e-05
Step122  Qn=5.305e-05
Step123  Qn=1.754e-05
Step124  Qn=4.794e-05
Step125  Qn=1.323e-05
Step126  Qn=1.903e-05
Step127  Qn=1.404e-05
Step128  Qn=1.882e-05
Step129  Qn=1.397e-05
Step130  Qn=2.004e-05
Step131  Qn=1.523e-05
Step132  Qn=2.722e-05
Step133  Qn=1.443e-05
Step134  Qn=3.134e-05
Step135  Qn=2.148e-05
Step136  Qn=1.836e-05
Step137  Qn=1.436e-05
Step138  Qn=1.669e-05
Step139  Qn=3.064e-05
Step140  Qn=3.226e-05
Step141  Qn=1.680e-05
Step142  Qn=2.802e-05
Step143  Qn=2.125e-05
Step144  Qn=3.039e-05
Step145  Qn=1.640e-05
Step146  Qn=2.551e-05
Step147  Qn=2.699e-05
Step148  Qn=3.843e-05
Step149  Qn=1.413e-05
Step150  Qn=3.060e-05
Step151  Qn=1.992e-05
Step152  Qn=1.822e-05
Step153  Qn=1.121e-05
[1] "Quality: 2221 1.121205e-05"
  Q=1.121e-05  dQ=0.000001  [1] 6.315350e-05 2.456427e-07 3.110149e-04 4.415643e-01 3.661621e-01
Step154  Qn=3.312e-05
Step155  Qn=4.121e-05
Step156  Qn=1.949e-05
Step157  Qn=2.008e-05
Step158  Qn=1.427e-05
Step159  Qn=2.345e-05
Step160  Qn=1.385e-05
Step161  Qn=1.772e-05
Step162  Qn=1.640e-05
Step163  Qn=1.897e-05
Step164  Qn=1.551e-05
Step165  Qn=1.228e-05
Step166  Qn=4.363e-05
Step167  Qn=2.455e-05
Step168  Qn=1.652e-05
Step169  Qn=2.102e-05
Step170  Qn=1.145e-05
Step171  Qn=1.141e-05
Step172  Qn=1.997e-05
Step173  Qn=1.318e-05
Step174  Qn=1.330e-05
Step175  Qn=2.956e-05
Step176  Qn=1.364e-05
Step177  Qn=2.614e-05
Step178  Qn=2.479e-05
Step179  Qn=1.155e-05
Step180  Qn=4.534e-05
Step181  Qn=2.706e-05
Step182  Qn=1.647e-05
Step183  Qn=1.240e-05
Step184  Qn=1.818e-05
Step185  Qn=3.888e-05
Step186  Qn=1.703e-05
Step187  Qn=1.930e-05
Step188  Qn=2.639e-05
Step189  Qn=1.177e-05
Step190  Qn=4.389e-05
Step191  Qn=1.503e-05
Step192  Qn=1.980e-05
Step193  Qn=1.411e-05
Step194  Qn=1.718e-05
Step195  Qn=1.395e-05
Step196  Qn=1.280e-05
Step197  Qn=1.196e-05
Step198  Qn=1.054e-05
[1] "Quality: 2221 1.054269e-05"
  Q=1.054e-05  dQ=0.000001  [1] 9.201682e-05 3.524428e-07 1.904391e-04 3.522708e-01 4.396334e-01
Step199  Qn=1.350e-05
Step200  Qn=3.210e-05
Step201  Qn=1.673e-05
Step202  Qn=1.034e-05
[1] "Quality: 2221 1.033705e-05"
  Q=1.034e-05  dQ=0.000000  [1] 1.111224e-04 3.555249e-07 2.481819e-04 2.074489e-01 5.034789e-01
Step203  Qn=2.547e-05
Step204  Qn=4.347e-05
Step205  Qn=1.335e-05
Step206  Qn=1.207e-05
Step207  Qn=2.392e-05
Step208  Qn=1.486e-05
Step209  Qn=1.217e-05
Step210  Qn=1.199e-05
Step211  Qn=2.445e-05
Step212  Qn=1.200e-05
Step213  Qn=1.385e-05
Step214  Qn=2.002e-05
Step215  Qn=1.134e-05
Step216  Qn=1.658e-05
Step217  Qn=5.245e-05
Step218  Qn=2.058e-05
Step219  Qn=1.415e-05
Step220  Qn=3.104e-05
Step221  Qn=1.449e-05
Step222  Qn=2.407e-05
Step223  Qn=1.738e-05
Step224  Qn=2.004e-05
Step225  Qn=1.003e-05
[1] "Quality: 2221 1.002976e-05"
  Q=1.003e-05  dQ=0.000000  [1] 1.525640e-04 4.861769e-07 1.691388e-04 1.816669e-01 5.293585e-01
Step226  Qn=1.343e-05
Step227  Qn=2.160e-05
Step228  Qn=1.655e-05
Step229  Qn=2.505e-05
Step230  Qn=9.807e-06
[1] "Quality: 2221 9.806823e-06"
  Q=9.807e-06  dQ=0.000000  [1] 1.589613e-04 2.801400e-07 1.535466e-04 1.239675e-01 5.642163e-01
Step231  Qn=1.195e-05
Step232  Qn=2.105e-05
Step233  Qn=1.218e-05
Step234  Qn=2.377e-05
Step235  Qn=1.159e-05
Step236  Qn=1.711e-05
Step237  Qn=2.678e-05
Step238  Qn=1.193e-05
Step239  Qn=3.226e-05
Step240  Qn=1.751e-05
Step241  Qn=1.426e-05
Step242  Qn=3.367e-05
Step243  Qn=2.237e-05
Step244  Qn=3.393e-05
Step245  Qn=9.451e-06
[1] "Quality: 2221 9.450922e-06"
  Q=9.451e-06  dQ=0.000000  [1] 2.183454e-04 1.514454e-07 1.199453e-04 8.545862e-02 6.590554e-01
Step246  Qn=2.194e-05
Step247  Qn=4.119e-05
Step248  Qn=2.114e-05
Step249  Qn=2.617e-05
Step250  Qn=1.881e-05
Step251  Qn=4.533e-05
Step252  Qn=2.362e-05
Step253  Qn=1.309e-05
Step254  Qn=2.000e-05
Step255  Qn=1.300e-05
Step256  Qn=1.671e-05
Step257  Qn=1.648e-05
Step258  Qn=3.231e-05
Step259  Qn=2.595e-05
Step260  Qn=1.130e-05
Step261  Qn=1.313e-05
Step262  Qn=1.108e-05
Step263  Qn=4.058e-05
Step264  Qn=2.226e-05
Step265  Qn=3.158e-05
Step266  Qn=3.256e-05
Step267  Qn=1.948e-05
Step268  Qn=2.634e-05
Step269  Qn=1.219e-05
Step270  Qn=1.235e-05
Step271  Qn=2.018e-05
Step272  Qn=2.692e-05
Step273  Qn=2.432e-05
Step274  Qn=1.345e-05
Step275  Qn=2.208e-05
Step276  Qn=1.100e-05
Step277  Qn=3.882e-05
Step278  Qn=1.150e-05
Step279  Qn=1.007e-05
Step280  Qn=1.365e-05
Step281  Qn=1.392e-05
Step282  Qn=1.625e-05
Step283  Qn=9.909e-06
Step284  Qn=1.853e-05
Step285  Qn=2.347e-05
Step286  Qn=2.906e-05
Step287  Qn=1.947e-05
Step288  Qn=2.003e-05
Step289  Qn=2.301e-05
Step290  Qn=2.080e-05
Step291  Qn=7.091e-05
Step292  Qn=2.712e-05
Step293  Qn=9.901e-06
Step294  Qn=1.847e-05
Step295  Qn=1.093e-05
Step296  Qn=2.439e-05
Step297  Qn=4.646e-05
Step298  Qn=1.875e-05
Step299  Qn=3.005e-05
Step300  Qn=9.690e-06
Step301  Qn=1.381e-05
Step302  Qn=4.194e-05
Step303  Qn=3.107e-05
Step304  Qn=2.046e-05
Step305  Qn=1.466e-05
Step306  Qn=2.994e-05
Step307  Qn=2.619e-05
Step308  Qn=1.981e-05
Step309  Qn=1.559e-05
Step310  Qn=1.144e-05
Step311  Qn=1.326e-05
Step312  Qn=1.816e-05
Step313  Qn=1.766e-05
Step314  Qn=4.250e-05
Step315  Qn=3.866e-05
Step316  Qn=3.548e-05
Step317  Qn=1.725e-05
Step318  Qn=1.383e-05
Step319  Qn=3.539e-05
Step320  Qn=1.088e-05
Step321  Qn=9.652e-06
Step322  Qn=3.913e-05
Step323  Qn=1.416e-05
Step324  Qn=1.117e-05
Step325  Qn=4.100e-05
Step326  Qn=4.066e-05
Step327  Qn=1.444e-05
Step328  Qn=2.035e-05
Step329  Qn=2.710e-05
Step330  Qn=1.518e-05
Step331  Qn=2.030e-05
Step332  Qn=1.522e-05
Step333  Qn=2.874e-05
Step334  Qn=2.206e-05
Step335  Qn=1.316e-05
Step336  Qn=2.293e-05
Step337  Qn=1.982e-05
Step338  Qn=1.686e-05
Step339  Qn=2.821e-05
Step340  Qn=2.017e-05
Step341  Qn=4.635e-05
Step342  Qn=1.194e-05
Step343  Qn=2.239e-05
Step344  Qn=1.740e-05
Step345  Qn=2.884e-05
Step346  Qn=1.762e-05
Step347  Qn=1.568e-05
Step348  Qn=1.532e-05
Step349  Qn=1.889e-05
Step350  Qn=1.589e-05
Step351  Qn=1.337e-05
Step352  Qn=2.055e-05
Step353  Qn=2.805e-05
Step354  Qn=9.655e-06
Step355  Qn=4.440e-05
Step356  Qn=2.106e-05
Step357  Qn=2.334e-05
Step358  Qn=1.216e-05
Step359  Qn=2.339e-05
Step360  Qn=1.128e-05
Step361  Qn=1.071e-05
Step362  Qn=1.251e-05
Step363  Qn=1.656e-05
Step364  Qn=5.128e-05
Step365  Qn=1.188e-05
Step366  Qn=1.539e-05
Step367  Qn=1.253e-05
Step368  Qn=1.592e-05
Step369  Qn=1.572e-05
Step370  Qn=1.359e-05
Step371  Qn=1.424e-05
Step372  Qn=1.150e-05
Step373  Qn=2.757e-05
Step374  Qn=1.353e-05
Step375  Qn=1.169e-05
Step376  Qn=3.908e-05
Step377  Qn=1.890e-05
Step378  Qn=1.453e-05
Step379  Qn=1.159e-05
Step380  Qn=2.492e-05
Step381  Qn=2.034e-05
Step382  Qn=1.435e-05
Step383  Qn=1.131e-05
Step384  Qn=1.581e-05
Step385  Qn=1.607e-05
Step386  Qn=1.695e-05
Step387  Qn=3.258e-05
Step388  Qn=2.550e-05
Step389  Qn=2.366e-05
Step390  Qn=1.285e-05
Step391  Qn=3.427e-05
Step392  Qn=1.200e-05
Step393  Qn=1.237e-05
Step394  Qn=6.037e-05
Step395  Qn=1.294e-05
Step396  Qn=1.307e-05
Step397  Qn=3.001e-05
Step398  Qn=1.910e-05
Step399  Qn=2.447e-05
Step400  Qn=3.529e-05
Step401  Qn=1.457e-05
Step402  Qn=2.219e-05
Step403  Qn=1.694e-05
Step404  Qn=1.085e-05
Step405  Qn=1.896e-05
Step406  Qn=4.339e-05
Step407  Qn=2.671e-05
Step408  Qn=1.341e-05
Step409  Qn=2.037e-05
Step410  Qn=1.629e-05
Step411  Qn=1.144e-05
Step412  Qn=1.867e-05
Step413  Qn=2.610e-05
Step414  Qn=4.636e-05
Step415  Qn=1.357e-05
Step416  Qn=2.324e-05
Step417  Qn=2.097e-05
Step418  Qn=2.596e-05
Step419  Qn=2.322e-05
Step420  Qn=3.339e-05
Step421  Qn=1.768e-05
Step422  Qn=2.369e-05
Step423  Qn=4.632e-05
Step424  Qn=1.528e-05
Step425  Qn=2.250e-05
Step426  Qn=1.216e-05
Step427  Qn=1.382e-05
Step428  Qn=3.163e-05
Step429  Qn=3.877e-05
Step430  Qn=1.433e-05
Step431  Qn=1.327e-05
Step432  Qn=1.842e-05
Step433  Qn=1.089e-05
Step434  Qn=2.437e-05
Step435  Qn=1.616e-05
Step436  Qn=2.156e-05
Step437  Qn=1.323e-05
Step438  Qn=1.847e-05
Step439  Qn=3.060e-05
Step440  Qn=3.135e-05
Step441  Qn=2.169e-05
Step442  Qn=3.525e-05
Step443  Qn=1.325e-05
Step444  Qn=1.644e-05
Step445  Qn=1.392e-05
Step446  Qn=1.103e-05
Step447  Qn=1.000e-05
Step448  Qn=1.353e-05
Step449  Qn=1.380e-05
Step450  Qn=1.856e-05
Step451  Qn=1.269e-05
Step452  Qn=1.434e-05
Step453  Qn=1.877e-05
Step454  Qn=1.370e-05
Step455  Qn=6.540e-05
Step456  Qn=2.043e-05
Step457  Qn=3.985e-05
Step458  Qn=2.081e-05
Step459  Qn=1.043e-05
Step460  Qn=2.224e-05
Step461  Qn=9.717e-06
Step462  Qn=1.047e-05
Step463  Qn=3.668e-05
Step464  Qn=2.545e-05
Step465  Qn=2.061e-05
Step466  Qn=3.879e-05
Step467  Qn=9.760e-06
Step468  Qn=1.343e-05
Step469  Qn=1.921e-05
Step470  Qn=1.431e-05
Step471  Qn=2.022e-05
Step472  Qn=1.566e-05
Step473  Qn=5.544e-05
Step474  Qn=1.090e-05
Step475  Qn=1.235e-05
Step476  Qn=2.112e-05
Step477  Qn=3.792e-05
Step478  Qn=1.941e-05
Step479  Qn=3.031e-05
Step480  Qn=1.087e-05
Step481  Qn=1.724e-05
Step482  Qn=3.596e-05
Step483  Qn=2.581e-05
Step484  Qn=1.995e-05
Step485  Qn=2.676e-05
Step486  Qn=2.212e-05
Step487  Qn=3.036e-05
Step488  Qn=1.593e-05
Step489  Qn=1.130e-05
Step490  Qn=1.987e-05
Step491  Qn=1.181e-05
Step492  Qn=3.028e-05
Step493  Qn=1.577e-05
Step494  Qn=2.162e-05
Step495  Qn=2.003e-05
Step496  Qn=1.993e-05
Step497  Qn=2.019e-05
Step498  Qn=2.358e-05
Step499  Qn=1.015e-05
Step500  Qn=2.456e-05
Step501  Qn=1.449e-05
Step502  Qn=2.304e-05
Step503  Qn=3.701e-05
Step504  Qn=2.175e-05
Step505  Qn=2.862e-05
Step506  Qn=5.257e-05
Step507  Qn=1.640e-05
Step508  Qn=3.751e-05
Step509  Qn=1.853e-05
Step510  Qn=3.755e-05
Step511  Qn=1.682e-05
Step512  Qn=1.722e-05
Step513  Qn=1.041e-05
Step514  Qn=1.661e-05
Step515  Qn=1.659e-05
Step516  Qn=1.596e-05
Step517  Qn=9.917e-06
Step518  Qn=1.484e-05
Step519  Qn=1.410e-05
Step520  Qn=3.989e-05
Step521  Qn=2.593e-05
Step522  Qn=5.721e-05
Step523  Qn=3.498e-05
Step524  Qn=2.633e-05
Step525  Qn=2.747e-05
Step526  Qn=1.989e-05
Step527  Qn=1.786e-05
Step528  Qn=3.624e-05
Step529  Qn=1.669e-05
Step530  Qn=1.938e-05
Step531  Qn=3.565e-05
Step532  Qn=4.924e-05
Step533  Qn=1.848e-05
Step534  Qn=1.082e-05
Step535  Qn=1.025e-05
Step536  Qn=1.403e-05
Step537  Qn=5.166e-05
Step538  Qn=3.782e-05
Step539  Qn=1.529e-05
Step540  Qn=6.657e-05
Step541  Qn=1.990e-05
Step542  Qn=1.636e-05
Step543  Qn=1.133e-05
Step544  Qn=2.300e-05
Step545  Qn=3.490e-05
Step546  Qn=1.697e-05
Step547  Qn=2.632e-05
Step548  Qn=2.864e-05
Step549  Qn=2.321e-05
Step550  Qn=1.672e-05
Step551  Qn=2.549e-05
Step552  Qn=1.121e-05
Step553  Qn=2.016e-05
Step554  Qn=3.407e-05
Step555  Qn=3.082e-05
Step556  Qn=2.763e-05
Step557  Qn=1.580e-05
Step558  Qn=1.338e-05
Step559  Qn=3.697e-05
Step560  Qn=1.599e-05
Step561  Qn=1.653e-05
Step562  Qn=1.445e-05
Step563  Qn=3.831e-05
Step564  Qn=1.537e-05
Step565  Qn=1.453e-05
Step566  Qn=2.298e-05
Step567  Qn=1.527e-05
Step568  Qn=1.189e-05
Step569  Qn=2.385e-05
Step570  Qn=1.815e-05
Step571  Qn=1.939e-05
Step572  Qn=1.314e-05
Step573  Qn=1.660e-05
Step574  Qn=2.181e-05
Step575  Qn=3.044e-05
Step576  Qn=1.662e-05
Step577  Qn=1.372e-05
Step578  Qn=1.361e-05
Step579  Qn=1.417e-05
Step580  Qn=2.285e-05
Step581  Qn=1.645e-05
Step582  Qn=1.062e-05
Step583  Qn=2.300e-05
Step584  Qn=1.126e-05
Step585  Qn=2.354e-05
Step586  Qn=1.513e-05
Step587  Qn=9.869e-06
Step588  Qn=9.908e-06
Step589  Qn=1.906e-05
Step590  Qn=2.344e-05
Step591  Qn=1.167e-05
Step592  Qn=7.434e-05
Step593  Qn=3.262e-05
Step594  Qn=2.492e-05
Step595  Qn=2.225e-05
Step596  Qn=3.124e-05
Step597  Qn=2.311e-05
Step598  Qn=1.690e-05
Step599  Qn=9.730e-06
Step600  Qn=3.855e-05
Step601  Qn=2.185e-05
Step602  Qn=1.173e-05
Step603  Qn=2.779e-05
Step604  Qn=3.883e-05
Step605  Qn=1.921e-05
Step606  Qn=1.234e-05
Step607  Qn=1.431e-05
Step608  Qn=2.371e-05
Step609  Qn=3.922e-05
Step610  Qn=1.017e-05
Step611  Qn=1.853e-05
Step612  Qn=2.185e-05
Step613  Qn=2.969e-05
Step614  Qn=1.276e-05
Step615  Qn=1.760e-05
Step616  Qn=3.387e-05
Step617  Qn=3.435e-05
Step618  Qn=2.240e-05
Step619  Qn=2.397e-05
Step620  Qn=2.366e-05
Step621  Qn=1.178e-05
Step622  Qn=2.330e-05
Step623  Qn=2.075e-05
Step624  Qn=2.434e-05
Step625  Qn=1.976e-05
Step626  Qn=1.291e-05
Step627  Qn=2.253e-05
Step628  Qn=2.556e-05
Step629  Qn=1.578e-05
Step630  Qn=1.206e-05
Step631  Qn=1.111e-05
Step632  Qn=2.484e-05
Step633  Qn=2.165e-05
Step634  Qn=1.542e-05
Step635  Qn=2.107e-05
Step636  Qn=1.377e-05
Step637  Qn=1.522e-05
Step638  Qn=1.532e-05
Step639  Qn=1.860e-05
Step640  Qn=2.174e-05
Step641  Qn=1.428e-05
Step642  Qn=4.467e-05
Step643  Qn=1.395e-05
Step644  Qn=2.089e-05
Step645  Qn=3.932e-05
Step646  Qn=1.468e-05
Step647  Qn=4.639e-05
Step648  Qn=1.266e-05
Step649  Qn=1.420e-05
Step650  Qn=1.124e-05
Step651  Qn=1.664e-05
Step652  Qn=1.005e-05
Step653  Qn=3.528e-05
Step654  Qn=2.964e-05
Step655  Qn=2.181e-05
Step656  Qn=1.332e-05
Step657  Qn=9.550e-06
Step658  Qn=1.637e-05
Step659  Qn=2.154e-05
Step660  Qn=2.739e-05
Step661  Qn=2.517e-05
Step662  Qn=1.254e-05
Step663  Qn=6.376e-05
Step664  Qn=1.857e-05
Step665  Qn=1.101e-05
Step666  Qn=1.427e-05
Step667  Qn=1.078e-05
Step668  Qn=2.346e-05
Step669  Qn=1.111e-05
Step670  Qn=1.811e-05
Step671  Qn=4.205e-05
Step672  Qn=1.327e-05
Step673  Qn=2.246e-05
Step674  Qn=3.016e-05
Step675  Qn=1.675e-05
Step676  Qn=1.303e-05
Step677  Qn=2.071e-05
Step678  Qn=2.513e-05
Step679  Qn=1.524e-05
Step680  Qn=1.259e-05
Step681  Qn=1.181e-05
Step682  Qn=1.898e-05
Step683  Qn=1.663e-05
Step684  Qn=1.009e-05
Step685  Qn=9.935e-06
Step686  Qn=1.356e-05
Step687  Qn=1.589e-05
Step688  Qn=3.495e-05
Step689  Qn=1.198e-05
Step690  Qn=4.066e-05
Step691  Qn=2.549e-05
Step692  Qn=4.987e-05
Step693  Qn=3.322e-05
Step694  Qn=9.638e-06
Step695  Qn=1.228e-05
Step696  Qn=1.449e-05
Step697  Qn=4.556e-05
Step698  Qn=1.918e-05
Step699  Qn=1.736e-05
Step700  Qn=1.196e-05
Step701  Qn=2.444e-05
Step702  Qn=2.636e-05
Step703  Qn=2.914e-05
Step704  Qn=2.340e-05
Step705  Qn=1.951e-05
Step706  Qn=1.304e-05
Step707  Qn=1.921e-05
Step708  Qn=2.144e-05
Step709  Qn=2.619e-05
Step710  Qn=1.659e-05
Step711  Qn=2.834e-05
Step712  Qn=3.167e-05
Step713  Qn=1.671e-05
Step714  Qn=1.492e-05
Step715  Qn=1.554e-05
Step716  Qn=5.369e-05
Step717  Qn=2.245e-05
Step718  Qn=1.236e-05
Step719  Qn=2.408e-05
Step720  Qn=1.298e-05
Step721  Qn=1.785e-05
Step722  Qn=1.830e-05
Step723  Qn=1.522e-05
Step724  Qn=4.119e-05
Step725  Qn=1.522e-05
Step726  Qn=9.703e-06
Step727  Qn=1.701e-05
Step728  Qn=2.535e-05
Step729  Qn=1.147e-05
Step730  Qn=1.062e-05
Step731  Qn=1.126e-05
Step732  Qn=1.974e-05
Step733  Qn=2.042e-05
Step734  Qn=2.021e-05
Step735  Qn=2.989e-05
Step736  Qn=1.339e-05
Step737  Qn=1.657e-05
Step738  Qn=1.362e-05
Step739  Qn=2.203e-05
Step740  Qn=1.814e-05
Step741  Qn=1.639e-05
Step742  Qn=1.353e-05
Step743  Qn=1.619e-05
Step744  Qn=3.190e-05
Step745  Qn=1.325e-05
Step746  Qn=2.977e-05
Step747  Qn=1.510e-05
Step748  Qn=1.588e-05
Step749  Qn=1.533e-05
Step750  Qn=2.194e-05
Step751  Qn=1.909e-05
Step752  Qn=1.844e-05
Step753  Qn=4.762e-05
Step754  Qn=3.310e-05
Step755  Qn=1.242e-05
Step756  Qn=3.035e-05
Step757  Qn=1.064e-05
Step758  Qn=1.408e-05
Step759  Qn=1.194e-05
Step760  Qn=1.158e-05
Step761  Qn=1.412e-05
Step762  Qn=1.228e-05
Step763  Qn=2.278e-05
Step764  Qn=2.274e-05
Step765  Qn=2.140e-05
Step766  Qn=3.525e-05
Step767  Qn=3.367e-05
Step768  Qn=2.032e-05
Step769  Qn=1.313e-05
Step770  Qn=2.156e-05
Step771  Qn=3.056e-05
Step772  Qn=1.057e-05
Step773  Qn=1.441e-05
Step774  Qn=1.594e-05
Step775  Qn=1.232e-05
Step776  Qn=1.592e-05
Step777  Qn=1.856e-05
Step778  Qn=3.908e-05
Step779  Qn=2.286e-05
Step780  Qn=1.648e-05
Step781  Qn=1.361e-05
Step782  Qn=3.100e-05
Step783  Qn=1.466e-05
Step784  Qn=3.189e-05
Step785  Qn=3.728e-05
Step786  Qn=1.362e-05
Step787  Qn=2.926e-05
Step788  Qn=2.582e-05
Step789  Qn=2.119e-05
Step790  Qn=1.874e-05
Step791  Qn=1.556e-05
Step792  Qn=2.654e-05
Step793  Qn=1.910e-05
Step794  Qn=2.220e-05
Step795  Qn=2.710e-05
Step796  Qn=1.074e-05
Step797  Qn=1.442e-05
Step798  Qn=1.281e-05
Step799  Qn=3.755e-05
Step800  Qn=1.852e-05
Step801  Qn=1.449e-05
Step802  Qn=1.180e-05
Step803  Qn=2.395e-05
Step804  Qn=1.977e-05
Step805  Qn=2.602e-05
Step806  Qn=2.218e-05
Step807  Qn=3.606e-05
Step808  Qn=2.386e-05
Step809  Qn=1.963e-05
Step810  Qn=1.392e-05
Step811  Qn=3.082e-05
Step812  Qn=2.169e-05
Step813  Qn=3.949e-05
Step814  Qn=1.234e-05
Step815  Qn=1.268e-05
Step816  Qn=2.606e-05
Step817  Qn=2.354e-05
Step818  Qn=1.155e-05
Step819  Qn=2.846e-05
Step820  Qn=1.339e-05
Step821  Qn=2.193e-05
Step822  Qn=9.908e-06
Step823  Qn=1.013e-05
Step824  Qn=2.122e-05
Step825  Qn=3.503e-05
Step826  Qn=1.827e-05
Step827  Qn=1.310e-05
Step828  Qn=1.740e-05
Step829  Qn=2.396e-05
Step830  Qn=1.211e-05
Step831  Qn=3.917e-05
Step832  Qn=1.343e-05
Step833  Qn=1.742e-05
Step834  Qn=1.479e-05
Step835  Qn=1.478e-05
Step836  Qn=3.134e-05
Step837  Qn=1.863e-05
Step838  Qn=2.991e-05
Step839  Qn=2.687e-05
Step840  Qn=1.372e-05
Step841  Qn=4.594e-05
Step842  Qn=3.604e-05
Step843  Qn=1.775e-05
Step844  Qn=1.850e-05
Step845  Qn=1.799e-05
Step846  Qn=2.056e-05
Step847  Qn=3.079e-05
Step848  Qn=1.564e-05
Step849  Qn=1.529e-05
Step850  Qn=1.506e-05
Step851  Qn=1.871e-05
Step852  Qn=2.165e-05
Step853  Qn=4.180e-05
Step854  Qn=1.521e-05
Step855  Qn=1.518e-05
Step856  Qn=1.922e-05
Step857  Qn=3.428e-05
Step858  Qn=3.598e-05
Step859  Qn=1.126e-05
Step860  Qn=2.165e-05
Step861  Qn=1.932e-05
Step862  Qn=4.040e-05
Step863  Qn=3.564e-05
Step864  Qn=2.206e-05
Step865  Qn=1.910e-05
Step866  Qn=1.685e-05
Step867  Qn=1.240e-05
Step868  Qn=3.121e-05
Step869  Qn=1.223e-05
Step870  Qn=3.271e-05
Step871  Qn=1.644e-05
Step872  Qn=2.527e-05
Step873  Qn=3.177e-05
Step874  Qn=1.468e-05
Step875  Qn=3.132e-05
Step876  Qn=2.735e-05
Step877  Qn=2.364e-05
Step878  Qn=1.952e-05
Step879  Qn=1.819e-05
Step880  Qn=3.296e-05
Step881  Qn=1.909e-05
Step882  Qn=2.025e-05
Step883  Qn=3.952e-05
Step884  Qn=3.708e-05
Step885  Qn=1.703e-05
Step886  Qn=1.262e-05
Step887  Qn=2.521e-05
Step888  Qn=1.001e-05
Step889  Qn=3.979e-05
Step890  Qn=3.788e-05
Step891  Qn=3.083e-05
Step892  Qn=2.457e-05
Step893  Qn=2.370e-05
Step894  Qn=2.395e-05
Step895  Qn=3.744e-05
Step896  Qn=5.253e-05
Step897  Qn=2.886e-05
Step898  Qn=1.704e-05
Step899  Qn=2.019e-05
Step900  Qn=2.800e-05
Step901  Qn=2.529e-05
Step902  Qn=3.163e-05
Step903  Qn=1.142e-05
Step904  Qn=2.590e-05
Step905  Qn=1.518e-05
Step906  Qn=1.414e-05
Step907  Qn=1.624e-05
Step908  Qn=1.681e-05
Step909  Qn=1.759e-05
Step910  Qn=1.715e-05
Step911  Qn=1.720e-05
Step912  Qn=1.026e-05
Step913  Qn=2.119e-05
Step914  Qn=1.636e-05
Step915  Qn=2.191e-05
Step916  Qn=2.193e-05
Step917  Qn=1.787e-05
Step918  Qn=2.819e-05
Step919  Qn=1.537e-05
Step920  Qn=1.905e-05
Step921  Qn=6.438e-05
Step922  Qn=2.334e-05
Step923  Qn=4.450e-05
Step924  Qn=2.494e-05
Step925  Qn=4.734e-05
Step926  Qn=1.235e-05
Step927  Qn=3.246e-05
Step928  Qn=2.397e-05
Step929  Qn=1.390e-05
Step930  Qn=9.766e-06
Step931  Qn=1.420e-05
Step932  Qn=1.536e-05
Step933  Qn=1.299e-05
Step934  Qn=4.784e-05
Step935  Qn=1.546e-05
Step936  Qn=2.679e-05
Step937  Qn=2.726e-05
Step938  Qn=2.405e-05
Step939  Qn=5.245e-05
Step940  Qn=2.481e-05
Step941  Qn=9.400e-06
[1] "Quality: 2221 9.399724e-06"
  Q=9.400e-06  dQ=0.000000  [1] 1.605202e-04 1.846754e-07 1.417571e-04 1.140674e-01 6.312814e-01
Step942  Qn=3.132e-05
Step943  Qn=2.131e-05
Step944  Qn=4.696e-05
Step945  Qn=3.375e-05
Step946  Qn=1.471e-05
Step947  Qn=1.244e-05
Step948  Qn=2.796e-05
Step949  Qn=1.294e-05
Step950  Qn=1.125e-05
Step951  Qn=1.438e-05
Step952  Qn=1.804e-05
Step953  Qn=1.351e-05
Step954  Qn=1.566e-05
Step955  Qn=2.675e-05
Step956  Qn=2.215e-05
Step957  Qn=1.924e-05
Step958  Qn=2.442e-05
Step959  Qn=1.329e-05
Step960  Qn=3.327e-05
Step961  Qn=2.156e-05
Step962  Qn=1.823e-05
Step963  Qn=1.141e-05
Step964  Qn=1.340e-05
Step965  Qn=1.356e-05
Step966  Qn=4.766e-05
Step967  Qn=1.619e-05
Step968  Qn=2.401e-05
Step969  Qn=2.939e-05
Step970  Qn=9.293e-06
[1] "Quality: 2221 9.292664e-06"
  Q=9.293e-06  dQ=0.000000  [1] 1.749271e-04 1.686182e-07 1.290515e-04 1.521536e-01 5.672888e-01
Step971  Qn=3.127e-05
Step972  Qn=2.480e-05
Step973  Qn=1.332e-05
Step974  Qn=1.003e-05
Step975  Qn=2.312e-05
Step976  Qn=1.115e-05
Step977  Qn=1.609e-05
Step978  Qn=1.731e-05
Step979  Qn=2.374e-05
Step980  Qn=9.819e-06
Step981  Qn=2.964e-05
Step982  Qn=2.313e-05
Step983  Qn=1.528e-05
Step984  Qn=1.709e-05
Step985  Qn=2.803e-05
Step986  Qn=1.054e-05
Step987  Qn=9.675e-06
Step988  Qn=1.109e-05
Step989  Qn=3.668e-05
Step990  Qn=1.209e-05
Step991  Qn=2.165e-05
Step992  Qn=1.584e-05
Step993  Qn=2.066e-05
Step994  Qn=2.077e-05
Step995  Qn=1.073e-05
Step996  Qn=3.176e-05
Step997  Qn=1.135e-05
Step998  Qn=3.910e-05
Step999  Qn=1.317e-05
Step1000  Qn=1.858e-05
Step1001  Qn=1.589e-05
Step1002  Qn=2.038e-05
Step1003  Qn=1.981e-05
Step1004  Qn=2.344e-05
Step1005  Qn=3.146e-05
Step1006  Qn=1.979e-05
Step1007  Qn=2.176e-05
Step1008  Qn=2.851e-05
Step1009  Qn=1.001e-05
Step1010  Qn=1.542e-05
Step1011  Qn=2.158e-05
Step1012  Qn=1.325e-05
Step1013  Qn=3.795e-05
Step1014  Qn=3.526e-05
Step1015  Qn=1.355e-05
Step1016  Qn=1.011e-05
Step1017  Qn=2.008e-05
Step1018  Qn=1.185e-05
Step1019  Qn=1.924e-05
Step1020  Qn=1.355e-05
Step1021  Qn=1.630e-05
Step1022  Qn=1.062e-05
Step1023  Qn=1.487e-05
Step1024  Qn=2.705e-05
Step1025  Qn=1.074e-05
Step1026  Qn=1.135e-05
Step1027  Qn=2.876e-05
Step1028  Qn=3.546e-05
Step1029  Qn=1.110e-05
Step1030  Qn=2.166e-05
Step1031  Qn=2.362e-05
Step1032  Qn=1.042e-05
Step1033  Qn=8.699e-05
Step1034  Qn=1.146e-05
Step1035  Qn=2.679e-05
Step1036  Qn=1.235e-05
Step1037  Qn=1.902e-05
Step1038  Qn=2.217e-05
Step1039  Qn=1.929e-05
Step1040  Qn=2.202e-05
Step1041  Qn=2.743e-05
Step1042  Qn=1.804e-05
Step1043  Qn=1.981e-05
Step1044  Qn=1.868e-05
Step1045  Qn=2.093e-05
Step1046  Qn=9.150e-06
[1] "Quality: 2221 9.150171e-06"
  Q=9.150e-06  dQ=0.000000  [1] 1.458908e-04 2.168841e-07 1.365721e-04 1.836230e-01 5.568116e-01
Step1047  Qn=3.501e-05
Step1048  Qn=1.470e-05
Step1049  Qn=1.541e-05
Step1050  Qn=1.181e-05
Step1051  Qn=1.598e-05
Step1052  Qn=1.922e-05
Step1053  Qn=1.991e-05
Step1054  Qn=1.209e-05
Step1055  Qn=2.006e-05
Step1056  Qn=4.730e-05
Step1057  Qn=2.458e-05
Step1058  Qn=2.383e-05
Step1059  Qn=1.070e-05
Step1060  Qn=2.642e-05
Step1061  Qn=4.115e-05
Step1062  Qn=2.075e-05
Step1063  Qn=2.577e-05
Step1064  Qn=1.746e-05
Step1065  Qn=2.169e-05
Step1066  Qn=7.448e-05
Step1067  Qn=1.768e-05
Step1068  Qn=1.422e-05
Step1069  Qn=1.754e-05
Step1070  Qn=2.733e-05
Step1071  Qn=2.229e-05
Step1072  Qn=1.042e-05
Step1073  Qn=3.613e-05
Step1074  Qn=1.369e-05
Step1075  Qn=1.341e-05
Step1076  Qn=1.501e-05
Step1077  Qn=1.557e-05
Step1078  Qn=1.138e-05
Step1079  Qn=1.842e-05
Step1080  Qn=3.252e-05
Step1081  Qn=1.941e-05
Step1082  Qn=1.634e-05
Step1083  Qn=2.822e-05
Step1084  Qn=2.043e-05
Step1085  Qn=2.626e-05
Step1086  Qn=1.650e-05
Step1087  Qn=1.710e-05
Step1088  Qn=1.319e-05
Step1089  Qn=1.531e-05
Step1090  Qn=3.703e-05
Step1091  Qn=1.983e-05
Step1092  Qn=2.382e-05
Step1093  Qn=1.382e-05
Step1094  Qn=4.038e-05
Step1095  Qn=1.664e-05
Step1096  Qn=1.193e-05
Step1097  Qn=2.365e-05
Step1098  Qn=1.076e-05
Step1099  Qn=1.421e-05
Step1100  Qn=1.679e-05
Step1101  Qn=1.731e-05
Step1102  Qn=4.066e-05
Step1103  Qn=1.137e-05
Step1104  Qn=9.950e-06
Step1105  Qn=2.226e-05
Step1106  Qn=4.508e-05
Step1107  Qn=2.809e-05
Step1108  Qn=3.221e-05
Step1109  Qn=1.341e-05
Step1110  Qn=1.273e-05
Step1111  Qn=1.282e-05
Step1112  Qn=1.140e-05
Step1113  Qn=1.650e-05
Step1114  Qn=1.563e-05
Step1115  Qn=1.240e-05
Step1116  Qn=1.563e-05
Step1117  Qn=1.670e-05
Step1118  Qn=3.770e-05
Step1119  Qn=1.935e-05
Step1120  Qn=2.276e-05
Step1121  Qn=3.454e-05
Step1122  Qn=1.539e-05
Step1123  Qn=2.117e-05
Step1124  Qn=1.884e-05
Step1125  Qn=2.965e-05
Step1126  Qn=1.522e-05
Step1127  Qn=7.934e-05
Step1128  Qn=1.202e-05
Step1129  Qn=2.399e-05
Step1130  Qn=1.110e-05
Step1131  Qn=2.010e-05
Step1132  Qn=1.806e-05
Step1133  Qn=1.476e-05
Step1134  Qn=3.290e-05
Step1135  Qn=2.111e-05
Step1136  Qn=2.214e-05
Step1137  Qn=1.327e-05
Step1138  Qn=1.376e-05
Step1139  Qn=1.716e-05
Step1140  Qn=1.589e-05
Step1141  Qn=1.131e-05
Step1142  Qn=1.747e-05
Step1143  Qn=1.048e-05
Step1144  Qn=1.789e-05
Step1145  Qn=5.417e-05
Step1146  Qn=3.225e-05
Step1147  Qn=1.547e-05
Step1148  Qn=1.817e-05
Step1149  Qn=1.487e-05
Step1150  Qn=9.354e-06
Step1151  Qn=1.156e-05
Step1152  Qn=1.047e-05
Step1153  Qn=9.384e-06
Step1154  Qn=1.466e-05
Step1155  Qn=1.787e-05
Step1156  Qn=1.646e-05
Step1157  Qn=1.742e-05
Step1158  Qn=2.450e-05
Step1159  Qn=1.495e-05
Step1160  Qn=1.718e-05
Step1161  Qn=1.556e-05
Step1162  Qn=1.243e-05
Step1163  Qn=1.368e-05
Step1164  Qn=9.704e-06
Step1165  Qn=1.858e-05
Step1166  Qn=1.057e-05
Step1167  Qn=2.259e-05
Step1168  Qn=1.173e-05
Step1169  Qn=1.080e-05
Step1170  Qn=3.071e-05
Step1171  Qn=2.177e-05
Step1172  Qn=1.006e-05
Step1173  Qn=1.650e-05
Step1174  Qn=1.736e-05
Step1175  Qn=1.365e-05
Step1176  Qn=1.207e-05
Step1177  Qn=9.483e-06
Step1178  Qn=2.174e-05
Step1179  Qn=4.857e-05
Step1180  Qn=1.181e-05
Step1181  Qn=1.648e-05
Step1182  Qn=1.552e-05
Step1183  Qn=1.972e-05
Step1184  Qn=3.022e-05
Step1185  Qn=3.016e-05
Step1186  Qn=1.364e-05
Step1187  Qn=1.728e-05
Step1188  Qn=1.868e-05
Step1189  Qn=2.678e-05
Step1190  Qn=1.014e-05
Step1191  Qn=1.021e-05
Step1192  Qn=3.435e-05
Step1193  Qn=1.913e-05
Step1194  Qn=1.661e-05
Step1195  Qn=1.910e-05
Step1196  Qn=2.379e-05
Step1197  Qn=1.388e-05
Step1198  Qn=2.614e-05
Step1199  Qn=1.415e-05
Step1200  Qn=2.120e-05
Step1201  Qn=3.473e-05
Step1202  Qn=1.350e-05
Step1203  Qn=4.031e-05
Step1204  Qn=3.799e-05
Step1205  Qn=3.361e-05
Step1206  Qn=1.090e-05
Step1207  Qn=1.866e-05
Step1208  Qn=1.077e-05
Step1209  Qn=1.423e-05
Step1210  Qn=2.168e-05
Step1211  Qn=1.650e-05
Step1212  Qn=1.291e-05
Step1213  Qn=1.053e-05
Step1214  Qn=1.563e-05
Step1215  Qn=1.064e-05
Step1216  Qn=1.794e-05
Step1217  Qn=1.408e-05
Step1218  Qn=2.338e-05
Step1219  Qn=4.485e-05
Step1220  Qn=4.262e-05
Step1221  Qn=2.848e-05
Step1222  Qn=1.515e-05
Step1223  Qn=1.540e-05
Step1224  Qn=2.558e-05
Step1225  Qn=1.600e-05
Step1226  Qn=2.019e-05
Step1227  Qn=2.962e-05
Step1228  Qn=1.396e-05
Step1229  Qn=1.611e-05
Step1230  Qn=2.024e-05
Step1231  Qn=9.583e-06
Step1232  Qn=1.725e-05
Step1233  Qn=1.595e-05
Step1234  Qn=1.761e-05
Step1235  Qn=1.996e-05
Step1236  Qn=9.502e-06
Step1237  Qn=1.007e-05
Step1238  Qn=1.347e-05
Step1239  Qn=4.994e-05
Step1240  Qn=1.245e-05
Step1241  Qn=1.532e-05
Step1242  Qn=1.992e-05
Step1243  Qn=1.873e-05
Step1244  Qn=4.832e-05
Step1245  Qn=1.053e-05
Step1246  Qn=1.408e-05
Step1247  Qn=4.027e-05
Step1248  Qn=2.205e-05
Step1249  Qn=1.666e-05
Step1250  Qn=1.112e-05
Step1251  Qn=3.367e-05
Step1252  Qn=1.800e-05
Step1253  Qn=4.713e-05
Step1254  Qn=1.466e-05
Step1255  Qn=1.221e-05
Step1256  Qn=3.765e-05
Step1257  Qn=1.605e-05
Step1258  Qn=4.052e-05
Step1259  Qn=1.347e-05
Step1260  Qn=1.736e-05
Step1261  Qn=1.479e-05
Step1262  Qn=2.545e-05
Step1263  Qn=2.348e-05
Step1264  Qn=2.913e-05
Step1265  Qn=2.492e-05
Step1266  Qn=2.508e-05
Step1267  Qn=1.053e-05
Step1268  Qn=9.803e-06
Step1269  Qn=1.094e-05
Step1270  Qn=2.137e-05
Step1271  Qn=3.081e-05
Step1272  Qn=2.235e-05
Step1273  Qn=2.297e-05
Step1274  Qn=1.288e-05
Step1275  Qn=2.545e-05
Step1276  Qn=2.189e-05
Step1277  Qn=1.071e-05
Step1278  Qn=1.795e-05
Step1279  Qn=2.234e-05
Step1280  Qn=2.446e-05
Step1281  Qn=2.269e-05
Step1282  Qn=1.043e-05
Step1283  Qn=9.617e-06
Step1284  Qn=2.417e-05
Step1285  Qn=5.308e-05
Step1286  Qn=1.645e-05
Step1287  Qn=2.071e-05
Step1288  Qn=3.130e-05
Step1289  Qn=1.882e-05
Step1290  Qn=2.108e-05
Step1291  Qn=1.506e-05
Step1292  Qn=1.166e-05
Step1293  Qn=1.730e-05
Step1294  Qn=1.026e-05
Step1295  Qn=2.872e-05
Step1296  Qn=2.095e-05
Step1297  Qn=2.406e-05
Step1298  Qn=9.832e-06
Step1299  Qn=1.416e-05
Step1300  Qn=3.639e-05
Step1301  Qn=1.426e-05
Step1302  Qn=9.178e-06
Step1303  Qn=1.123e-05
Step1304  Qn=1.480e-05
Step1305  Qn=1.153e-05
Step1306  Qn=1.880e-05
Step1307  Qn=4.524e-05
Step1308  Qn=1.345e-05
Step1309  Qn=2.625e-05
Step1310  Qn=2.565e-05
Step1311  Qn=1.338e-05
Step1312  Qn=3.048e-05
Step1313  Qn=1.472e-05
Step1314  Qn=1.082e-05
Step1315  Qn=3.219e-05
Step1316  Qn=1.500e-05
Step1317  Qn=4.531e-05
Step1318  Qn=2.091e-05
Step1319  Qn=1.320e-05
Step1320  Qn=2.040e-05
Step1321  Qn=1.744e-05
Step1322  Qn=1.696e-05
Step1323  Qn=1.470e-05
Step1324  Qn=1.201e-05
Step1325  Qn=2.243e-05
Step1326  Qn=1.539e-05
Step1327  Qn=1.594e-05
Step1328  Qn=2.328e-05
Step1329  Qn=1.621e-05
Step1330  Qn=1.856e-05
Step1331  Qn=2.010e-05
Step1332  Qn=1.331e-05
Step1333  Qn=1.531e-05
Step1334  Qn=3.231e-05
Step1335  Qn=3.576e-05
Step1336  Qn=2.154e-05
Step1337  Qn=1.586e-05
Step1338  Qn=1.063e-05
Step1339  Qn=2.151e-05
Step1340  Qn=2.254e-05
Step1341  Qn=1.492e-05
Step1342  Qn=3.153e-05
Step1343  Qn=1.501e-05
Step1344  Qn=1.773e-05
Step1345  Qn=1.767e-05
Step1346  Qn=1.942e-05
Step1347  Qn=1.301e-05
Step1348  Qn=1.505e-05
Step1349  Qn=1.524e-05
Step1350  Qn=1.473e-05
Step1351  Qn=3.465e-05
Step1352  Qn=1.973e-05
Step1353  Qn=3.296e-05
Step1354  Qn=1.584e-05
Step1355  Qn=1.986e-05
Step1356  Qn=1.683e-05
Step1357  Qn=1.040e-05
Step1358  Qn=1.300e-05
Step1359  Qn=3.061e-05
Step1360  Qn=2.391e-05
Step1361  Qn=1.816e-05
Step1362  Qn=2.971e-05
Step1363  Qn=2.872e-05
Step1364  Qn=1.426e-05
Step1365  Qn=2.810e-05
Step1366  Qn=1.243e-05
Step1367  Qn=1.101e-05
Step1368  Qn=1.509e-05
Step1369  Qn=4.157e-05
Step1370  Qn=3.019e-05
Step1371  Qn=3.074e-05
Step1372  Qn=3.561e-05
Step1373  Qn=1.405e-05
Step1374  Qn=1.884e-05
Step1375  Qn=2.181e-05
Step1376  Qn=1.355e-05
Step1377  Qn=2.173e-05
Step1378  Qn=2.697e-05
Step1379  Qn=3.245e-05
Step1380  Qn=1.837e-05
Step1381  Qn=1.905e-05
Step1382  Qn=2.336e-05
Step1383  Qn=1.100e-05
Step1384  Qn=1.983e-05
Step1385  Qn=2.390e-05
Step1386  Qn=1.241e-05
Step1387  Qn=4.594e-05
Step1388  Qn=9.884e-06
Step1389  Qn=1.489e-05
Step1390  Qn=2.391e-05
Step1391  Qn=1.393e-05
Step1392  Qn=1.440e-05
Step1393  Qn=2.323e-05
Step1394  Qn=1.180e-05
Step1395  Qn=1.842e-05
Step1396  Qn=1.716e-05
Step1397  Qn=4.308e-05
Step1398  Qn=1.868e-05
Step1399  Qn=9.504e-06
Step1400  Qn=1.350e-05
Step1401  Qn=1.407e-05
Step1402  Qn=1.305e-05
Step1403  Qn=3.194e-05
Step1404  Qn=9.793e-06
Step1405  Qn=2.881e-05
Step1406  Qn=1.946e-05
Step1407  Qn=4.578e-05
Step1408  Qn=1.076e-05
Step1409  Qn=1.155e-05
Step1410  Qn=2.988e-05
Step1411  Qn=1.229e-05
Step1412  Qn=2.259e-05
Step1413  Qn=1.203e-05
Step1414  Qn=1.431e-05
Step1415  Qn=2.372e-05
Step1416  Qn=1.627e-05
Step1417  Qn=5.597e-05
Step1418  Qn=2.772e-05
Step1419  Qn=1.058e-05
Step1420  Qn=3.301e-05
Step1421  Qn=1.368e-05
Step1422  Qn=1.724e-05
Step1423  Qn=1.617e-05
Step1424  Qn=1.699e-05
Step1425  Qn=2.210e-05
Step1426  Qn=1.013e-05
Step1427  Qn=9.997e-06
Step1428  Qn=3.456e-05
Step1429  Qn=1.372e-05
Step1430  Qn=3.403e-05
Step1431  Qn=1.086e-05
Step1432  Qn=1.700e-05
Step1433  Qn=2.289e-05
Step1434  Qn=9.395e-06
Step1435  Qn=1.629e-05
Step1436  Qn=1.067e-05
Step1437  Qn=2.880e-05
Step1438  Qn=1.555e-05
Step1439  Qn=1.612e-05
Step1440  Qn=1.020e-05
Step1441  Qn=1.041e-05
Step1442  Qn=1.467e-05
Step1443  Qn=1.629e-05
Step1444  Qn=1.938e-05
Step1445  Qn=1.465e-05
Step1446  Qn=7.169e-05
Step1447  Qn=1.287e-05
Step1448  Qn=2.156e-05
Step1449  Qn=2.987e-05
Step1450  Qn=1.088e-05
Step1451  Qn=2.003e-05
Step1452  Qn=2.898e-05
Step1453  Qn=2.164e-05
Step1454  Qn=1.898e-05
Step1455  Qn=1.042e-05
Step1456  Qn=1.885e-05
Step1457  Qn=2.944e-05
Step1458  Qn=1.772e-05
Step1459  Qn=1.013e-05
Step1460  Qn=1.191e-05
Step1461  Qn=1.941e-05
Step1462  Qn=1.158e-05
Step1463  Qn=2.539e-05
Step1464  Qn=1.621e-05
Step1465  Qn=1.586e-05
Step1466  Qn=1.036e-05
Step1467  Qn=4.122e-05
Step1468  Qn=2.295e-05
Step1469  Qn=1.100e-05
Step1470  Qn=1.628e-05
Step1471  Qn=1.323e-05
Step1472  Qn=4.007e-05
Step1473  Qn=2.267e-05
Step1474  Qn=4.978e-05
Step1475  Qn=1.080e-05
Step1476  Qn=4.300e-05
Step1477  Qn=2.306e-05
Step1478  Qn=1.718e-05
Step1479  Qn=2.673e-05
Step1480  Qn=1.337e-05
Step1481  Qn=2.193e-05
Step1482  Qn=1.896e-05
Step1483  Qn=1.203e-05
Step1484  Qn=2.898e-05
Step1485  Qn=1.672e-05
Step1486  Qn=2.546e-05
Step1487  Qn=2.160e-05
Step1488  Qn=5.413e-05
Step1489  Qn=1.905e-05
Step1490  Qn=1.349e-05
Step1491  Qn=3.317e-05
Step1492  Qn=1.424e-05
Step1493  Qn=1.111e-05
Step1494  Qn=1.390e-05
Step1495  Qn=1.937e-05
Step1496  Qn=4.036e-05
Step1497  Qn=1.743e-05
Step1498  Qn=1.376e-05
Step1499  Qn=2.807e-05
Step1500  Qn=1.366e-05
Step1501  Qn=1.340e-05
Step1502  Qn=1.742e-05
Step1503  Qn=3.335e-05
Step1504  Qn=2.269e-05
Step1505  Qn=1.432e-05
Step1506  Qn=1.291e-05
Step1507  Qn=3.596e-05
Step1508  Qn=1.573e-05
Step1509  Qn=1.152e-05
Step1510  Qn=1.274e-05
Step1511  Qn=1.009e-05
Step1512  Qn=2.320e-05
Step1513  Qn=2.898e-05
Step1514  Qn=2.887e-05
Step1515  Qn=1.950e-05
Step1516  Qn=9.534e-06
Step1517  Qn=1.331e-05
Step1518  Qn=2.244e-05
Step1519  Qn=1.021e-05
Step1520  Qn=1.328e-05
Step1521  Qn=4.900e-05
Step1522  Qn=4.168e-05
Step1523  Qn=1.003e-05
Step1524  Qn=4.055e-05
Step1525  Qn=2.175e-05
Step1526  Qn=1.462e-05
Step1527  Qn=1.001e-05
Step1528  Qn=9.397e-06
Step1529  Qn=1.113e-05
Step1530  Qn=2.412e-05
Step1531  Qn=1.243e-05
Step1532  Qn=2.486e-05
Step1533  Qn=1.288e-05
Step1534  Qn=2.525e-05
Step1535  Qn=1.634e-05
Step1536  Qn=1.482e-05
Step1537  Qn=2.544e-05
Step1538  Qn=1.430e-05
Step1539  Qn=9.585e-06
Step1540  Qn=1.062e-05
Step1541  Qn=1.608e-05
Step1542  Qn=1.113e-05
Step1543  Qn=1.054e-05
Step1544  Qn=2.182e-05
Step1545  Qn=1.411e-05
Step1546  Qn=1.775e-05
Step1547  Qn=3.871e-05
Step1548  Qn=1.216e-05
Step1549  Qn=1.954e-05
Step1550  Qn=2.423e-05
Step1551  Qn=1.673e-05
Step1552  Qn=2.004e-05
Step1553  Qn=3.159e-05
Step1554  Qn=2.839e-05
Step1555  Qn=3.719e-05
Step1556  Qn=1.248e-05
Step1557  Qn=1.477e-05
Step1558  Qn=2.216e-05
Step1559  Qn=1.664e-05
Step1560  Qn=9.739e-06
Step1561  Qn=1.266e-05
Step1562  Qn=2.264e-05
Step1563  Qn=1.278e-05
Step1564  Qn=1.253e-05
Step1565  Qn=2.027e-05
Step1566  Qn=9.911e-06
Step1567  Qn=9.778e-06
Step1568  Qn=2.506e-05
Step1569  Qn=1.462e-05
Step1570  Qn=1.811e-05
Step1571  Qn=1.855e-05
Step1572  Qn=1.043e-05
Step1573  Qn=3.758e-05
Step1574  Qn=1.063e-05
Step1575  Qn=2.012e-05
Step1576  Qn=1.960e-05
Step1577  Qn=2.234e-05
Step1578  Qn=3.368e-05
Step1579  Qn=2.321e-05
Step1580  Qn=3.477e-05
Step1581  Qn=2.085e-05
Step1582  Qn=3.135e-05
Step1583  Qn=2.516e-05
Step1584  Qn=9.219e-06
Step1585  Qn=3.372e-05
Step1586  Qn=9.453e-06
Step1587  Qn=2.771e-05
Step1588  Qn=2.270e-05
Step1589  Qn=1.011e-05
Step1590  Qn=1.847e-05
Step1591  Qn=2.389e-05
Step1592  Qn=1.434e-05
Step1593  Qn=1.451e-05
Step1594  Qn=1.304e-05
Step1595  Qn=5.953e-05
Step1596  Qn=1.466e-05
Step1597  Qn=2.789e-05
Step1598  Qn=2.445e-05
Step1599  Qn=1.005e-05
Step1600  Qn=2.355e-05
Step1601  Qn=3.897e-05
Step1602  Qn=1.387e-05
Step1603  Qn=1.326e-05
Step1604  Qn=2.999e-05
Step1605  Qn=1.590e-05
Step1606  Qn=3.497e-05
Step1607  Qn=9.536e-06
Step1608  Qn=3.462e-05
Step1609  Qn=2.092e-05
Step1610  Qn=3.600e-05
Step1611  Qn=2.917e-05
Step1612  Qn=2.559e-05
Step1613  Qn=1.060e-05
Step1614  Qn=1.765e-05
Step1615  Qn=1.434e-05
Step1616  Qn=2.895e-05
Step1617  Qn=2.459e-05
Step1618  Qn=2.458e-05
Step1619  Qn=9.804e-06
Step1620  Qn=1.572e-05
Step1621  Qn=1.466e-05
Step1622  Qn=2.611e-05
Step1623  Qn=1.586e-05
Step1624  Qn=3.455e-05
Step1625  Qn=1.017e-05
