[1] "Exp-Zero"           "1.46e-04"           "2.17e-07"          
[4] "1.37e-04"           "1.84e-01"           "5.57e-01"          
[7] "SUFEX-Model2-GA.R0"
GA Opt
Q0=4.154e-05

GA | iter = 1 | Mean = -4.403173 | Best = -3.865456
GA | iter = 2 | Mean = -3.786313 | Best = -2.377401
GA | iter = 3 | Mean = -3.399793 | Best = -2.377401
GA | iter = 4 | Mean = -3.004952 | Best = -1.110822
GA | iter = 5 | Mean = -2.6757289 | Best = -0.6873565
GA | iter = 6 | Mean = -2.2234228 | Best = -0.4416947
GA | iter = 7 | Mean = -1.9267993 | Best = -0.3996634
GA | iter = 8 | Mean = -1.6435130 | Best = -0.3996634
GA | iter = 9 | Mean = -1.239058467 | Best = -0.001369767
GA | iter = 10 | Mean = -1.3126415 | Best =  0.6414938
GA | iter = 11 | Mean = -1.064456 | Best =  1.346456
GA | iter = 12 | Mean = -0.5683087 | Best =  1.3464558
GA | iter = 13 | Mean = -0.2211319 | Best =  1.3464558
GA | iter = 14 | Mean = -0.2198901 | Best =  2.2034065
GA | iter = 15 | Mean = -0.05740713 | Best =  2.20340655
GA | iter = 16 | Mean = 0.1837836 | Best = 2.2034065
GA | iter = 17 | Mean = 0.2842732 | Best = 2.2034065
GA | iter = 18 | Mean = 0.4915807 | Best = 2.3491699
GA | iter = 19 | Mean = 0.8171965 | Best = 2.5564641
GA | iter = 20 | Mean = 1.267148 | Best = 2.732182
GA | iter = 21 | Mean = 1.387889 | Best = 3.729462
GA | iter = 22 | Mean = 1.929055 | Best = 3.729462
GA | iter = 23 | Mean = 2.069937 | Best = 3.729462
GA | iter = 24 | Mean = 2.343488 | Best = 3.729462
GA | iter = 25 | Mean = 2.281571 | Best = 3.742621
GA | iter = 26 | Mean = 2.546274 | Best = 3.742621
GA | iter = 27 | Mean = 2.571020 | Best = 3.811646
GA | iter = 28 | Mean = 3.092327 | Best = 3.811646
GA | iter = 29 | Mean = 2.985226 | Best = 3.811646
GA | iter = 30 | Mean = 2.808741 | Best = 3.832178
GA | iter = 31 | Mean = 3.466365 | Best = 3.832178
GA | iter = 32 | Mean = 3.299400 | Best = 3.832178
GA | iter = 33 | Mean = 3.484591 | Best = 3.833485
GA | iter = 34 | Mean = 3.499771 | Best = 3.833485
GA | iter = 35 | Mean = 3.326714 | Best = 3.833485
GA | iter = 36 | Mean = 3.311598 | Best = 3.833485
GA | iter = 37 | Mean = 3.190792 | Best = 3.833485
GA | iter = 38 | Mean = 3.071384 | Best = 3.845090
GA | iter = 39 | Mean = 3.308679 | Best = 3.845090
GA | iter = 40 | Mean = 3.811762 | Best = 3.845090
GA | iter = 41 | Mean = 3.654719 | Best = 3.845090
GA | iter = 42 | Mean = 3.822054 | Best = 3.848755
GA | iter = 43 | Mean = 3.667129 | Best = 3.848755
GA | iter = 44 | Mean = 3.683286 | Best = 3.848755
GA | iter = 45 | Mean = 3.208457 | Best = 3.848755
GA | iter = 46 | Mean = 2.935023 | Best = 3.848755
GA | iter = 47 | Mean = 3.661349 | Best = 3.848755
GA | iter = 48 | Mean = 3.676334 | Best = 3.848755
GA | iter = 49 | Mean = 3.663019 | Best = 3.848755
GA | iter = 50 | Mean = 3.535035 | Best = 3.848755
GA | iter = 51 | Mean = 3.296445 | Best = 3.848755
GA | iter = 52 | Mean = 3.540135 | Best = 3.848755
GA | iter = 53 | Mean = 3.676313 | Best = 3.848755
GA | iter = 54 | Mean = 3.528807 | Best = 3.848755
GA | iter = 55 | Mean = 3.556804 | Best = 3.848755
GA | iter = 56 | Mean = 3.450605 | Best = 3.848755
GA | iter = 57 | Mean = 3.534343 | Best = 3.848755
GA | iter = 58 | Mean = 3.366266 | Best = 3.848755
GA | iter = 59 | Mean = 3.835115 | Best = 3.848755
GA | iter = 60 | Mean = 3.532184 | Best = 3.848755
GA | iter = 61 | Mean = 3.258736 | Best = 3.848755
GA | iter = 62 | Mean = 3.684220 | Best = 3.848755
GA | iter = 63 | Mean = 3.502468 | Best = 3.848755
GA | iter = 64 | Mean = 3.514596 | Best = 3.848755
GA | iter = 65 | Mean = 3.574893 | Best = 3.848755
GA | iter = 66 | Mean = 3.427922 | Best = 3.848755
GA | iter = 67 | Mean = 3.380669 | Best = 3.848755
GA | iter = 68 | Mean = 3.694083 | Best = 3.848755
GA | iter = 69 | Mean = 3.714200 | Best = 3.848755
GA | iter = 70 | Mean = 3.134208 | Best = 3.848755
GA | iter = 71 | Mean = 3.840838 | Best = 3.848755
GA | iter = 72 | Mean = 3.670568 | Best = 3.848755
GA | iter = 73 | Mean = 3.686344 | Best = 3.848755
GA | iter = 74 | Mean = 3.676268 | Best = 3.848755
GA | iter = 75 | Mean = 3.534504 | Best = 3.848755
GA | iter = 76 | Mean = 3.391056 | Best = 3.848755
GA | iter = 77 | Mean = 3.694710 | Best = 3.848755
GA | iter = 78 | Mean = 3.370278 | Best = 3.848755
GA | iter = 79 | Mean = 3.685556 | Best = 3.848755
GA | iter = 80 | Mean = 3.683711 | Best = 3.848755
GA | iter = 81 | Mean = 3.370613 | Best = 3.848755
GA | iter = 82 | Mean = 3.732827 | Best = 3.848755
GA | iter = 83 | Mean = 3.844584 | Best = 3.848755
GA | iter = 84 | Mean = 3.397428 | Best = 3.848755
GA | iter = 85 | Mean = 3.682328 | Best = 3.848755
GA | iter = 86 | Mean = 3.094336 | Best = 3.848755
GA | iter = 87 | Mean = 3.697673 | Best = 3.848755
GA | iter = 88 | Mean = 3.539449 | Best = 3.848755
GA | iter = 89 | Mean = 3.413058 | Best = 3.848755
GA | iter = 90 | Mean = 3.124624 | Best = 3.848755
GA | iter = 91 | Mean = 3.516163 | Best = 3.848755
GA | iter = 92 | Mean = 3.529935 | Best = 3.848755
GA | iter = 93 | Mean = 3.345398 | Best = 3.848755
GA | iter = 94 | Mean = 3.533279 | Best = 3.848755
GA | iter = 95 | Mean = 3.511873 | Best = 3.848755
GA | iter = 96 | Mean = 3.669147 | Best = 3.848755
GA | iter = 97 | Mean = 3.520937 | Best = 3.848755
GA | iter = 98 | Mean = 3.238305 | Best = 3.848755
GA | iter = 99 | Mean = 3.404949 | Best = 3.848755
GA | iter = 100 | Mean = 3.680511 | Best = 3.848755
GA | iter = 101 | Mean = 3.398329 | Best = 3.848755
GA | iter = 102 | Mean = 3.500378 | Best = 3.848755
GA | iter = 103 | Mean = 3.121182 | Best = 3.848755
GA | iter = 104 | Mean = 3.399667 | Best = 3.848755
GA | iter = 105 | Mean = 3.535004 | Best = 3.849512
GA | iter = 106 | Mean = 3.706609 | Best = 3.849512
GA | iter = 107 | Mean = 3.678404 | Best = 3.849512
GA | iter = 108 | Mean = 3.409667 | Best = 3.850349
GA | iter = 109 | Mean = 3.834986 | Best = 3.850349
GA | iter = 110 | Mean = 3.699472 | Best = 3.850349
GA | iter = 111 | Mean = 3.274048 | Best = 3.850349
GA | iter = 112 | Mean = 3.175783 | Best = 3.850349
GA | iter = 113 | Mean = 3.847304 | Best = 3.850349
GA | iter = 114 | Mean = 3.558222 | Best = 3.850349
GA | iter = 115 | Mean = 3.626227 | Best = 3.850349
GA | iter = 116 | Mean = 3.092929 | Best = 3.850349
GA | iter = 117 | Mean = 2.811615 | Best = 3.850349
GA | iter = 118 | Mean = 3.379568 | Best = 3.850349
GA | iter = 119 | Mean = 3.228425 | Best = 3.850349
GA | iter = 120 | Mean = 3.294215 | Best = 3.850349
GA | iter = 121 | Mean = 3.849814 | Best = 3.850349
GA | iter = 122 | Mean = 3.159859 | Best = 3.850349
GA | iter = 123 | Mean = 3.409317 | Best = 3.850349
GA | iter = 124 | Mean = 3.709385 | Best = 3.850349
GA | iter = 125 | Mean = 3.534912 | Best = 3.850349
GA | iter = 126 | Mean = 3.418989 | Best = 3.850349
GA | iter = 127 | Mean = 3.848394 | Best = 3.850349
GA | iter = 128 | Mean = 3.849462 | Best = 3.850349
GA | iter = 129 | Mean = 3.687925 | Best = 3.850349
GA | iter = 130 | Mean = 3.849826 | Best = 3.850349
GA | iter = 131 | Mean = 3.559857 | Best = 3.850349
GA | iter = 132 | Mean = 3.687839 | Best = 3.850349
GA | iter = 133 | Mean = 3.843020 | Best = 3.850349
GA | iter = 134 | Mean = 3.547197 | Best = 3.850349
GA | iter = 135 | Mean = 3.523195 | Best = 3.850349
GA | iter = 136 | Mean = 3.223798 | Best = 3.850349
GA | iter = 137 | Mean = 3.314964 | Best = 3.850349
GA | iter = 138 | Mean = 3.702783 | Best = 3.850349
GA | iter = 139 | Mean = 3.585617 | Best = 3.850349
GA | iter = 140 | Mean = 3.443995 | Best = 3.850349
GA | iter = 141 | Mean = 3.838129 | Best = 3.850349
GA | iter = 142 | Mean = 3.695349 | Best = 3.850349
GA | iter = 143 | Mean = 3.557664 | Best = 3.850349
GA | iter = 144 | Mean = 3.558267 | Best = 3.850349
GA | iter = 145 | Mean = 3.557373 | Best = 3.850349
GA | iter = 146 | Mean = 3.430918 | Best = 3.850349
GA | iter = 147 | Mean = 3.427903 | Best = 3.850349
GA | iter = 148 | Mean = 3.563199 | Best = 3.850349
GA | iter = 149 | Mean = 3.519368 | Best = 3.850349
GA | iter = 150 | Mean = 3.570180 | Best = 3.850349
GA | iter = 151 | Mean = 3.657836 | Best = 3.850349
GA | iter = 152 | Mean = 3.696676 | Best = 3.850349
GA | iter = 153 | Mean = 3.541544 | Best = 3.850349
GA | iter = 154 | Mean = 3.566015 | Best = 3.850349
GA | iter = 155 | Mean = 3.550050 | Best = 3.850349
GA | iter = 156 | Mean = 3.512787 | Best = 3.850349
GA | iter = 157 | Mean = 3.598520 | Best = 3.850349
GA | iter = 158 | Mean = 3.169507 | Best = 3.850349
GA | iter = 159 | Mean = 3.733953 | Best = 3.850349
GA | iter = 160 | Mean = 3.556788 | Best = 3.850349
GA | iter = 161 | Mean = 3.419283 | Best = 3.850349
GA | iter = 162 | Mean = 3.690597 | Best = 3.850349
GA | iter = 163 | Mean = 3.443762 | Best = 3.850349
GA | iter = 164 | Mean = 3.305258 | Best = 3.850349
GA | iter = 165 | Mean = 3.842290 | Best = 3.850363
GA | iter = 166 | Mean = 3.706800 | Best = 3.850363
GA | iter = 167 | Mean = 3.850231 | Best = 3.850363
GA | iter = 168 | Mean = 3.691158 | Best = 3.850449
GA | iter = 169 | Mean = 3.849923 | Best = 3.850564
GA | iter = 170 | Mean = 3.842659 | Best = 3.850683
GA | iter = 171 | Mean = 3.749340 | Best = 3.850683
GA | iter = 172 | Mean = 3.557791 | Best = 3.850683
GA | iter = 173 | Mean = 3.131614 | Best = 3.850683
GA | iter = 174 | Mean = 3.566607 | Best = 3.850683
GA | iter = 175 | Mean = 3.286812 | Best = 3.850683
GA | iter = 176 | Mean = 3.313360 | Best = 3.850683
GA | iter = 177 | Mean = 3.641289 | Best = 3.850683
GA | iter = 178 | Mean = 3.620084 | Best = 3.850683
GA | iter = 179 | Mean = 3.567335 | Best = 3.850683
GA | iter = 180 | Mean = 3.171166 | Best = 3.850683
GA | iter = 181 | Mean = 3.250860 | Best = 3.850683
GA | iter = 182 | Mean = 3.578485 | Best = 3.850683
GA | iter = 183 | Mean = 3.268554 | Best = 3.850683
GA | iter = 184 | Mean = 3.221738 | Best = 3.850683
GA | iter = 185 | Mean = 3.597474 | Best = 3.850683
GA | iter = 186 | Mean = 3.562006 | Best = 3.850683
GA | iter = 187 | Mean = 3.413856 | Best = 3.850683
GA | iter = 188 | Mean = 3.756208 | Best = 3.850683
GA | iter = 189 | Mean = 3.701892 | Best = 3.850683
GA | iter = 190 | Mean = 3.734777 | Best = 3.850683
GA | iter = 191 | Mean = 3.706707 | Best = 3.850796
GA | iter = 192 | Mean = 3.850566 | Best = 3.850796
GA | iter = 193 | Mean = 3.451544 | Best = 3.850807
GA | iter = 194 | Mean = 3.670422 | Best = 3.850807
GA | iter = 195 | Mean = 3.850605 | Best = 3.850807
GA | iter = 196 | Mean = 3.547670 | Best = 3.850807
GA | iter = 197 | Mean = 3.691271 | Best = 3.850807
GA | iter = 198 | Mean = 3.659837 | Best = 3.850807
GA | iter = 199 | Mean = 3.255332 | Best = 3.850807
GA | iter = 200 | Mean = 3.364618 | Best = 3.850807
GA | iter = 201 | Mean = 3.377543 | Best = 3.850807
GA | iter = 202 | Mean = 3.262914 | Best = 3.850807
GA | iter = 203 | Mean = 3.204303 | Best = 3.850807
GA | iter = 204 | Mean = 3.337280 | Best = 3.850807
GA | iter = 205 | Mean = 3.125914 | Best = 3.850807
GA | iter = 206 | Mean = 3.167922 | Best = 3.850807
GA | iter = 207 | Mean = 3.120117 | Best = 3.850807
GA | iter = 208 | Mean = 2.978963 | Best = 3.850807
GA | iter = 209 | Mean = 2.991935 | Best = 3.850807
GA | iter = 210 | Mean = 3.531097 | Best = 3.850807
GA | iter = 211 | Mean = 3.464848 | Best = 3.850807
GA | iter = 212 | Mean = 3.464809 | Best = 3.850807
GA | iter = 213 | Mean = 3.491623 | Best = 3.850807
GA | iter = 214 | Mean = 3.511162 | Best = 3.850807
GA | iter = 215 | Mean = 3.531225 | Best = 3.850807
GA | iter = 216 | Mean = 3.667175 | Best = 3.850807
GA | iter = 217 | Mean = 3.088432 | Best = 3.850807
GA | iter = 218 | Mean = 3.664819 | Best = 3.850807
GA | iter = 219 | Mean = 3.799597 | Best = 3.850807
GA | iter = 220 | Mean = 3.675247 | Best = 3.850807
GA | iter = 221 | Mean = 3.493620 | Best = 3.850807
GA | iter = 222 | Mean = 3.488188 | Best = 3.850807
GA | iter = 223 | Mean = 3.815250 | Best = 3.850807
GA | iter = 224 | Mean = 3.430047 | Best = 3.850807
GA | iter = 225 | Mean = 3.572883 | Best = 3.850807
GA | iter = 226 | Mean = 3.351727 | Best = 3.850807
GA | iter = 227 | Mean = 3.008467 | Best = 3.850807
GA | iter = 228 | Mean = 3.473708 | Best = 3.850807
GA | iter = 229 | Mean = 3.367802 | Best = 3.850807
GA | iter = 230 | Mean = 3.074713 | Best = 3.850807
GA | iter = 231 | Mean = 3.235403 | Best = 3.850807
GA | iter = 232 | Mean = 3.466613 | Best = 3.850807
GA | iter = 233 | Mean = 3.207993 | Best = 3.850807
GA | iter = 234 | Mean = 3.671920 | Best = 3.850807
GA | iter = 235 | Mean = 3.209254 | Best = 3.850807
GA | iter = 236 | Mean = 3.600181 | Best = 3.850807
GA | iter = 237 | Mean = 3.696924 | Best = 3.850807
GA | iter = 238 | Mean = 3.704904 | Best = 3.850807
GA | iter = 239 | Mean = 3.611856 | Best = 3.850807
GA | iter = 240 | Mean = 3.840274 | Best = 3.850807
GA | iter = 241 | Mean = 3.676418 | Best = 3.850807
GA | iter = 242 | Mean = 3.589476 | Best = 3.850807
GA | iter = 243 | Mean = 3.673280 | Best = 3.850807
GA | iter = 244 | Mean = 3.547209 | Best = 3.850807
GA | iter = 245 | Mean = 3.539125 | Best = 3.850807
GA | iter = 246 | Mean = 3.329512 | Best = 3.850807
GA | iter = 247 | Mean = 3.688557 | Best = 3.850807
GA | iter = 248 | Mean = 3.845631 | Best = 3.850807
GA | iter = 249 | Mean = 2.997930 | Best = 3.850807
GA | iter = 250 | Mean = 3.547200 | Best = 3.850807
GA | iter = 251 | Mean = 3.439752 | Best = 3.850807
GA | iter = 252 | Mean = 3.719500 | Best = 3.850807
GA | iter = 253 | Mean = 3.580720 | Best = 3.850807
GA | iter = 254 | Mean = 3.743812 | Best = 3.850807
GA | iter = 255 | Mean = 3.596986 | Best = 3.850807
GA | iter = 256 | Mean = 3.555981 | Best = 3.850807
GA | iter = 257 | Mean = 3.426984 | Best = 3.850807
GA | iter = 258 | Mean = 3.454003 | Best = 3.850807
GA | iter = 259 | Mean = 3.700972 | Best = 3.850807
GA | iter = 260 | Mean = 3.700012 | Best = 3.850807
GA | iter = 261 | Mean = 3.567400 | Best = 3.850807
GA | iter = 262 | Mean = 3.564731 | Best = 3.850807
GA | iter = 263 | Mean = 3.839886 | Best = 3.850807
GA | iter = 264 | Mean = 3.540593 | Best = 3.850807
GA | iter = 265 | Mean = 3.679249 | Best = 3.850807
GA | iter = 266 | Mean = 3.378523 | Best = 3.850807
GA | iter = 267 | Mean = 3.703446 | Best = 3.850807
GA | iter = 268 | Mean = 3.564602 | Best = 3.850807
GA | iter = 269 | Mean = 3.701295 | Best = 3.850807
GA | iter = 270 | Mean = 3.829671 | Best = 3.850807
GA | iter = 271 | Mean = 3.702628 | Best = 3.850807
GA | iter = 272 | Mean = 3.764041 | Best = 3.850807
GA | iter = 273 | Mean = 3.704933 | Best = 3.850807
GA | iter = 274 | Mean = 3.429927 | Best = 3.850807
GA | iter = 275 | Mean = 2.995579 | Best = 3.850807
GA | iter = 276 | Mean = 3.683319 | Best = 3.850807
GA | iter = 277 | Mean = 3.632610 | Best = 3.850807
GA | iter = 278 | Mean = 3.773573 | Best = 3.850807
GA | iter = 279 | Mean = 3.086748 | Best = 3.850807
GA | iter = 280 | Mean = 3.575499 | Best = 3.888710
GA | iter = 281 | Mean = 3.516843 | Best = 3.892613
GA | iter = 282 | Mean = 3.525827 | Best = 3.892613
GA | iter = 283 | Mean = 3.307001 | Best = 3.892613
GA | iter = 284 | Mean = 3.414991 | Best = 3.892613
GA | iter = 285 | Mean = 3.586210 | Best = 3.893517
GA | iter = 286 | Mean = 3.321138 | Best = 3.893517
GA | iter = 287 | Mean = 3.648738 | Best = 3.893517
GA | iter = 288 | Mean = 3.404130 | Best = 3.895411
GA | iter = 289 | Mean = 3.728089 | Best = 3.895411
GA | iter = 290 | Mean = 3.578732 | Best = 3.895411
GA | iter = 291 | Mean = 3.694790 | Best = 3.895411
GA | iter = 292 | Mean = 3.714765 | Best = 3.900797
GA | iter = 293 | Mean = 3.676572 | Best = 3.900797
GA | iter = 294 | Mean = 3.667262 | Best = 3.901420
GA | iter = 295 | Mean = 3.856684 | Best = 3.901826
GA | iter = 296 | Mean = 3.728640 | Best = 3.901826
GA | iter = 297 | Mean = 3.447273 | Best = 3.901826
GA | iter = 298 | Mean = 3.587183 | Best = 3.901826
GA | iter = 299 | Mean = 3.400063 | Best = 3.901826
GA | iter = 300 | Mean = 3.563454 | Best = 3.901826
GA | iter = 301 | Mean = 3.588731 | Best = 3.901826
GA | iter = 302 | Mean = 3.345532 | Best = 3.901826
GA | iter = 303 | Mean = 3.552638 | Best = 3.901826
GA | iter = 304 | Mean = 3.156219 | Best = 3.901826
GA | iter = 305 | Mean = 3.599681 | Best = 3.901826
GA | iter = 306 | Mean = 3.724038 | Best = 3.901826
GA | iter = 307 | Mean = 3.627264 | Best = 3.901826
GA | iter = 308 | Mean = 3.433478 | Best = 3.901826
GA | iter = 309 | Mean = 3.555170 | Best = 3.901826
GA | iter = 310 | Mean = 3.352563 | Best = 3.901826
GA | iter = 311 | Mean = 3.764962 | Best = 3.901826
GA | iter = 312 | Mean = 3.584372 | Best = 3.901826
GA | iter = 313 | Mean = 3.449607 | Best = 3.901826
GA | iter = 314 | Mean = 3.704208 | Best = 3.901826
GA | iter = 315 | Mean = 3.892403 | Best = 3.901826
GA | iter = 316 | Mean = 3.632612 | Best = 3.901826
GA | iter = 317 | Mean = 3.752043 | Best = 3.901826
GA | iter = 318 | Mean = 3.457148 | Best = 3.901826
GA | iter = 319 | Mean = 3.469587 | Best = 3.901826
GA | iter = 320 | Mean = 3.743708 | Best = 3.901826
GA | iter = 321 | Mean = 3.728097 | Best = 3.901826
GA | iter = 322 | Mean = 3.735591 | Best = 3.901826
GA | iter = 323 | Mean = 3.142544 | Best = 3.901826
GA | iter = 324 | Mean = 3.062485 | Best = 3.901826
GA | iter = 325 | Mean = 3.589195 | Best = 3.901826
GA | iter = 326 | Mean = 3.378221 | Best = 3.901826
GA | iter = 327 | Mean = 3.556970 | Best = 3.901826
GA | iter = 328 | Mean = 3.378409 | Best = 3.901826
GA | iter = 329 | Mean = 3.550890 | Best = 3.901826
GA | iter = 330 | Mean = 3.782094 | Best = 3.901826
GA | iter = 331 | Mean = 3.894640 | Best = 3.901826
GA | iter = 332 | Mean = 3.648726 | Best = 3.901826
GA | iter = 333 | Mean = 3.635035 | Best = 3.901826
GA | iter = 334 | Mean = 3.858157 | Best = 3.901826
GA | iter = 335 | Mean = 3.492410 | Best = 3.901826
GA | iter = 336 | Mean = 3.891731 | Best = 3.901826
GA | iter = 337 | Mean = 3.563285 | Best = 3.901826
GA | iter = 338 | Mean = 3.337080 | Best = 3.901826
GA | iter = 339 | Mean = 3.348935 | Best = 3.901826
GA | iter = 340 | Mean = 3.630781 | Best = 3.901826
GA | iter = 341 | Mean = 3.453246 | Best = 3.901826
GA | iter = 342 | Mean = 3.260200 | Best = 3.901826
GA | iter = 343 | Mean = 3.648830 | Best = 3.901826
GA | iter = 344 | Mean = 3.888445 | Best = 3.901826
GA | iter = 345 | Mean = 3.742213 | Best = 3.901826
GA | iter = 346 | Mean = 3.554125 | Best = 3.901826
GA | iter = 347 | Mean = 3.593743 | Best = 3.901826
GA | iter = 348 | Mean = 3.341265 | Best = 3.901826
GA | iter = 349 | Mean = 3.401092 | Best = 3.901826
GA | iter = 350 | Mean = 3.728556 | Best = 3.901826
GA | iter = 351 | Mean = 3.573728 | Best = 3.901826
GA | iter = 352 | Mean = 3.728508 | Best = 3.901826
GA | iter = 353 | Mean = 3.597782 | Best = 3.901826
GA | iter = 354 | Mean = 3.464463 | Best = 3.901826
GA | iter = 355 | Mean = 3.722471 | Best = 3.901826
GA | iter = 356 | Mean = 3.857182 | Best = 3.901826
GA | iter = 357 | Mean = 3.582703 | Best = 3.901826
GA | iter = 358 | Mean = 3.490252 | Best = 3.901826
GA | iter = 359 | Mean = 3.842715 | Best = 3.901826
GA | iter = 360 | Mean = 3.636030 | Best = 3.901826
GA | iter = 361 | Mean = 3.428211 | Best = 3.901826
GA | iter = 362 | Mean = 3.413743 | Best = 3.901826
GA | iter = 363 | Mean = 3.475999 | Best = 3.901826
GA | iter = 364 | Mean = 3.519437 | Best = 3.901826
GA | iter = 365 | Mean = 3.144800 | Best = 3.901826
GA | iter = 366 | Mean = 3.501116 | Best = 3.901826
GA | iter = 367 | Mean = 3.896579 | Best = 3.901826
GA | iter = 368 | Mean = 3.428447 | Best = 3.901827
GA | iter = 369 | Mean = 3.683918 | Best = 3.901827
GA | iter = 370 | Mean = 3.510211 | Best = 3.901827
GA | iter = 371 | Mean = 3.588012 | Best = 3.901827
GA | iter = 372 | Mean = 3.594184 | Best = 3.901827
GA | iter = 373 | Mean = 3.741760 | Best = 3.901827
GA | iter = 374 | Mean = 3.649231 | Best = 3.901827
GA | iter = 375 | Mean = 3.736534 | Best = 3.901827
GA | iter = 376 | Mean = 3.573283 | Best = 3.901827
GA | iter = 377 | Mean = 3.447844 | Best = 3.901827
GA | iter = 378 | Mean = 3.480140 | Best = 3.901827
GA | iter = 379 | Mean = 3.231076 | Best = 3.901827
GA | iter = 380 | Mean = 3.413058 | Best = 3.901827
GA | iter = 381 | Mean = 3.751976 | Best = 3.914983
GA | iter = 382 | Mean = 3.486809 | Best = 3.914983
GA | iter = 383 | Mean = 3.656485 | Best = 3.914983
GA | iter = 384 | Mean = 3.674196 | Best = 3.918965
GA | iter = 385 | Mean = 3.470485 | Best = 3.919217
GA | iter = 386 | Mean = 3.674057 | Best = 3.919217
GA | iter = 387 | Mean = 3.741128 | Best = 3.919217
GA | iter = 388 | Mean = 3.658763 | Best = 3.919217
GA | iter = 389 | Mean = 3.399882 | Best = 3.919217
GA | iter = 390 | Mean = 3.763554 | Best = 3.919217
GA | iter = 391 | Mean = 3.756265 | Best = 3.919217
GA | iter = 392 | Mean = 3.744242 | Best = 3.921421
GA | iter = 393 | Mean = 3.579679 | Best = 3.921421
GA | iter = 394 | Mean = 3.355171 | Best = 3.921421
GA | iter = 395 | Mean = 3.680212 | Best = 3.921421
GA | iter = 396 | Mean = 3.471631 | Best = 3.921421
GA | iter = 397 | Mean = 3.765115 | Best = 3.921421
GA | iter = 398 | Mean = 3.647329 | Best = 3.921421
GA | iter = 399 | Mean = 3.759155 | Best = 3.921421
GA | iter = 400 | Mean = 3.324175 | Best = 3.921421
GA | iter = 401 | Mean = 3.618122 | Best = 3.921421
GA | iter = 402 | Mean = 3.602684 | Best = 3.921421
GA | iter = 403 | Mean = 3.517213 | Best = 3.921421
GA | iter = 404 | Mean = 3.559619 | Best = 3.921421
GA | iter = 405 | Mean = 3.541066 | Best = 3.921421
GA | iter = 406 | Mean = 3.323167 | Best = 3.921421
GA | iter = 407 | Mean = 3.245549 | Best = 3.921421
GA | iter = 408 | Mean = 3.454564 | Best = 3.921421
GA | iter = 409 | Mean = 3.475781 | Best = 3.921421
GA | iter = 410 | Mean = 3.575614 | Best = 3.921421
GA | iter = 411 | Mean = 3.328522 | Best = 3.921421
GA | iter = 412 | Mean = 3.673449 | Best = 3.921421
GA | iter = 413 | Mean = 3.478428 | Best = 3.921421
GA | iter = 414 | Mean = 3.402861 | Best = 3.921421
GA | iter = 415 | Mean = 3.371391 | Best = 3.921421
GA | iter = 416 | Mean = 3.582104 | Best = 3.921421
GA | iter = 417 | Mean = 3.139144 | Best = 3.921421
GA | iter = 418 | Mean = 3.882703 | Best = 3.921421
GA | iter = 419 | Mean = 3.753771 | Best = 3.921421
GA | iter = 420 | Mean = 3.574404 | Best = 3.921421
GA | iter = 421 | Mean = 3.752635 | Best = 3.921421
GA | iter = 422 | Mean = 3.472961 | Best = 3.921421
GA | iter = 423 | Mean = 3.345276 | Best = 3.921421
GA | iter = 424 | Mean = 3.796335 | Best = 3.921421
GA | iter = 425 | Mean = 3.874428 | Best = 3.921421
GA | iter = 426 | Mean = 3.600792 | Best = 3.921421
GA | iter = 427 | Mean = 3.813994 | Best = 3.921421
GA | iter = 428 | Mean = 3.623491 | Best = 3.921421
GA | iter = 429 | Mean = 3.582720 | Best = 3.921421
GA | iter = 430 | Mean = 3.575591 | Best = 3.921421
GA | iter = 431 | Mean = 3.887817 | Best = 3.921421
GA | iter = 432 | Mean = 3.902665 | Best = 3.921421
GA | iter = 433 | Mean = 3.442314 | Best = 3.921421
GA | iter = 434 | Mean = 3.308287 | Best = 3.921421
GA | iter = 435 | Mean = 3.144796 | Best = 3.921421
GA | iter = 436 | Mean = 3.433689 | Best = 3.921421
GA | iter = 437 | Mean = 3.783977 | Best = 3.921421
GA | iter = 438 | Mean = 3.772665 | Best = 3.921421
GA | iter = 439 | Mean = 3.491356 | Best = 3.921421
GA | iter = 440 | Mean = 3.735199 | Best = 3.921578
GA | iter = 441 | Mean = 3.589124 | Best = 3.921578
GA | iter = 442 | Mean = 3.704911 | Best = 3.921578
GA | iter = 443 | Mean = 3.395984 | Best = 3.921578
GA | iter = 444 | Mean = 3.486822 | Best = 3.921578
GA | iter = 445 | Mean = 3.611209 | Best = 3.921578
GA | iter = 446 | Mean = 3.759819 | Best = 3.921578
GA | iter = 447 | Mean = 3.587090 | Best = 3.921578
GA | iter = 448 | Mean = 3.540049 | Best = 3.921578
GA | iter = 449 | Mean = 3.585739 | Best = 3.921578
GA | iter = 450 | Mean = 3.391467 | Best = 3.921578
GA | iter = 451 | Mean = 3.305579 | Best = 3.921578
GA | iter = 452 | Mean = 3.906827 | Best = 3.921578
GA | iter = 453 | Mean = 3.611923 | Best = 3.921578
GA | iter = 454 | Mean = 3.634740 | Best = 3.921578
GA | iter = 455 | Mean = 3.633185 | Best = 3.921578
GA | iter = 456 | Mean = 3.618565 | Best = 3.921578
GA | iter = 457 | Mean = 3.916053 | Best = 3.921578
GA | iter = 458 | Mean = 3.637767 | Best = 3.921578
GA | iter = 459 | Mean = 3.802798 | Best = 3.921578
GA | iter = 460 | Mean = 3.790081 | Best = 3.921578
GA | iter = 461 | Mean = 3.631253 | Best = 3.921578
GA | iter = 462 | Mean = 3.398123 | Best = 3.921578
GA | iter = 463 | Mean = 3.918649 | Best = 3.921578
GA | iter = 464 | Mean = 3.528148 | Best = 3.921578
GA | iter = 465 | Mean = 3.627373 | Best = 3.921578
GA | iter = 466 | Mean = 3.750519 | Best = 3.921578
GA | iter = 467 | Mean = 3.629930 | Best = 3.921578
GA | iter = 468 | Mean = 3.756885 | Best = 3.921578
GA | iter = 469 | Mean = 3.772563 | Best = 3.921578
GA | iter = 470 | Mean = 3.645364 | Best = 3.921578
GA | iter = 471 | Mean = 3.338214 | Best = 3.921578
GA | iter = 472 | Mean = 3.363536 | Best = 3.921578
GA | iter = 473 | Mean = 3.612832 | Best = 3.921578
GA | iter = 474 | Mean = 3.566997 | Best = 3.921578
GA | iter = 475 | Mean = 3.769543 | Best = 3.921578
GA | iter = 476 | Mean = 3.574646 | Best = 3.921578
GA | iter = 477 | Mean = 3.614790 | Best = 3.921578
GA | iter = 478 | Mean = 3.470216 | Best = 3.921578
GA | iter = 479 | Mean = 3.670139 | Best = 3.921585
GA | iter = 480 | Mean = 3.679040 | Best = 3.921585
GA | iter = 481 | Mean = 3.449901 | Best = 3.921585
GA | iter = 482 | Mean = 3.613803 | Best = 3.921585
GA | iter = 483 | Mean = 3.576192 | Best = 3.921585
GA | iter = 484 | Mean = 3.726355 | Best = 3.921585
GA | iter = 485 | Mean = 3.538616 | Best = 3.921585
GA | iter = 486 | Mean = 3.427059 | Best = 3.921585
GA | iter = 487 | Mean = 3.347150 | Best = 3.921585
GA | iter = 488 | Mean = 3.731066 | Best = 3.921585
GA | iter = 489 | Mean = 3.619349 | Best = 3.921585
GA | iter = 490 | Mean = 3.473518 | Best = 3.921585
GA | iter = 491 | Mean = 3.915260 | Best = 3.921585
GA | iter = 492 | Mean = 3.659154 | Best = 3.921585
GA | iter = 493 | Mean = 3.910092 | Best = 3.921585
GA | iter = 494 | Mean = 3.494076 | Best = 3.921585
GA | iter = 495 | Mean = 3.614860 | Best = 3.921585
GA | iter = 496 | Mean = 3.637323 | Best = 3.921585
GA | iter = 497 | Mean = 3.462960 | Best = 3.921585
GA | iter = 498 | Mean = 3.276009 | Best = 3.921585
GA | iter = 499 | Mean = 3.612832 | Best = 3.921585
GA | iter = 500 | Mean = 3.657498 | Best = 3.921585
GA | iter = 501 | Mean = 3.499832 | Best = 3.921585
GA | iter = 502 | Mean = 3.788345 | Best = 3.921585
GA | iter = 503 | Mean = 3.564452 | Best = 3.921585
GA | iter = 504 | Mean = 3.840956 | Best = 3.921585
GA | iter = 505 | Mean = 3.620350 | Best = 3.921585
GA | iter = 506 | Mean = 3.384445 | Best = 3.921585
GA | iter = 507 | Mean = 3.428574 | Best = 3.921585
GA | iter = 508 | Mean = 3.627448 | Best = 3.921585
GA | iter = 509 | Mean = 3.323239 | Best = 3.921585
GA | iter = 510 | Mean = 3.915991 | Best = 3.921585
GA | iter = 511 | Mean = 3.701469 | Best = 3.921585
GA | iter = 512 | Mean = 3.643657 | Best = 3.921655
GA | iter = 513 | Mean = 3.577576 | Best = 3.921744
GA | iter = 514 | Mean = 3.289490 | Best = 3.921744
GA | iter = 515 | Mean = 3.623304 | Best = 3.921744
GA | iter = 516 | Mean = 3.415156 | Best = 3.921744
GA | iter = 517 | Mean = 3.753970 | Best = 3.921744
GA | iter = 518 | Mean = 3.649015 | Best = 3.921744
GA | iter = 519 | Mean = 3.907687 | Best = 3.921744
GA | iter = 520 | Mean = 3.909668 | Best = 3.921744
GA | iter = 521 | Mean = 3.625264 | Best = 3.921744
GA | iter = 522 | Mean = 3.687072 | Best = 3.921744
GA | iter = 523 | Mean = 3.029108 | Best = 3.921754
GA | iter = 524 | Mean = 3.333291 | Best = 3.921754
GA | iter = 525 | Mean = 3.688196 | Best = 3.921754
GA | iter = 526 | Mean = 3.775892 | Best = 3.921754
GA | iter = 527 | Mean = 3.914622 | Best = 3.921754
GA | iter = 528 | Mean = 3.154593 | Best = 3.921754
GA | iter = 529 | Mean = 3.630576 | Best = 3.921754
GA | iter = 530 | Mean = 3.554900 | Best = 3.921754
GA | iter = 531 | Mean = 3.308985 | Best = 3.921754
GA | iter = 532 | Mean = 3.539032 | Best = 3.921754
GA | iter = 533 | Mean = 3.630876 | Best = 3.921754
GA | iter = 534 | Mean = 3.627492 | Best = 3.921754
GA | iter = 535 | Mean = 3.462970 | Best = 3.921997
GA | iter = 536 | Mean = 3.749110 | Best = 3.921997
GA | iter = 537 | Mean = 3.902866 | Best = 3.921997
GA | iter = 538 | Mean = 3.672095 | Best = 3.921997
GA | iter = 539 | Mean = 2.865840 | Best = 3.921997
GA | iter = 540 | Mean = 3.398919 | Best = 3.921997
GA | iter = 541 | Mean = 3.694078 | Best = 3.921997
GA | iter = 542 | Mean = 3.264952 | Best = 3.921997
GA | iter = 543 | Mean = 3.769705 | Best = 3.921997
GA | iter = 544 | Mean = 3.772056 | Best = 3.921997
GA | iter = 545 | Mean = 3.738563 | Best = 3.922000
GA | iter = 546 | Mean = 3.779588 | Best = 3.922000
GA | iter = 547 | Mean = 3.369869 | Best = 3.922000
GA | iter = 548 | Mean = 3.357167 | Best = 3.922000
GA | iter = 549 | Mean = 3.233691 | Best = 3.922000
GA | iter = 550 | Mean = 3.126384 | Best = 3.922000
GA | iter = 551 | Mean = 3.524788 | Best = 3.922000
GA | iter = 552 | Mean = 3.761472 | Best = 3.922000
GA | iter = 553 | Mean = 3.628730 | Best = 3.922059
GA | iter = 554 | Mean = 3.729440 | Best = 3.922059
GA | iter = 555 | Mean = 3.629892 | Best = 3.922059
GA | iter = 556 | Mean = 3.620302 | Best = 3.922059
GA | iter = 557 | Mean = 3.763808 | Best = 3.922059
GA | iter = 558 | Mean = 3.646764 | Best = 3.922059
GA | iter = 559 | Mean = 3.891570 | Best = 3.922059
GA | iter = 560 | Mean = 3.209712 | Best = 3.922059
GA | iter = 561 | Mean = 3.345164 | Best = 3.922059
GA | iter = 562 | Mean = 3.516761 | Best = 3.922059
GA | iter = 563 | Mean = 3.918230 | Best = 3.922059
GA | iter = 564 | Mean = 3.777083 | Best = 3.922059
GA | iter = 565 | Mean = 3.768917 | Best = 3.922059
GA | iter = 566 | Mean = 3.500336 | Best = 3.922059
GA | iter = 567 | Mean = 3.488140 | Best = 3.922059
GA | iter = 568 | Mean = 3.789264 | Best = 3.922059
GA | iter = 569 | Mean = 3.630422 | Best = 3.922059
GA | iter = 570 | Mean = 3.776121 | Best = 3.922059
GA | iter = 571 | Mean = 3.694021 | Best = 3.922059
GA | iter = 572 | Mean = 3.919238 | Best = 3.922106
GA | iter = 573 | Mean = 3.659593 | Best = 3.922106
GA | iter = 574 | Mean = 3.219402 | Best = 3.922106
GA | iter = 575 | Mean = 3.475554 | Best = 3.922106
GA | iter = 576 | Mean = 3.216664 | Best = 3.922106
GA | iter = 577 | Mean = 3.608534 | Best = 3.922106
GA | iter = 578 | Mean = 3.610170 | Best = 3.922106
GA | iter = 579 | Mean = 3.770892 | Best = 3.922106
GA | iter = 580 | Mean = 3.729221 | Best = 3.922106
GA | iter = 581 | Mean = 3.755338 | Best = 3.922106
GA | iter = 582 | Mean = 3.812876 | Best = 3.922106
GA | iter = 583 | Mean = 3.611360 | Best = 3.922106
GA | iter = 584 | Mean = 3.512820 | Best = 3.922106
GA | iter = 585 | Mean = 3.766623 | Best = 3.922106
GA | iter = 586 | Mean = 3.358528 | Best = 3.922106
GA | iter = 587 | Mean = 3.494388 | Best = 3.922106
GA | iter = 588 | Mean = 3.628044 | Best = 3.922106
GA | iter = 589 | Mean = 3.189729 | Best = 3.922106
GA | iter = 590 | Mean = 3.366353 | Best = 3.922106
GA | iter = 591 | Mean = 3.569659 | Best = 3.922106
GA | iter = 592 | Mean = 3.639348 | Best = 3.922106
GA | iter = 593 | Mean = 3.333145 | Best = 3.922106
GA | iter = 594 | Mean = 3.482880 | Best = 3.922106
GA | iter = 595 | Mean = 3.913460 | Best = 3.922106
GA | iter = 596 | Mean = 3.872129 | Best = 3.922106
GA | iter = 597 | Mean = 3.558250 | Best = 3.922106
GA | iter = 598 | Mean = 3.506397 | Best = 3.922106
GA | iter = 599 | Mean = 3.444943 | Best = 3.922106
GA | iter = 600 | Mean = 3.915981 | Best = 3.922106
GA | iter = 601 | Mean = 3.504425 | Best = 3.922106
GA | iter = 602 | Mean = 3.498050 | Best = 3.922106
GA | iter = 603 | Mean = 3.692471 | Best = 3.922106
GA | iter = 604 | Mean = 3.681173 | Best = 3.922106
GA | iter = 605 | Mean = 3.678578 | Best = 3.922106
GA | iter = 606 | Mean = 3.505872 | Best = 3.922106
GA | iter = 607 | Mean = 3.450752 | Best = 3.922106
GA | iter = 608 | Mean = 3.606328 | Best = 3.922106
GA | iter = 609 | Mean = 3.420236 | Best = 3.922106
GA | iter = 610 | Mean = 3.364888 | Best = 3.922106
GA | iter = 611 | Mean = 3.308021 | Best = 3.922106
GA | iter = 612 | Mean = 3.211437 | Best = 3.922106
GA | iter = 613 | Mean = 3.275751 | Best = 3.922106
GA | iter = 614 | Mean = 3.481644 | Best = 3.922106
GA | iter = 615 | Mean = 3.436853 | Best = 3.922106
GA | iter = 616 | Mean = 3.724645 | Best = 3.922106
GA | iter = 617 | Mean = 3.795998 | Best = 3.922106
GA | iter = 618 | Mean = 3.709055 | Best = 3.922106
GA | iter = 619 | Mean = 3.288103 | Best = 3.922106
GA | iter = 620 | Mean = 3.157209 | Best = 3.922106
GA | iter = 621 | Mean = 3.727484 | Best = 3.922106
GA | iter = 622 | Mean = 3.280560 | Best = 3.922106
GA | iter = 623 | Mean = 3.716508 | Best = 3.922106
GA | iter = 624 | Mean = 3.555142 | Best = 3.922106
GA | iter = 625 | Mean = 3.890855 | Best = 3.922106
GA | iter = 626 | Mean = 3.613236 | Best = 3.922106
GA | iter = 627 | Mean = 3.894696 | Best = 3.922106
GA | iter = 628 | Mean = 3.756916 | Best = 3.922106
GA | iter = 629 | Mean = 3.652964 | Best = 3.922106
GA | iter = 630 | Mean = 3.795089 | Best = 3.922106
GA | iter = 631 | Mean = 3.771674 | Best = 3.922106
GA | iter = 632 | Mean = 3.736782 | Best = 3.922106
GA | iter = 633 | Mean = 3.464809 | Best = 3.922106
GA | iter = 634 | Mean = 3.788946 | Best = 3.922106
GA | iter = 635 | Mean = 3.763254 | Best = 3.922106
GA | iter = 636 | Mean = 3.575013 | Best = 3.922106
GA | iter = 637 | Mean = 3.744400 | Best = 3.922106
GA | iter = 638 | Mean = 3.618398 | Best = 3.922106
GA | iter = 639 | Mean = 3.905847 | Best = 3.922106
GA | iter = 640 | Mean = 3.606739 | Best = 3.922106
GA | iter = 641 | Mean = 3.661473 | Best = 3.922106
GA | iter = 642 | Mean = 3.472903 | Best = 3.922106
GA | iter = 643 | Mean = 3.478956 | Best = 3.922106
GA | iter = 644 | Mean = 3.326726 | Best = 3.922106
GA | iter = 645 | Mean = 3.165800 | Best = 3.922106
GA | iter = 646 | Mean = 3.765026 | Best = 3.922106
GA | iter = 647 | Mean = 3.768783 | Best = 3.922106
GA | iter = 648 | Mean = 3.757904 | Best = 3.922106
GA | iter = 649 | Mean = 3.911367 | Best = 3.922106
GA | iter = 650 | Mean = 3.771484 | Best = 3.922106
GA | iter = 651 | Mean = 3.773730 | Best = 3.922106
GA | iter = 652 | Mean = 3.722728 | Best = 3.922106
GA | iter = 653 | Mean = 3.527931 | Best = 3.922106
GA | iter = 654 | Mean = 3.913035 | Best = 3.922106
GA | iter = 655 | Mean = 3.731045 | Best = 3.922106
GA | iter = 656 | Mean = 3.814150 | Best = 3.922106
GA | iter = 657 | Mean = 3.748568 | Best = 3.922106
GA | iter = 658 | Mean = 3.683545 | Best = 3.922106
GA | iter = 659 | Mean = 3.654634 | Best = 3.922106
GA | iter = 660 | Mean = 3.472102 | Best = 3.931407
GA | iter = 661 | Mean = 3.900868 | Best = 3.940817
GA | iter = 662 | Mean = 3.789117 | Best = 3.946381
GA | iter = 663 | Mean = 3.652798 | Best = 3.948013
GA | iter = 664 | Mean = 3.631042 | Best = 3.950336
GA | iter = 665 | Mean = 3.788842 | Best = 3.950336
GA | iter = 666 | Mean = 3.648135 | Best = 3.951096
GA | iter = 667 | Mean = 3.786321 | Best = 3.951096
GA | iter = 668 | Mean = 3.642151 | Best = 3.951096
GA | iter = 669 | Mean = 3.922103 | Best = 3.951096
GA | iter = 670 | Mean = 3.928505 | Best = 3.951096
GA | iter = 671 | Mean = 3.555510 | Best = 3.951096
GA | iter = 672 | Mean = 3.930477 | Best = 3.951096
GA | iter = 673 | Mean = 3.296949 | Best = 3.951096
GA | iter = 674 | Mean = 3.767054 | Best = 3.951096
GA | iter = 675 | Mean = 3.902050 | Best = 3.951096
GA | iter = 676 | Mean = 3.715584 | Best = 3.951096
GA | iter = 677 | Mean = 3.372531 | Best = 3.951096
GA | iter = 678 | Mean = 3.541103 | Best = 3.951096
GA | iter = 679 | Mean = 3.803276 | Best = 3.951096
GA | iter = 680 | Mean = 3.941214 | Best = 3.951096
GA | iter = 681 | Mean = 3.479135 | Best = 3.951096
GA | iter = 682 | Mean = 3.625735 | Best = 3.951096
GA | iter = 683 | Mean = 3.398006 | Best = 3.951096
GA | iter = 684 | Mean = 3.849437 | Best = 3.951096
GA | iter = 685 | Mean = 2.969904 | Best = 3.951096
GA | iter = 686 | Mean = 3.274270 | Best = 3.951096
GA | iter = 687 | Mean = 3.543433 | Best = 3.951096
GA | iter = 688 | Mean = 3.941018 | Best = 3.951096
GA | iter = 689 | Mean = 3.532928 | Best = 3.951096
GA | iter = 690 | Mean = 3.865642 | Best = 3.951096
GA | iter = 691 | Mean = 3.918875 | Best = 3.951096
GA | iter = 692 | Mean = 3.357616 | Best = 3.958387
GA | iter = 693 | Mean = 3.600446 | Best = 3.959815
GA | iter = 694 | Mean = 3.670886 | Best = 3.959815
GA | iter = 695 | Mean = 3.544107 | Best = 3.960107
GA | iter = 696 | Mean = 3.808924 | Best = 3.960107
GA | iter = 697 | Mean = 3.640849 | Best = 3.960107
GA | iter = 698 | Mean = 3.942031 | Best = 3.960107
GA | iter = 699 | Mean = 3.779787 | Best = 3.960107
GA | iter = 700 | Mean = 3.716133 | Best = 3.960107
GA | iter = 701 | Mean = 3.606694 | Best = 3.960107
GA | iter = 702 | Mean = 3.859195 | Best = 3.960107
GA | iter = 703 | Mean = 3.937091 | Best = 3.960107
GA | iter = 704 | Mean = 3.589189 | Best = 3.960756
GA | iter = 705 | Mean = 3.408780 | Best = 3.960756
GA | iter = 706 | Mean = 3.871731 | Best = 3.960756
GA | iter = 707 | Mean = 3.504551 | Best = 3.960756
GA | iter = 708 | Mean = 3.705294 | Best = 3.961232
GA | iter = 709 | Mean = 3.626294 | Best = 3.961232
GA | iter = 710 | Mean = 3.483953 | Best = 3.961232
GA | iter = 711 | Mean = 3.678548 | Best = 3.961232
GA | iter = 712 | Mean = 3.637721 | Best = 3.961232
GA | iter = 713 | Mean = 3.378897 | Best = 3.961232
GA | iter = 714 | Mean = 3.613351 | Best = 3.961232
GA | iter = 715 | Mean = 3.875834 | Best = 3.961232
GA | iter = 716 | Mean = 3.511761 | Best = 3.961232
GA | iter = 717 | Mean = 3.529208 | Best = 3.961232
GA | iter = 718 | Mean = 3.490080 | Best = 3.961232
GA | iter = 719 | Mean = 3.790124 | Best = 3.961232
GA | iter = 720 | Mean = 3.405057 | Best = 3.961232
GA | iter = 721 | Mean = 3.459561 | Best = 3.961232
GA | iter = 722 | Mean = 3.399117 | Best = 3.961232
GA | iter = 723 | Mean = 3.494235 | Best = 3.961232
GA | iter = 724 | Mean = 3.929532 | Best = 3.961232
GA | iter = 725 | Mean = 3.823755 | Best = 3.961232
GA | iter = 726 | Mean = 3.597898 | Best = 3.961232
GA | iter = 727 | Mean = 3.675115 | Best = 3.961232
GA | iter = 728 | Mean = 3.433304 | Best = 3.961232
GA | iter = 729 | Mean = 3.547078 | Best = 3.961232
GA | iter = 730 | Mean = 3.404623 | Best = 3.961232
GA | iter = 731 | Mean = 3.681433 | Best = 3.961232
GA | iter = 732 | Mean = 3.210696 | Best = 3.961232
GA | iter = 733 | Mean = 3.170959 | Best = 3.961232
GA | iter = 734 | Mean = 3.343386 | Best = 3.961232
GA | iter = 735 | Mean = 3.677797 | Best = 3.961232
GA | iter = 736 | Mean = 3.691994 | Best = 3.961232
GA | iter = 737 | Mean = 3.702448 | Best = 3.961232
GA | iter = 738 | Mean = 3.356000 | Best = 3.961232
GA | iter = 739 | Mean = 3.625902 | Best = 3.961232
GA | iter = 740 | Mean = 3.555787 | Best = 3.961232
GA | iter = 741 | Mean = 3.601007 | Best = 3.961232
GA | iter = 742 | Mean = 3.893194 | Best = 3.961232
GA | iter = 743 | Mean = 3.820619 | Best = 3.961232
GA | iter = 744 | Mean = 3.665576 | Best = 3.961232
GA | iter = 745 | Mean = 3.894388 | Best = 3.961232
GA | iter = 746 | Mean = 3.710627 | Best = 3.961232
GA | iter = 747 | Mean = 3.413135 | Best = 3.961232
GA | iter = 748 | Mean = 3.632603 | Best = 3.961232
GA | iter = 749 | Mean = 3.822440 | Best = 3.961232
GA | iter = 750 | Mean = 3.561727 | Best = 3.961232
GA | iter = 751 | Mean = 3.436253 | Best = 3.961232
GA | iter = 752 | Mean = 3.447530 | Best = 3.961232
GA | iter = 753 | Mean = 3.691823 | Best = 3.961232
GA | iter = 754 | Mean = 3.780188 | Best = 3.961232
GA | iter = 755 | Mean = 3.956018 | Best = 3.961232
GA | iter = 756 | Mean = 3.563157 | Best = 3.961232
GA | iter = 757 | Mean = 3.300908 | Best = 3.961241
GA | iter = 758 | Mean = 3.706800 | Best = 3.961241
GA | iter = 759 | Mean = 3.452465 | Best = 3.961241
GA | iter = 760 | Mean = 3.551138 | Best = 3.961241
GA | iter = 761 | Mean = 3.530657 | Best = 3.961241
GA | iter = 762 | Mean = 3.810242 | Best = 3.961241
GA | iter = 763 | Mean = 3.643327 | Best = 3.961255
GA | iter = 764 | Mean = 3.667604 | Best = 3.961255
GA | iter = 765 | Mean = 3.940784 | Best = 3.961255
GA | iter = 766 | Mean = 3.110130 | Best = 3.961255
GA | iter = 767 | Mean = 3.958844 | Best = 3.961255
GA | iter = 768 | Mean = 3.681642 | Best = 3.961255
GA | iter = 769 | Mean = 3.959474 | Best = 3.961255
GA | iter = 770 | Mean = 3.540772 | Best = 3.961255
GA | iter = 771 | Mean = 3.448323 | Best = 3.961255
GA | iter = 772 | Mean = 3.413787 | Best = 3.961255
GA | iter = 773 | Mean = 3.647916 | Best = 3.961255
GA | iter = 774 | Mean = 3.405644 | Best = 3.961255
GA | iter = 775 | Mean = 3.556585 | Best = 3.961255
GA | iter = 776 | Mean = 3.668544 | Best = 3.961255
GA | iter = 777 | Mean = 3.629832 | Best = 3.970254
GA | iter = 778 | Mean = 3.813267 | Best = 3.970254
GA | iter = 779 | Mean = 3.231198 | Best = 3.970254
GA | iter = 780 | Mean = 3.481037 | Best = 3.970254
GA | iter = 781 | Mean = 3.242484 | Best = 4.004882
GA | iter = 782 | Mean = 3.721721 | Best = 4.004882
GA | iter = 783 | Mean = 3.572425 | Best = 4.004882
GA | iter = 784 | Mean = 3.624689 | Best = 4.004882
GA | iter = 785 | Mean = 3.312161 | Best = 4.004882
GA | iter = 786 | Mean = 3.314169 | Best = 4.004882
GA | iter = 787 | Mean = 3.851115 | Best = 4.004882
GA | iter = 788 | Mean = 3.561108 | Best = 4.004882
GA | iter = 789 | Mean = 3.641613 | Best = 4.004882
GA | iter = 790 | Mean = 3.730183 | Best = 4.004882
GA | iter = 791 | Mean = 3.911134 | Best = 4.004882
GA | iter = 792 | Mean = 3.399179 | Best = 4.004882
GA | iter = 793 | Mean = 3.666079 | Best = 4.004882
GA | iter = 794 | Mean = 3.459772 | Best = 4.004882
GA | iter = 795 | Mean = 3.460145 | Best = 4.005421
GA | iter = 796 | Mean = 3.611363 | Best = 4.005421
GA | iter = 797 | Mean = 3.500548 | Best = 4.005421
GA | iter = 798 | Mean = 3.914333 | Best = 4.005421
GA | iter = 799 | Mean = 3.826686 | Best = 4.005421
GA | iter = 800 | Mean = 3.738737 | Best = 4.005421
GA | iter = 801 | Mean = 3.594268 | Best = 4.005421
GA | iter = 802 | Mean = 3.976920 | Best = 4.007739
GA | iter = 803 | Mean = 3.736930 | Best = 4.007739
GA | iter = 804 | Mean = 3.624415 | Best = 4.007739
GA | iter = 805 | Mean = 3.263711 | Best = 4.007739
GA | iter = 806 | Mean = 3.552062 | Best = 4.007739
GA | iter = 807 | Mean = 3.440035 | Best = 4.022485
GA | iter = 808 | Mean = 3.825932 | Best = 4.022485
GA | iter = 809 | Mean = 3.828723 | Best = 4.022485
GA | iter = 810 | Mean = 3.693319 | Best = 4.022485
GA | iter = 811 | Mean = 3.555192 | Best = 4.022485
GA | iter = 812 | Mean = 3.830151 | Best = 4.022485
GA | iter = 813 | Mean = 3.829822 | Best = 4.022485
GA | iter = 814 | Mean = 3.689606 | Best = 4.022485
GA | iter = 815 | Mean = 3.823222 | Best = 4.022485
GA | iter = 816 | Mean = 3.686712 | Best = 4.022485
GA | iter = 817 | Mean = 3.335069 | Best = 4.022485
GA | iter = 818 | Mean = 3.639634 | Best = 4.022485
GA | iter = 819 | Mean = 3.386945 | Best = 4.022485
GA | iter = 820 | Mean = 2.948291 | Best = 4.022485
GA | iter = 821 | Mean = 3.579356 | Best = 4.022485
GA | iter = 822 | Mean = 3.377046 | Best = 4.022485
GA | iter = 823 | Mean = 3.512125 | Best = 4.022485
GA | iter = 824 | Mean = 3.645034 | Best = 4.022485
GA | iter = 825 | Mean = 3.887396 | Best = 4.022485
GA | iter = 826 | Mean = 3.516720 | Best = 4.022485
GA | iter = 827 | Mean = 3.600528 | Best = 4.022485
GA | iter = 828 | Mean = 3.527315 | Best = 4.022485
GA | iter = 829 | Mean = 3.402914 | Best = 4.022485
GA | iter = 830 | Mean = 3.685200 | Best = 4.022485
GA | iter = 831 | Mean = 3.825780 | Best = 4.022485
GA | iter = 832 | Mean = 3.678270 | Best = 4.022485
GA | iter = 833 | Mean = 3.878439 | Best = 4.022485
GA | iter = 834 | Mean = 3.797432 | Best = 4.022485
GA | iter = 835 | Mean = 3.923202 | Best = 4.022485
GA | iter = 836 | Mean = 3.468541 | Best = 4.022485
GA | iter = 837 | Mean = 3.932067 | Best = 4.022485
GA | iter = 838 | Mean = 3.928464 | Best = 4.022485
GA | iter = 839 | Mean = 3.368245 | Best = 4.022485
GA | iter = 840 | Mean = 3.505377 | Best = 4.022485
GA | iter = 841 | Mean = 3.602566 | Best = 4.022485
GA | iter = 842 | Mean = 3.228426 | Best = 4.022485
GA | iter = 843 | Mean = 3.741112 | Best = 4.022485
GA | iter = 844 | Mean = 3.843316 | Best = 4.029386
GA | iter = 845 | Mean = 3.853622 | Best = 4.029386
GA | iter = 846 | Mean = 3.711524 | Best = 4.029386
GA | iter = 847 | Mean = 3.774105 | Best = 4.029386
GA | iter = 848 | Mean = 4.001558 | Best = 4.029386
GA | iter = 849 | Mean = 3.826210 | Best = 4.029386
GA | iter = 850 | Mean = 3.450276 | Best = 4.029386
GA | iter = 851 | Mean = 3.544791 | Best = 4.029386
GA | iter = 852 | Mean = 3.587895 | Best = 4.036710
GA | iter = 853 | Mean = 3.420877 | Best = 4.039475
GA | iter = 854 | Mean = 3.755467 | Best = 4.047355
GA | iter = 855 | Mean = 3.556963 | Best = 4.047355
GA | iter = 856 | Mean = 3.817293 | Best = 4.054971
GA | iter = 857 | Mean = 3.943028 | Best = 4.054971
GA | iter = 858 | Mean = 4.011231 | Best = 4.054971
GA | iter = 859 | Mean = 3.897834 | Best = 4.054971
GA | iter = 860 | Mean = 3.296115 | Best = 4.054971
GA | iter = 861 | Mean = 3.728057 | Best = 4.054971
GA | iter = 862 | Mean = 3.666792 | Best = 4.054971
GA | iter = 863 | Mean = 3.835221 | Best = 4.054971
GA | iter = 864 | Mean = 3.614272 | Best = 4.054971
GA | iter = 865 | Mean = 3.644916 | Best = 4.054971
GA | iter = 866 | Mean = 3.558425 | Best = 4.054971
GA | iter = 867 | Mean = 3.613584 | Best = 4.054971
GA | iter = 868 | Mean = 3.741530 | Best = 4.054971
GA | iter = 869 | Mean = 3.152908 | Best = 4.055547
GA | iter = 870 | Mean = 3.647886 | Best = 4.055547
GA | iter = 871 | Mean = 3.676362 | Best = 4.055547
GA | iter = 872 | Mean = 3.416954 | Best = 4.055547
GA | iter = 873 | Mean = 3.812145 | Best = 4.055547
GA | iter = 874 | Mean = 3.738625 | Best = 4.055547
GA | iter = 875 | Mean = 3.178892 | Best = 4.055547
GA | iter = 876 | Mean = 3.401531 | Best = 4.055547
GA | iter = 877 | Mean = 3.400259 | Best = 4.055547
GA | iter = 878 | Mean = 3.857907 | Best = 4.055547
GA | iter = 879 | Mean = 3.830221 | Best = 4.055547
GA | iter = 880 | Mean = 3.837667 | Best = 4.055547
GA | iter = 881 | Mean = 3.596743 | Best = 4.055547
GA | iter = 882 | Mean = 3.496176 | Best = 4.055547
GA | iter = 883 | Mean = 3.679732 | Best = 4.055547
GA | iter = 884 | Mean = 3.848158 | Best = 4.055547
GA | iter = 885 | Mean = 3.870842 | Best = 4.055547
GA | iter = 886 | Mean = 3.843476 | Best = 4.055547
GA | iter = 887 | Mean = 4.013485 | Best = 4.055547
GA | iter = 888 | Mean = 3.588585 | Best = 4.055547
GA | iter = 889 | Mean = 3.595407 | Best = 4.055547
GA | iter = 890 | Mean = 3.586645 | Best = 4.055547
GA | iter = 891 | Mean = 3.591566 | Best = 4.066795
GA | iter = 892 | Mean = 3.897745 | Best = 4.066795
GA | iter = 893 | Mean = 3.611722 | Best = 4.066795
GA | iter = 894 | Mean = 3.597915 | Best = 4.066795
GA | iter = 895 | Mean = 3.661124 | Best = 4.066795
GA | iter = 896 | Mean = 3.815004 | Best = 4.066795
GA | iter = 897 | Mean = 3.697631 | Best = 4.066795
GA | iter = 898 | Mean = 3.424787 | Best = 4.066795
GA | iter = 899 | Mean = 3.692327 | Best = 4.066795
GA | iter = 900 | Mean = 3.221582 | Best = 4.066795
GA | iter = 901 | Mean = 3.677526 | Best = 4.066795
GA | iter = 902 | Mean = 3.598334 | Best = 4.066795
GA | iter = 903 | Mean = 3.425642 | Best = 4.066795
GA | iter = 904 | Mean = 3.448530 | Best = 4.066795
GA | iter = 905 | Mean = 3.565517 | Best = 4.066795
GA | iter = 906 | Mean = 3.905450 | Best = 4.066795
GA | iter = 907 | Mean = 3.850853 | Best = 4.066795
GA | iter = 908 | Mean = 3.870546 | Best = 4.066795
GA | iter = 909 | Mean = 3.564973 | Best = 4.066795
GA | iter = 910 | Mean = 3.728040 | Best = 4.066795
GA | iter = 911 | Mean = 4.029744 | Best = 4.066795
GA | iter = 912 | Mean = 3.454772 | Best = 4.066795
GA | iter = 913 | Mean = 3.613214 | Best = 4.066795
GA | iter = 914 | Mean = 3.793113 | Best = 4.066795
GA | iter = 915 | Mean = 3.867799 | Best = 4.066795
GA | iter = 916 | Mean = 3.699552 | Best = 4.066795
GA | iter = 917 | Mean = 3.518491 | Best = 4.066795
GA | iter = 918 | Mean = 3.704836 | Best = 4.066795
GA | iter = 919 | Mean = 3.710807 | Best = 4.066795
GA | iter = 920 | Mean = 3.753779 | Best = 4.066795
GA | iter = 921 | Mean = 3.757946 | Best = 4.066795
GA | iter = 922 | Mean = 3.637684 | Best = 4.066795
GA | iter = 923 | Mean = 3.584174 | Best = 4.066795
GA | iter = 924 | Mean = 3.772285 | Best = 4.066795
GA | iter = 925 | Mean = 3.435997 | Best = 4.066795
GA | iter = 926 | Mean = 3.917491 | Best = 4.066795
GA | iter = 927 | Mean = 3.942357 | Best = 4.066795
GA | iter = 928 | Mean = 3.614529 | Best = 4.066795
GA | iter = 929 | Mean = 3.600299 | Best = 4.066795
GA | iter = 930 | Mean = 3.477512 | Best = 4.066795
GA | iter = 931 | Mean = 3.639341 | Best = 4.066795
GA | iter = 932 | Mean = 3.550766 | Best = 4.066795
GA | iter = 933 | Mean = 3.097029 | Best = 4.066795
GA | iter = 934 | Mean = 3.405607 | Best = 4.066795
GA | iter = 935 | Mean = 3.480727 | Best = 4.066795
GA | iter = 936 | Mean = 3.624199 | Best = 4.066795
GA | iter = 937 | Mean = 4.002659 | Best = 4.066795
GA | iter = 938 | Mean = 4.040088 | Best = 4.066795
GA | iter = 939 | Mean = 4.048549 | Best = 4.066795
GA | iter = 940 | Mean = 3.811470 | Best = 4.066795
GA | iter = 941 | Mean = 3.880369 | Best = 4.066795
GA | iter = 942 | Mean = 3.889313 | Best = 4.066795
GA | iter = 943 | Mean = 3.458228 | Best = 4.066795
GA | iter = 944 | Mean = 3.748019 | Best = 4.066795
GA | iter = 945 | Mean = 3.825222 | Best = 4.066795
GA | iter = 946 | Mean = 4.024336 | Best = 4.066795
GA | iter = 947 | Mean = 3.940430 | Best = 4.066795
GA | iter = 948 | Mean = 3.653030 | Best = 4.066795
GA | iter = 949 | Mean = 3.910081 | Best = 4.066795
GA | iter = 950 | Mean = 3.788518 | Best = 4.066795
GA | iter = 951 | Mean = 3.535328 | Best = 4.066795
GA | iter = 952 | Mean = 3.942131 | Best = 4.066795
GA | iter = 953 | Mean = 3.801765 | Best = 4.066795
GA | iter = 954 | Mean = 3.584576 | Best = 4.066795
GA | iter = 955 | Mean = 3.913335 | Best = 4.066795
GA | iter = 956 | Mean = 3.789315 | Best = 4.066795
GA | iter = 957 | Mean = 3.845962 | Best = 4.066795
GA | iter = 958 | Mean = 3.952645 | Best = 4.066795
GA | iter = 959 | Mean = 3.897927 | Best = 4.066795
GA | iter = 960 | Mean = 4.049641 | Best = 4.066795
GA | iter = 961 | Mean = 3.716585 | Best = 4.066795
GA | iter = 962 | Mean = 3.734913 | Best = 4.066795
GA | iter = 963 | Mean = 3.810932 | Best = 4.066795
GA | iter = 964 | Mean = 3.621342 | Best = 4.066795
GA | iter = 965 | Mean = 3.742840 | Best = 4.066795
GA | iter = 966 | Mean = 3.871014 | Best = 4.066795
GA | iter = 967 | Mean = 3.494478 | Best = 4.066795
GA | iter = 968 | Mean = 4.060414 | Best = 4.066795
GA | iter = 969 | Mean = 3.968330 | Best = 4.066795
GA | iter = 970 | Mean = 3.570202 | Best = 4.066795
GA | iter = 971 | Mean = 3.533292 | Best = 4.066795
GA | iter = 972 | Mean = 3.963324 | Best = 4.066795
GA | iter = 973 | Mean = 3.592723 | Best = 4.066795
GA | iter = 974 | Mean = 3.914566 | Best = 4.066795
GA | iter = 975 | Mean = 3.650273 | Best = 4.066795
GA | iter = 976 | Mean = 3.999698 | Best = 4.066795
GA | iter = 977 | Mean = 3.922862 | Best = 4.066795
GA | iter = 978 | Mean = 3.598474 | Best = 4.066795
GA | iter = 979 | Mean = 3.495118 | Best = 4.066795
GA | iter = 980 | Mean = 3.876356 | Best = 4.066795
GA | iter = 981 | Mean = 3.782329 | Best = 4.066795
GA | iter = 982 | Mean = 3.186420 | Best = 4.066941
GA | iter = 983 | Mean = 3.326555 | Best = 4.066941
GA | iter = 984 | Mean = 3.680102 | Best = 4.066945
GA | iter = 985 | Mean = 3.503095 | Best = 4.066945
GA | iter = 986 | Mean = 3.582987 | Best = 4.066945
GA | iter = 987 | Mean = 3.863605 | Best = 4.066945
GA | iter = 988 | Mean = 3.783301 | Best = 4.066945
GA | iter = 989 | Mean = 3.540080 | Best = 4.066945
GA | iter = 990 | Mean = 3.567718 | Best = 4.066945
GA | iter = 991 | Mean = 3.885544 | Best = 4.066945
GA | iter = 992 | Mean = 3.771108 | Best = 4.066945
GA | iter = 993 | Mean = 3.918430 | Best = 4.066945
GA | iter = 994 | Mean = 3.811001 | Best = 4.066961
GA | iter = 995 | Mean = 3.734286 | Best = 4.066961
GA | iter = 996 | Mean = 3.711175 | Best = 4.067042
GA | iter = 997 | Mean = 3.900029 | Best = 4.067042
GA | iter = 998 | Mean = 3.892192 | Best = 4.067042
GA | iter = 999 | Mean = 4.041764 | Best = 4.067042
GA | iter = 1000 | Mean = 3.789377 | Best = 4.067042
GA | iter = 1001 | Mean = 3.557356 | Best = 4.067042
GA | iter = 1002 | Mean = 3.688088 | Best = 4.067042
GA | iter = 1003 | Mean = 3.164267 | Best = 4.067042
GA | iter = 1004 | Mean = 3.166168 | Best = 4.067042
GA | iter = 1005 | Mean = 3.582942 | Best = 4.067042
GA | iter = 1006 | Mean = 3.789335 | Best = 4.104294
GA | iter = 1007 | Mean = 3.921552 | Best = 4.108328
GA | iter = 1008 | Mean = 4.013391 | Best = 4.109372
GA | iter = 1009 | Mean = 3.777524 | Best = 4.109372
GA | iter = 1010 | Mean = 3.788287 | Best = 4.109372
GA | iter = 1011 | Mean = 4.069925 | Best = 4.109372
GA | iter = 1012 | Mean = 3.931276 | Best = 4.109372
GA | iter = 1013 | Mean = 3.833517 | Best = 4.109372
GA | iter = 1014 | Mean = 3.687137 | Best = 4.109372
GA | iter = 1015 | Mean = 4.051695 | Best = 4.109372
GA | iter = 1016 | Mean = 3.951269 | Best = 4.109372
GA | iter = 1017 | Mean = 3.861781 | Best = 4.109372
GA | iter = 1018 | Mean = 3.591705 | Best = 4.109372
GA | iter = 1019 | Mean = 3.852269 | Best = 4.109372
GA | iter = 1020 | Mean = 3.949421 | Best = 4.109372
GA | iter = 1021 | Mean = 3.885668 | Best = 4.109372
GA | iter = 1022 | Mean = 3.634456 | Best = 4.109372
GA | iter = 1023 | Mean = 3.672768 | Best = 4.109372
GA | iter = 1024 | Mean = 3.747524 | Best = 4.109372
GA | iter = 1025 | Mean = 3.341351 | Best = 4.109372
GA | iter = 1026 | Mean = 4.101114 | Best = 4.109372
GA | iter = 1027 | Mean = 4.103189 | Best = 4.109372
GA | iter = 1028 | Mean = 3.960797 | Best = 4.110362
GA | iter = 1029 | Mean = 3.961061 | Best = 4.110362
GA | iter = 1030 | Mean = 3.995809 | Best = 4.110362
GA | iter = 1031 | Mean = 3.931354 | Best = 4.110362
GA | iter = 1032 | Mean = 3.840683 | Best = 4.110362
GA | iter = 1033 | Mean = 3.762882 | Best = 4.110362
GA | iter = 1034 | Mean = 3.920312 | Best = 4.110362
GA | iter = 1035 | Mean = 3.793846 | Best = 4.112482
GA | iter = 1036 | Mean = 3.954007 | Best = 4.112482
GA | iter = 1037 | Mean = 3.509401 | Best = 4.112482
GA | iter = 1038 | Mean = 3.711180 | Best = 4.112482
GA | iter = 1039 | Mean = 3.456252 | Best = 4.112482
GA | iter = 1040 | Mean = 3.827174 | Best = 4.112939
GA | iter = 1041 | Mean = 3.628788 | Best = 4.112939
GA | iter = 1042 | Mean = 3.967203 | Best = 4.112939
GA | iter = 1043 | Mean = 4.052076 | Best = 4.112939
GA | iter = 1044 | Mean = 3.644521 | Best = 4.112939
GA | iter = 1045 | Mean = 3.949559 | Best = 4.112939
GA | iter = 1046 | Mean = 3.676805 | Best = 4.112939
GA | iter = 1047 | Mean = 3.969437 | Best = 4.112939
GA | iter = 1048 | Mean = 3.952209 | Best = 4.112939
GA | iter = 1049 | Mean = 3.396096 | Best = 4.112939
GA | iter = 1050 | Mean = 3.307850 | Best = 4.112939
GA | iter = 1051 | Mean = 3.471856 | Best = 4.112939
GA | iter = 1052 | Mean = 3.403173 | Best = 4.112939
GA | iter = 1053 | Mean = 3.425226 | Best = 4.112939
GA | iter = 1054 | Mean = 3.569766 | Best = 4.112939
GA | iter = 1055 | Mean = 3.512856 | Best = 4.112939
GA | iter = 1056 | Mean = 3.728187 | Best = 4.112939
GA | iter = 1057 | Mean = 4.110897 | Best = 4.112939
GA | iter = 1058 | Mean = 4.094042 | Best = 4.112939
GA | iter = 1059 | Mean = 3.994451 | Best = 4.112939
GA | iter = 1060 | Mean = 3.846430 | Best = 4.112939
GA | iter = 1061 | Mean = 4.097288 | Best = 4.112939
GA | iter = 1062 | Mean = 3.315724 | Best = 4.112939
GA | iter = 1063 | Mean = 3.767807 | Best = 4.112939
GA | iter = 1064 | Mean = 3.788698 | Best = 4.112939
GA | iter = 1065 | Mean = 3.777676 | Best = 4.112939
GA | iter = 1066 | Mean = 3.778811 | Best = 4.112939
GA | iter = 1067 | Mean = 3.748904 | Best = 4.112939
GA | iter = 1068 | Mean = 4.100381 | Best = 4.112939
GA | iter = 1069 | Mean = 3.926590 | Best = 4.112939
GA | iter = 1070 | Mean = 4.080198 | Best = 4.112939
GA | iter = 1071 | Mean = 3.809970 | Best = 4.112939
GA | iter = 1072 | Mean = 4.068532 | Best = 4.112939
GA | iter = 1073 | Mean = 3.986830 | Best = 4.112939
GA | iter = 1074 | Mean = 3.964836 | Best = 4.112939
GA | iter = 1075 | Mean = 3.847466 | Best = 4.112939
GA | iter = 1076 | Mean = 3.967126 | Best = 4.112939
GA | iter = 1077 | Mean = 3.747745 | Best = 4.112939
GA | iter = 1078 | Mean = 3.895638 | Best = 4.112939
GA | iter = 1079 | Mean = 3.922986 | Best = 4.112939
GA | iter = 1080 | Mean = 3.373878 | Best = 4.112939
GA | iter = 1081 | Mean = 3.974569 | Best = 4.112939
GA | iter = 1082 | Mean = 3.777600 | Best = 4.112939
GA | iter = 1083 | Mean = 3.614599 | Best = 4.112939
GA | iter = 1084 | Mean = 3.748881 | Best = 4.112939
GA | iter = 1085 | Mean = 3.770685 | Best = 4.112939
GA | iter = 1086 | Mean = 3.889923 | Best = 4.112939
GA | iter = 1087 | Mean = 3.684237 | Best = 4.112939
GA | iter = 1088 | Mean = 2.911221 | Best = 4.112939
GA | iter = 1089 | Mean = 3.823358 | Best = 4.112939
GA | iter = 1090 | Mean = 3.400259 | Best = 4.112939
GA | iter = 1091 | Mean = 3.517677 | Best = 4.169289
GA | iter = 1092 | Mean = 3.751175 | Best = 4.170053
GA | iter = 1093 | Mean = 3.905475 | Best = 4.170053
GA | iter = 1094 | Mean = 3.759574 | Best = 4.175006
GA | iter = 1095 | Mean = 4.041683 | Best = 4.175006
GA | iter = 1096 | Mean = 4.105888 | Best = 4.176055
GA | iter = 1097 | Mean = 3.928718 | Best = 4.176055
GA | iter = 1098 | Mean = 3.652092 | Best = 4.176055
GA | iter = 1099 | Mean = 4.136191 | Best = 4.176055
GA | iter = 1100 | Mean = 4.008581 | Best = 4.176055
GA | iter = 1101 | Mean = 3.966208 | Best = 4.176055
GA | iter = 1102 | Mean = 3.770760 | Best = 4.176055
GA | iter = 1103 | Mean = 3.835389 | Best = 4.176055
GA | iter = 1104 | Mean = 3.893456 | Best = 4.176055
GA | iter = 1105 | Mean = 3.512928 | Best = 4.176055
GA | iter = 1106 | Mean = 3.824782 | Best = 4.176055
GA | iter = 1107 | Mean = 3.852498 | Best = 4.176055
GA | iter = 1108 | Mean = 3.751763 | Best = 4.176055
GA | iter = 1109 | Mean = 3.902234 | Best = 4.176055
GA | iter = 1110 | Mean = 4.029211 | Best = 4.176055
GA | iter = 1111 | Mean = 3.896849 | Best = 4.176055
GA | iter = 1112 | Mean = 3.794777 | Best = 4.176055
GA | iter = 1113 | Mean = 4.076149 | Best = 4.176055
GA | iter = 1114 | Mean = 3.773768 | Best = 4.176055
GA | iter = 1115 | Mean = 3.726612 | Best = 4.176055
GA | iter = 1116 | Mean = 3.609761 | Best = 4.176055
GA | iter = 1117 | Mean = 4.144272 | Best = 4.185307
GA | iter = 1118 | Mean = 3.896944 | Best = 4.218179
GA | iter = 1119 | Mean = 3.869815 | Best = 4.247369
GA | iter = 1120 | Mean = 4.02742 | Best = 4.26192
GA | iter = 1121 | Mean = 3.91113 | Best = 4.26563
GA | iter = 1122 | Mean = 4.121286 | Best = 4.265630
GA | iter = 1123 | Mean = 3.923579 | Best = 4.265630
GA | iter = 1124 | Mean = 3.62045 | Best = 4.26563
GA | iter = 1125 | Mean = 3.92909 | Best = 4.26563
GA | iter = 1126 | Mean = 3.834947 | Best = 4.267796
GA | iter = 1127 | Mean = 3.945180 | Best = 4.267796
GA | iter = 1128 | Mean = 3.581992 | Best = 4.267796
GA | iter = 1129 | Mean = 3.760625 | Best = 4.267796
GA | iter = 1130 | Mean = 3.747465 | Best = 4.267796
GA | iter = 1131 | Mean = 3.953758 | Best = 4.267796
GA | iter = 1132 | Mean = 3.744044 | Best = 4.267796
GA | iter = 1133 | Mean = 3.624365 | Best = 4.267796
GA | iter = 1134 | Mean = 3.630909 | Best = 4.267796
GA | iter = 1135 | Mean = 3.772359 | Best = 4.267796
GA | iter = 1136 | Mean = 3.299781 | Best = 4.267796
GA | iter = 1137 | Mean = 3.595936 | Best = 4.267796
GA | iter = 1138 | Mean = 3.893335 | Best = 4.267796
GA | iter = 1139 | Mean = 3.731799 | Best = 4.267796
GA | iter = 1140 | Mean = 3.899636 | Best = 4.267796
GA | iter = 1141 | Mean = 4.180668 | Best = 4.267796
GA | iter = 1142 | Mean = 3.682060 | Best = 4.267796
GA | iter = 1143 | Mean = 3.785936 | Best = 4.267796
GA | iter = 1144 | Mean = 3.912537 | Best = 4.267796
GA | iter = 1145 | Mean = 3.885049 | Best = 4.267796
GA | iter = 1146 | Mean = 3.996470 | Best = 4.267796
GA | iter = 1147 | Mean = 3.751683 | Best = 4.267796
GA | iter = 1148 | Mean = 4.046389 | Best = 4.267796
GA | iter = 1149 | Mean = 3.933376 | Best = 4.267796
GA | iter = 1150 | Mean = 3.911929 | Best = 4.267796
GA | iter = 1151 | Mean = 3.905572 | Best = 4.267796
GA | iter = 1152 | Mean = 3.755150 | Best = 4.267796
GA | iter = 1153 | Mean = 3.993907 | Best = 4.267796
GA | iter = 1154 | Mean = 4.037723 | Best = 4.267796
GA | iter = 1155 | Mean = 3.577159 | Best = 4.267796
GA | iter = 1156 | Mean = 3.671928 | Best = 4.267796
GA | iter = 1157 | Mean = 3.771173 | Best = 4.267796
GA | iter = 1158 | Mean = 4.007855 | Best = 4.267796
GA | iter = 1159 | Mean = 3.959880 | Best = 4.267796
GA | iter = 1160 | Mean = 3.851835 | Best = 4.267796
GA | iter = 1161 | Mean = 3.779828 | Best = 4.267796
GA | iter = 1162 | Mean = 3.610955 | Best = 4.267796
GA | iter = 1163 | Mean = 3.951631 | Best = 4.267796
GA | iter = 1164 | Mean = 3.697305 | Best = 4.267796
GA | iter = 1165 | Mean = 4.083065 | Best = 4.267796
GA | iter = 1166 | Mean = 4.199626 | Best = 4.267796
GA | iter = 1167 | Mean = 3.996962 | Best = 4.267796
GA | iter = 1168 | Mean = 4.163818 | Best = 4.267796
GA | iter = 1169 | Mean = 3.846111 | Best = 4.267796
GA | iter = 1170 | Mean = 4.091521 | Best = 4.267796
GA | iter = 1171 | Mean = 3.953303 | Best = 4.267796
GA | iter = 1172 | Mean = 3.827964 | Best = 4.267796
GA | iter = 1173 | Mean = 3.517806 | Best = 4.267796
GA | iter = 1174 | Mean = 3.994346 | Best = 4.267796
GA | iter = 1175 | Mean = 4.185848 | Best = 4.267796
GA | iter = 1176 | Mean = 4.116269 | Best = 4.267796
GA | iter = 1177 | Mean = 4.107125 | Best = 4.267796
GA | iter = 1178 | Mean = 4.136364 | Best = 4.267796
GA | iter = 1179 | Mean = 4.118288 | Best = 4.267796
GA | iter = 1180 | Mean = 3.784678 | Best = 4.267796
GA | iter = 1181 | Mean = 3.671254 | Best = 4.267796
