[1] "MePhO2SOPh-v1-v5"   "7.85e-04"           "0.025"             
[4] "Model-2P-C-2021.R0" "Model-2P-C-2021.R1" "Model-2P-C-2021.R2"
      t            C
1     0 0.000000e+00
2    30 2.524574e-06
3    60 4.697656e-06
4   120 1.021432e-05
5   150 1.166521e-05
6   180 1.286772e-05
7   240 1.900131e-05
8   300 2.049552e-05
9   360 2.690015e-05
10  450 3.411646e-05
11  540 3.704057e-05
12  600 4.339499e-05
13  750 4.990042e-05
14 1050 6.974669e-05
[1] 0.000785 0.025000
[1] "Quality: 1400 1.947802e-04 3.710455"
[1] 0.0001947802
Nelder-Mead Opt
pQ0=3.710e+00

Step1  Qn=1.727e-06  pQn=5.762723  pQmin=3.710455
[1] "Quality: 1400 1.726939e-06 5.762723"
  pQ=5.762723  Q=1.727e-06  dQ=0.000193  [1] 0.0004935148 0.0118471567
Step2  Qn=1.731e-06  pQn=5.761619  pQmin=5.762723
Step3  Qn=1.730e-06  pQn=5.761893  pQmin=5.762723
Step4  Qn=1.724e-06  pQn=5.763442  pQmin=5.762723
[1] "Quality: 1400 1.724082e-06 5.763442"
  pQ=5.763442  Q=1.724e-06  dQ=0.000000  [1] -0.0005604794  0.0111233782
Step5  Qn=1.727e-06  pQn=5.762706  pQmin=5.763442
Step6  Qn=1.725e-06  pQn=5.763234  pQmin=5.763442
Step7  Qn=1.735e-06  pQn=5.760605  pQmin=5.763442
Step8  Qn=1.729e-06  pQn=5.762259  pQmin=5.763442
Step9  Qn=1.730e-06  pQn=5.761940  pQmin=5.763442
Step10  Qn=1.736e-06  pQn=5.760490  pQmin=5.763442
Step11  Qn=1.735e-06  pQn=5.760642  pQmin=5.763442
Step12  Qn=1.730e-06  pQn=5.762036  pQmin=5.763442
Step13  Qn=1.727e-06  pQn=5.762821  pQmin=5.763442
Step14  Qn=1.724e-06  pQn=5.763390  pQmin=5.763442
Step15  Qn=1.729e-06  pQn=5.762167  pQmin=5.763442
Step16  Qn=1.735e-06  pQn=5.760692  pQmin=5.763442
Step17  Qn=1.729e-06  pQn=5.762124  pQmin=5.763442
Step18  Qn=1.723e-06  pQn=5.763613  pQmin=5.763442
[1] "Quality: 1400 1.723405e-06 5.763613"
  pQ=5.763613  Q=1.723e-06  dQ=0.000000  [1] 0.0005784856 0.0109489037
Step19  Qn=1.730e-06  pQn=5.761898  pQmin=5.763613
Step20  Qn=1.730e-06  pQn=5.761980  pQmin=5.763613
Step21  Qn=1.728e-06  pQn=5.762345  pQmin=5.763613
Step22  Qn=1.731e-06  pQn=5.761724  pQmin=5.763613
Step23  Qn=1.725e-06  pQn=5.763206  pQmin=5.763613
Step24  Qn=1.733e-06  pQn=5.761232  pQmin=5.763613
Step25  Qn=1.730e-06  pQn=5.761841  pQmin=5.763613
Step26  Qn=1.731e-06  pQn=5.761588  pQmin=5.763613
Step27  Qn=1.730e-06  pQn=5.761848  pQmin=5.763613
Step28  Qn=1.726e-06  pQn=5.762868  pQmin=5.763613
Step29  Qn=1.733e-06  pQn=5.761217  pQmin=5.763613
Step30  Qn=1.727e-06  pQn=5.762720  pQmin=5.763613
Step31  Qn=1.728e-06  pQn=5.762513  pQmin=5.763613
Step32  Qn=1.729e-06  pQn=5.762320  pQmin=5.763613
Step33  Qn=1.728e-06  pQn=5.762465  pQmin=5.763613
Step34  Qn=1.723e-06  pQn=5.763618  pQmin=5.763613
[1] "Quality: 1400 1.723383e-06 5.763618"
  pQ=5.763618  Q=1.723e-06  dQ=0.000000  [1] -0.0005790441  0.0109436879
Step35  Qn=1.727e-06  pQn=5.762642  pQmin=5.763618
Step36  Qn=1.727e-06  pQn=5.762680  pQmin=5.763618
Step37  Qn=1.725e-06  pQn=5.763310  pQmin=5.763618
Step38  Qn=1.725e-06  pQn=5.763149  pQmin=5.763618
Step39  Qn=1.729e-06  pQn=5.762161  pQmin=5.763618
Step40  Qn=1.729e-06  pQn=5.762325  pQmin=5.763618
Step41  Qn=1.723e-06  pQn=5.763742  pQmin=5.763618
[1] "Quality: 1400 1.722893e-06 5.763742"
  pQ=5.763742  Q=1.723e-06  dQ=0.000000  [1] 0.0005923069 0.0108204886
Step42  Qn=1.725e-06  pQn=5.763312  pQmin=5.763742
Step43  Qn=1.721e-06  pQn=5.764114  pQmin=5.763742
[1] "Quality: 1400 1.721416e-06 5.764114"
  pQ=5.764114  Q=1.721e-06  dQ=0.000000  [1] -0.0006357024  0.0104431339
Step44  Qn=1.730e-06  pQn=5.761911  pQmin=5.764114
Step45  Qn=1.725e-06  pQn=5.763147  pQmin=5.764114
Step46  Qn=1.731e-06  pQn=5.761662  pQmin=5.764114
Step47  Qn=1.729e-06  pQn=5.762232  pQmin=5.764114
Step48  Qn=1.732e-06  pQn=5.761452  pQmin=5.764114
Step49  Qn=1.736e-06  pQn=5.760407  pQmin=5.764114
Step50  Qn=1.728e-06  pQn=5.762580  pQmin=5.764114
Step51  Qn=1.734e-06  pQn=5.761055  pQmin=5.764114
Step52  Qn=1.738e-06  pQn=5.759973  pQmin=5.764114
Step53  Qn=1.719e-06  pQn=5.764695  pQmin=5.764114
[1] "Quality: 1400 1.719114e-06 5.764695"
  pQ=5.764695  Q=1.719e-06  dQ=0.000000  [1] 0.0007044358 0.0099208991
Step54  Qn=1.725e-06  pQn=5.763159  pQmin=5.764695
Step55  Qn=1.734e-06  pQn=5.760992  pQmin=5.764695
Step56  Qn=1.724e-06  pQn=5.763494  pQmin=5.764695
Step57  Qn=1.725e-06  pQn=5.763280  pQmin=5.764695
Step58  Qn=1.730e-06  pQn=5.761894  pQmin=5.764695
Step59  Qn=1.728e-06  pQn=5.762367  pQmin=5.764695
Step60  Qn=1.730e-06  pQn=5.762055  pQmin=5.764695
Step61  Qn=1.735e-06  pQn=5.760766  pQmin=5.764695
Step62  Qn=1.726e-06  pQn=5.762895  pQmin=5.764695
Step63  Qn=1.725e-06  pQn=5.763185  pQmin=5.764695
Step64  Qn=1.738e-06  pQn=5.759895  pQmin=5.764695
Step65  Qn=1.736e-06  pQn=5.760516  pQmin=5.764695
Step66  Qn=1.729e-06  pQn=5.762190  pQmin=5.764695
Step67  Qn=1.732e-06  pQn=5.761390  pQmin=5.764695
Step68  Qn=1.727e-06  pQn=5.762658  pQmin=5.764695
Step69  Qn=1.734e-06  pQn=5.760942  pQmin=5.764695
Step70  Qn=1.726e-06  pQn=5.762853  pQmin=5.764695
Step71  Qn=1.734e-06  pQn=5.760928  pQmin=5.764695
Step72  Qn=1.734e-06  pQn=5.760888  pQmin=5.764695
Step73  Qn=1.728e-06  pQn=5.762425  pQmin=5.764695
Step74  Qn=1.732e-06  pQn=5.761486  pQmin=5.764695
Step75  Qn=1.731e-06  pQn=5.761629  pQmin=5.764695
Step76  Qn=1.731e-06  pQn=5.761638  pQmin=5.764695
Step77  Qn=1.733e-06  pQn=5.761227  pQmin=5.764695
Step78  Qn=1.738e-06  pQn=5.760063  pQmin=5.764695
Step79  Qn=1.732e-06  pQn=5.761466  pQmin=5.764695
Step80  Qn=1.732e-06  pQn=5.761485  pQmin=5.764695
Step81  Qn=1.728e-06  pQn=5.762550  pQmin=5.764695
Step82  Qn=1.732e-06  pQn=5.761367  pQmin=5.764695
Step83  Qn=1.734e-06  pQn=5.760905  pQmin=5.764695
Step84  Qn=1.723e-06  pQn=5.763837  pQmin=5.764695
Step85  Qn=1.729e-06  pQn=5.762254  pQmin=5.764695
Step86  Qn=1.729e-06  pQn=5.762276  pQmin=5.764695
Step87  Qn=1.730e-06  pQn=5.762024  pQmin=5.764695
Step88  Qn=1.726e-06  pQn=5.762887  pQmin=5.764695
Step89  Qn=1.723e-06  pQn=5.763607  pQmin=5.764695
Step90  Qn=1.730e-06  pQn=5.761925  pQmin=5.764695
Step91  Qn=1.727e-06  pQn=5.762736  pQmin=5.764695
Step92  Qn=1.724e-06  pQn=5.763404  pQmin=5.764695
Step93  Qn=1.730e-06  pQn=5.761985  pQmin=5.764695
Step94  Qn=1.732e-06  pQn=5.761353  pQmin=5.764695
Step95  Qn=1.730e-06  pQn=5.761834  pQmin=5.764695
Step96  Qn=1.733e-06  pQn=5.761250  pQmin=5.764695
Step97  Qn=1.732e-06  pQn=5.761332  pQmin=5.764695
Step98  Qn=1.737e-06  pQn=5.760266  pQmin=5.764695
Step99  Qn=1.726e-06  pQn=5.762842  pQmin=5.764695
Step100  Qn=1.730e-06  pQn=5.761891  pQmin=5.764695
null device 
          1 
