[1] "PhO2SOPh-2021-v1-4n" "7.85e-04"            "0.025"              
[4] "Model-2P-C-2021.R0"  "Model-2P-C-2021.R1"  "Model-2P-C-2021.R2" 
      t          C
1     0 0.00000000
2    30 0.00056576
3    60 0.00058802
4   120 0.00100923
5   150 0.00102889
6   240 0.00179539
7   300 0.00166219
8   450 0.00243803
9   540 0.00306202
10  600 0.00317514
11  750 0.00356731
12  900 0.00449506
13 1050 0.00474492
14 1200 0.00476154
[1] 0.000785 0.025000
[1] "Quality: 1400 2.644243e-03 2.577699"
[1] 0.002644243
Nelder-Mead Opt
pQ0=2.578e+00

Step1  Qn=1.922e-04  pQn=3.716301  pQmin=2.577699
[1] "Quality: 1400 1.921758e-04 3.716301"
  pQ=3.716301  Q=1.922e-04  dQ=0.002452  [1] 0.07121278 0.01046127
Step2  Qn=1.922e-04  pQn=3.716301  pQmin=3.716301
[1] "Quality: 1400 1.921758e-04 3.716301"
  pQ=3.716301  Q=1.922e-04  dQ=0.000000  [1] 0.07121278 0.01046127
Step3  Qn=1.922e-04  pQn=3.716301  pQmin=3.716301
Step4  Qn=1.922e-04  pQn=3.716301  pQmin=3.716301
Step5  Qn=1.922e-04  pQn=3.716301  pQmin=3.716301
Step6  Qn=1.922e-04  pQn=3.716301  pQmin=3.716301
Step7  Qn=1.922e-04  pQn=3.716301  pQmin=3.716301
Step8  Qn=1.922e-04  pQn=3.716301  pQmin=3.716301
Step9  Qn=1.922e-04  pQn=3.716301  pQmin=3.716301
Step10  Qn=1.922e-04  pQn=3.716301  pQmin=3.716301
Step11  Qn=1.922e-04  pQn=3.716301  pQmin=3.716301
Step12  Qn=1.922e-04  pQn=3.716301  pQmin=3.716301
Step13  Qn=1.922e-04  pQn=3.716301  pQmin=3.716301
Step14  Qn=1.922e-04  pQn=3.716301  pQmin=3.716301
Step15  Qn=1.922e-04  pQn=3.716301  pQmin=3.716301
Step16  Qn=1.922e-04  pQn=3.716301  pQmin=3.716301
Step17  Qn=1.922e-04  pQn=3.716301  pQmin=3.716301
Step18  Qn=1.922e-04  pQn=3.716301  pQmin=3.716301
Step19  Qn=1.922e-04  pQn=3.716301  pQmin=3.716301
Step20  Qn=1.922e-04  pQn=3.716301  pQmin=3.716301
Step21  Qn=1.922e-04  pQn=3.716301  pQmin=3.716301
Step22  Qn=1.922e-04  pQn=3.716301  pQmin=3.716301
Step23  Qn=1.922e-04  pQn=3.716301  pQmin=3.716301
Step24  Qn=1.922e-04  pQn=3.716301  pQmin=3.716301
Step25  Qn=1.922e-04  pQn=3.716301  pQmin=3.716301
Step26  Qn=1.922e-04  pQn=3.716301  pQmin=3.716301
Step27  Qn=1.922e-04  pQn=3.716301  pQmin=3.716301
Step28  Qn=1.922e-04  pQn=3.716301  pQmin=3.716301
Step29  Qn=1.922e-04  pQn=3.716301  pQmin=3.716301
Step30  Qn=1.922e-04  pQn=3.716301  pQmin=3.716301
Step31  Qn=1.922e-04  pQn=3.716301  pQmin=3.716301
Step32  Qn=1.922e-04  pQn=3.716301  pQmin=3.716301
Step33  Qn=1.922e-04  pQn=3.716301  pQmin=3.716301
Step34  Qn=1.922e-04  pQn=3.716301  pQmin=3.716301
Step35  Qn=1.922e-04  pQn=3.716301  pQmin=3.716301
Step36  Qn=1.922e-04  pQn=3.716301  pQmin=3.716301
Step37  Qn=1.922e-04  pQn=3.716301  pQmin=3.716301
Step38  Qn=1.922e-04  pQn=3.716301  pQmin=3.716301
Step39  Qn=1.922e-04  pQn=3.716301  pQmin=3.716301
[1] "Quality: 1400 1.921758e-04 3.716301"
  pQ=3.716301  Q=1.922e-04  dQ=0.000000  [1] 0.07121278 0.01046127
Step40  Qn=1.922e-04  pQn=3.716301  pQmin=3.716301
Step41  Qn=1.922e-04  pQn=3.716301  pQmin=3.716301
Step42  Qn=1.922e-04  pQn=3.716301  pQmin=3.716301
Step43  Qn=1.922e-04  pQn=3.716301  pQmin=3.716301
Step44  Qn=1.922e-04  pQn=3.716301  pQmin=3.716301
Step45  Qn=1.922e-04  pQn=3.716301  pQmin=3.716301
Step46  Qn=1.922e-04  pQn=3.716301  pQmin=3.716301
Step47  Qn=1.922e-04  pQn=3.716301  pQmin=3.716301
Step48  Qn=1.922e-04  pQn=3.716301  pQmin=3.716301
Step49  Qn=1.922e-04  pQn=3.716301  pQmin=3.716301
[1] "Quality: 1400 1.921758e-04 3.716301"
  pQ=3.716301  Q=1.922e-04  dQ=0.000000  [1] 0.07121278 0.01046127
Step50  Qn=1.922e-04  pQn=3.716301  pQmin=3.716301
Step51  Qn=1.922e-04  pQn=3.716301  pQmin=3.716301
Step52  Qn=1.922e-04  pQn=3.716301  pQmin=3.716301
Step53  Qn=1.922e-04  pQn=3.716301  pQmin=3.716301
Step54  Qn=1.922e-04  pQn=3.716301  pQmin=3.716301
Step55  Qn=1.922e-04  pQn=3.716301  pQmin=3.716301
Step56  Qn=1.922e-04  pQn=3.716301  pQmin=3.716301
Step57  Qn=1.922e-04  pQn=3.716301  pQmin=3.716301
Step58  Qn=1.922e-04  pQn=3.716301  pQmin=3.716301
Step59  Qn=1.922e-04  pQn=3.716301  pQmin=3.716301
Step60  Qn=1.922e-04  pQn=3.716301  pQmin=3.716301
Step61  Qn=1.922e-04  pQn=3.716301  pQmin=3.716301
Step62  Qn=1.922e-04  pQn=3.716301  pQmin=3.716301
Step63  Qn=1.922e-04  pQn=3.716301  pQmin=3.716301
Step64  Qn=1.922e-04  pQn=3.716301  pQmin=3.716301
[1] "Quality: 1400 1.921758e-04 3.716301"
  pQ=3.716301  Q=1.922e-04  dQ=0.000000  [1] 0.07121278 0.01046127
Step65  Qn=1.922e-04  pQn=3.716301  pQmin=3.716301
Step66  Qn=1.922e-04  pQn=3.716301  pQmin=3.716301
Step67  Qn=1.922e-04  pQn=3.716301  pQmin=3.716301
Step68  Qn=1.922e-04  pQn=3.716301  pQmin=3.716301
Step69  Qn=1.922e-04  pQn=3.716301  pQmin=3.716301
Step70  Qn=1.922e-04  pQn=3.716301  pQmin=3.716301
Step71  Qn=1.922e-04  pQn=3.716301  pQmin=3.716301
Step72  Qn=1.922e-04  pQn=3.716301  pQmin=3.716301
Step73  Qn=1.922e-04  pQn=3.716301  pQmin=3.716301
Step74  Qn=1.922e-04  pQn=3.716301  pQmin=3.716301
Step75  Qn=1.922e-04  pQn=3.716301  pQmin=3.716301
Step76  Qn=1.922e-04  pQn=3.716301  pQmin=3.716301
Step77  Qn=1.922e-04  pQn=3.716301  pQmin=3.716301
Step78  Qn=1.922e-04  pQn=3.716301  pQmin=3.716301
Step79  Qn=1.922e-04  pQn=3.716301  pQmin=3.716301
Step80  Qn=1.922e-04  pQn=3.716301  pQmin=3.716301
Step81  Qn=1.922e-04  pQn=3.716301  pQmin=3.716301
Step82  Qn=1.922e-04  pQn=3.716301  pQmin=3.716301
Step83  Qn=1.922e-04  pQn=3.716301  pQmin=3.716301
Step84  Qn=1.922e-04  pQn=3.716301  pQmin=3.716301
Step85  Qn=1.922e-04  pQn=3.716301  pQmin=3.716301
Step86  Qn=1.922e-04  pQn=3.716301  pQmin=3.716301
Step87  Qn=1.922e-04  pQn=3.716301  pQmin=3.716301
Step88  Qn=1.922e-04  pQn=3.716301  pQmin=3.716301
Step89  Qn=1.922e-04  pQn=3.716301  pQmin=3.716301
Step90  Qn=1.922e-04  pQn=3.716301  pQmin=3.716301
Step91  Qn=1.922e-04  pQn=3.716301  pQmin=3.716301
Step92  Qn=1.922e-04  pQn=3.716301  pQmin=3.716301
Step93  Qn=1.922e-04  pQn=3.716301  pQmin=3.716301
Step94  Qn=1.922e-04  pQn=3.716301  pQmin=3.716301
Step95  Qn=1.922e-04  pQn=3.716301  pQmin=3.716301
Step96  Qn=1.922e-04  pQn=3.716301  pQmin=3.716301
Step97  Qn=1.922e-04  pQn=3.716301  pQmin=3.716301
Step98  Qn=1.922e-04  pQn=3.716301  pQmin=3.716301
Step99  Qn=1.922e-04  pQn=3.716301  pQmin=3.716301
Step100  Qn=1.922e-04  pQn=3.716301  pQmin=3.716301
null device 
          1 
