[1] "MePhO2SOPh-v1-v5" "7.85e-04"         "Model-1P.R0"      "Model-1P.R1"     
[5] "Model-1P.R2"     
      t            C
1     0 0.000000e+00
2    30 2.524574e-06
3    60 4.697656e-06
4   120 1.021432e-05
5   150 1.166521e-05
6   180 1.286772e-05
7   240 1.900131e-05
8   300 2.049552e-05
9   360 2.690015e-05
10  450 3.411646e-05
11  540 3.704057e-05
12  600 4.339499e-05
13  750 4.990042e-05
14 1050 6.974669e-05
[1] 0.000785
[1] "Quality: 1400 1.833325e-04 3.736760"
[1] 0.0001833325
Nelder-Mead Opt
pQ0=3.737e+00

Step1  Qn=1.389e-06  pQn=5.857185  pQmin=3.736760
[1] "Quality: 1400 1.389362e-06 5.857185"
  pQ=5.857185  Q=1.389e-06  dQ=0.000182  [1] 0.0004919954
Step2  Qn=1.389e-06  pQn=5.857185  pQmin=5.857185
[1] "Quality: 1400 1.389362e-06 5.857185"
  pQ=5.857185  Q=1.389e-06  dQ=0.000000  [1] 0.0004919954
Step3  Qn=1.389e-06  pQn=5.857185  pQmin=5.857185
[1] "Quality: 1400 1.389362e-06 5.857185"
  pQ=5.857185  Q=1.389e-06  dQ=0.000000  [1] 0.0004919954
Step4  Qn=1.389e-06  pQn=5.857185  pQmin=5.857185
Step5  Qn=1.389e-06  pQn=5.857185  pQmin=5.857185
Step6  Qn=1.389e-06  pQn=5.857185  pQmin=5.857185
Step7  Qn=1.389e-06  pQn=5.857185  pQmin=5.857185
Step8  Qn=1.389e-06  pQn=5.857185  pQmin=5.857185
Step9  Qn=1.389e-06  pQn=5.857185  pQmin=5.857185
Step10  Qn=1.389e-06  pQn=5.857185  pQmin=5.857185
Step11  Qn=1.389e-06  pQn=5.857185  pQmin=5.857185
Step12  Qn=1.389e-06  pQn=5.857185  pQmin=5.857185
Step13  Qn=1.389e-06  pQn=5.857185  pQmin=5.857185
Step14  Qn=1.389e-06  pQn=5.857185  pQmin=5.857185
Step15  Qn=1.389e-06  pQn=5.857185  pQmin=5.857185
Step16  Qn=1.389e-06  pQn=5.857185  pQmin=5.857185
Step17  Qn=1.389e-06  pQn=5.857185  pQmin=5.857185
Step18  Qn=1.389e-06  pQn=5.857185  pQmin=5.857185
Step19  Qn=1.389e-06  pQn=5.857185  pQmin=5.857185
Step20  Qn=1.389e-06  pQn=5.857185  pQmin=5.857185
Step21  Qn=1.389e-06  pQn=5.857185  pQmin=5.857185
Step22  Qn=1.389e-06  pQn=5.857185  pQmin=5.857185
Step23  Qn=1.389e-06  pQn=5.857185  pQmin=5.857185
Step24  Qn=1.389e-06  pQn=5.857185  pQmin=5.857185
Step25  Qn=1.389e-06  pQn=5.857185  pQmin=5.857185
Step26  Qn=1.389e-06  pQn=5.857185  pQmin=5.857185
Step27  Qn=1.389e-06  pQn=5.857185  pQmin=5.857185
Step28  Qn=1.389e-06  pQn=5.857185  pQmin=5.857185
Step29  Qn=1.389e-06  pQn=5.857185  pQmin=5.857185
Step30  Qn=1.389e-06  pQn=5.857185  pQmin=5.857185
Step31  Qn=1.389e-06  pQn=5.857185  pQmin=5.857185
Step32  Qn=1.389e-06  pQn=5.857185  pQmin=5.857185
Step33  Qn=1.389e-06  pQn=5.857185  pQmin=5.857185
Step34  Qn=1.389e-06  pQn=5.857185  pQmin=5.857185
Step35  Qn=1.389e-06  pQn=5.857185  pQmin=5.857185
Step36  Qn=1.389e-06  pQn=5.857185  pQmin=5.857185
Step37  Qn=1.389e-06  pQn=5.857185  pQmin=5.857185
Step38  Qn=1.389e-06  pQn=5.857185  pQmin=5.857185
Step39  Qn=1.389e-06  pQn=5.857185  pQmin=5.857185
Step40  Qn=1.389e-06  pQn=5.857185  pQmin=5.857185
Step41  Qn=1.389e-06  pQn=5.857185  pQmin=5.857185
Step42  Qn=1.389e-06  pQn=5.857185  pQmin=5.857185
Step43  Qn=1.389e-06  pQn=5.857185  pQmin=5.857185
Step44  Qn=1.389e-06  pQn=5.857185  pQmin=5.857185
Step45  Qn=1.389e-06  pQn=5.857185  pQmin=5.857185
Step46  Qn=1.389e-06  pQn=5.857185  pQmin=5.857185
Step47  Qn=1.389e-06  pQn=5.857185  pQmin=5.857185
Step48  Qn=1.389e-06  pQn=5.857185  pQmin=5.857185
Step49  Qn=1.389e-06  pQn=5.857185  pQmin=5.857185
Step50  Qn=1.389e-06  pQn=5.857185  pQmin=5.857185
Step51  Qn=1.389e-06  pQn=5.857185  pQmin=5.857185
Step52  Qn=1.389e-06  pQn=5.857185  pQmin=5.857185
Step53  Qn=1.389e-06  pQn=5.857185  pQmin=5.857185
Step54  Qn=1.389e-06  pQn=5.857185  pQmin=5.857185
Step55  Qn=1.389e-06  pQn=5.857185  pQmin=5.857185
Step56  Qn=1.389e-06  pQn=5.857185  pQmin=5.857185
Step57  Qn=1.389e-06  pQn=5.857185  pQmin=5.857185
Step58  Qn=1.389e-06  pQn=5.857185  pQmin=5.857185
Step59  Qn=1.389e-06  pQn=5.857185  pQmin=5.857185
Step60  Qn=1.389e-06  pQn=5.857185  pQmin=5.857185
Step61  Qn=1.389e-06  pQn=5.857185  pQmin=5.857185
Step62  Qn=1.389e-06  pQn=5.857185  pQmin=5.857185
Step63  Qn=1.389e-06  pQn=5.857185  pQmin=5.857185
Step64  Qn=1.389e-06  pQn=5.857185  pQmin=5.857185
Step65  Qn=1.389e-06  pQn=5.857185  pQmin=5.857185
Step66  Qn=1.389e-06  pQn=5.857185  pQmin=5.857185
Step67  Qn=1.389e-06  pQn=5.857185  pQmin=5.857185
Step68  Qn=1.389e-06  pQn=5.857185  pQmin=5.857185
Step69  Qn=1.389e-06  pQn=5.857185  pQmin=5.857185
Step70  Qn=1.389e-06  pQn=5.857185  pQmin=5.857185
Step71  Qn=1.389e-06  pQn=5.857185  pQmin=5.857185
Step72  Qn=1.389e-06  pQn=5.857185  pQmin=5.857185
Step73  Qn=1.389e-06  pQn=5.857185  pQmin=5.857185
Step74  Qn=1.389e-06  pQn=5.857185  pQmin=5.857185
Step75  Qn=1.389e-06  pQn=5.857185  pQmin=5.857185
Step76  Qn=1.389e-06  pQn=5.857185  pQmin=5.857185
Step77  Qn=1.389e-06  pQn=5.857185  pQmin=5.857185
Step78  Qn=1.389e-06  pQn=5.857185  pQmin=5.857185
Step79  Qn=1.389e-06  pQn=5.857185  pQmin=5.857185
Step80  Qn=1.389e-06  pQn=5.857185  pQmin=5.857185
Step81  Qn=1.389e-06  pQn=5.857185  pQmin=5.857185
Step82  Qn=1.389e-06  pQn=5.857185  pQmin=5.857185
Step83  Qn=1.389e-06  pQn=5.857185  pQmin=5.857185
Step84  Qn=1.389e-06  pQn=5.857185  pQmin=5.857185
Step85  Qn=1.389e-06  pQn=5.857185  pQmin=5.857185
Step86  Qn=1.389e-06  pQn=5.857185  pQmin=5.857185
Step87  Qn=1.389e-06  pQn=5.857185  pQmin=5.857185
Step88  Qn=1.389e-06  pQn=5.857185  pQmin=5.857185
Step89  Qn=1.389e-06  pQn=5.857185  pQmin=5.857185
Step90  Qn=1.389e-06  pQn=5.857185  pQmin=5.857185
Step91  Qn=1.389e-06  pQn=5.857185  pQmin=5.857185
Step92  Qn=1.389e-06  pQn=5.857185  pQmin=5.857185
Step93  Qn=1.389e-06  pQn=5.857185  pQmin=5.857185
Step94  Qn=1.389e-06  pQn=5.857185  pQmin=5.857185
Step95  Qn=1.389e-06  pQn=5.857185  pQmin=5.857185
Step96  Qn=1.389e-06  pQn=5.857185  pQmin=5.857185
Step97  Qn=1.389e-06  pQn=5.857185  pQmin=5.857185
Step98  Qn=1.389e-06  pQn=5.857185  pQmin=5.857185
Step99  Qn=1.389e-06  pQn=5.857185  pQmin=5.857185
Step100  Qn=1.389e-06  pQn=5.857185  pQmin=5.857185
null device 
          1 
