[1] "MePhO2SOPh-v1-v2" "7.85e-04"         "Model-1P.R0"      "Model-1P.R1"     
[5] "Model-1P.R2"     
      t            C
1     0 0.000000e+00
2    30 0.000000e+00
3    60 1.167781e-07
4   150 9.892006e-07
5   300 1.181355e-06
6   450 2.178093e-06
7   600 2.044326e-06
8   750 2.716165e-06
9   900 3.810968e-06
10 1050 6.227733e-06
11 1350 1.131341e-05
12 1500 7.775048e-06
13 1650 1.094870e-05
14 1800 1.150874e-05
[1] 0.000785
[1] "Quality: 1400 4.693637e-03 2.328490"
[1] 0.004693637
Nelder-Mead Opt
pQ0=2.328e+00

Step1  Qn=1.476e-06  pQn=5.830799  pQmin=2.328490
[1] "Quality: 1400 1.476390e-06 5.830799"
  pQ=5.830799  Q=1.476e-06  dQ=0.004692  [1] 3.751638e-05
Step2  Qn=1.476e-06  pQn=5.830799  pQmin=5.830799
Step3  Qn=1.476e-06  pQn=5.830799  pQmin=5.830799
[1] "Quality: 1400 1.476390e-06 5.830799"
  pQ=5.830799  Q=1.476e-06  dQ=0.000000  [1] 3.751638e-05
Step4  Qn=1.476e-06  pQn=5.830799  pQmin=5.830799
[1] "Quality: 1400 1.476390e-06 5.830799"
  pQ=5.830799  Q=1.476e-06  dQ=0.000000  [1] 3.751638e-05
Step5  Qn=1.476e-06  pQn=5.830799  pQmin=5.830799
Step6  Qn=1.476e-06  pQn=5.830799  pQmin=5.830799
Step7  Qn=1.476e-06  pQn=5.830799  pQmin=5.830799
Step8  Qn=1.476e-06  pQn=5.830799  pQmin=5.830799
[1] "Quality: 1400 1.476390e-06 5.830799"
  pQ=5.830799  Q=1.476e-06  dQ=0.000000  [1] -3.751638e-05
Step9  Qn=1.476e-06  pQn=5.830799  pQmin=5.830799
Step10  Qn=1.476e-06  pQn=5.830799  pQmin=5.830799
Step11  Qn=1.476e-06  pQn=5.830799  pQmin=5.830799
Step12  Qn=1.476e-06  pQn=5.830799  pQmin=5.830799
Step13  Qn=1.476e-06  pQn=5.830799  pQmin=5.830799
Step14  Qn=1.476e-06  pQn=5.830799  pQmin=5.830799
Step15  Qn=1.476e-06  pQn=5.830799  pQmin=5.830799
Step16  Qn=1.476e-06  pQn=5.830799  pQmin=5.830799
Step17  Qn=1.476e-06  pQn=5.830799  pQmin=5.830799
Step18  Qn=1.476e-06  pQn=5.830799  pQmin=5.830799
Step19  Qn=1.476e-06  pQn=5.830799  pQmin=5.830799
Step20  Qn=1.476e-06  pQn=5.830799  pQmin=5.830799
Step21  Qn=1.476e-06  pQn=5.830799  pQmin=5.830799
[1] "Quality: 1400 1.476390e-06 5.830799"
  pQ=5.830799  Q=1.476e-06  dQ=0.000000  [1] -3.751638e-05
Step22  Qn=1.476e-06  pQn=5.830799  pQmin=5.830799
Step23  Qn=1.476e-06  pQn=5.830799  pQmin=5.830799
Step24  Qn=1.476e-06  pQn=5.830799  pQmin=5.830799
Step25  Qn=1.476e-06  pQn=5.830799  pQmin=5.830799
Step26  Qn=1.476e-06  pQn=5.830799  pQmin=5.830799
Step27  Qn=1.476e-06  pQn=5.830799  pQmin=5.830799
Step28  Qn=1.476e-06  pQn=5.830799  pQmin=5.830799
Step29  Qn=1.476e-06  pQn=5.830799  pQmin=5.830799
Step30  Qn=1.476e-06  pQn=5.830799  pQmin=5.830799
Step31  Qn=1.476e-06  pQn=5.830799  pQmin=5.830799
Step32  Qn=1.476e-06  pQn=5.830799  pQmin=5.830799
Step33  Qn=1.476e-06  pQn=5.830799  pQmin=5.830799
Step34  Qn=1.476e-06  pQn=5.830799  pQmin=5.830799
Step35  Qn=1.476e-06  pQn=5.830799  pQmin=5.830799
Step36  Qn=1.476e-06  pQn=5.830799  pQmin=5.830799
Step37  Qn=1.476e-06  pQn=5.830799  pQmin=5.830799
Step38  Qn=1.476e-06  pQn=5.830799  pQmin=5.830799
Step39  Qn=1.476e-06  pQn=5.830799  pQmin=5.830799
Step40  Qn=1.476e-06  pQn=5.830799  pQmin=5.830799
Step41  Qn=1.476e-06  pQn=5.830799  pQmin=5.830799
Step42  Qn=1.476e-06  pQn=5.830799  pQmin=5.830799
Step43  Qn=1.476e-06  pQn=5.830799  pQmin=5.830799
Step44  Qn=1.476e-06  pQn=5.830799  pQmin=5.830799
Step45  Qn=1.476e-06  pQn=5.830799  pQmin=5.830799
Step46  Qn=1.476e-06  pQn=5.830799  pQmin=5.830799
Step47  Qn=1.476e-06  pQn=5.830799  pQmin=5.830799
Step48  Qn=1.476e-06  pQn=5.830799  pQmin=5.830799
Step49  Qn=1.476e-06  pQn=5.830799  pQmin=5.830799
Step50  Qn=1.476e-06  pQn=5.830799  pQmin=5.830799
Step51  Qn=1.476e-06  pQn=5.830799  pQmin=5.830799
Step52  Qn=1.476e-06  pQn=5.830799  pQmin=5.830799
Step53  Qn=1.476e-06  pQn=5.830799  pQmin=5.830799
Step54  Qn=1.476e-06  pQn=5.830799  pQmin=5.830799
Step55  Qn=1.476e-06  pQn=5.830799  pQmin=5.830799
Step56  Qn=1.476e-06  pQn=5.830799  pQmin=5.830799
Step57  Qn=1.476e-06  pQn=5.830799  pQmin=5.830799
Step58  Qn=1.476e-06  pQn=5.830799  pQmin=5.830799
Step59  Qn=1.476e-06  pQn=5.830799  pQmin=5.830799
Step60  Qn=1.476e-06  pQn=5.830799  pQmin=5.830799
Step61  Qn=1.476e-06  pQn=5.830799  pQmin=5.830799
Step62  Qn=1.476e-06  pQn=5.830799  pQmin=5.830799
Step63  Qn=1.476e-06  pQn=5.830799  pQmin=5.830799
Step64  Qn=1.476e-06  pQn=5.830799  pQmin=5.830799
Step65  Qn=1.476e-06  pQn=5.830799  pQmin=5.830799
Step66  Qn=1.476e-06  pQn=5.830799  pQmin=5.830799
Step67  Qn=1.476e-06  pQn=5.830799  pQmin=5.830799
Step68  Qn=1.476e-06  pQn=5.830799  pQmin=5.830799
Step69  Qn=1.476e-06  pQn=5.830799  pQmin=5.830799
Step70  Qn=1.476e-06  pQn=5.830799  pQmin=5.830799
Step71  Qn=1.476e-06  pQn=5.830799  pQmin=5.830799
Step72  Qn=1.476e-06  pQn=5.830799  pQmin=5.830799
Step73  Qn=1.476e-06  pQn=5.830799  pQmin=5.830799
Step74  Qn=1.476e-06  pQn=5.830799  pQmin=5.830799
Step75  Qn=1.476e-06  pQn=5.830799  pQmin=5.830799
Step76  Qn=1.476e-06  pQn=5.830799  pQmin=5.830799
Step77  Qn=1.476e-06  pQn=5.830799  pQmin=5.830799
Step78  Qn=1.476e-06  pQn=5.830799  pQmin=5.830799
Step79  Qn=1.476e-06  pQn=5.830799  pQmin=5.830799
Step80  Qn=1.476e-06  pQn=5.830799  pQmin=5.830799
Step81  Qn=1.476e-06  pQn=5.830799  pQmin=5.830799
Step82  Qn=1.476e-06  pQn=5.830799  pQmin=5.830799
Step83  Qn=1.476e-06  pQn=5.830799  pQmin=5.830799
Step84  Qn=1.476e-06  pQn=5.830799  pQmin=5.830799
Step85  Qn=1.476e-06  pQn=5.830799  pQmin=5.830799
Step86  Qn=1.476e-06  pQn=5.830799  pQmin=5.830799
Step87  Qn=1.476e-06  pQn=5.830799  pQmin=5.830799
Step88  Qn=1.476e-06  pQn=5.830799  pQmin=5.830799
Step89  Qn=1.476e-06  pQn=5.830799  pQmin=5.830799
Step90  Qn=1.476e-06  pQn=5.830799  pQmin=5.830799
Step91  Qn=1.476e-06  pQn=5.830799  pQmin=5.830799
Step92  Qn=1.476e-06  pQn=5.830799  pQmin=5.830799
Step93  Qn=1.476e-06  pQn=5.830799  pQmin=5.830799
Step94  Qn=1.476e-06  pQn=5.830799  pQmin=5.830799
Step95  Qn=1.476e-06  pQn=5.830799  pQmin=5.830799
Step96  Qn=1.476e-06  pQn=5.830799  pQmin=5.830799
Step97  Qn=1.476e-06  pQn=5.830799  pQmin=5.830799
Step98  Qn=1.476e-06  pQn=5.830799  pQmin=5.830799
Step99  Qn=1.476e-06  pQn=5.830799  pQmin=5.830799
[1] "Quality: 1400 1.476390e-06 5.830799"
  pQ=5.830799  Q=1.476e-06  dQ=0.000000  [1] 3.751638e-05
Step100  Qn=1.476e-06  pQn=5.830799  pQmin=5.830799
null device 
          1 
