[1] "NO2PhO2SOPh-v1-v4" "7.85e-04"          "Model-1P.R0"      
[4] "Model-1P.R1"       "Model-1P.R2"      
     t            C
1    0 0.000000e+00
2   30 3.980565e-05
3   60 2.801778e-05
4   90 2.649604e-05
5  120 2.300769e-05
6  150 1.906574e-05
7  180 2.620028e-05
8  240 2.648818e-05
9  300 2.748500e-05
10 450 2.283243e-05
11 600 2.511120e-05
12 900 2.672954e-05
[1] 0.000785
[1] "Quality: 1200 5.647070e-04 3.248177"
[1] 0.000564707
Nelder-Mead Opt
pQ0=3.248e+00

Step1  Qn=2.852e-04  pQn=3.544830  pQmin=3.248177
[1] "Quality: 1200 2.852134e-04 3.544830"
  pQ=3.544830  Q=2.852e-04  dQ=0.000279  [1] 0.0003537692
Step2  Qn=2.852e-04  pQn=3.544830  pQmin=3.544830
Step3  Qn=2.852e-04  pQn=3.544830  pQmin=3.544830
[1] "Quality: 1200 2.852134e-04 3.544830"
  pQ=3.544830  Q=2.852e-04  dQ=0.000000  [1] 0.0003537692
Step4  Qn=2.852e-04  pQn=3.544830  pQmin=3.544830
Step5  Qn=2.852e-04  pQn=3.544830  pQmin=3.544830
Step6  Qn=2.852e-04  pQn=3.544830  pQmin=3.544830
[1] "Quality: 1200 2.852134e-04 3.544830"
  pQ=3.544830  Q=2.852e-04  dQ=0.000000  [1] 0.0003537692
Step7  Qn=2.852e-04  pQn=3.544830  pQmin=3.544830
Step8  Qn=2.852e-04  pQn=3.544830  pQmin=3.544830
Step9  Qn=2.852e-04  pQn=3.544830  pQmin=3.544830
Step10  Qn=2.852e-04  pQn=3.544830  pQmin=3.544830
Step11  Qn=2.852e-04  pQn=3.544830  pQmin=3.544830
Step12  Qn=2.852e-04  pQn=3.544830  pQmin=3.544830
Step13  Qn=2.852e-04  pQn=3.544830  pQmin=3.544830
Step14  Qn=2.852e-04  pQn=3.544830  pQmin=3.544830
Step15  Qn=2.852e-04  pQn=3.544830  pQmin=3.544830
Step16  Qn=2.852e-04  pQn=3.544830  pQmin=3.544830
Step17  Qn=2.852e-04  pQn=3.544830  pQmin=3.544830
Step18  Qn=2.852e-04  pQn=3.544830  pQmin=3.544830
Step19  Qn=2.852e-04  pQn=3.544830  pQmin=3.544830
Step20  Qn=2.852e-04  pQn=3.544830  pQmin=3.544830
Step21  Qn=2.852e-04  pQn=3.544830  pQmin=3.544830
Step22  Qn=2.852e-04  pQn=3.544830  pQmin=3.544830
Step23  Qn=2.852e-04  pQn=3.544830  pQmin=3.544830
Step24  Qn=2.852e-04  pQn=3.544830  pQmin=3.544830
Step25  Qn=2.852e-04  pQn=3.544830  pQmin=3.544830
Step26  Qn=2.852e-04  pQn=3.544830  pQmin=3.544830
Step27  Qn=2.852e-04  pQn=3.544830  pQmin=3.544830
Step28  Qn=2.852e-04  pQn=3.544830  pQmin=3.544830
Step29  Qn=2.852e-04  pQn=3.544830  pQmin=3.544830
Step30  Qn=2.852e-04  pQn=3.544830  pQmin=3.544830
Step31  Qn=2.852e-04  pQn=3.544830  pQmin=3.544830
Step32  Qn=2.852e-04  pQn=3.544830  pQmin=3.544830
Step33  Qn=2.852e-04  pQn=3.544830  pQmin=3.544830
Step34  Qn=2.852e-04  pQn=3.544830  pQmin=3.544830
Step35  Qn=2.852e-04  pQn=3.544830  pQmin=3.544830
Step36  Qn=2.852e-04  pQn=3.544830  pQmin=3.544830
Step37  Qn=2.852e-04  pQn=3.544830  pQmin=3.544830
Step38  Qn=2.852e-04  pQn=3.544830  pQmin=3.544830
Step39  Qn=2.852e-04  pQn=3.544830  pQmin=3.544830
Step40  Qn=2.852e-04  pQn=3.544830  pQmin=3.544830
Step41  Qn=2.852e-04  pQn=3.544830  pQmin=3.544830
Step42  Qn=2.852e-04  pQn=3.544830  pQmin=3.544830
Step43  Qn=2.852e-04  pQn=3.544830  pQmin=3.544830
Step44  Qn=2.852e-04  pQn=3.544830  pQmin=3.544830
Step45  Qn=2.852e-04  pQn=3.544830  pQmin=3.544830
Step46  Qn=2.852e-04  pQn=3.544830  pQmin=3.544830
Step47  Qn=2.852e-04  pQn=3.544830  pQmin=3.544830
Step48  Qn=2.852e-04  pQn=3.544830  pQmin=3.544830
Step49  Qn=2.852e-04  pQn=3.544830  pQmin=3.544830
Step50  Qn=2.852e-04  pQn=3.544830  pQmin=3.544830
Step51  Qn=2.852e-04  pQn=3.544830  pQmin=3.544830
Step52  Qn=2.852e-04  pQn=3.544830  pQmin=3.544830
Step53  Qn=2.852e-04  pQn=3.544830  pQmin=3.544830
Step54  Qn=2.852e-04  pQn=3.544830  pQmin=3.544830
Step55  Qn=2.852e-04  pQn=3.544830  pQmin=3.544830
Step56  Qn=2.852e-04  pQn=3.544830  pQmin=3.544830
Step57  Qn=2.852e-04  pQn=3.544830  pQmin=3.544830
Step58  Qn=2.852e-04  pQn=3.544830  pQmin=3.544830
Step59  Qn=2.852e-04  pQn=3.544830  pQmin=3.544830
Step60  Qn=2.852e-04  pQn=3.544830  pQmin=3.544830
Step61  Qn=2.852e-04  pQn=3.544830  pQmin=3.544830
Step62  Qn=2.852e-04  pQn=3.544830  pQmin=3.544830
Step63  Qn=2.852e-04  pQn=3.544830  pQmin=3.544830
Step64  Qn=2.852e-04  pQn=3.544830  pQmin=3.544830
Step65  Qn=2.852e-04  pQn=3.544830  pQmin=3.544830
Step66  Qn=2.852e-04  pQn=3.544830  pQmin=3.544830
Step67  Qn=2.852e-04  pQn=3.544830  pQmin=3.544830
Step68  Qn=2.852e-04  pQn=3.544830  pQmin=3.544830
Step69  Qn=2.852e-04  pQn=3.544830  pQmin=3.544830
Step70  Qn=2.852e-04  pQn=3.544830  pQmin=3.544830
Step71  Qn=2.852e-04  pQn=3.544830  pQmin=3.544830
Step72  Qn=2.852e-04  pQn=3.544830  pQmin=3.544830
Step73  Qn=2.852e-04  pQn=3.544830  pQmin=3.544830
Step74  Qn=2.852e-04  pQn=3.544830  pQmin=3.544830
Step75  Qn=2.852e-04  pQn=3.544830  pQmin=3.544830
Step76  Qn=2.852e-04  pQn=3.544830  pQmin=3.544830
Step77  Qn=2.852e-04  pQn=3.544830  pQmin=3.544830
Step78  Qn=2.852e-04  pQn=3.544830  pQmin=3.544830
Step79  Qn=2.852e-04  pQn=3.544830  pQmin=3.544830
Step80  Qn=2.852e-04  pQn=3.544830  pQmin=3.544830
Step81  Qn=2.852e-04  pQn=3.544830  pQmin=3.544830
Step82  Qn=2.852e-04  pQn=3.544830  pQmin=3.544830
Step83  Qn=2.852e-04  pQn=3.544830  pQmin=3.544830
Step84  Qn=2.852e-04  pQn=3.544830  pQmin=3.544830
Step85  Qn=2.852e-04  pQn=3.544830  pQmin=3.544830
Step86  Qn=2.852e-04  pQn=3.544830  pQmin=3.544830
Step87  Qn=2.852e-04  pQn=3.544830  pQmin=3.544830
Step88  Qn=2.852e-04  pQn=3.544830  pQmin=3.544830
Step89  Qn=2.852e-04  pQn=3.544830  pQmin=3.544830
Step90  Qn=2.852e-04  pQn=3.544830  pQmin=3.544830
Step91  Qn=2.852e-04  pQn=3.544830  pQmin=3.544830
Step92  Qn=2.852e-04  pQn=3.544830  pQmin=3.544830
Step93  Qn=2.852e-04  pQn=3.544830  pQmin=3.544830
Step94  Qn=2.852e-04  pQn=3.544830  pQmin=3.544830
Step95  Qn=2.852e-04  pQn=3.544830  pQmin=3.544830
Step96  Qn=2.852e-04  pQn=3.544830  pQmin=3.544830
Step97  Qn=2.852e-04  pQn=3.544830  pQmin=3.544830
Step98  Qn=2.852e-04  pQn=3.544830  pQmin=3.544830
Step99  Qn=2.852e-04  pQn=3.544830  pQmin=3.544830
Step100  Qn=2.852e-04  pQn=3.544830  pQmin=3.544830
null device 
          1 
