[1] "NO2PhO2SOPh-v1-v5" "7.85e-04"          "Model-1P.R0"      
[4] "Model-1P.R1"       "Model-1P.R2"      
     t            C
1    0 0.000000e+00
2   30 4.130443e-05
3   60 1.006636e-04
4  120 9.878269e-05
5  150 1.089517e-04
6  180 1.003993e-04
7  240 9.591236e-05
8  300 9.908726e-05
9  450 9.689791e-05
10 600 1.120066e-04
11 750 8.464106e-05
12 900 7.224307e-05
[1] 0.000785
[1] "Quality: 1200 3.373365e-03 2.471937"
[1] 0.003373365
Nelder-Mead Opt
pQ0=2.472e+00

Step1  Qn=1.821e-03  pQn=2.739587  pQmin=2.471937
[1] "Quality: 1200 1.821433e-03 2.739587"
  pQ=2.739587  Q=1.821e-03  dQ=0.001552  [1] 0.003315296
Step2  Qn=1.821e-03  pQn=2.739587  pQmin=2.739587
Step3  Qn=1.821e-03  pQn=2.739587  pQmin=2.739587
Step4  Qn=1.821e-03  pQn=2.739587  pQmin=2.739587
Step5  Qn=1.821e-03  pQn=2.739587  pQmin=2.739587
Step6  Qn=1.821e-03  pQn=2.739587  pQmin=2.739587
Step7  Qn=1.821e-03  pQn=2.739587  pQmin=2.739587
Step8  Qn=1.821e-03  pQn=2.739587  pQmin=2.739587
Step9  Qn=1.821e-03  pQn=2.739587  pQmin=2.739587
Step10  Qn=1.821e-03  pQn=2.739587  pQmin=2.739587
Step11  Qn=1.821e-03  pQn=2.739587  pQmin=2.739587
Step12  Qn=1.821e-03  pQn=2.739587  pQmin=2.739587
Step13  Qn=1.821e-03  pQn=2.739587  pQmin=2.739587
Step14  Qn=1.821e-03  pQn=2.739587  pQmin=2.739587
Step15  Qn=1.821e-03  pQn=2.739587  pQmin=2.739587
Step16  Qn=1.821e-03  pQn=2.739587  pQmin=2.739587
Step17  Qn=1.821e-03  pQn=2.739587  pQmin=2.739587
Step18  Qn=1.821e-03  pQn=2.739587  pQmin=2.739587
Step19  Qn=1.821e-03  pQn=2.739587  pQmin=2.739587
Step20  Qn=1.821e-03  pQn=2.739587  pQmin=2.739587
Step21  Qn=1.821e-03  pQn=2.739587  pQmin=2.739587
Step22  Qn=1.821e-03  pQn=2.739587  pQmin=2.739587
Step23  Qn=1.821e-03  pQn=2.739587  pQmin=2.739587
Step24  Qn=1.821e-03  pQn=2.739587  pQmin=2.739587
Step25  Qn=1.821e-03  pQn=2.739587  pQmin=2.739587
Step26  Qn=1.821e-03  pQn=2.739587  pQmin=2.739587
Step27  Qn=1.821e-03  pQn=2.739587  pQmin=2.739587
Step28  Qn=1.821e-03  pQn=2.739587  pQmin=2.739587
Step29  Qn=1.821e-03  pQn=2.739587  pQmin=2.739587
Step30  Qn=1.821e-03  pQn=2.739587  pQmin=2.739587
Step31  Qn=1.821e-03  pQn=2.739587  pQmin=2.739587
Step32  Qn=1.821e-03  pQn=2.739587  pQmin=2.739587
Step33  Qn=1.821e-03  pQn=2.739587  pQmin=2.739587
Step34  Qn=1.821e-03  pQn=2.739587  pQmin=2.739587
Step35  Qn=1.821e-03  pQn=2.739587  pQmin=2.739587
Step36  Qn=1.821e-03  pQn=2.739587  pQmin=2.739587
Step37  Qn=1.821e-03  pQn=2.739587  pQmin=2.739587
Step38  Qn=1.821e-03  pQn=2.739587  pQmin=2.739587
Step39  Qn=1.821e-03  pQn=2.739587  pQmin=2.739587
Step40  Qn=1.821e-03  pQn=2.739587  pQmin=2.739587
Step41  Qn=1.821e-03  pQn=2.739587  pQmin=2.739587
Step42  Qn=1.821e-03  pQn=2.739587  pQmin=2.739587
Step43  Qn=1.821e-03  pQn=2.739587  pQmin=2.739587
Step44  Qn=1.821e-03  pQn=2.739587  pQmin=2.739587
Step45  Qn=1.821e-03  pQn=2.739587  pQmin=2.739587
Step46  Qn=1.821e-03  pQn=2.739587  pQmin=2.739587
Step47  Qn=1.821e-03  pQn=2.739587  pQmin=2.739587
Step48  Qn=1.821e-03  pQn=2.739587  pQmin=2.739587
Step49  Qn=1.821e-03  pQn=2.739587  pQmin=2.739587
Step50  Qn=1.821e-03  pQn=2.739587  pQmin=2.739587
Step51  Qn=1.821e-03  pQn=2.739587  pQmin=2.739587
Step52  Qn=1.821e-03  pQn=2.739587  pQmin=2.739587
Step53  Qn=1.821e-03  pQn=2.739587  pQmin=2.739587
Step54  Qn=1.821e-03  pQn=2.739587  pQmin=2.739587
Step55  Qn=1.821e-03  pQn=2.739587  pQmin=2.739587
Step56  Qn=1.821e-03  pQn=2.739587  pQmin=2.739587
Step57  Qn=1.821e-03  pQn=2.739587  pQmin=2.739587
Step58  Qn=1.821e-03  pQn=2.739587  pQmin=2.739587
Step59  Qn=1.821e-03  pQn=2.739587  pQmin=2.739587
Step60  Qn=1.821e-03  pQn=2.739587  pQmin=2.739587
Step61  Qn=1.821e-03  pQn=2.739587  pQmin=2.739587
Step62  Qn=1.821e-03  pQn=2.739587  pQmin=2.739587
Step63  Qn=1.821e-03  pQn=2.739587  pQmin=2.739587
Step64  Qn=1.821e-03  pQn=2.739587  pQmin=2.739587
Step65  Qn=1.821e-03  pQn=2.739587  pQmin=2.739587
Step66  Qn=1.821e-03  pQn=2.739587  pQmin=2.739587
Step67  Qn=1.821e-03  pQn=2.739587  pQmin=2.739587
Step68  Qn=1.821e-03  pQn=2.739587  pQmin=2.739587
Step69  Qn=1.821e-03  pQn=2.739587  pQmin=2.739587
Step70  Qn=1.821e-03  pQn=2.739587  pQmin=2.739587
Step71  Qn=1.821e-03  pQn=2.739587  pQmin=2.739587
Step72  Qn=1.821e-03  pQn=2.739587  pQmin=2.739587
Step73  Qn=1.821e-03  pQn=2.739587  pQmin=2.739587
Step74  Qn=1.821e-03  pQn=2.739587  pQmin=2.739587
Step75  Qn=1.821e-03  pQn=2.739587  pQmin=2.739587
Step76  Qn=1.821e-03  pQn=2.739587  pQmin=2.739587
Step77  Qn=1.821e-03  pQn=2.739587  pQmin=2.739587
Step78  Qn=1.821e-03  pQn=2.739587  pQmin=2.739587
Step79  Qn=1.821e-03  pQn=2.739587  pQmin=2.739587
Step80  Qn=1.821e-03  pQn=2.739587  pQmin=2.739587
Step81  Qn=1.821e-03  pQn=2.739587  pQmin=2.739587
Step82  Qn=1.821e-03  pQn=2.739587  pQmin=2.739587
Step83  Qn=1.821e-03  pQn=2.739587  pQmin=2.739587
Step84  Qn=1.821e-03  pQn=2.739587  pQmin=2.739587
Step85  Qn=1.821e-03  pQn=2.739587  pQmin=2.739587
Step86  Qn=1.821e-03  pQn=2.739587  pQmin=2.739587
Step87  Qn=1.821e-03  pQn=2.739587  pQmin=2.739587
Step88  Qn=1.821e-03  pQn=2.739587  pQmin=2.739587
Step89  Qn=1.821e-03  pQn=2.739587  pQmin=2.739587
Step90  Qn=1.821e-03  pQn=2.739587  pQmin=2.739587
Step91  Qn=1.821e-03  pQn=2.739587  pQmin=2.739587
Step92  Qn=1.821e-03  pQn=2.739587  pQmin=2.739587
Step93  Qn=1.821e-03  pQn=2.739587  pQmin=2.739587
Step94  Qn=1.821e-03  pQn=2.739587  pQmin=2.739587
Step95  Qn=1.821e-03  pQn=2.739587  pQmin=2.739587
Step96  Qn=1.821e-03  pQn=2.739587  pQmin=2.739587
Step97  Qn=1.821e-03  pQn=2.739587  pQmin=2.739587
Step98  Qn=1.821e-03  pQn=2.739587  pQmin=2.739587
Step99  Qn=1.821e-03  pQn=2.739587  pQmin=2.739587
Step100  Qn=1.821e-03  pQn=2.739587  pQmin=2.739587
null device 
          1 
