[1] "PhO2SOPh-v1-v3" "7.85e-04"       "Model-1P.R0"    "Model-1P.R1"   
[5] "Model-1P.R2"   
      t            C
1     0 0.000000e+00
2    30 1.027245e-06
3    60 8.625521e-07
4   150 2.123966e-06
5   300 4.584900e-06
6   450 1.446309e-05
7   600 2.089782e-05
8   750 2.832138e-05
9  1050 4.389537e-05
10 1200 4.585746e-05
11 1650 6.282059e-05
12 1800 6.412193e-05
[1] 0.000785
[1] "Quality: 1200 1.435226e-03 2.843080"
[1] 0.001435226
Nelder-Mead Opt
pQ0=2.843e+00

Step1  Qn=1.124e-05  pQn=4.949087  pQmin=2.843080
[1] "Quality: 1200 1.124379e-05 4.949087"
  pQ=4.949087  Q=1.124e-05  dQ=0.001424  [1] 0.0002656884
Step2  Qn=1.124e-05  pQn=4.949087  pQmin=4.949087
[1] "Quality: 1200 1.124379e-05 4.949087"
  pQ=4.949087  Q=1.124e-05  dQ=0.000000  [1] 0.0002656884
Step3  Qn=1.124e-05  pQn=4.949087  pQmin=4.949087
[1] "Quality: 1200 1.124379e-05 4.949087"
  pQ=4.949087  Q=1.124e-05  dQ=0.000000  [1] 0.0002656884
Step4  Qn=1.124e-05  pQn=4.949087  pQmin=4.949087
Step5  Qn=1.124e-05  pQn=4.949087  pQmin=4.949087
[1] "Quality: 1200 1.124379e-05 4.949087"
  pQ=4.949087  Q=1.124e-05  dQ=0.000000  [1] 0.0002656884
Step6  Qn=1.124e-05  pQn=4.949087  pQmin=4.949087
Step7  Qn=1.124e-05  pQn=4.949087  pQmin=4.949087
Step8  Qn=1.124e-05  pQn=4.949087  pQmin=4.949087
Step9  Qn=1.124e-05  pQn=4.949087  pQmin=4.949087
Step10  Qn=1.124e-05  pQn=4.949087  pQmin=4.949087
Step11  Qn=1.124e-05  pQn=4.949087  pQmin=4.949087
Step12  Qn=1.124e-05  pQn=4.949087  pQmin=4.949087
Step13  Qn=1.124e-05  pQn=4.949087  pQmin=4.949087
Step14  Qn=1.124e-05  pQn=4.949087  pQmin=4.949087
Step15  Qn=1.124e-05  pQn=4.949087  pQmin=4.949087
Step16  Qn=1.124e-05  pQn=4.949087  pQmin=4.949087
Step17  Qn=1.124e-05  pQn=4.949087  pQmin=4.949087
Step18  Qn=1.124e-05  pQn=4.949087  pQmin=4.949087
Step19  Qn=1.124e-05  pQn=4.949087  pQmin=4.949087
Step20  Qn=1.124e-05  pQn=4.949087  pQmin=4.949087
Step21  Qn=1.124e-05  pQn=4.949087  pQmin=4.949087
Step22  Qn=1.124e-05  pQn=4.949087  pQmin=4.949087
Step23  Qn=1.124e-05  pQn=4.949087  pQmin=4.949087
Step24  Qn=1.124e-05  pQn=4.949087  pQmin=4.949087
Step25  Qn=1.124e-05  pQn=4.949087  pQmin=4.949087
Step26  Qn=1.124e-05  pQn=4.949087  pQmin=4.949087
Step27  Qn=1.124e-05  pQn=4.949087  pQmin=4.949087
Step28  Qn=1.124e-05  pQn=4.949087  pQmin=4.949087
Step29  Qn=1.124e-05  pQn=4.949087  pQmin=4.949087
Step30  Qn=1.124e-05  pQn=4.949087  pQmin=4.949087
Step31  Qn=1.124e-05  pQn=4.949087  pQmin=4.949087
Step32  Qn=1.124e-05  pQn=4.949087  pQmin=4.949087
Step33  Qn=1.124e-05  pQn=4.949087  pQmin=4.949087
Step34  Qn=1.124e-05  pQn=4.949087  pQmin=4.949087
Step35  Qn=1.124e-05  pQn=4.949087  pQmin=4.949087
Step36  Qn=1.124e-05  pQn=4.949087  pQmin=4.949087
Step37  Qn=1.124e-05  pQn=4.949087  pQmin=4.949087
Step38  Qn=1.124e-05  pQn=4.949087  pQmin=4.949087
Step39  Qn=1.124e-05  pQn=4.949087  pQmin=4.949087
Step40  Qn=1.124e-05  pQn=4.949087  pQmin=4.949087
Step41  Qn=1.124e-05  pQn=4.949087  pQmin=4.949087
Step42  Qn=1.124e-05  pQn=4.949087  pQmin=4.949087
Step43  Qn=1.124e-05  pQn=4.949087  pQmin=4.949087
[1] "Quality: 1200 1.124379e-05 4.949087"
  pQ=4.949087  Q=1.124e-05  dQ=0.000000  [1] 0.0002656884
Step44  Qn=1.124e-05  pQn=4.949087  pQmin=4.949087
Step45  Qn=1.124e-05  pQn=4.949087  pQmin=4.949087
Step46  Qn=1.124e-05  pQn=4.949087  pQmin=4.949087
Step47  Qn=1.124e-05  pQn=4.949087  pQmin=4.949087
Step48  Qn=1.124e-05  pQn=4.949087  pQmin=4.949087
Step49  Qn=1.124e-05  pQn=4.949087  pQmin=4.949087
Step50  Qn=1.124e-05  pQn=4.949087  pQmin=4.949087
Step51  Qn=1.124e-05  pQn=4.949087  pQmin=4.949087
Step52  Qn=1.124e-05  pQn=4.949087  pQmin=4.949087
Step53  Qn=1.124e-05  pQn=4.949087  pQmin=4.949087
Step54  Qn=1.124e-05  pQn=4.949087  pQmin=4.949087
Step55  Qn=1.124e-05  pQn=4.949087  pQmin=4.949087
Step56  Qn=1.124e-05  pQn=4.949087  pQmin=4.949087
Step57  Qn=1.124e-05  pQn=4.949087  pQmin=4.949087
Step58  Qn=1.124e-05  pQn=4.949087  pQmin=4.949087
Step59  Qn=1.124e-05  pQn=4.949087  pQmin=4.949087
Step60  Qn=1.124e-05  pQn=4.949087  pQmin=4.949087
Step61  Qn=1.124e-05  pQn=4.949087  pQmin=4.949087
Step62  Qn=1.124e-05  pQn=4.949087  pQmin=4.949087
Step63  Qn=1.124e-05  pQn=4.949087  pQmin=4.949087
Step64  Qn=1.124e-05  pQn=4.949087  pQmin=4.949087
Step65  Qn=1.124e-05  pQn=4.949087  pQmin=4.949087
Step66  Qn=1.124e-05  pQn=4.949087  pQmin=4.949087
Step67  Qn=1.124e-05  pQn=4.949087  pQmin=4.949087
Step68  Qn=1.124e-05  pQn=4.949087  pQmin=4.949087
Step69  Qn=1.124e-05  pQn=4.949087  pQmin=4.949087
Step70  Qn=1.124e-05  pQn=4.949087  pQmin=4.949087
Step71  Qn=1.124e-05  pQn=4.949087  pQmin=4.949087
Step72  Qn=1.124e-05  pQn=4.949087  pQmin=4.949087
Step73  Qn=1.124e-05  pQn=4.949087  pQmin=4.949087
Step74  Qn=1.124e-05  pQn=4.949087  pQmin=4.949087
Step75  Qn=1.124e-05  pQn=4.949087  pQmin=4.949087
Step76  Qn=1.124e-05  pQn=4.949087  pQmin=4.949087
Step77  Qn=1.124e-05  pQn=4.949087  pQmin=4.949087
Step78  Qn=1.124e-05  pQn=4.949087  pQmin=4.949087
Step79  Qn=1.124e-05  pQn=4.949087  pQmin=4.949087
Step80  Qn=1.124e-05  pQn=4.949087  pQmin=4.949087
Step81  Qn=1.124e-05  pQn=4.949087  pQmin=4.949087
Step82  Qn=1.124e-05  pQn=4.949087  pQmin=4.949087
Step83  Qn=1.124e-05  pQn=4.949087  pQmin=4.949087
Step84  Qn=1.124e-05  pQn=4.949087  pQmin=4.949087
Step85  Qn=1.124e-05  pQn=4.949087  pQmin=4.949087
Step86  Qn=1.124e-05  pQn=4.949087  pQmin=4.949087
Step87  Qn=1.124e-05  pQn=4.949087  pQmin=4.949087
Step88  Qn=1.124e-05  pQn=4.949087  pQmin=4.949087
Step89  Qn=1.124e-05  pQn=4.949087  pQmin=4.949087
Step90  Qn=1.124e-05  pQn=4.949087  pQmin=4.949087
Step91  Qn=1.124e-05  pQn=4.949087  pQmin=4.949087
Step92  Qn=1.124e-05  pQn=4.949087  pQmin=4.949087
Step93  Qn=1.124e-05  pQn=4.949087  pQmin=4.949087
Step94  Qn=1.124e-05  pQn=4.949087  pQmin=4.949087
Step95  Qn=1.124e-05  pQn=4.949087  pQmin=4.949087
Step96  Qn=1.124e-05  pQn=4.949087  pQmin=4.949087
Step97  Qn=1.124e-05  pQn=4.949087  pQmin=4.949087
Step98  Qn=1.124e-05  pQn=4.949087  pQmin=4.949087
Step99  Qn=1.124e-05  pQn=4.949087  pQmin=4.949087
Step100  Qn=1.124e-05  pQn=4.949087  pQmin=4.949087
null device 
          1 
