[1] "PhO2SOPh-v1-v5" "7.85e-04"       "Model-1P.R0"    "Model-1P.R1"   
[5] "Model-1P.R2"   
      t            C
1     0 0.000000e+00
2    30 4.450597e-06
3    60 1.833685e-05
4   120 3.652033e-05
5   180 5.879642e-05
6   240 4.034282e-05
7   360 5.625724e-05
8   420 5.678661e-05
9   480 5.832245e-05
10  540 5.419449e-05
11  600 5.298239e-05
12  750 4.913823e-05
13  900 5.466659e-05
14 1050 5.462671e-05
[1] 0.000785
[1] "Quality: 1400 3.582698e-04 3.445790"
[1] 0.0003582698
Nelder-Mead Opt
pQ0=3.446e+00

Step1  Qn=3.181e-04  pQn=3.497435  pQmin=3.445790
[1] "Quality: 1400 3.181008e-04 3.497435"
  pQ=3.497435  Q=3.181e-04  dQ=0.000040  [1] 0.0006486497
Step2  Qn=3.181e-04  pQn=3.497435  pQmin=3.497435
Step3  Qn=3.181e-04  pQn=3.497435  pQmin=3.497435
Step4  Qn=3.181e-04  pQn=3.497435  pQmin=3.497435
[1] "Quality: 1400 3.181008e-04 3.497435"
  pQ=3.497435  Q=3.181e-04  dQ=0.000000  [1] 0.0006486497
Step5  Qn=3.181e-04  pQn=3.497435  pQmin=3.497435
Step6  Qn=3.181e-04  pQn=3.497435  pQmin=3.497435
Step7  Qn=3.181e-04  pQn=3.497435  pQmin=3.497435
Step8  Qn=3.181e-04  pQn=3.497435  pQmin=3.497435
Step9  Qn=3.181e-04  pQn=3.497435  pQmin=3.497435
Step10  Qn=3.181e-04  pQn=3.497435  pQmin=3.497435
Step11  Qn=3.181e-04  pQn=3.497435  pQmin=3.497435
Step12  Qn=3.181e-04  pQn=3.497435  pQmin=3.497435
Step13  Qn=3.181e-04  pQn=3.497435  pQmin=3.497435
Step14  Qn=3.181e-04  pQn=3.497435  pQmin=3.497435
Step15  Qn=3.181e-04  pQn=3.497435  pQmin=3.497435
Step16  Qn=3.181e-04  pQn=3.497435  pQmin=3.497435
Step17  Qn=3.181e-04  pQn=3.497435  pQmin=3.497435
Step18  Qn=3.181e-04  pQn=3.497435  pQmin=3.497435
Step19  Qn=3.181e-04  pQn=3.497435  pQmin=3.497435
Step20  Qn=3.181e-04  pQn=3.497435  pQmin=3.497435
Step21  Qn=3.181e-04  pQn=3.497435  pQmin=3.497435
Step22  Qn=3.181e-04  pQn=3.497435  pQmin=3.497435
Step23  Qn=3.181e-04  pQn=3.497435  pQmin=3.497435
Step24  Qn=3.181e-04  pQn=3.497435  pQmin=3.497435
Step25  Qn=3.181e-04  pQn=3.497435  pQmin=3.497435
Step26  Qn=3.181e-04  pQn=3.497435  pQmin=3.497435
Step27  Qn=3.181e-04  pQn=3.497435  pQmin=3.497435
Step28  Qn=3.181e-04  pQn=3.497435  pQmin=3.497435
Step29  Qn=3.181e-04  pQn=3.497435  pQmin=3.497435
Step30  Qn=3.181e-04  pQn=3.497435  pQmin=3.497435
Step31  Qn=3.181e-04  pQn=3.497435  pQmin=3.497435
Step32  Qn=3.181e-04  pQn=3.497435  pQmin=3.497435
Step33  Qn=3.181e-04  pQn=3.497435  pQmin=3.497435
Step34  Qn=3.181e-04  pQn=3.497435  pQmin=3.497435
Step35  Qn=3.181e-04  pQn=3.497435  pQmin=3.497435
Step36  Qn=3.181e-04  pQn=3.497435  pQmin=3.497435
Step37  Qn=3.181e-04  pQn=3.497435  pQmin=3.497435
Step38  Qn=3.181e-04  pQn=3.497435  pQmin=3.497435
Step39  Qn=3.181e-04  pQn=3.497435  pQmin=3.497435
Step40  Qn=3.181e-04  pQn=3.497435  pQmin=3.497435
Step41  Qn=3.181e-04  pQn=3.497435  pQmin=3.497435
Step42  Qn=3.181e-04  pQn=3.497435  pQmin=3.497435
Step43  Qn=3.181e-04  pQn=3.497435  pQmin=3.497435
Step44  Qn=3.181e-04  pQn=3.497435  pQmin=3.497435
Step45  Qn=3.181e-04  pQn=3.497435  pQmin=3.497435
Step46  Qn=3.181e-04  pQn=3.497435  pQmin=3.497435
Step47  Qn=3.181e-04  pQn=3.497435  pQmin=3.497435
Step48  Qn=3.181e-04  pQn=3.497435  pQmin=3.497435
Step49  Qn=3.181e-04  pQn=3.497435  pQmin=3.497435
Step50  Qn=3.181e-04  pQn=3.497435  pQmin=3.497435
Step51  Qn=3.181e-04  pQn=3.497435  pQmin=3.497435
Step52  Qn=3.181e-04  pQn=3.497435  pQmin=3.497435
Step53  Qn=3.181e-04  pQn=3.497435  pQmin=3.497435
Step54  Qn=3.181e-04  pQn=3.497435  pQmin=3.497435
Step55  Qn=3.181e-04  pQn=3.497435  pQmin=3.497435
Step56  Qn=3.181e-04  pQn=3.497435  pQmin=3.497435
Step57  Qn=3.181e-04  pQn=3.497435  pQmin=3.497435
Step58  Qn=3.181e-04  pQn=3.497435  pQmin=3.497435
Step59  Qn=3.181e-04  pQn=3.497435  pQmin=3.497435
Step60  Qn=3.181e-04  pQn=3.497435  pQmin=3.497435
Step61  Qn=3.181e-04  pQn=3.497435  pQmin=3.497435
Step62  Qn=3.181e-04  pQn=3.497435  pQmin=3.497435
Step63  Qn=3.181e-04  pQn=3.497435  pQmin=3.497435
Step64  Qn=3.181e-04  pQn=3.497435  pQmin=3.497435
Step65  Qn=3.181e-04  pQn=3.497435  pQmin=3.497435
Step66  Qn=3.181e-04  pQn=3.497435  pQmin=3.497435
Step67  Qn=3.181e-04  pQn=3.497435  pQmin=3.497435
Step68  Qn=3.181e-04  pQn=3.497435  pQmin=3.497435
Step69  Qn=3.181e-04  pQn=3.497435  pQmin=3.497435
Step70  Qn=3.181e-04  pQn=3.497435  pQmin=3.497435
Step71  Qn=3.181e-04  pQn=3.497435  pQmin=3.497435
Step72  Qn=3.181e-04  pQn=3.497435  pQmin=3.497435
Step73  Qn=3.181e-04  pQn=3.497435  pQmin=3.497435
Step74  Qn=3.181e-04  pQn=3.497435  pQmin=3.497435
Step75  Qn=3.181e-04  pQn=3.497435  pQmin=3.497435
Step76  Qn=3.181e-04  pQn=3.497435  pQmin=3.497435
Step77  Qn=3.181e-04  pQn=3.497435  pQmin=3.497435
Step78  Qn=3.181e-04  pQn=3.497435  pQmin=3.497435
Step79  Qn=3.181e-04  pQn=3.497435  pQmin=3.497435
Step80  Qn=3.181e-04  pQn=3.497435  pQmin=3.497435
Step81  Qn=3.181e-04  pQn=3.497435  pQmin=3.497435
Step82  Qn=3.181e-04  pQn=3.497435  pQmin=3.497435
Step83  Qn=3.181e-04  pQn=3.497435  pQmin=3.497435
Step84  Qn=3.181e-04  pQn=3.497435  pQmin=3.497435
Step85  Qn=3.181e-04  pQn=3.497435  pQmin=3.497435
Step86  Qn=3.181e-04  pQn=3.497435  pQmin=3.497435
Step87  Qn=3.181e-04  pQn=3.497435  pQmin=3.497435
Step88  Qn=3.181e-04  pQn=3.497435  pQmin=3.497435
Step89  Qn=3.181e-04  pQn=3.497435  pQmin=3.497435
Step90  Qn=3.181e-04  pQn=3.497435  pQmin=3.497435
Step91  Qn=3.181e-04  pQn=3.497435  pQmin=3.497435
Step92  Qn=3.181e-04  pQn=3.497435  pQmin=3.497435
Step93  Qn=3.181e-04  pQn=3.497435  pQmin=3.497435
Step94  Qn=3.181e-04  pQn=3.497435  pQmin=3.497435
Step95  Qn=3.181e-04  pQn=3.497435  pQmin=3.497435
Step96  Qn=3.181e-04  pQn=3.497435  pQmin=3.497435
Step97  Qn=3.181e-04  pQn=3.497435  pQmin=3.497435
Step98  Qn=3.181e-04  pQn=3.497435  pQmin=3.497435
Step99  Qn=3.181e-04  pQn=3.497435  pQmin=3.497435
Step100  Qn=3.181e-04  pQn=3.497435  pQmin=3.497435
null device 
          1 
