[1] "MePhO2SOPh-v1-v5" "3.77e-04"         "0.05"             "Model-2P-C.R0"   
[5] "Model-2P-C.R1"    "Model-2P-C.R2"   
      t            C
1     0 0.000000e+00
2    30 2.524574e-06
3    60 4.697656e-06
4   120 1.021432e-05
5   150 1.166521e-05
6   180 1.286772e-05
7   240 1.900131e-05
8   300 2.049552e-05
9   360 2.690015e-05
10  450 3.411646e-05
11  540 3.704057e-05
12  600 4.339499e-05
13  750 4.990042e-05
14 1050 6.974669e-05
[1] 0.000377 0.050000
[1] "Quality: 1400 8.043890e-04 3.094534"
[1] 0.000804389
Nelder-Mead Opt
pQ0=3.095e+00

Step1  Qn=9.848e-07  pQn=6.006661  pQmin=3.094534
[1] "Quality: 1400 9.847800e-07 6.006661"
  pQ=6.006661  Q=9.848e-07  dQ=0.000803  [1] 0.001317997 0.133174946
Step2  Qn=9.848e-07  pQn=6.006661  pQmin=6.006661
[1] "Quality: 1400 9.847800e-07 6.006661"
  pQ=6.006661  Q=9.848e-07  dQ=0.000000  [1] 0.001317997 0.133174948
Step3  Qn=9.848e-07  pQn=6.006661  pQmin=6.006661
[1] "Quality: 1400 9.847800e-07 6.006661"
  pQ=6.006661  Q=9.848e-07  dQ=0.000000  [1] 0.001317997 0.133174946
Step4  Qn=9.848e-07  pQn=6.006661  pQmin=6.006661
Step5  Qn=9.848e-07  pQn=6.006661  pQmin=6.006661
[1] "Quality: 1400 9.847800e-07 6.006661"
  pQ=6.006661  Q=9.848e-07  dQ=0.000000  [1] 0.001317997 0.133174942
Step6  Qn=9.848e-07  pQn=6.006661  pQmin=6.006661
Step7  Qn=9.848e-07  pQn=6.006661  pQmin=6.006661
Step8  Qn=9.848e-07  pQn=6.006661  pQmin=6.006661
Step9  Qn=9.848e-07  pQn=6.006661  pQmin=6.006661
Step10  Qn=9.848e-07  pQn=6.006661  pQmin=6.006661
Step11  Qn=9.848e-07  pQn=6.006661  pQmin=6.006661
Step12  Qn=9.848e-07  pQn=6.006661  pQmin=6.006661
Step13  Qn=9.848e-07  pQn=6.006661  pQmin=6.006661
Step14  Qn=9.848e-07  pQn=6.006661  pQmin=6.006661
[1] "Quality: 1400 9.847800e-07 6.006661"
  pQ=6.006661  Q=9.848e-07  dQ=0.000000  [1] 0.001317997 0.133174946
Step15  Qn=9.848e-07  pQn=6.006661  pQmin=6.006661
Step16  Qn=9.848e-07  pQn=6.006661  pQmin=6.006661
Step17  Qn=9.848e-07  pQn=6.006661  pQmin=6.006661
Step18  Qn=9.848e-07  pQn=6.006661  pQmin=6.006661
Step19  Qn=9.848e-07  pQn=6.006661  pQmin=6.006661
[1] "Quality: 1400 9.847800e-07 6.006661"
  pQ=6.006661  Q=9.848e-07  dQ=0.000000  [1] 0.001317997 0.133174954
Step20  Qn=9.848e-07  pQn=6.006661  pQmin=6.006661
Step21  Qn=9.848e-07  pQn=6.006661  pQmin=6.006661
Step22  Qn=9.848e-07  pQn=6.006661  pQmin=6.006661
Step23  Qn=9.848e-07  pQn=6.006661  pQmin=6.006661
Step24  Qn=9.848e-07  pQn=6.006661  pQmin=6.006661
Step25  Qn=9.848e-07  pQn=6.006661  pQmin=6.006661
Step26  Qn=9.848e-07  pQn=6.006661  pQmin=6.006661
Step27  Qn=9.848e-07  pQn=6.006661  pQmin=6.006661
Step28  Qn=9.848e-07  pQn=6.006661  pQmin=6.006661
Step29  Qn=9.848e-07  pQn=6.006661  pQmin=6.006661
Step30  Qn=9.848e-07  pQn=6.006661  pQmin=6.006661
Step31  Qn=9.848e-07  pQn=6.006661  pQmin=6.006661
Step32  Qn=9.848e-07  pQn=6.006661  pQmin=6.006661
Step33  Qn=9.848e-07  pQn=6.006661  pQmin=6.006661
Step34  Qn=9.848e-07  pQn=6.006661  pQmin=6.006661
Step35  Qn=9.848e-07  pQn=6.006661  pQmin=6.006661
Step36  Qn=9.848e-07  pQn=6.006661  pQmin=6.006661
Step37  Qn=9.848e-07  pQn=6.006661  pQmin=6.006661
[1] "Quality: 1400 9.847800e-07 6.006661"
  pQ=6.006661  Q=9.848e-07  dQ=0.000000  [1] 0.001317997 0.133174943
Step38  Qn=9.848e-07  pQn=6.006661  pQmin=6.006661
Step39  Qn=9.848e-07  pQn=6.006661  pQmin=6.006661
Step40  Qn=9.848e-07  pQn=6.006661  pQmin=6.006661
Step41  Qn=9.848e-07  pQn=6.006661  pQmin=6.006661
Step42  Qn=9.848e-07  pQn=6.006661  pQmin=6.006661
Step43  Qn=9.848e-07  pQn=6.006661  pQmin=6.006661
Step44  Qn=9.848e-07  pQn=6.006661  pQmin=6.006661
Step45  Qn=9.848e-07  pQn=6.006661  pQmin=6.006661
Step46  Qn=9.848e-07  pQn=6.006661  pQmin=6.006661
Step47  Qn=9.848e-07  pQn=6.006661  pQmin=6.006661
Step48  Qn=9.848e-07  pQn=6.006661  pQmin=6.006661
Step49  Qn=9.848e-07  pQn=6.006661  pQmin=6.006661
Step50  Qn=9.848e-07  pQn=6.006661  pQmin=6.006661
Step51  Qn=9.848e-07  pQn=6.006661  pQmin=6.006661
Step52  Qn=9.848e-07  pQn=6.006661  pQmin=6.006661
Step53  Qn=9.848e-07  pQn=6.006661  pQmin=6.006661
Step54  Qn=9.848e-07  pQn=6.006661  pQmin=6.006661
Step55  Qn=9.848e-07  pQn=6.006661  pQmin=6.006661
Step56  Qn=9.848e-07  pQn=6.006661  pQmin=6.006661
Step57  Qn=9.848e-07  pQn=6.006661  pQmin=6.006661
Step58  Qn=9.848e-07  pQn=6.006661  pQmin=6.006661
Step59  Qn=9.848e-07  pQn=6.006661  pQmin=6.006661
Step60  Qn=9.848e-07  pQn=6.006661  pQmin=6.006661
Step61  Qn=9.848e-07  pQn=6.006661  pQmin=6.006661
Step62  Qn=9.848e-07  pQn=6.006661  pQmin=6.006661
Step63  Qn=9.848e-07  pQn=6.006661  pQmin=6.006661
Step64  Qn=9.848e-07  pQn=6.006661  pQmin=6.006661
Step65  Qn=9.848e-07  pQn=6.006661  pQmin=6.006661
Step66  Qn=9.848e-07  pQn=6.006661  pQmin=6.006661
Step67  Qn=9.848e-07  pQn=6.006661  pQmin=6.006661
Step68  Qn=9.848e-07  pQn=6.006661  pQmin=6.006661
Step69  Qn=9.848e-07  pQn=6.006661  pQmin=6.006661
Step70  Qn=9.848e-07  pQn=6.006661  pQmin=6.006661
Step71  Qn=9.848e-07  pQn=6.006661  pQmin=6.006661
Step72  Qn=9.848e-07  pQn=6.006661  pQmin=6.006661
Step73  Qn=9.848e-07  pQn=6.006661  pQmin=6.006661
Step74  Qn=9.848e-07  pQn=6.006661  pQmin=6.006661
Step75  Qn=9.848e-07  pQn=6.006661  pQmin=6.006661
Step76  Qn=9.848e-07  pQn=6.006661  pQmin=6.006661
Step77  Qn=9.848e-07  pQn=6.006661  pQmin=6.006661
Step78  Qn=9.848e-07  pQn=6.006661  pQmin=6.006661
Step79  Qn=9.848e-07  pQn=6.006661  pQmin=6.006661
Step80  Qn=9.848e-07  pQn=6.006661  pQmin=6.006661
Step81  Qn=9.848e-07  pQn=6.006661  pQmin=6.006661
Step82  Qn=9.848e-07  pQn=6.006661  pQmin=6.006661
Step83  Qn=9.848e-07  pQn=6.006661  pQmin=6.006661
Step84  Qn=9.848e-07  pQn=6.006661  pQmin=6.006661
Step85  Qn=9.848e-07  pQn=6.006661  pQmin=6.006661
Step86  Qn=9.848e-07  pQn=6.006661  pQmin=6.006661
Step87  Qn=9.848e-07  pQn=6.006661  pQmin=6.006661
Step88  Qn=9.848e-07  pQn=6.006661  pQmin=6.006661
Step89  Qn=9.848e-07  pQn=6.006661  pQmin=6.006661
Step90  Qn=9.848e-07  pQn=6.006661  pQmin=6.006661
Step91  Qn=9.848e-07  pQn=6.006661  pQmin=6.006661
Step92  Qn=9.848e-07  pQn=6.006661  pQmin=6.006661
Step93  Qn=9.848e-07  pQn=6.006661  pQmin=6.006661
Step94  Qn=9.848e-07  pQn=6.006661  pQmin=6.006661
Step95  Qn=9.848e-07  pQn=6.006661  pQmin=6.006661
Step96  Qn=9.848e-07  pQn=6.006661  pQmin=6.006661
Step97  Qn=9.848e-07  pQn=6.006661  pQmin=6.006661
Step98  Qn=9.848e-07  pQn=6.006661  pQmin=6.006661
Step99  Qn=9.848e-07  pQn=6.006661  pQmin=6.006661
Step100  Qn=9.848e-07  pQn=6.006661  pQmin=6.006661
null device 
          1 
