[1] "MePhO2SOPh-v1-v2" "4.4e-01"          "0.05"             "Model-2P-C.R0"   
[5] "Model-2P-C.R1"    "Model-2P-C.R2"   
      t            C
1     0 0.000000e+00
2    30 0.000000e+00
3    60 1.167781e-07
4   150 9.892006e-07
5   300 1.181355e-06
6   450 2.178093e-06
7   600 2.044326e-06
8   750 2.716165e-06
9   900 3.810968e-06
10 1050 6.227733e-06
11 1350 1.131341e-05
12 1500 7.775048e-06
13 1650 1.094870e-05
14 1800 1.150874e-05
[1] 0.44 0.05
[1] "Quality: 1400 1.664925e-02 1.778605"
[1] 0.01664925
Nelder-Mead Opt
pQ0=1.779e+00

Step1  Qn=1.530e-06  pQn=5.815210  pQmin=1.778605
[1] "Quality: 1400 1.530346e-06 5.815210"
  pQ=5.815210  Q=1.530e-06  dQ=0.016648  [1]  0.0007886726 -0.0493945243
Step2  Qn=1.489e-06  pQn=5.827211  pQmin=5.815210
[1] "Quality: 1400 1.488638e-06 5.827211"
  pQ=5.827211  Q=1.489e-06  dQ=0.000000  [1] 0.0002949898 0.0799826715
Step3  Qn=1.502e-06  pQn=5.823305  pQmin=5.827211
Step4  Qn=1.497e-06  pQn=5.824793  pQmin=5.827211
Step5  Qn=1.510e-06  pQn=5.821010  pQmin=5.827211
Step6  Qn=1.472e-06  pQn=5.832108  pQmin=5.827211
[1] "Quality: 1400 1.471945e-06 5.832108"
  pQ=5.832108  Q=1.472e-06  dQ=0.000000  [1]  0.0001573475 -0.1088549536
Step7  Qn=1.530e-06  pQn=5.815341  pQmin=5.832108
Step8  Qn=1.479e-06  pQn=5.829939  pQmin=5.832108
Step9  Qn=1.492e-06  pQn=5.826377  pQmin=5.832108
Step10  Qn=1.545e-06  pQn=5.811211  pQmin=5.832108
Step11  Qn=1.491e-06  pQn=5.826378  pQmin=5.832108
Step12  Qn=1.461e-06  pQn=5.835278  pQmin=5.832108
[1] "Quality: 1400 1.461243e-06 5.835278"
  pQ=5.835278  Q=1.461e-06  dQ=0.000000  [1]  9.492723e-05 -1.399567e-01
Step13  Qn=1.481e-06  pQn=5.829486  pQmin=5.835278
Step14  Qn=1.509e-06  pQn=5.821417  pQmin=5.835278
Step15  Qn=1.516e-06  pQn=5.819322  pQmin=5.835278
Step16  Qn=1.477e-06  pQn=5.830583  pQmin=5.835278
Step17  Qn=1.493e-06  pQn=5.826082  pQmin=5.835278
Step18  Qn=1.535e-06  pQn=5.813819  pQmin=5.835278
Step19  Qn=1.504e-06  pQn=5.822761  pQmin=5.835278
Step20  Qn=1.524e-06  pQn=5.817055  pQmin=5.835278
Step21  Qn=1.520e-06  pQn=5.818063  pQmin=5.835278
Step22  Qn=1.478e-06  pQn=5.830233  pQmin=5.835278
Step23  Qn=1.521e-06  pQn=5.817862  pQmin=5.835278
Step24  Qn=1.508e-06  pQn=5.821663  pQmin=5.835278
Step25  Qn=1.581e-06  pQn=5.800952  pQmin=5.835278
Step26  Qn=1.520e-06  pQn=5.818279  pQmin=5.835278
Step27  Qn=1.508e-06  pQn=5.821656  pQmin=5.835278
Step28  Qn=1.532e-06  pQn=5.814633  pQmin=5.835278
Step29  Qn=1.516e-06  pQn=5.819240  pQmin=5.835278
Step30  Qn=1.493e-06  pQn=5.825924  pQmin=5.835278
Step31  Qn=1.487e-06  pQn=5.827692  pQmin=5.835278
Step32  Qn=1.490e-06  pQn=5.826769  pQmin=5.835278
Step33  Qn=1.530e-06  pQn=5.815228  pQmin=5.835278
Step34  Qn=1.514e-06  pQn=5.819763  pQmin=5.835278
Step35  Qn=1.511e-06  pQn=5.820842  pQmin=5.835278
Step36  Qn=1.478e-06  pQn=5.830204  pQmin=5.835278
Step37  Qn=1.483e-06  pQn=5.828784  pQmin=5.835278
Step38  Qn=1.473e-06  pQn=5.831678  pQmin=5.835278
Step39  Qn=1.490e-06  pQn=5.826924  pQmin=5.835278
Step40  Qn=1.485e-06  pQn=5.828323  pQmin=5.835278
Step41  Qn=1.543e-06  pQn=5.811752  pQmin=5.835278
Step42  Qn=1.482e-06  pQn=5.829122  pQmin=5.835278
Step43  Qn=1.488e-06  pQn=5.827320  pQmin=5.835278
Step44  Qn=1.544e-06  pQn=5.811274  pQmin=5.835278
Step45  Qn=1.496e-06  pQn=5.825124  pQmin=5.835278
Step46  Qn=1.481e-06  pQn=5.829307  pQmin=5.835278
Step47  Qn=1.506e-06  pQn=5.822234  pQmin=5.835278
Step48  Qn=1.479e-06  pQn=5.830148  pQmin=5.835278
Step49  Qn=1.471e-06  pQn=5.832304  pQmin=5.835278
Step50  Qn=1.502e-06  pQn=5.823186  pQmin=5.835278
Step51  Qn=1.473e-06  pQn=5.831872  pQmin=5.835278
Step52  Qn=1.488e-06  pQn=5.827363  pQmin=5.835278
Step53  Qn=1.523e-06  pQn=5.817237  pQmin=5.835278
Step54  Qn=1.493e-06  pQn=5.825819  pQmin=5.835278
Step55  Qn=1.523e-06  pQn=5.817172  pQmin=5.835278
Step56  Qn=1.490e-06  pQn=5.826950  pQmin=5.835278
Step57  Qn=1.502e-06  pQn=5.823227  pQmin=5.835278
Step58  Qn=1.518e-06  pQn=5.818652  pQmin=5.835278
Step59  Qn=1.502e-06  pQn=5.823472  pQmin=5.835278
Step60  Qn=1.491e-06  pQn=5.826648  pQmin=5.835278
Step61  Qn=1.483e-06  pQn=5.828781  pQmin=5.835278
Step62  Qn=1.481e-06  pQn=5.829371  pQmin=5.835278
Step63  Qn=1.491e-06  pQn=5.826668  pQmin=5.835278
Step64  Qn=1.491e-06  pQn=5.826564  pQmin=5.835278
Step65  Qn=1.491e-06  pQn=5.826626  pQmin=5.835278
Step66  Qn=1.487e-06  pQn=5.827581  pQmin=5.835278
Step67  Qn=1.479e-06  pQn=5.829903  pQmin=5.835278
Step68  Qn=1.570e-06  pQn=5.804172  pQmin=5.835278
Step69  Qn=1.486e-06  pQn=5.828028  pQmin=5.835278
Step70  Qn=1.500e-06  pQn=5.824045  pQmin=5.835278
Step71  Qn=1.526e-06  pQn=5.816388  pQmin=5.835278
Step72  Qn=1.515e-06  pQn=5.819607  pQmin=5.835278
Step73  Qn=1.524e-06  pQn=5.816892  pQmin=5.835278
Step74  Qn=1.518e-06  pQn=5.818632  pQmin=5.835278
Step75  Qn=1.484e-06  pQn=5.828503  pQmin=5.835278
Step76  Qn=1.500e-06  pQn=5.823894  pQmin=5.835278
Step77  Qn=1.510e-06  pQn=5.821114  pQmin=5.835278
Step78  Qn=1.492e-06  pQn=5.826311  pQmin=5.835278
Step79  Qn=1.514e-06  pQn=5.819765  pQmin=5.835278
Step80  Qn=1.520e-06  pQn=5.818066  pQmin=5.835278
Step81  Qn=1.537e-06  pQn=5.813430  pQmin=5.835278
Step82  Qn=1.510e-06  pQn=5.820935  pQmin=5.835278
Step83  Qn=1.488e-06  pQn=5.827273  pQmin=5.835278
Step84  Qn=1.521e-06  pQn=5.817907  pQmin=5.835278
Step85  Qn=1.494e-06  pQn=5.825685  pQmin=5.835278
Step86  Qn=1.529e-06  pQn=5.815560  pQmin=5.835278
Step87  Qn=1.489e-06  pQn=5.827014  pQmin=5.835278
Step88  Qn=1.507e-06  pQn=5.821829  pQmin=5.835278
Step89  Qn=1.487e-06  pQn=5.827771  pQmin=5.835278
Step90  Qn=1.485e-06  pQn=5.828345  pQmin=5.835278
Step91  Qn=1.488e-06  pQn=5.827474  pQmin=5.835278
Step92  Qn=1.553e-06  pQn=5.808956  pQmin=5.835278
Step93  Qn=1.501e-06  pQn=5.823625  pQmin=5.835278
Step94  Qn=1.497e-06  pQn=5.824787  pQmin=5.835278
Step95  Qn=1.494e-06  pQn=5.825615  pQmin=5.835278
Step96  Qn=1.570e-06  pQn=5.804224  pQmin=5.835278
Step97  Qn=1.498e-06  pQn=5.824526  pQmin=5.835278
Step98  Qn=1.505e-06  pQn=5.822385  pQmin=5.835278
Step99  Qn=1.485e-06  pQn=5.828179  pQmin=5.835278
Step100  Qn=1.547e-06  pQn=5.810445  pQmin=5.835278
null device 
          1 
