[1] "NO2PhO2SOPh-v1-v5" "7.85e-04"          "0.05"             
[4] "Model-2P-C.R0"     "Model-2P-C.R1"     "Model-2P-C.R2"    
     t            C
1    0 0.000000e+00
2   30 4.130444e-05
3   60 1.006637e-04
4  120 9.878279e-05
5  150 1.089518e-04
6  180 1.003994e-04
7  240 9.591246e-05
8  300 9.908736e-05
9  450 9.689800e-05
10 600 1.120067e-04
11 750 8.464113e-05
12 900 7.224312e-05
[1] 0.000785 0.050000
[1] "Quality: 1200 6.940736e-03 2.158594"
[1] 0.006940736
Nelder-Mead Opt
pQ0=2.159e+00

Step1  Qn=1.971e-04  pQn=3.705395  pQmin=2.158594
[1] "Quality: 1200 1.970630e-04 3.705395"
  pQ=3.705395  Q=1.971e-04  dQ=0.006744  [1] 2.08951989 0.03052939
Step2  Qn=1.971e-04  pQn=3.705395  pQmin=3.705395
Step3  Qn=1.971e-04  pQn=3.705395  pQmin=3.705395
Step4  Qn=1.971e-04  pQn=3.705395  pQmin=3.705395
Step5  Qn=1.971e-04  pQn=3.705395  pQmin=3.705395
Step6  Qn=1.971e-04  pQn=3.705395  pQmin=3.705395
Step7  Qn=1.971e-04  pQn=3.705395  pQmin=3.705395
[1] "Quality: 1200 1.970630e-04 3.705395"
  pQ=3.705395  Q=1.971e-04  dQ=0.000000  [1] 2.08951990 0.03052939
Step8  Qn=1.971e-04  pQn=3.705395  pQmin=3.705395
Step9  Qn=1.971e-04  pQn=3.705395  pQmin=3.705395
Step10  Qn=1.971e-04  pQn=3.705395  pQmin=3.705395
Step11  Qn=1.971e-04  pQn=3.705395  pQmin=3.705395
Step12  Qn=1.971e-04  pQn=3.705395  pQmin=3.705395
Step13  Qn=1.971e-04  pQn=3.705395  pQmin=3.705395
Step14  Qn=1.971e-04  pQn=3.705395  pQmin=3.705395
Step15  Qn=1.971e-04  pQn=3.705395  pQmin=3.705395
Step16  Qn=1.971e-04  pQn=3.705395  pQmin=3.705395
Step17  Qn=1.971e-04  pQn=3.705395  pQmin=3.705395
Step18  Qn=1.971e-04  pQn=3.705395  pQmin=3.705395
Step19  Qn=1.971e-04  pQn=3.705395  pQmin=3.705395
Step20  Qn=1.971e-04  pQn=3.705395  pQmin=3.705395
Step21  Qn=1.971e-04  pQn=3.705395  pQmin=3.705395
Step22  Qn=1.971e-04  pQn=3.705395  pQmin=3.705395
Step23  Qn=1.971e-04  pQn=3.705395  pQmin=3.705395
Step24  Qn=1.971e-04  pQn=3.705395  pQmin=3.705395
Step25  Qn=1.971e-04  pQn=3.705395  pQmin=3.705395
Step26  Qn=1.971e-04  pQn=3.705395  pQmin=3.705395
Step27  Qn=1.971e-04  pQn=3.705395  pQmin=3.705395
Step28  Qn=1.971e-04  pQn=3.705395  pQmin=3.705395
Step29  Qn=1.971e-04  pQn=3.705395  pQmin=3.705395
Step30  Qn=1.971e-04  pQn=3.705395  pQmin=3.705395
Step31  Qn=1.971e-04  pQn=3.705395  pQmin=3.705395
Step32  Qn=1.971e-04  pQn=3.705395  pQmin=3.705395
Step33  Qn=1.971e-04  pQn=3.705395  pQmin=3.705395
Step34  Qn=1.971e-04  pQn=3.705395  pQmin=3.705395
Step35  Qn=1.971e-04  pQn=3.705395  pQmin=3.705395
Step36  Qn=1.971e-04  pQn=3.705395  pQmin=3.705395
Step37  Qn=1.971e-04  pQn=3.705395  pQmin=3.705395
Step38  Qn=1.971e-04  pQn=3.705395  pQmin=3.705395
Step39  Qn=1.971e-04  pQn=3.705395  pQmin=3.705395
Step40  Qn=1.971e-04  pQn=3.705395  pQmin=3.705395
Step41  Qn=1.971e-04  pQn=3.705395  pQmin=3.705395
Step42  Qn=1.971e-04  pQn=3.705395  pQmin=3.705395
Step43  Qn=1.971e-04  pQn=3.705395  pQmin=3.705395
Step44  Qn=1.971e-04  pQn=3.705395  pQmin=3.705395
Step45  Qn=1.971e-04  pQn=3.705395  pQmin=3.705395
Step46  Qn=1.971e-04  pQn=3.705395  pQmin=3.705395
Step47  Qn=1.971e-04  pQn=3.705395  pQmin=3.705395
Step48  Qn=1.971e-04  pQn=3.705395  pQmin=3.705395
Step49  Qn=1.971e-04  pQn=3.705395  pQmin=3.705395
Step50  Qn=1.971e-04  pQn=3.705395  pQmin=3.705395
Step51  Qn=1.971e-04  pQn=3.705395  pQmin=3.705395
Step52  Qn=1.971e-04  pQn=3.705395  pQmin=3.705395
Step53  Qn=1.971e-04  pQn=3.705395  pQmin=3.705395
Step54  Qn=1.971e-04  pQn=3.705395  pQmin=3.705395
Step55  Qn=1.971e-04  pQn=3.705395  pQmin=3.705395
Step56  Qn=1.971e-04  pQn=3.705395  pQmin=3.705395
Step57  Qn=1.971e-04  pQn=3.705395  pQmin=3.705395
Step58  Qn=1.971e-04  pQn=3.705395  pQmin=3.705395
Step59  Qn=1.971e-04  pQn=3.705395  pQmin=3.705395
Step60  Qn=1.971e-04  pQn=3.705395  pQmin=3.705395
Step61  Qn=1.971e-04  pQn=3.705395  pQmin=3.705395
Step62  Qn=1.971e-04  pQn=3.705395  pQmin=3.705395
Step63  Qn=1.971e-04  pQn=3.705395  pQmin=3.705395
Step64  Qn=1.971e-04  pQn=3.705395  pQmin=3.705395
Step65  Qn=1.971e-04  pQn=3.705395  pQmin=3.705395
Step66  Qn=1.971e-04  pQn=3.705395  pQmin=3.705395
Step67  Qn=1.971e-04  pQn=3.705395  pQmin=3.705395
Step68  Qn=1.971e-04  pQn=3.705395  pQmin=3.705395
Step69  Qn=1.971e-04  pQn=3.705395  pQmin=3.705395
Step70  Qn=1.971e-04  pQn=3.705395  pQmin=3.705395
Step71  Qn=1.971e-04  pQn=3.705395  pQmin=3.705395
Step72  Qn=1.971e-04  pQn=3.705395  pQmin=3.705395
Step73  Qn=1.971e-04  pQn=3.705395  pQmin=3.705395
Step74  Qn=1.971e-04  pQn=3.705395  pQmin=3.705395
Step75  Qn=1.971e-04  pQn=3.705395  pQmin=3.705395
Step76  Qn=1.971e-04  pQn=3.705395  pQmin=3.705395
Step77  Qn=1.971e-04  pQn=3.705395  pQmin=3.705395
Step78  Qn=1.971e-04  pQn=3.705395  pQmin=3.705395
Step79  Qn=1.971e-04  pQn=3.705395  pQmin=3.705395
Step80  Qn=1.971e-04  pQn=3.705395  pQmin=3.705395
Step81  Qn=1.971e-04  pQn=3.705395  pQmin=3.705395
Step82  Qn=1.971e-04  pQn=3.705395  pQmin=3.705395
Step83  Qn=1.971e-04  pQn=3.705395  pQmin=3.705395
Step84  Qn=1.971e-04  pQn=3.705395  pQmin=3.705395
Step85  Qn=1.971e-04  pQn=3.705395  pQmin=3.705395
Step86  Qn=1.971e-04  pQn=3.705395  pQmin=3.705395
Step87  Qn=1.971e-04  pQn=3.705395  pQmin=3.705395
Step88  Qn=1.971e-04  pQn=3.705395  pQmin=3.705395
Step89  Qn=1.971e-04  pQn=3.705395  pQmin=3.705395
Step90  Qn=1.971e-04  pQn=3.705395  pQmin=3.705395
Step91  Qn=1.971e-04  pQn=3.705395  pQmin=3.705395
Step92  Qn=1.971e-04  pQn=3.705395  pQmin=3.705395
Step93  Qn=1.971e-04  pQn=3.705395  pQmin=3.705395
Step94  Qn=1.971e-04  pQn=3.705395  pQmin=3.705395
Step95  Qn=1.971e-04  pQn=3.705395  pQmin=3.705395
Step96  Qn=1.971e-04  pQn=3.705395  pQmin=3.705395
Step97  Qn=1.971e-04  pQn=3.705395  pQmin=3.705395
Step98  Qn=1.971e-04  pQn=3.705395  pQmin=3.705395
Step99  Qn=1.971e-04  pQn=3.705395  pQmin=3.705395
Step100  Qn=1.971e-04  pQn=3.705395  pQmin=3.705395
null device 
          1 
