[1] "PhO2SOPh-2021-v1-4n" "7.85e-04"            "0.005"              
[4] "Model-2P-C-2021.R0"  "Model-2P-C-2021.R1"  "Model-2P-C-2021.R2" 
      t          C
1     0 0.00000000
2    30 0.00056576
3    60 0.00058802
4   120 0.00100923
5   150 0.00102889
6   240 0.00179539
7   300 0.00166219
8   450 0.00243803
9   540 0.00306202
10  600 0.00317514
11  750 0.00356731
12  900 0.00449506
13 1050 0.00474492
14 1200 0.00476154
[1] 0.000785 0.005000
[1] "Quality: 1400 7.952709e-05 4.099485"
[1] 7.952709e-05
Nelder-Mead Opt
pQ0=4.099e+00

Step1  Qn=3.429e-07  pQn=6.464787  pQmin=4.099485
[1] "Quality: 1400 3.429358e-07 6.464787"
  pQ=6.464787  Q=3.429e-07  dQ=0.000079  [1] 0.07121278 0.01046127
Step2  Qn=3.429e-07  pQn=6.464787  pQmin=6.464787
Step3  Qn=3.429e-07  pQn=6.464787  pQmin=6.464787
[1] "Quality: 1400 3.429358e-07 6.464787"
  pQ=6.464787  Q=3.429e-07  dQ=0.000000  [1] 0.07121278 0.01046127
Step4  Qn=3.429e-07  pQn=6.464787  pQmin=6.464787
Step5  Qn=3.429e-07  pQn=6.464787  pQmin=6.464787
Step6  Qn=3.429e-07  pQn=6.464787  pQmin=6.464787
Step7  Qn=3.429e-07  pQn=6.464787  pQmin=6.464787
[1] "Quality: 1400 3.429358e-07 6.464787"
  pQ=6.464787  Q=3.429e-07  dQ=0.000000  [1] 0.07121278 0.01046127
Step8  Qn=3.429e-07  pQn=6.464787  pQmin=6.464787
Step9  Qn=3.429e-07  pQn=6.464787  pQmin=6.464787
Step10  Qn=3.429e-07  pQn=6.464787  pQmin=6.464787
Step11  Qn=3.429e-07  pQn=6.464787  pQmin=6.464787
[1] "Quality: 1400 3.429358e-07 6.464787"
  pQ=6.464787  Q=3.429e-07  dQ=0.000000  [1] 0.07121278 0.01046127
Step12  Qn=3.429e-07  pQn=6.464787  pQmin=6.464787
Step13  Qn=3.429e-07  pQn=6.464787  pQmin=6.464787
[1] "Quality: 1400 3.429358e-07 6.464787"
  pQ=6.464787  Q=3.429e-07  dQ=0.000000  [1] 0.07121278 0.01046127
Step14  Qn=3.429e-07  pQn=6.464787  pQmin=6.464787
Step15  Qn=3.429e-07  pQn=6.464787  pQmin=6.464787
Step16  Qn=3.429e-07  pQn=6.464787  pQmin=6.464787
Step17  Qn=3.429e-07  pQn=6.464787  pQmin=6.464787
Step18  Qn=3.429e-07  pQn=6.464787  pQmin=6.464787
Step19  Qn=3.429e-07  pQn=6.464787  pQmin=6.464787
Step20  Qn=3.429e-07  pQn=6.464787  pQmin=6.464787
Step21  Qn=3.429e-07  pQn=6.464787  pQmin=6.464787
Step22  Qn=3.429e-07  pQn=6.464787  pQmin=6.464787
Step23  Qn=3.429e-07  pQn=6.464787  pQmin=6.464787
Step24  Qn=3.429e-07  pQn=6.464787  pQmin=6.464787
Step25  Qn=3.429e-07  pQn=6.464787  pQmin=6.464787
Step26  Qn=3.429e-07  pQn=6.464787  pQmin=6.464787
Step27  Qn=3.429e-07  pQn=6.464787  pQmin=6.464787
Step28  Qn=3.429e-07  pQn=6.464787  pQmin=6.464787
Step29  Qn=3.429e-07  pQn=6.464787  pQmin=6.464787
Step30  Qn=3.429e-07  pQn=6.464787  pQmin=6.464787
Step31  Qn=3.429e-07  pQn=6.464787  pQmin=6.464787
Step32  Qn=3.429e-07  pQn=6.464787  pQmin=6.464787
Step33  Qn=3.429e-07  pQn=6.464787  pQmin=6.464787
Step34  Qn=3.429e-07  pQn=6.464787  pQmin=6.464787
Step35  Qn=3.429e-07  pQn=6.464787  pQmin=6.464787
Step36  Qn=3.429e-07  pQn=6.464787  pQmin=6.464787
Step37  Qn=3.429e-07  pQn=6.464787  pQmin=6.464787
Step38  Qn=3.429e-07  pQn=6.464787  pQmin=6.464787
Step39  Qn=3.429e-07  pQn=6.464787  pQmin=6.464787
Step40  Qn=3.429e-07  pQn=6.464787  pQmin=6.464787
Step41  Qn=3.429e-07  pQn=6.464787  pQmin=6.464787
Step42  Qn=3.429e-07  pQn=6.464787  pQmin=6.464787
Step43  Qn=3.429e-07  pQn=6.464787  pQmin=6.464787
Step44  Qn=3.429e-07  pQn=6.464787  pQmin=6.464787
Step45  Qn=3.429e-07  pQn=6.464787  pQmin=6.464787
Step46  Qn=3.429e-07  pQn=6.464787  pQmin=6.464787
Step47  Qn=3.429e-07  pQn=6.464787  pQmin=6.464787
Step48  Qn=3.429e-07  pQn=6.464787  pQmin=6.464787
Step49  Qn=3.429e-07  pQn=6.464787  pQmin=6.464787
Step50  Qn=3.429e-07  pQn=6.464787  pQmin=6.464787
Step51  Qn=3.429e-07  pQn=6.464787  pQmin=6.464787
Step52  Qn=3.429e-07  pQn=6.464787  pQmin=6.464787
Step53  Qn=3.429e-07  pQn=6.464787  pQmin=6.464787
Step54  Qn=3.429e-07  pQn=6.464787  pQmin=6.464787
Step55  Qn=3.429e-07  pQn=6.464787  pQmin=6.464787
[1] "Quality: 1400 3.429358e-07 6.464787"
  pQ=6.464787  Q=3.429e-07  dQ=0.000000  [1] 0.07121278 0.01046127
Step56  Qn=3.429e-07  pQn=6.464787  pQmin=6.464787
Step57  Qn=3.429e-07  pQn=6.464787  pQmin=6.464787
[1] "Quality: 1400 3.429358e-07 6.464787"
  pQ=6.464787  Q=3.429e-07  dQ=0.000000  [1] 0.07121278 0.01046127
Step58  Qn=3.429e-07  pQn=6.464787  pQmin=6.464787
Step59  Qn=3.429e-07  pQn=6.464787  pQmin=6.464787
Step60  Qn=3.429e-07  pQn=6.464787  pQmin=6.464787
Step61  Qn=3.429e-07  pQn=6.464787  pQmin=6.464787
Step62  Qn=3.429e-07  pQn=6.464787  pQmin=6.464787
Step63  Qn=3.429e-07  pQn=6.464787  pQmin=6.464787
Step64  Qn=3.429e-07  pQn=6.464787  pQmin=6.464787
Step65  Qn=3.429e-07  pQn=6.464787  pQmin=6.464787
Step66  Qn=3.429e-07  pQn=6.464787  pQmin=6.464787
Step67  Qn=3.429e-07  pQn=6.464787  pQmin=6.464787
Step68  Qn=3.429e-07  pQn=6.464787  pQmin=6.464787
Step69  Qn=3.429e-07  pQn=6.464787  pQmin=6.464787
Step70  Qn=3.429e-07  pQn=6.464787  pQmin=6.464787
Step71  Qn=3.429e-07  pQn=6.464787  pQmin=6.464787
Step72  Qn=3.429e-07  pQn=6.464787  pQmin=6.464787
Step73  Qn=3.429e-07  pQn=6.464787  pQmin=6.464787
Step74  Qn=3.429e-07  pQn=6.464787  pQmin=6.464787
Step75  Qn=3.429e-07  pQn=6.464787  pQmin=6.464787
Step76  Qn=3.429e-07  pQn=6.464787  pQmin=6.464787
Step77  Qn=3.429e-07  pQn=6.464787  pQmin=6.464787
[1] "Quality: 1400 3.429358e-07 6.464787"
  pQ=6.464787  Q=3.429e-07  dQ=0.000000  [1] 0.07121278 0.01046127
Step78  Qn=3.429e-07  pQn=6.464787  pQmin=6.464787
Step79  Qn=3.429e-07  pQn=6.464787  pQmin=6.464787
Step80  Qn=3.429e-07  pQn=6.464787  pQmin=6.464787
Step81  Qn=3.429e-07  pQn=6.464787  pQmin=6.464787
Step82  Qn=3.429e-07  pQn=6.464787  pQmin=6.464787
Step83  Qn=3.429e-07  pQn=6.464787  pQmin=6.464787
Step84  Qn=3.429e-07  pQn=6.464787  pQmin=6.464787
Step85  Qn=3.429e-07  pQn=6.464787  pQmin=6.464787
Step86  Qn=3.429e-07  pQn=6.464787  pQmin=6.464787
Step87  Qn=3.429e-07  pQn=6.464787  pQmin=6.464787
Step88  Qn=3.429e-07  pQn=6.464787  pQmin=6.464787
Step89  Qn=3.429e-07  pQn=6.464787  pQmin=6.464787
Step90  Qn=3.429e-07  pQn=6.464787  pQmin=6.464787
Step91  Qn=3.429e-07  pQn=6.464787  pQmin=6.464787
Step92  Qn=3.429e-07  pQn=6.464787  pQmin=6.464787
Step93  Qn=3.429e-07  pQn=6.464787  pQmin=6.464787
Step94  Qn=3.429e-07  pQn=6.464787  pQmin=6.464787
Step95  Qn=3.429e-07  pQn=6.464787  pQmin=6.464787
Step96  Qn=3.429e-07  pQn=6.464787  pQmin=6.464787
Step97  Qn=3.429e-07  pQn=6.464787  pQmin=6.464787
Step98  Qn=3.429e-07  pQn=6.464787  pQmin=6.464787
Step99  Qn=3.429e-07  pQn=6.464787  pQmin=6.464787
Step100  Qn=3.429e-07  pQn=6.464787  pQmin=6.464787
null device 
          1 
