[1] "PhO2SOPh-v1-v3" "7.85e-04"       "0.05"           "Model-2P-C.R0" 
[5] "Model-2P-C.R1"  "Model-2P-C.R2" 
      t            C
1     0 0.000000e+00
2    30 1.080777e-06
3    60 9.105638e-07
4   150 2.188737e-06
5   300 4.546304e-06
6   450 1.300496e-05
7   600 1.804336e-05
8   750 2.359275e-05
9  1050 3.465270e-05
10 1200 3.600553e-05
11 1650 4.743337e-05
12 1800 4.829333e-05
[1] 0.000785 0.050000
[1] "Quality: 1200 3.787295e-04 3.421671"
[1] 0.0003787295
Nelder-Mead Opt
pQ0=3.422e+00

Step1  Qn=3.879e-06  pQn=5.411326  pQmin=3.421671
[1] "Quality: 1200 3.878592e-06 5.411326"
  pQ=5.411326  Q=3.879e-06  dQ=0.000375  [1] 0.000697836 0.117628096
Step2  Qn=3.879e-06  pQn=5.411326  pQmin=5.411326
Step3  Qn=3.879e-06  pQn=5.411326  pQmin=5.411326
Step4  Qn=3.879e-06  pQn=5.411326  pQmin=5.411326
[1] "Quality: 1200 3.878592e-06 5.411326"
  pQ=5.411326  Q=3.879e-06  dQ=0.000000  [1] 0.0006978361 0.1176280890
Step5  Qn=3.879e-06  pQn=5.411326  pQmin=5.411326
Step6  Qn=3.879e-06  pQn=5.411326  pQmin=5.411326
Step7  Qn=3.879e-06  pQn=5.411326  pQmin=5.411326
Step8  Qn=3.879e-06  pQn=5.411326  pQmin=5.411326
[1] "Quality: 1200 3.878592e-06 5.411326"
  pQ=5.411326  Q=3.879e-06  dQ=0.000000  [1] 0.0006978359 0.1176280999
Step9  Qn=3.879e-06  pQn=5.411326  pQmin=5.411326
Step10  Qn=3.879e-06  pQn=5.411326  pQmin=5.411326
Step11  Qn=3.879e-06  pQn=5.411326  pQmin=5.411326
Step12  Qn=3.879e-06  pQn=5.411326  pQmin=5.411326
Step13  Qn=3.879e-06  pQn=5.411326  pQmin=5.411326
Step14  Qn=3.879e-06  pQn=5.411326  pQmin=5.411326
Step15  Qn=3.879e-06  pQn=5.411326  pQmin=5.411326
Step16  Qn=3.879e-06  pQn=5.411326  pQmin=5.411326
[1] "Quality: 1200 3.878592e-06 5.411326"
  pQ=5.411326  Q=3.879e-06  dQ=0.000000  [1] 0.000697836 0.117628095
Step17  Qn=3.879e-06  pQn=5.411326  pQmin=5.411326
Step18  Qn=3.879e-06  pQn=5.411326  pQmin=5.411326
Step19  Qn=3.879e-06  pQn=5.411326  pQmin=5.411326
Step20  Qn=3.879e-06  pQn=5.411326  pQmin=5.411326
Step21  Qn=3.879e-06  pQn=5.411326  pQmin=5.411326
Step22  Qn=3.879e-06  pQn=5.411326  pQmin=5.411326
Step23  Qn=3.879e-06  pQn=5.411326  pQmin=5.411326
Step24  Qn=3.879e-06  pQn=5.411326  pQmin=5.411326
Step25  Qn=3.879e-06  pQn=5.411326  pQmin=5.411326
Step26  Qn=3.879e-06  pQn=5.411326  pQmin=5.411326
Step27  Qn=3.879e-06  pQn=5.411326  pQmin=5.411326
Step28  Qn=3.879e-06  pQn=5.411326  pQmin=5.411326
Step29  Qn=3.879e-06  pQn=5.411326  pQmin=5.411326
Step30  Qn=3.879e-06  pQn=5.411326  pQmin=5.411326
Step31  Qn=3.879e-06  pQn=5.411326  pQmin=5.411326
Step32  Qn=3.879e-06  pQn=5.411326  pQmin=5.411326
Step33  Qn=3.879e-06  pQn=5.411326  pQmin=5.411326
Step34  Qn=3.879e-06  pQn=5.411326  pQmin=5.411326
Step35  Qn=3.879e-06  pQn=5.411326  pQmin=5.411326
Step36  Qn=3.879e-06  pQn=5.411326  pQmin=5.411326
Step37  Qn=3.879e-06  pQn=5.411326  pQmin=5.411326
Step38  Qn=3.879e-06  pQn=5.411326  pQmin=5.411326
Step39  Qn=3.879e-06  pQn=5.411326  pQmin=5.411326
Step40  Qn=3.879e-06  pQn=5.411326  pQmin=5.411326
Step41  Qn=3.879e-06  pQn=5.411326  pQmin=5.411326
Step42  Qn=3.879e-06  pQn=5.411326  pQmin=5.411326
Step43  Qn=3.879e-06  pQn=5.411326  pQmin=5.411326
Step44  Qn=3.879e-06  pQn=5.411326  pQmin=5.411326
Step45  Qn=3.879e-06  pQn=5.411326  pQmin=5.411326
Step46  Qn=3.879e-06  pQn=5.411326  pQmin=5.411326
Step47  Qn=3.879e-06  pQn=5.411326  pQmin=5.411326
Step48  Qn=3.881e-06  pQn=5.411003  pQmin=5.411326
Step49  Qn=3.879e-06  pQn=5.411326  pQmin=5.411326
Step50  Qn=3.879e-06  pQn=5.411326  pQmin=5.411326
Step51  Qn=3.879e-06  pQn=5.411326  pQmin=5.411326
Step52  Qn=3.879e-06  pQn=5.411326  pQmin=5.411326
Step53  Qn=3.879e-06  pQn=5.411326  pQmin=5.411326
Step54  Qn=3.879e-06  pQn=5.411326  pQmin=5.411326
Step55  Qn=3.879e-06  pQn=5.411326  pQmin=5.411326
Step56  Qn=3.879e-06  pQn=5.411326  pQmin=5.411326
Step57  Qn=3.879e-06  pQn=5.411326  pQmin=5.411326
Step58  Qn=3.879e-06  pQn=5.411326  pQmin=5.411326
Step59  Qn=3.879e-06  pQn=5.411326  pQmin=5.411326
Step60  Qn=3.879e-06  pQn=5.411326  pQmin=5.411326
Step61  Qn=3.879e-06  pQn=5.411326  pQmin=5.411326
Step62  Qn=3.879e-06  pQn=5.411326  pQmin=5.411326
Step63  Qn=3.879e-06  pQn=5.411326  pQmin=5.411326
Step64  Qn=3.879e-06  pQn=5.411326  pQmin=5.411326
Step65  Qn=3.879e-06  pQn=5.411326  pQmin=5.411326
Step66  Qn=3.879e-06  pQn=5.411326  pQmin=5.411326
Step67  Qn=3.879e-06  pQn=5.411326  pQmin=5.411326
Step68  Qn=3.879e-06  pQn=5.411326  pQmin=5.411326
Step69  Qn=3.879e-06  pQn=5.411326  pQmin=5.411326
Step70  Qn=3.879e-06  pQn=5.411326  pQmin=5.411326
Step71  Qn=3.879e-06  pQn=5.411326  pQmin=5.411326
Step72  Qn=3.879e-06  pQn=5.411326  pQmin=5.411326
Step73  Qn=3.879e-06  pQn=5.411326  pQmin=5.411326
Step74  Qn=3.879e-06  pQn=5.411326  pQmin=5.411326
Step75  Qn=3.879e-06  pQn=5.411326  pQmin=5.411326
Step76  Qn=3.879e-06  pQn=5.411326  pQmin=5.411326
Step77  Qn=3.879e-06  pQn=5.411326  pQmin=5.411326
Step78  Qn=3.879e-06  pQn=5.411326  pQmin=5.411326
Step79  Qn=3.879e-06  pQn=5.411326  pQmin=5.411326
Step80  Qn=3.879e-06  pQn=5.411326  pQmin=5.411326
Step81  Qn=3.879e-06  pQn=5.411326  pQmin=5.411326
Step82  Qn=3.879e-06  pQn=5.411326  pQmin=5.411326
Step83  Qn=3.879e-06  pQn=5.411326  pQmin=5.411326
Step84  Qn=3.879e-06  pQn=5.411326  pQmin=5.411326
Step85  Qn=3.879e-06  pQn=5.411326  pQmin=5.411326
Step86  Qn=3.879e-06  pQn=5.411326  pQmin=5.411326
Step87  Qn=3.879e-06  pQn=5.411326  pQmin=5.411326
Step88  Qn=3.879e-06  pQn=5.411326  pQmin=5.411326
Step89  Qn=3.879e-06  pQn=5.411326  pQmin=5.411326
Step90  Qn=3.879e-06  pQn=5.411326  pQmin=5.411326
Step91  Qn=3.879e-06  pQn=5.411326  pQmin=5.411326
Step92  Qn=3.879e-06  pQn=5.411326  pQmin=5.411326
Step93  Qn=3.879e-06  pQn=5.411326  pQmin=5.411326
Step94  Qn=3.879e-06  pQn=5.411326  pQmin=5.411326
Step95  Qn=3.879e-06  pQn=5.411326  pQmin=5.411326
Step96  Qn=3.879e-06  pQn=5.411326  pQmin=5.411326
Step97  Qn=3.879e-06  pQn=5.411326  pQmin=5.411326
Step98  Qn=3.879e-06  pQn=5.411326  pQmin=5.411326
Step99  Qn=3.879e-06  pQn=5.411326  pQmin=5.411326
Step100  Qn=3.879e-06  pQn=5.411326  pQmin=5.411326
null device 
          1 
