[1] "PhO2SOPh-v1-v5" "7.85e-04"       "0.05"           "Model-2P-C.R0" 
[5] "Model-2P-C.R1"  "Model-2P-C.R2" 
      t            C
1     0 0.000000e+00
2    30 4.450597e-06
3    60 1.833685e-05
4   120 3.652033e-05
5   180 5.879642e-05
6   240 4.034282e-05
7   360 5.625724e-05
8   420 5.678661e-05
9   480 5.832245e-05
10  540 5.419449e-05
11  600 5.298239e-05
12  750 4.913823e-05
13  900 5.466659e-05
14 1050 5.462671e-05
[1] 0.000785 0.050000
[1] "Quality: 1400 1.735244e-03 2.760639"
[1] 0.001735244
Nelder-Mead Opt
pQ0=2.761e+00

Step1  Qn=4.143e-05  pQn=4.382735  pQmin=2.760639
[1] "Quality: 1400 4.142523e-05 4.382735"
  pQ=4.382735  Q=4.143e-05  dQ=0.001694  [1] 0.56309362 0.01908995
Step2  Qn=4.143e-05  pQn=4.382735  pQmin=4.382735
Step3  Qn=4.143e-05  pQn=4.382735  pQmin=4.382735
Step4  Qn=4.143e-05  pQn=4.382735  pQmin=4.382735
Step5  Qn=4.143e-05  pQn=4.382735  pQmin=4.382735
Step6  Qn=4.143e-05  pQn=4.382735  pQmin=4.382735
Step7  Qn=4.143e-05  pQn=4.382735  pQmin=4.382735
Step8  Qn=4.143e-05  pQn=4.382735  pQmin=4.382735
Step9  Qn=4.143e-05  pQn=4.382735  pQmin=4.382735
Step10  Qn=4.143e-05  pQn=4.382735  pQmin=4.382735
Step11  Qn=4.143e-05  pQn=4.382735  pQmin=4.382735
Step12  Qn=4.143e-05  pQn=4.382735  pQmin=4.382735
Step13  Qn=4.143e-05  pQn=4.382735  pQmin=4.382735
Step14  Qn=4.143e-05  pQn=4.382735  pQmin=4.382735
[1] "Quality: 1400 4.142523e-05 4.382735"
  pQ=4.382735  Q=4.143e-05  dQ=0.000000  [1] 0.56309363 0.01908995
Step15  Qn=4.143e-05  pQn=4.382735  pQmin=4.382735
Step16  Qn=4.143e-05  pQn=4.382735  pQmin=4.382735
Step17  Qn=4.143e-05  pQn=4.382735  pQmin=4.382735
Step18  Qn=4.143e-05  pQn=4.382735  pQmin=4.382735
Step19  Qn=4.143e-05  pQn=4.382735  pQmin=4.382735
Step20  Qn=4.143e-05  pQn=4.382735  pQmin=4.382735
Step21  Qn=4.143e-05  pQn=4.382735  pQmin=4.382735
Step22  Qn=4.143e-05  pQn=4.382735  pQmin=4.382735
Step23  Qn=4.143e-05  pQn=4.382735  pQmin=4.382735
Step24  Qn=4.143e-05  pQn=4.382735  pQmin=4.382735
Step25  Qn=4.143e-05  pQn=4.382735  pQmin=4.382735
Step26  Qn=4.143e-05  pQn=4.382735  pQmin=4.382735
Step27  Qn=4.143e-05  pQn=4.382735  pQmin=4.382735
Step28  Qn=4.143e-05  pQn=4.382735  pQmin=4.382735
Step29  Qn=4.143e-05  pQn=4.382735  pQmin=4.382735
Step30  Qn=4.143e-05  pQn=4.382735  pQmin=4.382735
Step31  Qn=4.143e-05  pQn=4.382735  pQmin=4.382735
Step32  Qn=4.143e-05  pQn=4.382735  pQmin=4.382735
Step33  Qn=4.143e-05  pQn=4.382735  pQmin=4.382735
Step34  Qn=4.143e-05  pQn=4.382735  pQmin=4.382735
Step35  Qn=4.143e-05  pQn=4.382735  pQmin=4.382735
Step36  Qn=4.143e-05  pQn=4.382735  pQmin=4.382735
Step37  Qn=4.143e-05  pQn=4.382735  pQmin=4.382735
Step38  Qn=4.143e-05  pQn=4.382735  pQmin=4.382735
Step39  Qn=4.143e-05  pQn=4.382735  pQmin=4.382735
Step40  Qn=4.143e-05  pQn=4.382735  pQmin=4.382735
Step41  Qn=4.143e-05  pQn=4.382735  pQmin=4.382735
Step42  Qn=4.143e-05  pQn=4.382735  pQmin=4.382735
Step43  Qn=4.143e-05  pQn=4.382735  pQmin=4.382735
Step44  Qn=4.143e-05  pQn=4.382735  pQmin=4.382735
Step45  Qn=4.143e-05  pQn=4.382735  pQmin=4.382735
Step46  Qn=4.143e-05  pQn=4.382735  pQmin=4.382735
Step47  Qn=4.143e-05  pQn=4.382735  pQmin=4.382735
Step48  Qn=4.143e-05  pQn=4.382735  pQmin=4.382735
Step49  Qn=4.143e-05  pQn=4.382735  pQmin=4.382735
Step50  Qn=4.143e-05  pQn=4.382735  pQmin=4.382735
Step51  Qn=4.143e-05  pQn=4.382735  pQmin=4.382735
Step52  Qn=4.143e-05  pQn=4.382735  pQmin=4.382735
Step53  Qn=4.143e-05  pQn=4.382735  pQmin=4.382735
Step54  Qn=4.143e-05  pQn=4.382735  pQmin=4.382735
Step55  Qn=4.143e-05  pQn=4.382735  pQmin=4.382735
Step56  Qn=4.143e-05  pQn=4.382735  pQmin=4.382735
Step57  Qn=4.143e-05  pQn=4.382735  pQmin=4.382735
Step58  Qn=4.143e-05  pQn=4.382735  pQmin=4.382735
Step59  Qn=4.143e-05  pQn=4.382735  pQmin=4.382735
Step60  Qn=4.143e-05  pQn=4.382735  pQmin=4.382735
Step61  Qn=4.143e-05  pQn=4.382735  pQmin=4.382735
Step62  Qn=4.143e-05  pQn=4.382735  pQmin=4.382735
Step63  Qn=4.143e-05  pQn=4.382735  pQmin=4.382735
Step64  Qn=4.143e-05  pQn=4.382735  pQmin=4.382735
Step65  Qn=4.143e-05  pQn=4.382735  pQmin=4.382735
Step66  Qn=4.143e-05  pQn=4.382735  pQmin=4.382735
Step67  Qn=4.143e-05  pQn=4.382735  pQmin=4.382735
Step68  Qn=4.143e-05  pQn=4.382735  pQmin=4.382735
Step69  Qn=4.143e-05  pQn=4.382735  pQmin=4.382735
Step70  Qn=4.143e-05  pQn=4.382735  pQmin=4.382735
Step71  Qn=4.143e-05  pQn=4.382735  pQmin=4.382735
[1] "Quality: 1400 4.142523e-05 4.382735"
  pQ=4.382735  Q=4.143e-05  dQ=0.000000  [1] 0.56309362 0.01908995
Step72  Qn=4.143e-05  pQn=4.382735  pQmin=4.382735
Step73  Qn=4.143e-05  pQn=4.382735  pQmin=4.382735
Step74  Qn=4.143e-05  pQn=4.382735  pQmin=4.382735
Step75  Qn=4.143e-05  pQn=4.382735  pQmin=4.382735
Step76  Qn=4.143e-05  pQn=4.382735  pQmin=4.382735
Step77  Qn=4.143e-05  pQn=4.382735  pQmin=4.382735
Step78  Qn=4.143e-05  pQn=4.382735  pQmin=4.382735
Step79  Qn=4.143e-05  pQn=4.382735  pQmin=4.382735
Step80  Qn=4.143e-05  pQn=4.382735  pQmin=4.382735
Step81  Qn=4.143e-05  pQn=4.382735  pQmin=4.382735
Step82  Qn=4.143e-05  pQn=4.382735  pQmin=4.382735
Step83  Qn=4.143e-05  pQn=4.382735  pQmin=4.382735
Step84  Qn=4.143e-05  pQn=4.382735  pQmin=4.382735
Step85  Qn=4.143e-05  pQn=4.382735  pQmin=4.382735
Step86  Qn=4.143e-05  pQn=4.382735  pQmin=4.382735
Step87  Qn=4.143e-05  pQn=4.382735  pQmin=4.382735
Step88  Qn=4.143e-05  pQn=4.382735  pQmin=4.382735
Step89  Qn=4.143e-05  pQn=4.382735  pQmin=4.382735
Step90  Qn=4.143e-05  pQn=4.382735  pQmin=4.382735
Step91  Qn=4.143e-05  pQn=4.382735  pQmin=4.382735
Step92  Qn=4.143e-05  pQn=4.382735  pQmin=4.382735
Step93  Qn=4.143e-05  pQn=4.382735  pQmin=4.382735
Step94  Qn=4.143e-05  pQn=4.382735  pQmin=4.382735
Step95  Qn=4.143e-05  pQn=4.382735  pQmin=4.382735
Step96  Qn=4.143e-05  pQn=4.382735  pQmin=4.382735
Step97  Qn=4.143e-05  pQn=4.382735  pQmin=4.382735
Step98  Qn=4.143e-05  pQn=4.382735  pQmin=4.382735
Step99  Qn=4.143e-05  pQn=4.382735  pQmin=4.382735
Step100  Qn=4.143e-05  pQn=4.382735  pQmin=4.382735
null device 
          1 
