[1] "GC-MS_kinetic"      "7.85e-04"           "0.025"             
[4] "Model-2P-C-2021.R0" "Model-2P-C-2021.R1" "Model-2P-C-2021.R2"
      t        C
1    30 0.005023
2    60 0.005116
3   150 0.007527
4   240 0.010662
5   300 0.009897
6   450 0.011732
7   540 0.013821
8   600 0.014171
9   750 0.013156
10  900 0.017306
11 1050 0.018108
12 1200 0.018669
[1] 0.000785 0.025000
[1] "Quality: 1200 1.316825e-02 1.880472"
[1] 0.01316825
Nelder-Mead Opt
pQ0=1.880e+00

Step1  Qn=1.506e-03  pQn=2.822200  pQmin=1.880472
[1] "Quality: 1200 1.505913e-03 2.822200"
  pQ=2.822200  Q=1.506e-03  dQ=0.011662  [1] 0.16504470 0.02144661
Step2  Qn=1.506e-03  pQn=2.822200  pQmin=2.822200
[1] "Quality: 1200 1.505913e-03 2.822200"
  pQ=2.822200  Q=1.506e-03  dQ=0.000000  [1] 0.16504471 0.02144661
Step3  Qn=1.506e-03  pQn=2.822200  pQmin=2.822200
Step4  Qn=1.506e-03  pQn=2.822200  pQmin=2.822200
Step5  Qn=1.506e-03  pQn=2.822200  pQmin=2.822200
Step6  Qn=1.506e-03  pQn=2.822200  pQmin=2.822200
Step7  Qn=1.506e-03  pQn=2.822200  pQmin=2.822200
Step8  Qn=1.506e-03  pQn=2.822200  pQmin=2.822200
Step9  Qn=1.506e-03  pQn=2.822200  pQmin=2.822200
Step10  Qn=1.506e-03  pQn=2.822200  pQmin=2.822200
[1] "Quality: 1200 1.505913e-03 2.822200"
  pQ=2.822200  Q=1.506e-03  dQ=0.000000  [1] 0.16504470 0.02144661
Step11  Qn=1.506e-03  pQn=2.822200  pQmin=2.822200
Step12  Qn=1.506e-03  pQn=2.822200  pQmin=2.822200
Step13  Qn=1.506e-03  pQn=2.822200  pQmin=2.822200
Step14  Qn=1.506e-03  pQn=2.822200  pQmin=2.822200
Step15  Qn=1.506e-03  pQn=2.822200  pQmin=2.822200
Step16  Qn=1.506e-03  pQn=2.822200  pQmin=2.822200
Step17  Qn=1.506e-03  pQn=2.822200  pQmin=2.822200
Step18  Qn=1.506e-03  pQn=2.822200  pQmin=2.822200
Step19  Qn=1.506e-03  pQn=2.822200  pQmin=2.822200
Step20  Qn=1.506e-03  pQn=2.822200  pQmin=2.822200
Step21  Qn=1.506e-03  pQn=2.822200  pQmin=2.822200
Step22  Qn=1.506e-03  pQn=2.822200  pQmin=2.822200
Step23  Qn=1.506e-03  pQn=2.822200  pQmin=2.822200
Step24  Qn=1.506e-03  pQn=2.822200  pQmin=2.822200
Step25  Qn=1.506e-03  pQn=2.822200  pQmin=2.822200
[1] "Quality: 1200 1.505913e-03 2.822200"
  pQ=2.822200  Q=1.506e-03  dQ=0.000000  [1] 0.16504470 0.02144661
Step26  Qn=1.506e-03  pQn=2.822200  pQmin=2.822200
Step27  Qn=1.506e-03  pQn=2.822200  pQmin=2.822200
Step28  Qn=1.506e-03  pQn=2.822200  pQmin=2.822200
Step29  Qn=1.506e-03  pQn=2.822200  pQmin=2.822200
Step30  Qn=1.506e-03  pQn=2.822200  pQmin=2.822200
Step31  Qn=1.506e-03  pQn=2.822200  pQmin=2.822200
Step32  Qn=1.506e-03  pQn=2.822200  pQmin=2.822200
Step33  Qn=1.506e-03  pQn=2.822200  pQmin=2.822200
Step34  Qn=1.506e-03  pQn=2.822200  pQmin=2.822200
Step35  Qn=1.506e-03  pQn=2.822200  pQmin=2.822200
Step36  Qn=1.506e-03  pQn=2.822200  pQmin=2.822200
Step37  Qn=1.506e-03  pQn=2.822200  pQmin=2.822200
Step38  Qn=1.506e-03  pQn=2.822200  pQmin=2.822200
Step39  Qn=1.506e-03  pQn=2.822200  pQmin=2.822200
Step40  Qn=1.506e-03  pQn=2.822200  pQmin=2.822200
Step41  Qn=1.506e-03  pQn=2.822200  pQmin=2.822200
Step42  Qn=1.506e-03  pQn=2.822200  pQmin=2.822200
Step43  Qn=1.506e-03  pQn=2.822200  pQmin=2.822200
Step44  Qn=1.506e-03  pQn=2.822200  pQmin=2.822200
Step45  Qn=1.506e-03  pQn=2.822200  pQmin=2.822200
Step46  Qn=1.506e-03  pQn=2.822200  pQmin=2.822200
Step47  Qn=1.506e-03  pQn=2.822200  pQmin=2.822200
Step48  Qn=1.506e-03  pQn=2.822200  pQmin=2.822200
Step49  Qn=1.506e-03  pQn=2.822200  pQmin=2.822200
Step50  Qn=1.506e-03  pQn=2.822200  pQmin=2.822200
Step51  Qn=1.506e-03  pQn=2.822200  pQmin=2.822200
Step52  Qn=1.506e-03  pQn=2.822200  pQmin=2.822200
Step53  Qn=1.506e-03  pQn=2.822200  pQmin=2.822200
Step54  Qn=1.506e-03  pQn=2.822200  pQmin=2.822200
Step55  Qn=1.506e-03  pQn=2.822200  pQmin=2.822200
Step56  Qn=1.506e-03  pQn=2.822200  pQmin=2.822200
Step57  Qn=1.506e-03  pQn=2.822200  pQmin=2.822200
Step58  Qn=1.506e-03  pQn=2.822200  pQmin=2.822200
Step59  Qn=1.506e-03  pQn=2.822200  pQmin=2.822200
Step60  Qn=1.506e-03  pQn=2.822200  pQmin=2.822200
Step61  Qn=1.506e-03  pQn=2.822200  pQmin=2.822200
Step62  Qn=1.506e-03  pQn=2.822200  pQmin=2.822200
Step63  Qn=1.506e-03  pQn=2.822200  pQmin=2.822200
Step64  Qn=1.506e-03  pQn=2.822200  pQmin=2.822200
Step65  Qn=1.506e-03  pQn=2.822200  pQmin=2.822200
Step66  Qn=1.506e-03  pQn=2.822200  pQmin=2.822200
Step67  Qn=1.506e-03  pQn=2.822200  pQmin=2.822200
Step68  Qn=1.506e-03  pQn=2.822200  pQmin=2.822200
Step69  Qn=1.506e-03  pQn=2.822200  pQmin=2.822200
Step70  Qn=1.506e-03  pQn=2.822200  pQmin=2.822200
Step71  Qn=1.506e-03  pQn=2.822200  pQmin=2.822200
Step72  Qn=1.506e-03  pQn=2.822200  pQmin=2.822200
Step73  Qn=1.506e-03  pQn=2.822200  pQmin=2.822200
Step74  Qn=1.506e-03  pQn=2.822200  pQmin=2.822200
Step75  Qn=1.506e-03  pQn=2.822200  pQmin=2.822200
Step76  Qn=1.506e-03  pQn=2.822200  pQmin=2.822200
Step77  Qn=1.506e-03  pQn=2.822200  pQmin=2.822200
[1] "Quality: 1200 1.505913e-03 2.822200"
  pQ=2.822200  Q=1.506e-03  dQ=0.000000  [1] 0.16504471 0.02144661
Step78  Qn=1.506e-03  pQn=2.822200  pQmin=2.822200
Step79  Qn=1.506e-03  pQn=2.822200  pQmin=2.822200
Step80  Qn=1.506e-03  pQn=2.822200  pQmin=2.822200
Step81  Qn=1.506e-03  pQn=2.822200  pQmin=2.822200
Step82  Qn=1.506e-03  pQn=2.822200  pQmin=2.822200
Step83  Qn=1.506e-03  pQn=2.822200  pQmin=2.822200
Step84  Qn=1.506e-03  pQn=2.822200  pQmin=2.822200
Step85  Qn=1.506e-03  pQn=2.822200  pQmin=2.822200
Step86  Qn=1.506e-03  pQn=2.822200  pQmin=2.822200
Step87  Qn=1.506e-03  pQn=2.822200  pQmin=2.822200
Step88  Qn=1.506e-03  pQn=2.822200  pQmin=2.822200
Step89  Qn=1.506e-03  pQn=2.822200  pQmin=2.822200
Step90  Qn=1.506e-03  pQn=2.822200  pQmin=2.822200
Step91  Qn=1.506e-03  pQn=2.822200  pQmin=2.822200
Step92  Qn=1.506e-03  pQn=2.822200  pQmin=2.822200
Step93  Qn=1.506e-03  pQn=2.822200  pQmin=2.822200
Step94  Qn=1.506e-03  pQn=2.822200  pQmin=2.822200
Step95  Qn=1.506e-03  pQn=2.822200  pQmin=2.822200
Step96  Qn=1.506e-03  pQn=2.822200  pQmin=2.822200
Step97  Qn=1.506e-03  pQn=2.822200  pQmin=2.822200
Step98  Qn=1.506e-03  pQn=2.822200  pQmin=2.822200
Step99  Qn=1.506e-03  pQn=2.822200  pQmin=2.822200
Step100  Qn=1.506e-03  pQn=2.822200  pQmin=2.822200
null device 
          1 
