[1] "MePhO2SOPh-v1-v5" "7.85e-04"         "0.05"             "Model-1P-C.R0"   
[5] "Model-1P-C.R1"    "Model-1P-C.R2"   
      t            C
1     0 0.000000e+00
2    30 2.524574e-06
3    60 4.697656e-06
4   120 1.021432e-05
5   150 1.166521e-05
6   180 1.286772e-05
7   240 1.900131e-05
8   300 2.049552e-05
9   360 2.690015e-05
10  450 3.411646e-05
11  540 3.704057e-05
12  600 4.339499e-05
13  750 4.990042e-05
14 1050 6.974669e-05
[1] 0.000785 0.050000
[1] "Quality: 1400 1.833325e-04 3.736760"
[1] 0.0001833325
Nelder-Mead Opt
pQ0=3.737e+00

Step1  Qn=9.943e-07  pQn=6.002481  pQmin=3.736760
[1] "Quality: 1400 9.943029e-07 6.002481"
  pQ=6.002481  Q=9.943e-07  dQ=0.000182  [1] -0.0003236167  0.0719317954
Step2  Qn=9.943e-07  pQn=6.002481  pQmin=6.002481
Step3  Qn=9.943e-07  pQn=6.002481  pQmin=6.002481
Step4  Qn=9.943e-07  pQn=6.002481  pQmin=6.002481
Step5  Qn=9.943e-07  pQn=6.002481  pQmin=6.002481
[1] "Quality: 1400 9.943029e-07 6.002481"
  pQ=6.002481  Q=9.943e-07  dQ=0.000000  [1] -0.0003236167  0.0719317971
Step6  Qn=9.943e-07  pQn=6.002481  pQmin=6.002481
Step7  Qn=9.943e-07  pQn=6.002481  pQmin=6.002481
Step8  Qn=9.943e-07  pQn=6.002481  pQmin=6.002481
Step9  Qn=9.943e-07  pQn=6.002481  pQmin=6.002481
Step10  Qn=9.943e-07  pQn=6.002481  pQmin=6.002481
Step11  Qn=9.943e-07  pQn=6.002481  pQmin=6.002481
Step12  Qn=9.943e-07  pQn=6.002481  pQmin=6.002481
Step13  Qn=9.943e-07  pQn=6.002481  pQmin=6.002481
Step14  Qn=9.943e-07  pQn=6.002481  pQmin=6.002481
Step15  Qn=9.943e-07  pQn=6.002481  pQmin=6.002481
Step16  Qn=9.943e-07  pQn=6.002481  pQmin=6.002481
Step17  Qn=9.943e-07  pQn=6.002481  pQmin=6.002481
Step18  Qn=9.943e-07  pQn=6.002481  pQmin=6.002481
[1] "Quality: 1400 9.943029e-07 6.002481"
  pQ=6.002481  Q=9.943e-07  dQ=0.000000  [1] -0.0003236167  0.0719317963
Step19  Qn=9.943e-07  pQn=6.002481  pQmin=6.002481
Step20  Qn=9.943e-07  pQn=6.002481  pQmin=6.002481
Step21  Qn=9.943e-07  pQn=6.002481  pQmin=6.002481
Step22  Qn=9.943e-07  pQn=6.002481  pQmin=6.002481
Step23  Qn=9.943e-07  pQn=6.002481  pQmin=6.002481
Step24  Qn=9.943e-07  pQn=6.002481  pQmin=6.002481
Step25  Qn=9.943e-07  pQn=6.002481  pQmin=6.002481
Step26  Qn=9.943e-07  pQn=6.002481  pQmin=6.002481
Step27  Qn=9.943e-07  pQn=6.002481  pQmin=6.002481
Step28  Qn=9.943e-07  pQn=6.002481  pQmin=6.002481
Step29  Qn=9.943e-07  pQn=6.002481  pQmin=6.002481
Step30  Qn=9.943e-07  pQn=6.002481  pQmin=6.002481
[1] "Quality: 1400 9.943029e-07 6.002481"
  pQ=6.002481  Q=9.943e-07  dQ=0.000000  [1] -0.0003236167  0.0719317973
Step31  Qn=9.943e-07  pQn=6.002481  pQmin=6.002481
Step32  Qn=9.943e-07  pQn=6.002481  pQmin=6.002481
Step33  Qn=9.943e-07  pQn=6.002481  pQmin=6.002481
Step34  Qn=9.943e-07  pQn=6.002481  pQmin=6.002481
Step35  Qn=9.943e-07  pQn=6.002481  pQmin=6.002481
Step36  Qn=9.943e-07  pQn=6.002481  pQmin=6.002481
Step37  Qn=9.943e-07  pQn=6.002481  pQmin=6.002481
Step38  Qn=9.943e-07  pQn=6.002481  pQmin=6.002481
Step39  Qn=9.943e-07  pQn=6.002481  pQmin=6.002481
Step40  Qn=9.943e-07  pQn=6.002481  pQmin=6.002481
Step41  Qn=9.943e-07  pQn=6.002481  pQmin=6.002481
Step42  Qn=9.943e-07  pQn=6.002481  pQmin=6.002481
Step43  Qn=9.943e-07  pQn=6.002481  pQmin=6.002481
Step44  Qn=9.943e-07  pQn=6.002481  pQmin=6.002481
Step45  Qn=9.943e-07  pQn=6.002481  pQmin=6.002481
Step46  Qn=9.943e-07  pQn=6.002481  pQmin=6.002481
Step47  Qn=9.943e-07  pQn=6.002481  pQmin=6.002481
Step48  Qn=9.943e-07  pQn=6.002481  pQmin=6.002481
Step49  Qn=9.943e-07  pQn=6.002481  pQmin=6.002481
[1] "Quality: 1400 9.943029e-07 6.002481"
  pQ=6.002481  Q=9.943e-07  dQ=0.000000  [1] -0.0003236167  0.0719317959
Step50  Qn=9.943e-07  pQn=6.002481  pQmin=6.002481
Step51  Qn=9.943e-07  pQn=6.002481  pQmin=6.002481
Step52  Qn=9.943e-07  pQn=6.002481  pQmin=6.002481
Step53  Qn=9.943e-07  pQn=6.002481  pQmin=6.002481
Step54  Qn=9.943e-07  pQn=6.002481  pQmin=6.002481
Step55  Qn=9.943e-07  pQn=6.002481  pQmin=6.002481
Step56  Qn=9.943e-07  pQn=6.002481  pQmin=6.002481
Step57  Qn=9.943e-07  pQn=6.002481  pQmin=6.002481
Step58  Qn=9.943e-07  pQn=6.002481  pQmin=6.002481
[1] "Quality: 1400 9.943029e-07 6.002481"
  pQ=6.002481  Q=9.943e-07  dQ=0.000000  [1] -0.0003236167  0.0719317973
Step59  Qn=9.943e-07  pQn=6.002481  pQmin=6.002481
Step60  Qn=9.943e-07  pQn=6.002481  pQmin=6.002481
Step61  Qn=9.943e-07  pQn=6.002481  pQmin=6.002481
Step62  Qn=9.943e-07  pQn=6.002481  pQmin=6.002481
Step63  Qn=9.943e-07  pQn=6.002481  pQmin=6.002481
Step64  Qn=9.943e-07  pQn=6.002481  pQmin=6.002481
Step65  Qn=9.943e-07  pQn=6.002481  pQmin=6.002481
Step66  Qn=9.943e-07  pQn=6.002481  pQmin=6.002481
Step67  Qn=9.943e-07  pQn=6.002481  pQmin=6.002481
Step68  Qn=9.943e-07  pQn=6.002481  pQmin=6.002481
Step69  Qn=9.943e-07  pQn=6.002481  pQmin=6.002481
Step70  Qn=9.943e-07  pQn=6.002481  pQmin=6.002481
Step71  Qn=9.943e-07  pQn=6.002481  pQmin=6.002481
Step72  Qn=9.943e-07  pQn=6.002481  pQmin=6.002481
Step73  Qn=9.943e-07  pQn=6.002481  pQmin=6.002481
Step74  Qn=9.943e-07  pQn=6.002481  pQmin=6.002481
Step75  Qn=9.943e-07  pQn=6.002481  pQmin=6.002481
Step76  Qn=9.943e-07  pQn=6.002481  pQmin=6.002481
Step77  Qn=9.943e-07  pQn=6.002481  pQmin=6.002481
Step78  Qn=9.943e-07  pQn=6.002481  pQmin=6.002481
Step79  Qn=9.943e-07  pQn=6.002481  pQmin=6.002481
Step80  Qn=9.943e-07  pQn=6.002481  pQmin=6.002481
Step81  Qn=9.943e-07  pQn=6.002481  pQmin=6.002481
Step82  Qn=9.943e-07  pQn=6.002481  pQmin=6.002481
Step83  Qn=9.943e-07  pQn=6.002481  pQmin=6.002481
Step84  Qn=9.943e-07  pQn=6.002481  pQmin=6.002481
Step85  Qn=9.943e-07  pQn=6.002481  pQmin=6.002481
Step86  Qn=9.943e-07  pQn=6.002481  pQmin=6.002481
Step87  Qn=9.943e-07  pQn=6.002481  pQmin=6.002481
Step88  Qn=9.943e-07  pQn=6.002481  pQmin=6.002481
Step89  Qn=9.943e-07  pQn=6.002481  pQmin=6.002481
Step90  Qn=9.943e-07  pQn=6.002481  pQmin=6.002481
Step91  Qn=9.943e-07  pQn=6.002481  pQmin=6.002481
Step92  Qn=9.943e-07  pQn=6.002481  pQmin=6.002481
Step93  Qn=9.943e-07  pQn=6.002481  pQmin=6.002481
Step94  Qn=9.943e-07  pQn=6.002481  pQmin=6.002481
Step95  Qn=9.943e-07  pQn=6.002481  pQmin=6.002481
Step96  Qn=9.943e-07  pQn=6.002481  pQmin=6.002481
Step97  Qn=9.943e-07  pQn=6.002481  pQmin=6.002481
Step98  Qn=9.943e-07  pQn=6.002481  pQmin=6.002481
Step99  Qn=9.943e-07  pQn=6.002481  pQmin=6.002481
Step100  Qn=9.943e-07  pQn=6.002481  pQmin=6.002481
null device 
          1 
