[1] "MePhO2SOPh-v1-v2" "7.85e-04"         "0.05"             "Model-1P-C.R0"   
[5] "Model-1P-C.R1"    "Model-1P-C.R2"   
      t            C
1     0 0.000000e+00
2    30 0.000000e+00
3    60 1.167781e-07
4   150 9.892006e-07
5   300 1.181355e-06
6   450 2.178093e-06
7   600 2.044326e-06
8   750 2.716165e-06
9   900 3.810968e-06
10 1050 6.227733e-06
11 1350 1.131341e-05
12 1500 7.775048e-06
13 1650 1.094870e-05
14 1800 1.150874e-05
[1] 0.000785 0.050000
[1] "Quality: 1400 4.693637e-03 2.328490"
[1] 0.004693637
Nelder-Mead Opt
pQ0=2.328e+00

Step1  Qn=1.430e-06  pQn=5.844515  pQmin=2.328490
[1] "Quality: 1400 1.430492e-06 5.844515"
  pQ=5.844515  Q=1.430e-06  dQ=0.004692  [1] -3.213361e-06  5.703840e-01
Step2  Qn=1.432e-06  pQn=5.843965  pQmin=5.844515
Step3  Qn=1.432e-06  pQn=5.844177  pQmin=5.844515
Step4  Qn=1.438e-06  pQn=5.842235  pQmin=5.844515
Step5  Qn=1.445e-06  pQn=5.840065  pQmin=5.844515
Step6  Qn=1.433e-06  pQn=5.843718  pQmin=5.844515
Step7  Qn=1.433e-06  pQn=5.843849  pQmin=5.844515
Step8  Qn=1.431e-06  pQn=5.844428  pQmin=5.844515
Step9  Qn=1.437e-06  pQn=5.842647  pQmin=5.844515
Step10  Qn=1.434e-06  pQn=5.843557  pQmin=5.844515
Step11  Qn=1.436e-06  pQn=5.842953  pQmin=5.844515
Step12  Qn=1.434e-06  pQn=5.843596  pQmin=5.844515
Step13  Qn=1.433e-06  pQn=5.843818  pQmin=5.844515
Step14  Qn=1.434e-06  pQn=5.843571  pQmin=5.844515
Step15  Qn=1.433e-06  pQn=5.843825  pQmin=5.844515
Step16  Qn=1.432e-06  pQn=5.844016  pQmin=5.844515
Step17  Qn=1.438e-06  pQn=5.842117  pQmin=5.844515
Step18  Qn=1.434e-06  pQn=5.843591  pQmin=5.844515
Step19  Qn=1.432e-06  pQn=5.844198  pQmin=5.844515
Step20  Qn=1.432e-06  pQn=5.844125  pQmin=5.844515
Step21  Qn=1.432e-06  pQn=5.843981  pQmin=5.844515
Step22  Qn=1.434e-06  pQn=5.843433  pQmin=5.844515
Step23  Qn=1.433e-06  pQn=5.843808  pQmin=5.844515
Step24  Qn=1.435e-06  pQn=5.843214  pQmin=5.844515
Step25  Qn=1.432e-06  pQn=5.843988  pQmin=5.844515
Step26  Qn=1.432e-06  pQn=5.843917  pQmin=5.844515
Step27  Qn=1.437e-06  pQn=5.842655  pQmin=5.844515
Step28  Qn=1.433e-06  pQn=5.843794  pQmin=5.844515
Step29  Qn=1.445e-06  pQn=5.840027  pQmin=5.844515
Step30  Qn=1.433e-06  pQn=5.843779  pQmin=5.844515
Step31  Qn=1.432e-06  pQn=5.844091  pQmin=5.844515
Step32  Qn=1.441e-06  pQn=5.841252  pQmin=5.844515
Step33  Qn=1.434e-06  pQn=5.843433  pQmin=5.844515
Step34  Qn=1.431e-06  pQn=5.844444  pQmin=5.844515
Step35  Qn=1.432e-06  pQn=5.844095  pQmin=5.844515
Step36  Qn=1.433e-06  pQn=5.843806  pQmin=5.844515
Step37  Qn=1.435e-06  pQn=5.843142  pQmin=5.844515
Step38  Qn=1.431e-06  pQn=5.844313  pQmin=5.844515
Step39  Qn=1.433e-06  pQn=5.843629  pQmin=5.844515
Step40  Qn=1.432e-06  pQn=5.844000  pQmin=5.844515
Step41  Qn=1.433e-06  pQn=5.843820  pQmin=5.844515
Step42  Qn=1.435e-06  pQn=5.843048  pQmin=5.844515
Step43  Qn=1.433e-06  pQn=5.843612  pQmin=5.844515
Step44  Qn=1.434e-06  pQn=5.843581  pQmin=5.844515
Step45  Qn=1.432e-06  pQn=5.843918  pQmin=5.844515
Step46  Qn=1.433e-06  pQn=5.843905  pQmin=5.844515
Step47  Qn=1.431e-06  pQn=5.844272  pQmin=5.844515
Step48  Qn=1.431e-06  pQn=5.844451  pQmin=5.844515
Step49  Qn=1.434e-06  pQn=5.843406  pQmin=5.844515
Step50  Qn=1.432e-06  pQn=5.843908  pQmin=5.844515
Step51  Qn=1.433e-06  pQn=5.843637  pQmin=5.844515
Step52  Qn=1.430e-06  pQn=5.844521  pQmin=5.844515
[1] "Quality: 1400 1.430471e-06 5.844521"
  pQ=5.844521  Q=1.430e-06  dQ=0.000000  [1] -3.183957e-06  5.753989e-01
Step53  Qn=1.432e-06  pQn=5.844086  pQmin=5.844521
Step54  Qn=1.431e-06  pQn=5.844313  pQmin=5.844521
Step55  Qn=1.438e-06  pQn=5.842369  pQmin=5.844521
Step56  Qn=1.431e-06  pQn=5.844212  pQmin=5.844521
Step57  Qn=1.432e-06  pQn=5.844071  pQmin=5.844521
Step58  Qn=1.432e-06  pQn=5.844023  pQmin=5.844521
Step59  Qn=1.433e-06  pQn=5.843623  pQmin=5.844521
Step60  Qn=1.435e-06  pQn=5.843168  pQmin=5.844521
Step61  Qn=1.432e-06  pQn=5.844116  pQmin=5.844521
Step62  Qn=1.431e-06  pQn=5.844325  pQmin=5.844521
Step63  Qn=1.433e-06  pQn=5.843649  pQmin=5.844521
Step64  Qn=1.433e-06  pQn=5.843802  pQmin=5.844521
Step65  Qn=1.434e-06  pQn=5.843400  pQmin=5.844521
Step66  Qn=1.435e-06  pQn=5.843067  pQmin=5.844521
Step67  Qn=1.436e-06  pQn=5.842991  pQmin=5.844521
Step68  Qn=1.434e-06  pQn=5.843536  pQmin=5.844521
Step69  Qn=1.432e-06  pQn=5.844117  pQmin=5.844521
Step70  Qn=1.434e-06  pQn=5.843343  pQmin=5.844521
Step71  Qn=1.437e-06  pQn=5.842420  pQmin=5.844521
Step72  Qn=1.433e-06  pQn=5.843864  pQmin=5.844521
Step73  Qn=1.433e-06  pQn=5.843891  pQmin=5.844521
Step74  Qn=1.439e-06  pQn=5.841961  pQmin=5.844521
Step75  Qn=1.432e-06  pQn=5.844013  pQmin=5.844521
Step76  Qn=1.432e-06  pQn=5.844166  pQmin=5.844521
Step77  Qn=1.432e-06  pQn=5.843916  pQmin=5.844521
Step78  Qn=1.432e-06  pQn=5.844021  pQmin=5.844521
Step79  Qn=1.431e-06  pQn=5.844268  pQmin=5.844521
Step80  Qn=1.438e-06  pQn=5.842125  pQmin=5.844521
Step81  Qn=1.432e-06  pQn=5.844065  pQmin=5.844521
Step82  Qn=1.433e-06  pQn=5.843740  pQmin=5.844521
Step83  Qn=1.438e-06  pQn=5.842205  pQmin=5.844521
Step84  Qn=1.433e-06  pQn=5.843745  pQmin=5.844521
Step85  Qn=1.438e-06  pQn=5.842362  pQmin=5.844521
Step86  Qn=1.436e-06  pQn=5.842815  pQmin=5.844521
Step87  Qn=1.431e-06  pQn=5.844424  pQmin=5.844521
Step88  Qn=1.432e-06  pQn=5.844075  pQmin=5.844521
Step89  Qn=1.434e-06  pQn=5.843348  pQmin=5.844521
Step90  Qn=1.431e-06  pQn=5.844314  pQmin=5.844521
Step91  Qn=1.433e-06  pQn=5.843757  pQmin=5.844521
Step92  Qn=1.432e-06  pQn=5.844054  pQmin=5.844521
Step93  Qn=1.432e-06  pQn=5.844066  pQmin=5.844521
Step94  Qn=1.434e-06  pQn=5.843358  pQmin=5.844521
Step95  Qn=1.433e-06  pQn=5.843875  pQmin=5.844521
Step96  Qn=1.437e-06  pQn=5.842542  pQmin=5.844521
Step97  Qn=1.431e-06  pQn=5.844216  pQmin=5.844521
Step98  Qn=1.434e-06  pQn=5.843501  pQmin=5.844521
Step99  Qn=1.432e-06  pQn=5.844028  pQmin=5.844521
Step100  Qn=1.433e-06  pQn=5.843804  pQmin=5.844521
null device 
          1 
