[1] "NO2PhO2SOPh-v1-v4" "7.85e-04"          "0.05"             
[4] "Model-1P-C.R0"     "Model-1P-C.R1"     "Model-1P-C.R2"    
     t            C
1    0 0.000000e+00
2   30 3.980565e-05
3   60 2.801778e-05
4   90 2.649604e-05
5  120 2.300769e-05
6  150 1.906574e-05
7  180 2.620028e-05
8  240 2.648818e-05
9  300 2.748500e-05
10 450 2.283243e-05
11 600 2.511120e-05
12 900 2.672954e-05
[1] 0.000785 0.050000
[1] "Quality: 1200 5.647070e-04 3.248177"
[1] 0.000564707
Nelder-Mead Opt
pQ0=3.248e+00

Step1  Qn=1.975e-05  pQn=4.704496  pQmin=3.248177
[1] "Quality: 1200 1.974712e-05 4.704496"
  pQ=4.704496  Q=1.975e-05  dQ=0.000545  [1] -1.196173769  0.007942896
Step2  Qn=1.975e-05  pQn=4.704496  pQmin=4.704496
[1] "Quality: 1200 1.974712e-05 4.704496"
  pQ=4.704496  Q=1.975e-05  dQ=0.000000  [1] -1.229620355  0.007942896
Step3  Qn=1.975e-05  pQn=4.704496  pQmin=4.704496
Step4  Qn=1.975e-05  pQn=4.704496  pQmin=4.704496
Step5  Qn=1.975e-05  pQn=4.704496  pQmin=4.704496
Step6  Qn=1.975e-05  pQn=4.704496  pQmin=4.704496
Step7  Qn=1.975e-05  pQn=4.704496  pQmin=4.704496
Step8  Qn=1.975e-05  pQn=4.704496  pQmin=4.704496
Step9  Qn=1.975e-05  pQn=4.704496  pQmin=4.704496
Step10  Qn=1.975e-05  pQn=4.704496  pQmin=4.704496
Step11  Qn=1.975e-05  pQn=4.704496  pQmin=4.704496
Step12  Qn=1.975e-05  pQn=4.704496  pQmin=4.704496
Step13  Qn=1.975e-05  pQn=4.704496  pQmin=4.704496
Step14  Qn=1.975e-05  pQn=4.704496  pQmin=4.704496
Step15  Qn=1.975e-05  pQn=4.704496  pQmin=4.704496
Step16  Qn=1.975e-05  pQn=4.704496  pQmin=4.704496
Step17  Qn=1.975e-05  pQn=4.704496  pQmin=4.704496
Step18  Qn=1.975e-05  pQn=4.704496  pQmin=4.704496
Step19  Qn=1.975e-05  pQn=4.704496  pQmin=4.704496
Step20  Qn=1.975e-05  pQn=4.704496  pQmin=4.704496
Step21  Qn=1.975e-05  pQn=4.704496  pQmin=4.704496
Step22  Qn=1.975e-05  pQn=4.704496  pQmin=4.704496
Step23  Qn=1.975e-05  pQn=4.704496  pQmin=4.704496
Step24  Qn=1.975e-05  pQn=4.704496  pQmin=4.704496
Step25  Qn=1.975e-05  pQn=4.704496  pQmin=4.704496
Step26  Qn=1.975e-05  pQn=4.704496  pQmin=4.704496
Step27  Qn=1.975e-05  pQn=4.704496  pQmin=4.704496
Step28  Qn=1.975e-05  pQn=4.704496  pQmin=4.704496
Step29  Qn=1.975e-05  pQn=4.704496  pQmin=4.704496
Step30  Qn=1.975e-05  pQn=4.704496  pQmin=4.704496
Step31  Qn=1.975e-05  pQn=4.704496  pQmin=4.704496
Step32  Qn=1.975e-05  pQn=4.704496  pQmin=4.704496
Step33  Qn=1.975e-05  pQn=4.704496  pQmin=4.704496
Step34  Qn=1.975e-05  pQn=4.704496  pQmin=4.704496
Step35  Qn=1.975e-05  pQn=4.704496  pQmin=4.704496
Step36  Qn=1.975e-05  pQn=4.704496  pQmin=4.704496
Step37  Qn=1.975e-05  pQn=4.704496  pQmin=4.704496
Step38  Qn=1.975e-05  pQn=4.704496  pQmin=4.704496
Step39  Qn=1.975e-05  pQn=4.704496  pQmin=4.704496
Step40  Qn=1.975e-05  pQn=4.704496  pQmin=4.704496
Step41  Qn=1.975e-05  pQn=4.704496  pQmin=4.704496
Step42  Qn=1.975e-05  pQn=4.704496  pQmin=4.704496
Step43  Qn=1.975e-05  pQn=4.704496  pQmin=4.704496
Step44  Qn=1.975e-05  pQn=4.704496  pQmin=4.704496
Step45  Qn=1.975e-05  pQn=4.704496  pQmin=4.704496
Step46  Qn=1.975e-05  pQn=4.704496  pQmin=4.704496
Step47  Qn=1.975e-05  pQn=4.704496  pQmin=4.704496
Step48  Qn=1.975e-05  pQn=4.704496  pQmin=4.704496
Step49  Qn=1.975e-05  pQn=4.704496  pQmin=4.704496
Step50  Qn=1.975e-05  pQn=4.704496  pQmin=4.704496
Step51  Qn=1.975e-05  pQn=4.704496  pQmin=4.704496
Step52  Qn=1.975e-05  pQn=4.704496  pQmin=4.704496
Step53  Qn=1.975e-05  pQn=4.704496  pQmin=4.704496
Step54  Qn=1.975e-05  pQn=4.704496  pQmin=4.704496
Step55  Qn=1.975e-05  pQn=4.704496  pQmin=4.704496
Step56  Qn=1.975e-05  pQn=4.704496  pQmin=4.704496
Step57  Qn=1.975e-05  pQn=4.704496  pQmin=4.704496
Step58  Qn=1.975e-05  pQn=4.704496  pQmin=4.704496
Step59  Qn=1.975e-05  pQn=4.704496  pQmin=4.704496
Step60  Qn=1.975e-05  pQn=4.704496  pQmin=4.704496
Step61  Qn=1.975e-05  pQn=4.704496  pQmin=4.704496
Step62  Qn=1.975e-05  pQn=4.704496  pQmin=4.704496
Step63  Qn=1.975e-05  pQn=4.704496  pQmin=4.704496
Step64  Qn=1.975e-05  pQn=4.704496  pQmin=4.704496
Step65  Qn=1.975e-05  pQn=4.704496  pQmin=4.704496
Step66  Qn=1.975e-05  pQn=4.704496  pQmin=4.704496
Step67  Qn=1.975e-05  pQn=4.704496  pQmin=4.704496
Step68  Qn=1.975e-05  pQn=4.704496  pQmin=4.704496
Step69  Qn=1.975e-05  pQn=4.704496  pQmin=4.704496
Step70  Qn=1.975e-05  pQn=4.704496  pQmin=4.704496
Step71  Qn=1.975e-05  pQn=4.704496  pQmin=4.704496
Step72  Qn=1.975e-05  pQn=4.704496  pQmin=4.704496
Step73  Qn=1.975e-05  pQn=4.704496  pQmin=4.704496
Step74  Qn=1.975e-05  pQn=4.704496  pQmin=4.704496
Step75  Qn=1.975e-05  pQn=4.704496  pQmin=4.704496
Step76  Qn=1.975e-05  pQn=4.704496  pQmin=4.704496
Step77  Qn=1.975e-05  pQn=4.704496  pQmin=4.704496
Step78  Qn=1.975e-05  pQn=4.704496  pQmin=4.704496
Step79  Qn=1.975e-05  pQn=4.704496  pQmin=4.704496
Step80  Qn=1.975e-05  pQn=4.704496  pQmin=4.704496
Step81  Qn=1.975e-05  pQn=4.704496  pQmin=4.704496
Step82  Qn=1.975e-05  pQn=4.704496  pQmin=4.704496
Step83  Qn=1.975e-05  pQn=4.704496  pQmin=4.704496
Step84  Qn=1.975e-05  pQn=4.704496  pQmin=4.704496
Step85  Qn=1.975e-05  pQn=4.704496  pQmin=4.704496
Step86  Qn=1.975e-05  pQn=4.704496  pQmin=4.704496
Step87  Qn=1.975e-05  pQn=4.704496  pQmin=4.704496
Step88  Qn=1.975e-05  pQn=4.704496  pQmin=4.704496
Step89  Qn=1.975e-05  pQn=4.704496  pQmin=4.704496
Step90  Qn=1.975e-05  pQn=4.704496  pQmin=4.704496
Step91  Qn=1.975e-05  pQn=4.704496  pQmin=4.704496
Step92  Qn=1.975e-05  pQn=4.704496  pQmin=4.704496
Step93  Qn=1.975e-05  pQn=4.704496  pQmin=4.704496
Step94  Qn=1.975e-05  pQn=4.704496  pQmin=4.704496
Step95  Qn=1.975e-05  pQn=4.704496  pQmin=4.704496
Step96  Qn=1.975e-05  pQn=4.704496  pQmin=4.704496
Step97  Qn=1.975e-05  pQn=4.704496  pQmin=4.704496
Step98  Qn=1.975e-05  pQn=4.704496  pQmin=4.704496
Step99  Qn=1.975e-05  pQn=4.704496  pQmin=4.704496
Step100  Qn=1.975e-05  pQn=4.704496  pQmin=4.704496
null device 
          1 
