[1] "NO2PhO2SOPh-v1-v5" "7.85e-04"          "0.05"             
[4] "Model-1P-C.R0"     "Model-1P-C.R1"     "Model-1P-C.R2"    
     t            C
1    0 0.000000e+00
2   30 4.130444e-05
3   60 1.006637e-04
4  120 9.878279e-05
5  150 1.089518e-04
6  180 1.003994e-04
7  240 9.591246e-05
8  300 9.908736e-05
9  450 9.689800e-05
10 600 1.120067e-04
11 750 8.464113e-05
12 900 7.224312e-05
[1] 0.000785 0.050000
[1] "Quality: 1200 3.373375e-03 2.471935"
[1] 0.003373375
Nelder-Mead Opt
pQ0=2.472e+00

Step1  Qn=1.385e-04  pQn=3.858534  pQmin=2.471935
[1] "Quality: 1200 1.385053e-04 3.858534"
  pQ=3.858534  Q=1.385e-04  dQ=0.003235  [1] 0.03073400 0.02925647
Step2  Qn=1.385e-04  pQn=3.858534  pQmin=3.858534
Step3  Qn=1.385e-04  pQn=3.858534  pQmin=3.858534
Step4  Qn=1.385e-04  pQn=3.858534  pQmin=3.858534
Step5  Qn=1.385e-04  pQn=3.858534  pQmin=3.858534
Step6  Qn=1.385e-04  pQn=3.858534  pQmin=3.858534
Step7  Qn=1.385e-04  pQn=3.858534  pQmin=3.858534
Step8  Qn=1.385e-04  pQn=3.858534  pQmin=3.858534
Step9  Qn=1.385e-04  pQn=3.858534  pQmin=3.858534
Step10  Qn=1.385e-04  pQn=3.858534  pQmin=3.858534
Step11  Qn=1.385e-04  pQn=3.858534  pQmin=3.858534
Step12  Qn=1.385e-04  pQn=3.858534  pQmin=3.858534
Step13  Qn=1.385e-04  pQn=3.858534  pQmin=3.858534
Step14  Qn=1.385e-04  pQn=3.858534  pQmin=3.858534
Step15  Qn=1.385e-04  pQn=3.858534  pQmin=3.858534
Step16  Qn=1.385e-04  pQn=3.858534  pQmin=3.858534
Step17  Qn=1.385e-04  pQn=3.858534  pQmin=3.858534
Step18  Qn=1.385e-04  pQn=3.858534  pQmin=3.858534
Step19  Qn=1.385e-04  pQn=3.858534  pQmin=3.858534
Step20  Qn=1.385e-04  pQn=3.858534  pQmin=3.858534
Step21  Qn=1.385e-04  pQn=3.858534  pQmin=3.858534
Step22  Qn=1.385e-04  pQn=3.858534  pQmin=3.858534
Step23  Qn=1.385e-04  pQn=3.858534  pQmin=3.858534
Step24  Qn=1.385e-04  pQn=3.858534  pQmin=3.858534
Step25  Qn=1.385e-04  pQn=3.858534  pQmin=3.858534
Step26  Qn=1.385e-04  pQn=3.858534  pQmin=3.858534
Step27  Qn=1.385e-04  pQn=3.858534  pQmin=3.858534
Step28  Qn=1.385e-04  pQn=3.858534  pQmin=3.858534
Step29  Qn=1.385e-04  pQn=3.858534  pQmin=3.858534
Step30  Qn=1.385e-04  pQn=3.858534  pQmin=3.858534
Step31  Qn=1.385e-04  pQn=3.858534  pQmin=3.858534
Step32  Qn=1.385e-04  pQn=3.858534  pQmin=3.858534
Step33  Qn=1.385e-04  pQn=3.858534  pQmin=3.858534
Step34  Qn=1.385e-04  pQn=3.858534  pQmin=3.858534
Step35  Qn=1.385e-04  pQn=3.858534  pQmin=3.858534
Step36  Qn=1.385e-04  pQn=3.858534  pQmin=3.858534
Step37  Qn=1.385e-04  pQn=3.858534  pQmin=3.858534
Step38  Qn=1.385e-04  pQn=3.858534  pQmin=3.858534
Step39  Qn=1.385e-04  pQn=3.858534  pQmin=3.858534
Step40  Qn=1.385e-04  pQn=3.858534  pQmin=3.858534
Step41  Qn=1.385e-04  pQn=3.858534  pQmin=3.858534
Step42  Qn=1.385e-04  pQn=3.858534  pQmin=3.858534
Step43  Qn=1.385e-04  pQn=3.858534  pQmin=3.858534
Step44  Qn=1.385e-04  pQn=3.858534  pQmin=3.858534
Step45  Qn=1.385e-04  pQn=3.858534  pQmin=3.858534
Step46  Qn=1.385e-04  pQn=3.858534  pQmin=3.858534
Step47  Qn=1.385e-04  pQn=3.858534  pQmin=3.858534
Step48  Qn=1.385e-04  pQn=3.858534  pQmin=3.858534
Step49  Qn=1.385e-04  pQn=3.858534  pQmin=3.858534
Step50  Qn=1.385e-04  pQn=3.858534  pQmin=3.858534
Step51  Qn=1.385e-04  pQn=3.858534  pQmin=3.858534
Step52  Qn=1.385e-04  pQn=3.858534  pQmin=3.858534
Step53  Qn=1.385e-04  pQn=3.858534  pQmin=3.858534
Step54  Qn=1.385e-04  pQn=3.858534  pQmin=3.858534
Step55  Qn=1.385e-04  pQn=3.858534  pQmin=3.858534
Step56  Qn=1.385e-04  pQn=3.858534  pQmin=3.858534
Step57  Qn=1.385e-04  pQn=3.858534  pQmin=3.858534
Step58  Qn=1.385e-04  pQn=3.858534  pQmin=3.858534
Step59  Qn=1.385e-04  pQn=3.858534  pQmin=3.858534
Step60  Qn=1.385e-04  pQn=3.858534  pQmin=3.858534
Step61  Qn=1.385e-04  pQn=3.858534  pQmin=3.858534
Step62  Qn=1.385e-04  pQn=3.858534  pQmin=3.858534
Step63  Qn=1.385e-04  pQn=3.858534  pQmin=3.858534
Step64  Qn=1.385e-04  pQn=3.858534  pQmin=3.858534
Step65  Qn=1.385e-04  pQn=3.858534  pQmin=3.858534
Step66  Qn=1.385e-04  pQn=3.858534  pQmin=3.858534
Step67  Qn=1.385e-04  pQn=3.858534  pQmin=3.858534
Step68  Qn=1.385e-04  pQn=3.858534  pQmin=3.858534
Step69  Qn=1.385e-04  pQn=3.858534  pQmin=3.858534
Step70  Qn=1.385e-04  pQn=3.858534  pQmin=3.858534
Step71  Qn=1.385e-04  pQn=3.858534  pQmin=3.858534
Step72  Qn=1.385e-04  pQn=3.858534  pQmin=3.858534
Step73  Qn=1.385e-04  pQn=3.858534  pQmin=3.858534
Step74  Qn=1.385e-04  pQn=3.858534  pQmin=3.858534
Step75  Qn=1.385e-04  pQn=3.858534  pQmin=3.858534
Step76  Qn=1.385e-04  pQn=3.858534  pQmin=3.858534
Step77  Qn=1.385e-04  pQn=3.858534  pQmin=3.858534
Step78  Qn=1.385e-04  pQn=3.858534  pQmin=3.858534
Step79  Qn=1.385e-04  pQn=3.858534  pQmin=3.858534
Step80  Qn=1.385e-04  pQn=3.858534  pQmin=3.858534
Step81  Qn=1.385e-04  pQn=3.858534  pQmin=3.858534
Step82  Qn=1.385e-04  pQn=3.858534  pQmin=3.858534
Step83  Qn=1.385e-04  pQn=3.858534  pQmin=3.858534
Step84  Qn=1.385e-04  pQn=3.858534  pQmin=3.858534
Step85  Qn=1.385e-04  pQn=3.858534  pQmin=3.858534
Step86  Qn=1.385e-04  pQn=3.858534  pQmin=3.858534
Step87  Qn=1.385e-04  pQn=3.858534  pQmin=3.858534
Step88  Qn=1.385e-04  pQn=3.858534  pQmin=3.858534
Step89  Qn=1.385e-04  pQn=3.858534  pQmin=3.858534
Step90  Qn=1.385e-04  pQn=3.858534  pQmin=3.858534
Step91  Qn=1.385e-04  pQn=3.858534  pQmin=3.858534
Step92  Qn=1.385e-04  pQn=3.858534  pQmin=3.858534
Step93  Qn=1.385e-04  pQn=3.858534  pQmin=3.858534
Step94  Qn=1.385e-04  pQn=3.858534  pQmin=3.858534
Step95  Qn=1.385e-04  pQn=3.858534  pQmin=3.858534
Step96  Qn=1.385e-04  pQn=3.858534  pQmin=3.858534
Step97  Qn=1.385e-04  pQn=3.858534  pQmin=3.858534
Step98  Qn=1.385e-04  pQn=3.858534  pQmin=3.858534
Step99  Qn=1.385e-04  pQn=3.858534  pQmin=3.858534
Step100  Qn=1.385e-04  pQn=3.858534  pQmin=3.858534
null device 
          1 
