[1] "PhO2SOPh-2021-v1-4n" "7.85e-04"            "0.05"               
[4] "Model-1P-C-2021.R0"  "Model-1P-C-2021.R1"  "Model-1P-C-2021.R2" 
      t          C
1     0 0.00000000
2    30 0.00056576
3    60 0.00058802
4   120 0.00100923
5   150 0.00102889
6   240 0.00179539
7   300 0.00166219
8   450 0.00243803
9   540 0.00306202
10  600 0.00317514
11  750 0.00356731
12  900 0.00449506
13 1050 0.00474492
14 1200 0.00476154
[1] 0.000785 0.050000
[1] "Quality: 1400 1.964658e-03 2.706713"
[1] 0.001964658
Nelder-Mead Opt
pQ0=2.707e+00

Step1  Qn=3.508e-07  pQn=6.454941  pQmin=2.706713
[1] "Quality: 1400 3.507996e-07 6.454941"
  pQ=6.454941  Q=3.508e-07  dQ=0.001964  [1] -0.001111334  0.006671359
Step2  Qn=3.508e-07  pQn=6.454941  pQmin=6.454941
[1] "Quality: 1400 3.507996e-07 6.454941"
  pQ=6.454941  Q=3.508e-07  dQ=0.000000  [1] -0.001111334  0.006671359
Step3  Qn=3.508e-07  pQn=6.454941  pQmin=6.454941
[1] "Quality: 1400 3.507996e-07 6.454941"
  pQ=6.454941  Q=3.508e-07  dQ=0.000000  [1] 0.001111334 0.006671359
Step4  Qn=3.508e-07  pQn=6.454941  pQmin=6.454941
Step5  Qn=3.508e-07  pQn=6.454941  pQmin=6.454941
Step6  Qn=3.508e-07  pQn=6.454941  pQmin=6.454941
Step7  Qn=3.508e-07  pQn=6.454941  pQmin=6.454941
Step8  Qn=3.508e-07  pQn=6.454941  pQmin=6.454941
Step9  Qn=3.508e-07  pQn=6.454941  pQmin=6.454941
Step10  Qn=3.508e-07  pQn=6.454941  pQmin=6.454941
Step11  Qn=3.508e-07  pQn=6.454941  pQmin=6.454941
Step12  Qn=3.508e-07  pQn=6.454941  pQmin=6.454941
Step13  Qn=3.508e-07  pQn=6.454941  pQmin=6.454941
Step14  Qn=3.508e-07  pQn=6.454941  pQmin=6.454941
Step15  Qn=3.508e-07  pQn=6.454941  pQmin=6.454941
Step16  Qn=3.508e-07  pQn=6.454941  pQmin=6.454941
Step17  Qn=3.508e-07  pQn=6.454941  pQmin=6.454941
Step18  Qn=3.508e-07  pQn=6.454941  pQmin=6.454941
Step19  Qn=3.508e-07  pQn=6.454941  pQmin=6.454941
Step20  Qn=3.508e-07  pQn=6.454941  pQmin=6.454941
Step21  Qn=3.508e-07  pQn=6.454941  pQmin=6.454941
Step22  Qn=3.508e-07  pQn=6.454941  pQmin=6.454941
Step23  Qn=3.508e-07  pQn=6.454941  pQmin=6.454941
[1] "Quality: 1400 3.507996e-07 6.454941"
  pQ=6.454941  Q=3.508e-07  dQ=0.000000  [1] -0.001111334  0.006671359
Step24  Qn=3.508e-07  pQn=6.454941  pQmin=6.454941
Step25  Qn=3.508e-07  pQn=6.454941  pQmin=6.454941
Step26  Qn=3.508e-07  pQn=6.454941  pQmin=6.454941
Step27  Qn=3.508e-07  pQn=6.454941  pQmin=6.454941
Step28  Qn=3.508e-07  pQn=6.454941  pQmin=6.454941
Step29  Qn=3.508e-07  pQn=6.454941  pQmin=6.454941
Step30  Qn=3.508e-07  pQn=6.454941  pQmin=6.454941
Step31  Qn=3.508e-07  pQn=6.454941  pQmin=6.454941
Step32  Qn=3.508e-07  pQn=6.454941  pQmin=6.454941
Step33  Qn=3.508e-07  pQn=6.454941  pQmin=6.454941
Step34  Qn=3.508e-07  pQn=6.454941  pQmin=6.454941
Step35  Qn=3.508e-07  pQn=6.454941  pQmin=6.454941
Step36  Qn=3.508e-07  pQn=6.454941  pQmin=6.454941
Step37  Qn=3.508e-07  pQn=6.454941  pQmin=6.454941
Step38  Qn=3.508e-07  pQn=6.454941  pQmin=6.454941
Step39  Qn=3.508e-07  pQn=6.454941  pQmin=6.454941
Step40  Qn=3.508e-07  pQn=6.454941  pQmin=6.454941
Step41  Qn=3.508e-07  pQn=6.454941  pQmin=6.454941
Step42  Qn=3.508e-07  pQn=6.454941  pQmin=6.454941
Step43  Qn=3.508e-07  pQn=6.454941  pQmin=6.454941
Step44  Qn=3.508e-07  pQn=6.454941  pQmin=6.454941
Step45  Qn=3.508e-07  pQn=6.454941  pQmin=6.454941
Step46  Qn=3.508e-07  pQn=6.454941  pQmin=6.454941
Step47  Qn=3.508e-07  pQn=6.454941  pQmin=6.454941
Step48  Qn=3.508e-07  pQn=6.454941  pQmin=6.454941
Step49  Qn=3.508e-07  pQn=6.454941  pQmin=6.454941
Step50  Qn=3.508e-07  pQn=6.454941  pQmin=6.454941
Step51  Qn=3.508e-07  pQn=6.454941  pQmin=6.454941
Step52  Qn=3.508e-07  pQn=6.454941  pQmin=6.454941
Step53  Qn=3.508e-07  pQn=6.454941  pQmin=6.454941
Step54  Qn=3.508e-07  pQn=6.454941  pQmin=6.454941
Step55  Qn=3.508e-07  pQn=6.454941  pQmin=6.454941
Step56  Qn=3.508e-07  pQn=6.454941  pQmin=6.454941
Step57  Qn=3.508e-07  pQn=6.454941  pQmin=6.454941
Step58  Qn=3.508e-07  pQn=6.454941  pQmin=6.454941
Step59  Qn=3.508e-07  pQn=6.454941  pQmin=6.454941
Step60  Qn=3.508e-07  pQn=6.454941  pQmin=6.454941
Step61  Qn=3.508e-07  pQn=6.454941  pQmin=6.454941
Step62  Qn=3.508e-07  pQn=6.454941  pQmin=6.454941
Step63  Qn=3.508e-07  pQn=6.454941  pQmin=6.454941
Step64  Qn=3.508e-07  pQn=6.454941  pQmin=6.454941
Step65  Qn=3.508e-07  pQn=6.454941  pQmin=6.454941
Step66  Qn=3.508e-07  pQn=6.454941  pQmin=6.454941
Step67  Qn=3.508e-07  pQn=6.454941  pQmin=6.454941
Step68  Qn=3.508e-07  pQn=6.454941  pQmin=6.454941
Step69  Qn=3.508e-07  pQn=6.454941  pQmin=6.454941
Step70  Qn=3.508e-07  pQn=6.454941  pQmin=6.454941
Step71  Qn=3.508e-07  pQn=6.454941  pQmin=6.454941
Step72  Qn=3.508e-07  pQn=6.454941  pQmin=6.454941
Step73  Qn=3.508e-07  pQn=6.454941  pQmin=6.454941
Step74  Qn=3.508e-07  pQn=6.454941  pQmin=6.454941
Step75  Qn=3.508e-07  pQn=6.454941  pQmin=6.454941
Step76  Qn=3.508e-07  pQn=6.454941  pQmin=6.454941
Step77  Qn=3.508e-07  pQn=6.454941  pQmin=6.454941
Step78  Qn=3.508e-07  pQn=6.454941  pQmin=6.454941
Step79  Qn=3.508e-07  pQn=6.454941  pQmin=6.454941
Step80  Qn=3.508e-07  pQn=6.454941  pQmin=6.454941
Step81  Qn=3.508e-07  pQn=6.454941  pQmin=6.454941
Step82  Qn=3.508e-07  pQn=6.454941  pQmin=6.454941
Step83  Qn=3.508e-07  pQn=6.454941  pQmin=6.454941
Step84  Qn=3.508e-07  pQn=6.454941  pQmin=6.454941
Step85  Qn=3.508e-07  pQn=6.454941  pQmin=6.454941
Step86  Qn=3.508e-07  pQn=6.454941  pQmin=6.454941
Step87  Qn=3.508e-07  pQn=6.454941  pQmin=6.454941
Step88  Qn=3.508e-07  pQn=6.454941  pQmin=6.454941
Step89  Qn=3.508e-07  pQn=6.454941  pQmin=6.454941
Step90  Qn=3.508e-07  pQn=6.454941  pQmin=6.454941
Step91  Qn=3.508e-07  pQn=6.454941  pQmin=6.454941
Step92  Qn=3.508e-07  pQn=6.454941  pQmin=6.454941
Step93  Qn=3.508e-07  pQn=6.454941  pQmin=6.454941
Step94  Qn=3.508e-07  pQn=6.454941  pQmin=6.454941
Step95  Qn=3.508e-07  pQn=6.454941  pQmin=6.454941
Step96  Qn=3.508e-07  pQn=6.454941  pQmin=6.454941
Step97  Qn=3.508e-07  pQn=6.454941  pQmin=6.454941
Step98  Qn=3.508e-07  pQn=6.454941  pQmin=6.454941
Step99  Qn=3.508e-07  pQn=6.454941  pQmin=6.454941
Step100  Qn=3.508e-07  pQn=6.454941  pQmin=6.454941
null device 
          1 
