[1] "PhO2SOPh-v1-v3" "7.85e-04"       "0.05"           "Model-1P-C.R0" 
[5] "Model-1P-C.R1"  "Model-1P-C.R2" 
      t            C
1     0 0.000000e+00
2    30 1.080777e-06
3    60 9.105638e-07
4   150 2.188737e-06
5   300 4.546304e-06
6   450 1.300496e-05
7   600 1.804336e-05
8   750 2.359275e-05
9  1050 3.465270e-05
10 1200 3.600553e-05
11 1650 4.743337e-05
12 1800 4.829333e-05
[1] 0.000785 0.050000
[1] "Quality: 1200 1.978793e-03 2.703600"
[1] 0.001978793
Nelder-Mead Opt
pQ0=2.704e+00

Step1  Qn=3.853e-06  pQn=5.414255  pQmin=2.703600
[1] "Quality: 1200 3.852524e-06 5.414255"
  pQ=5.414255  Q=3.853e-06  dQ=0.001975  [1] -0.0001602975  0.0603362798
Step2  Qn=3.853e-06  pQn=5.414255  pQmin=5.414255
[1] "Quality: 1200 3.852524e-06 5.414255"
  pQ=5.414255  Q=3.853e-06  dQ=0.000000  [1] -0.0001602975  0.0603362790
Step3  Qn=3.853e-06  pQn=5.414255  pQmin=5.414255
Step4  Qn=3.853e-06  pQn=5.414255  pQmin=5.414255
[1] "Quality: 1200 3.852524e-06 5.414255"
  pQ=5.414255  Q=3.853e-06  dQ=0.000000  [1] -0.0001602975  0.0603362752
Step5  Qn=3.853e-06  pQn=5.414255  pQmin=5.414255
Step6  Qn=3.853e-06  pQn=5.414255  pQmin=5.414255
Step7  Qn=3.853e-06  pQn=5.414255  pQmin=5.414255
Step8  Qn=3.853e-06  pQn=5.414255  pQmin=5.414255
Step9  Qn=3.853e-06  pQn=5.414255  pQmin=5.414255
Step10  Qn=3.853e-06  pQn=5.414255  pQmin=5.414255
Step11  Qn=3.853e-06  pQn=5.414255  pQmin=5.414255
[1] "Quality: 1200 3.852524e-06 5.414255"
  pQ=5.414255  Q=3.853e-06  dQ=0.000000  [1] 0.0001602975 0.0603362793
Step12  Qn=3.853e-06  pQn=5.414255  pQmin=5.414255
Step13  Qn=3.853e-06  pQn=5.414255  pQmin=5.414255
Step14  Qn=3.853e-06  pQn=5.414255  pQmin=5.414255
Step15  Qn=3.853e-06  pQn=5.414255  pQmin=5.414255
Step16  Qn=3.853e-06  pQn=5.414255  pQmin=5.414255
Step17  Qn=3.853e-06  pQn=5.414255  pQmin=5.414255
Step18  Qn=3.853e-06  pQn=5.414255  pQmin=5.414255
Step19  Qn=3.853e-06  pQn=5.414255  pQmin=5.414255
Step20  Qn=3.853e-06  pQn=5.414255  pQmin=5.414255
Step21  Qn=3.853e-06  pQn=5.414255  pQmin=5.414255
Step22  Qn=3.853e-06  pQn=5.414255  pQmin=5.414255
Step23  Qn=3.853e-06  pQn=5.414255  pQmin=5.414255
Step24  Qn=3.853e-06  pQn=5.414255  pQmin=5.414255
Step25  Qn=3.853e-06  pQn=5.414255  pQmin=5.414255
[1] "Quality: 1200 3.852524e-06 5.414255"
  pQ=5.414255  Q=3.853e-06  dQ=0.000000  [1] 0.0001602975 0.0603362779
Step26  Qn=3.853e-06  pQn=5.414255  pQmin=5.414255
Step27  Qn=3.853e-06  pQn=5.414255  pQmin=5.414255
Step28  Qn=3.853e-06  pQn=5.414255  pQmin=5.414255
Step29  Qn=3.853e-06  pQn=5.414255  pQmin=5.414255
Step30  Qn=3.853e-06  pQn=5.414255  pQmin=5.414255
Step31  Qn=3.853e-06  pQn=5.414255  pQmin=5.414255
Step32  Qn=3.853e-06  pQn=5.414255  pQmin=5.414255
Step33  Qn=3.853e-06  pQn=5.414255  pQmin=5.414255
Step34  Qn=3.853e-06  pQn=5.414255  pQmin=5.414255
Step35  Qn=3.853e-06  pQn=5.414255  pQmin=5.414255
Step36  Qn=3.853e-06  pQn=5.414255  pQmin=5.414255
Step37  Qn=3.853e-06  pQn=5.414255  pQmin=5.414255
Step38  Qn=3.853e-06  pQn=5.414255  pQmin=5.414255
Step39  Qn=3.853e-06  pQn=5.414255  pQmin=5.414255
Step40  Qn=3.853e-06  pQn=5.414255  pQmin=5.414255
Step41  Qn=3.853e-06  pQn=5.414255  pQmin=5.414255
Step42  Qn=3.853e-06  pQn=5.414255  pQmin=5.414255
Step43  Qn=3.853e-06  pQn=5.414255  pQmin=5.414255
Step44  Qn=3.853e-06  pQn=5.414255  pQmin=5.414255
Step45  Qn=3.853e-06  pQn=5.414255  pQmin=5.414255
Step46  Qn=3.853e-06  pQn=5.414255  pQmin=5.414255
Step47  Qn=3.853e-06  pQn=5.414255  pQmin=5.414255
Step48  Qn=3.853e-06  pQn=5.414255  pQmin=5.414255
Step49  Qn=3.853e-06  pQn=5.414255  pQmin=5.414255
Step50  Qn=3.853e-06  pQn=5.414255  pQmin=5.414255
Step51  Qn=3.853e-06  pQn=5.414255  pQmin=5.414255
[1] "Quality: 1200 3.852524e-06 5.414255"
  pQ=5.414255  Q=3.853e-06  dQ=0.000000  [1] -0.0001602975  0.0603362772
Step52  Qn=3.853e-06  pQn=5.414255  pQmin=5.414255
Step53  Qn=3.853e-06  pQn=5.414255  pQmin=5.414255
Step54  Qn=3.853e-06  pQn=5.414255  pQmin=5.414255
Step55  Qn=3.853e-06  pQn=5.414255  pQmin=5.414255
Step56  Qn=3.853e-06  pQn=5.414255  pQmin=5.414255
Step57  Qn=3.853e-06  pQn=5.414255  pQmin=5.414255
Step58  Qn=3.853e-06  pQn=5.414255  pQmin=5.414255
Step59  Qn=3.853e-06  pQn=5.414255  pQmin=5.414255
Step60  Qn=3.853e-06  pQn=5.414255  pQmin=5.414255
Step61  Qn=3.853e-06  pQn=5.414255  pQmin=5.414255
Step62  Qn=3.853e-06  pQn=5.414255  pQmin=5.414255
Step63  Qn=3.853e-06  pQn=5.414255  pQmin=5.414255
Step64  Qn=3.853e-06  pQn=5.414255  pQmin=5.414255
Step65  Qn=3.853e-06  pQn=5.414255  pQmin=5.414255
Step66  Qn=3.853e-06  pQn=5.414255  pQmin=5.414255
Step67  Qn=3.853e-06  pQn=5.414255  pQmin=5.414255
Step68  Qn=3.853e-06  pQn=5.414255  pQmin=5.414255
Step69  Qn=3.853e-06  pQn=5.414255  pQmin=5.414255
Step70  Qn=3.853e-06  pQn=5.414255  pQmin=5.414255
Step71  Qn=3.853e-06  pQn=5.414255  pQmin=5.414255
Step72  Qn=3.853e-06  pQn=5.414255  pQmin=5.414255
Step73  Qn=3.853e-06  pQn=5.414255  pQmin=5.414255
Step74  Qn=3.853e-06  pQn=5.414255  pQmin=5.414255
Step75  Qn=3.853e-06  pQn=5.414255  pQmin=5.414255
Step76  Qn=3.853e-06  pQn=5.414255  pQmin=5.414255
Step77  Qn=3.853e-06  pQn=5.414255  pQmin=5.414255
Step78  Qn=3.853e-06  pQn=5.414255  pQmin=5.414255
Step79  Qn=3.853e-06  pQn=5.414255  pQmin=5.414255
Step80  Qn=3.853e-06  pQn=5.414255  pQmin=5.414255
Step81  Qn=3.853e-06  pQn=5.414255  pQmin=5.414255
Step82  Qn=3.853e-06  pQn=5.414255  pQmin=5.414255
Step83  Qn=3.853e-06  pQn=5.414255  pQmin=5.414255
Step84  Qn=3.853e-06  pQn=5.414255  pQmin=5.414255
Step85  Qn=3.853e-06  pQn=5.414255  pQmin=5.414255
Step86  Qn=3.853e-06  pQn=5.414255  pQmin=5.414255
Step87  Qn=3.853e-06  pQn=5.414255  pQmin=5.414255
Step88  Qn=3.853e-06  pQn=5.414255  pQmin=5.414255
Step89  Qn=3.853e-06  pQn=5.414255  pQmin=5.414255
Step90  Qn=3.853e-06  pQn=5.414255  pQmin=5.414255
Step91  Qn=3.853e-06  pQn=5.414255  pQmin=5.414255
Step92  Qn=3.853e-06  pQn=5.414255  pQmin=5.414255
Step93  Qn=3.853e-06  pQn=5.414255  pQmin=5.414255
Step94  Qn=3.853e-06  pQn=5.414255  pQmin=5.414255
Step95  Qn=3.853e-06  pQn=5.414255  pQmin=5.414255
Step96  Qn=3.853e-06  pQn=5.414255  pQmin=5.414255
Step97  Qn=3.853e-06  pQn=5.414255  pQmin=5.414255
Step98  Qn=3.853e-06  pQn=5.414255  pQmin=5.414255
Step99  Qn=3.853e-06  pQn=5.414255  pQmin=5.414255
Step100  Qn=3.853e-06  pQn=5.414255  pQmin=5.414255
null device 
          1 
