[1] "PhO2SOPh-v1-v5" "7.85e-04"       "0.05"           "Model-1P-C.R0" 
[5] "Model-1P-C.R1"  "Model-1P-C.R2" 
      t            C
1     0 0.000000e+00
2    30 4.450597e-06
3    60 1.833685e-05
4   120 3.652033e-05
5   180 5.879642e-05
6   240 4.034282e-05
7   360 5.625724e-05
8   420 5.678661e-05
9   480 5.832245e-05
10  540 5.419449e-05
11  600 5.298239e-05
12  750 4.913823e-05
13  900 5.466659e-05
14 1050 5.462671e-05
[1] 0.000785 0.050000
[1] "Quality: 1400 3.582698e-04 3.445790"
[1] 0.0003582698
Nelder-Mead Opt
pQ0=3.446e+00

Step1  Qn=2.914e-05  pQn=4.535563  pQmin=3.445790
[1] "Quality: 1400 2.913650e-05 4.535563"
  pQ=4.535563  Q=2.914e-05  dQ=0.000329  [1] -0.009015452  0.016564131
Step2  Qn=2.914e-05  pQn=4.535563  pQmin=4.535563
[1] "Quality: 1400 2.913650e-05 4.535563"
  pQ=4.535563  Q=2.914e-05  dQ=0.000000  [1] -0.009015452  0.016564131
Step3  Qn=2.914e-05  pQn=4.535563  pQmin=4.535563
Step4  Qn=2.914e-05  pQn=4.535563  pQmin=4.535563
Step5  Qn=2.914e-05  pQn=4.535563  pQmin=4.535563
Step6  Qn=2.914e-05  pQn=4.535563  pQmin=4.535563
Step7  Qn=2.914e-05  pQn=4.535563  pQmin=4.535563
Step8  Qn=2.914e-05  pQn=4.535563  pQmin=4.535563
Step9  Qn=2.914e-05  pQn=4.535563  pQmin=4.535563
[1] "Quality: 1400 2.913650e-05 4.535563"
  pQ=4.535563  Q=2.914e-05  dQ=0.000000  [1] -0.009015452  0.016564131
Step10  Qn=2.914e-05  pQn=4.535563  pQmin=4.535563
Step11  Qn=2.914e-05  pQn=4.535563  pQmin=4.535563
Step12  Qn=2.914e-05  pQn=4.535563  pQmin=4.535563
Step13  Qn=2.914e-05  pQn=4.535563  pQmin=4.535563
Step14  Qn=2.914e-05  pQn=4.535563  pQmin=4.535563
Step15  Qn=2.914e-05  pQn=4.535563  pQmin=4.535563
Step16  Qn=2.914e-05  pQn=4.535563  pQmin=4.535563
Step17  Qn=2.914e-05  pQn=4.535563  pQmin=4.535563
Step18  Qn=2.914e-05  pQn=4.535563  pQmin=4.535563
Step19  Qn=2.914e-05  pQn=4.535563  pQmin=4.535563
Step20  Qn=2.914e-05  pQn=4.535563  pQmin=4.535563
Step21  Qn=2.914e-05  pQn=4.535563  pQmin=4.535563
Step22  Qn=2.914e-05  pQn=4.535563  pQmin=4.535563
Step23  Qn=2.914e-05  pQn=4.535563  pQmin=4.535563
Step24  Qn=2.914e-05  pQn=4.535563  pQmin=4.535563
Step25  Qn=2.914e-05  pQn=4.535563  pQmin=4.535563
Step26  Qn=2.914e-05  pQn=4.535563  pQmin=4.535563
Step27  Qn=2.914e-05  pQn=4.535563  pQmin=4.535563
Step28  Qn=2.914e-05  pQn=4.535563  pQmin=4.535563
Step29  Qn=2.914e-05  pQn=4.535563  pQmin=4.535563
Step30  Qn=2.914e-05  pQn=4.535563  pQmin=4.535563
Step31  Qn=2.914e-05  pQn=4.535563  pQmin=4.535563
Step32  Qn=2.914e-05  pQn=4.535563  pQmin=4.535563
Step33  Qn=2.914e-05  pQn=4.535563  pQmin=4.535563
Step34  Qn=2.914e-05  pQn=4.535563  pQmin=4.535563
Step35  Qn=2.914e-05  pQn=4.535563  pQmin=4.535563
Step36  Qn=2.914e-05  pQn=4.535563  pQmin=4.535563
Step37  Qn=2.914e-05  pQn=4.535563  pQmin=4.535563
Step38  Qn=2.914e-05  pQn=4.535563  pQmin=4.535563
Step39  Qn=2.914e-05  pQn=4.535563  pQmin=4.535563
Step40  Qn=2.914e-05  pQn=4.535563  pQmin=4.535563
Step41  Qn=2.914e-05  pQn=4.535563  pQmin=4.535563
Step42  Qn=2.914e-05  pQn=4.535563  pQmin=4.535563
Step43  Qn=2.914e-05  pQn=4.535563  pQmin=4.535563
Step44  Qn=2.914e-05  pQn=4.535563  pQmin=4.535563
Step45  Qn=2.914e-05  pQn=4.535563  pQmin=4.535563
Step46  Qn=2.914e-05  pQn=4.535563  pQmin=4.535563
Step47  Qn=2.914e-05  pQn=4.535563  pQmin=4.535563
Step48  Qn=2.914e-05  pQn=4.535563  pQmin=4.535563
Step49  Qn=2.914e-05  pQn=4.535563  pQmin=4.535563
Step50  Qn=2.914e-05  pQn=4.535563  pQmin=4.535563
Step51  Qn=2.914e-05  pQn=4.535563  pQmin=4.535563
Step52  Qn=2.914e-05  pQn=4.535563  pQmin=4.535563
Step53  Qn=2.914e-05  pQn=4.535563  pQmin=4.535563
Step54  Qn=2.914e-05  pQn=4.535563  pQmin=4.535563
Step55  Qn=2.914e-05  pQn=4.535563  pQmin=4.535563
Step56  Qn=2.914e-05  pQn=4.535563  pQmin=4.535563
Step57  Qn=2.914e-05  pQn=4.535563  pQmin=4.535563
Step58  Qn=2.914e-05  pQn=4.535563  pQmin=4.535563
Step59  Qn=2.914e-05  pQn=4.535563  pQmin=4.535563
Step60  Qn=2.914e-05  pQn=4.535563  pQmin=4.535563
Step61  Qn=2.914e-05  pQn=4.535563  pQmin=4.535563
Step62  Qn=2.914e-05  pQn=4.535563  pQmin=4.535563
Step63  Qn=2.914e-05  pQn=4.535563  pQmin=4.535563
Step64  Qn=2.914e-05  pQn=4.535563  pQmin=4.535563
Step65  Qn=2.914e-05  pQn=4.535563  pQmin=4.535563
Step66  Qn=2.914e-05  pQn=4.535563  pQmin=4.535563
Step67  Qn=2.914e-05  pQn=4.535563  pQmin=4.535563
Step68  Qn=2.914e-05  pQn=4.535563  pQmin=4.535563
Step69  Qn=2.914e-05  pQn=4.535563  pQmin=4.535563
Step70  Qn=2.914e-05  pQn=4.535563  pQmin=4.535563
Step71  Qn=2.914e-05  pQn=4.535563  pQmin=4.535563
Step72  Qn=2.914e-05  pQn=4.535563  pQmin=4.535563
Step73  Qn=2.914e-05  pQn=4.535563  pQmin=4.535563
Step74  Qn=2.914e-05  pQn=4.535563  pQmin=4.535563
Step75  Qn=2.914e-05  pQn=4.535563  pQmin=4.535563
Step76  Qn=2.914e-05  pQn=4.535563  pQmin=4.535563
Step77  Qn=2.914e-05  pQn=4.535563  pQmin=4.535563
Step78  Qn=2.914e-05  pQn=4.535563  pQmin=4.535563
Step79  Qn=2.914e-05  pQn=4.535563  pQmin=4.535563
Step80  Qn=2.914e-05  pQn=4.535563  pQmin=4.535563
Step81  Qn=2.914e-05  pQn=4.535563  pQmin=4.535563
Step82  Qn=2.914e-05  pQn=4.535563  pQmin=4.535563
Step83  Qn=2.914e-05  pQn=4.535563  pQmin=4.535563
Step84  Qn=2.914e-05  pQn=4.535563  pQmin=4.535563
Step85  Qn=2.914e-05  pQn=4.535563  pQmin=4.535563
Step86  Qn=2.914e-05  pQn=4.535563  pQmin=4.535563
Step87  Qn=2.914e-05  pQn=4.535563  pQmin=4.535563
Step88  Qn=2.914e-05  pQn=4.535563  pQmin=4.535563
Step89  Qn=2.914e-05  pQn=4.535563  pQmin=4.535563
Step90  Qn=2.914e-05  pQn=4.535563  pQmin=4.535563
Step91  Qn=2.914e-05  pQn=4.535563  pQmin=4.535563
Step92  Qn=2.914e-05  pQn=4.535563  pQmin=4.535563
Step93  Qn=2.914e-05  pQn=4.535563  pQmin=4.535563
Step94  Qn=2.914e-05  pQn=4.535563  pQmin=4.535563
Step95  Qn=2.914e-05  pQn=4.535563  pQmin=4.535563
Step96  Qn=2.914e-05  pQn=4.535563  pQmin=4.535563
Step97  Qn=2.914e-05  pQn=4.535563  pQmin=4.535563
Step98  Qn=2.914e-05  pQn=4.535563  pQmin=4.535563
Step99  Qn=2.914e-05  pQn=4.535563  pQmin=4.535563
Step100  Qn=2.914e-05  pQn=4.535563  pQmin=4.535563
null device 
          1 
